[17:01:42.803] [INFO   ] thread bguspl.set.Main.main() starting.
[17:01:42.818] [SEVERE ] cannot read configuration file config.properties trying from resources.
[17:01:42.837] [SEVERE ] configuration file was loaded from resources directory.
[17:01:44.013] [INFO   ] thread dealer starting.
[17:01:44.016] [INFO   ] thread dealer starting.
[17:01:44.019] [INFO   ] thread 0  starting.
[17:01:44.019] [INFO   ] thread 1  starting.
[17:01:44.031] [SEVERE ] updating countdown to 59999
[17:01:44.035] [SEVERE ] updating countdown to 59995
[17:01:44.037] [SEVERE ] updating countdown to 59993
[17:01:44.040] [SEVERE ] updating countdown to 59990
[17:01:44.043] [SEVERE ] updating countdown to 59987
[17:01:44.045] [SEVERE ] updating countdown to 59985
[17:01:44.047] [SEVERE ] updating countdown to 59983
[17:01:44.049] [SEVERE ] updating countdown to 59981
[17:01:44.051] [SEVERE ] updating countdown to 59979
[17:01:44.052] [SEVERE ] updating countdown to 59978
[17:01:44.054] [SEVERE ] updating countdown to 59976
[17:01:44.056] [SEVERE ] updating countdown to 59974
[17:01:44.057] [SEVERE ] updating countdown to 59973
[17:01:44.059] [SEVERE ] updating countdown to 59971
[17:01:44.062] [SEVERE ] updating countdown to 59968
[17:01:44.064] [SEVERE ] updating countdown to 59966
[17:01:44.065] [SEVERE ] updating countdown to 59965
[17:01:44.067] [SEVERE ] updating countdown to 59963
[17:01:44.069] [SEVERE ] updating countdown to 59961
[17:01:44.070] [SEVERE ] updating countdown to 59960
[17:01:44.072] [SEVERE ] updating countdown to 59958
[17:01:44.073] [SEVERE ] updating countdown to 59957
[17:01:44.075] [SEVERE ] updating countdown to 59955
[17:01:44.077] [SEVERE ] updating countdown to 59953
[17:01:44.079] [SEVERE ] updating countdown to 59951
[17:01:44.081] [SEVERE ] updating countdown to 59949
[17:01:44.082] [SEVERE ] updating countdown to 59948
[17:01:44.084] [SEVERE ] updating countdown to 59946
[17:01:44.086] [SEVERE ] updating countdown to 59944
[17:01:44.087] [SEVERE ] updating countdown to 59943
[17:01:44.089] [SEVERE ] updating countdown to 59941
[17:01:44.091] [SEVERE ] updating countdown to 59939
[17:01:44.093] [SEVERE ] updating countdown to 59937
[17:01:44.094] [SEVERE ] updating countdown to 59936
[17:01:44.096] [SEVERE ] updating countdown to 59934
[17:01:44.098] [SEVERE ] updating countdown to 59932
[17:01:44.100] [SEVERE ] updating countdown to 59930
[17:01:44.101] [SEVERE ] updating countdown to 59929
[17:01:44.103] [SEVERE ] updating countdown to 59927
[17:01:44.105] [SEVERE ] updating countdown to 59925
[17:01:44.106] [SEVERE ] updating countdown to 59924
[17:01:44.108] [SEVERE ] updating countdown to 59922
[17:01:44.110] [SEVERE ] updating countdown to 59920
[17:01:44.112] [SEVERE ] updating countdown to 59918
[17:01:44.113] [SEVERE ] updating countdown to 59917
[17:01:44.115] [SEVERE ] updating countdown to 59915
[17:01:44.117] [SEVERE ] updating countdown to 59913
[17:01:44.118] [SEVERE ] updating countdown to 59912
[17:01:44.120] [SEVERE ] updating countdown to 59910
[17:01:44.121] [SEVERE ] updating countdown to 59909
[17:01:44.123] [SEVERE ] updating countdown to 59907
[17:01:44.125] [SEVERE ] updating countdown to 59905
[17:01:44.126] [SEVERE ] updating countdown to 59904
[17:01:44.128] [SEVERE ] updating countdown to 59902
[17:01:44.129] [SEVERE ] updating countdown to 59901
[17:01:44.131] [SEVERE ] updating countdown to 59899
[17:01:44.132] [SEVERE ] updating countdown to 59898
[17:01:44.134] [SEVERE ] updating countdown to 59896
[17:01:44.135] [SEVERE ] updating countdown to 59895
[17:01:44.137] [SEVERE ] updating countdown to 59893
[17:01:44.139] [SEVERE ] updating countdown to 59891
[17:01:44.140] [SEVERE ] updating countdown to 59890
[17:01:44.142] [SEVERE ] updating countdown to 59888
[17:01:44.143] [SEVERE ] updating countdown to 59887
[17:01:44.145] [SEVERE ] updating countdown to 59885
[17:01:44.146] [SEVERE ] updating countdown to 59884
[17:01:44.148] [SEVERE ] updating countdown to 59882
[17:01:44.149] [SEVERE ] updating countdown to 59881
[17:01:44.151] [SEVERE ] updating countdown to 59879
[17:01:44.152] [SEVERE ] updating countdown to 59878
[17:01:44.154] [SEVERE ] updating countdown to 59876
[17:01:44.155] [SEVERE ] updating countdown to 59875
[17:01:44.157] [SEVERE ] updating countdown to 59873
[17:01:44.158] [SEVERE ] updating countdown to 59872
[17:01:44.160] [SEVERE ] updating countdown to 59870
[17:01:44.161] [SEVERE ] updating countdown to 59869
[17:01:44.163] [SEVERE ] updating countdown to 59867
[17:01:44.165] [SEVERE ] updating countdown to 59865
[17:01:44.166] [SEVERE ] updating countdown to 59864
[17:01:44.168] [SEVERE ] updating countdown to 59862
[17:01:44.169] [SEVERE ] updating countdown to 59861
[17:01:44.171] [SEVERE ] updating countdown to 59859
[17:01:44.172] [SEVERE ] updating countdown to 59858
[17:01:44.174] [SEVERE ] updating countdown to 59856
[17:01:44.176] [SEVERE ] updating countdown to 59854
[17:01:44.177] [SEVERE ] updating countdown to 59853
[17:01:44.179] [SEVERE ] updating countdown to 59851
[17:01:44.180] [SEVERE ] updating countdown to 59850
[17:01:44.182] [SEVERE ] updating countdown to 59848
[17:01:44.183] [SEVERE ] updating countdown to 59847
[17:01:44.185] [SEVERE ] updating countdown to 59845
[17:01:44.186] [SEVERE ] updating countdown to 59844
[17:01:44.188] [SEVERE ] updating countdown to 59842
[17:01:44.190] [SEVERE ] updating countdown to 59840
[17:01:44.191] [SEVERE ] updating countdown to 59839
[17:01:44.193] [SEVERE ] updating countdown to 59837
[17:01:44.194] [SEVERE ] updating countdown to 59836
[17:01:44.196] [SEVERE ] updating countdown to 59834
[17:01:44.197] [SEVERE ] updating countdown to 59833
[17:01:44.199] [SEVERE ] updating countdown to 59831
[17:01:44.200] [SEVERE ] updating countdown to 59830
[17:01:44.202] [SEVERE ] updating countdown to 59828
[17:01:44.203] [SEVERE ] updating countdown to 59827
[17:01:44.205] [SEVERE ] updating countdown to 59825
[17:01:44.206] [SEVERE ] updating countdown to 59824
[17:01:44.208] [SEVERE ] updating countdown to 59822
[17:01:44.209] [SEVERE ] updating countdown to 59821
[17:01:44.211] [SEVERE ] updating countdown to 59819
[17:01:44.212] [SEVERE ] updating countdown to 59818
[17:01:44.214] [SEVERE ] updating countdown to 59816
[17:01:44.215] [SEVERE ] updating countdown to 59815
[17:01:44.217] [SEVERE ] updating countdown to 59813
[17:01:44.218] [SEVERE ] updating countdown to 59812
[17:01:44.220] [SEVERE ] updating countdown to 59810
[17:01:44.221] [SEVERE ] updating countdown to 59809
[17:01:44.223] [SEVERE ] updating countdown to 59807
[17:01:44.224] [SEVERE ] updating countdown to 59806
[17:01:44.226] [SEVERE ] updating countdown to 59804
[17:01:44.227] [SEVERE ] updating countdown to 59803
[17:01:44.229] [SEVERE ] updating countdown to 59801
[17:01:44.230] [SEVERE ] updating countdown to 59800
[17:01:44.232] [SEVERE ] updating countdown to 59798
[17:01:44.233] [SEVERE ] updating countdown to 59797
[17:01:44.235] [SEVERE ] updating countdown to 59795
[17:01:44.236] [SEVERE ] updating countdown to 59794
[17:01:44.238] [SEVERE ] updating countdown to 59792
[17:01:44.239] [SEVERE ] updating countdown to 59791
[17:01:44.241] [SEVERE ] updating countdown to 59789
[17:01:44.242] [SEVERE ] updating countdown to 59788
[17:01:44.243] [SEVERE ] updating countdown to 59787
[17:01:44.245] [SEVERE ] updating countdown to 59785
[17:01:44.247] [SEVERE ] updating countdown to 59783
[17:01:44.248] [SEVERE ] updating countdown to 59782
[17:01:44.249] [SEVERE ] updating countdown to 59781
[17:01:44.251] [SEVERE ] updating countdown to 59779
[17:01:44.252] [SEVERE ] updating countdown to 59778
[17:01:44.254] [SEVERE ] updating countdown to 59776
[17:01:44.255] [SEVERE ] updating countdown to 59775
[17:01:44.256] [SEVERE ] updating countdown to 59774
[17:01:44.258] [SEVERE ] updating countdown to 59772
[17:01:44.259] [SEVERE ] updating countdown to 59771
[17:01:44.261] [SEVERE ] updating countdown to 59769
[17:01:44.262] [SEVERE ] updating countdown to 59768
[17:01:44.264] [SEVERE ] updating countdown to 59766
[17:01:44.265] [SEVERE ] updating countdown to 59765
[17:01:44.267] [SEVERE ] updating countdown to 59763
[17:01:44.269] [SEVERE ] updating countdown to 59761
[17:01:44.270] [SEVERE ] updating countdown to 59760
[17:01:44.272] [SEVERE ] updating countdown to 59758
[17:01:44.273] [SEVERE ] updating countdown to 59757
[17:01:44.275] [SEVERE ] updating countdown to 59755
[17:01:44.276] [SEVERE ] updating countdown to 59754
[17:01:44.278] [SEVERE ] updating countdown to 59752
[17:01:44.279] [SEVERE ] updating countdown to 59751
[17:01:44.280] [SEVERE ] updating countdown to 59750
[17:01:44.282] [SEVERE ] updating countdown to 59748
[17:01:44.283] [SEVERE ] updating countdown to 59747
[17:01:44.284] [SEVERE ] updating countdown to 59746
[17:01:44.286] [SEVERE ] updating countdown to 59744
[17:01:44.287] [SEVERE ] updating countdown to 59743
[17:01:44.288] [SEVERE ] updating countdown to 59742
[17:01:44.290] [SEVERE ] updating countdown to 59740
[17:01:44.291] [SEVERE ] updating countdown to 59739
[17:01:44.293] [SEVERE ] updating countdown to 59737
[17:01:44.294] [SEVERE ] updating countdown to 59736
[17:01:44.295] [SEVERE ] updating countdown to 59735
[17:01:44.297] [SEVERE ] updating countdown to 59733
[17:01:44.298] [SEVERE ] updating countdown to 59732
[17:01:44.300] [SEVERE ] updating countdown to 59730
[17:01:44.301] [SEVERE ] updating countdown to 59729
[17:01:44.303] [SEVERE ] updating countdown to 59727
[17:01:44.304] [SEVERE ] updating countdown to 59726
[17:01:44.306] [SEVERE ] updating countdown to 59724
[17:01:44.307] [SEVERE ] updating countdown to 59723
[17:01:44.309] [SEVERE ] updating countdown to 59721
[17:01:44.310] [SEVERE ] updating countdown to 59720
[17:01:44.312] [SEVERE ] updating countdown to 59718
[17:01:44.314] [SEVERE ] updating countdown to 59716
[17:01:44.315] [SEVERE ] updating countdown to 59715
[17:01:44.317] [SEVERE ] updating countdown to 59713
[17:01:44.318] [SEVERE ] updating countdown to 59712
[17:01:44.320] [SEVERE ] updating countdown to 59710
[17:01:44.321] [SEVERE ] updating countdown to 59709
[17:01:44.323] [SEVERE ] updating countdown to 59707
[17:01:44.324] [SEVERE ] updating countdown to 59706
[17:01:44.326] [SEVERE ] updating countdown to 59704
[17:01:44.328] [SEVERE ] updating countdown to 59702
[17:01:44.329] [SEVERE ] updating countdown to 59701
[17:01:44.331] [SEVERE ] updating countdown to 59699
[17:01:44.332] [SEVERE ] updating countdown to 59698
[17:01:44.334] [SEVERE ] updating countdown to 59696
[17:01:44.335] [SEVERE ] updating countdown to 59695
[17:01:44.337] [SEVERE ] updating countdown to 59693
[17:01:44.338] [SEVERE ] updating countdown to 59692
[17:01:44.340] [SEVERE ] updating countdown to 59690
[17:01:44.341] [SEVERE ] updating countdown to 59689
[17:01:44.343] [SEVERE ] updating countdown to 59687
[17:01:44.344] [SEVERE ] updating countdown to 59686
[17:01:44.346] [SEVERE ] updating countdown to 59684
[17:01:44.347] [SEVERE ] updating countdown to 59683
[17:01:44.349] [SEVERE ] updating countdown to 59681
[17:01:44.350] [SEVERE ] updating countdown to 59680
[17:01:44.352] [SEVERE ] updating countdown to 59678
[17:01:44.354] [SEVERE ] updating countdown to 59676
[17:01:44.355] [SEVERE ] updating countdown to 59675
[17:01:44.357] [SEVERE ] updating countdown to 59673
[17:01:44.358] [SEVERE ] updating countdown to 59672
[17:01:44.360] [SEVERE ] updating countdown to 59670
[17:01:44.362] [SEVERE ] updating countdown to 59668
[17:01:44.363] [SEVERE ] updating countdown to 59667
[17:01:44.365] [SEVERE ] updating countdown to 59665
[17:01:44.366] [SEVERE ] updating countdown to 59664
[17:01:44.368] [SEVERE ] updating countdown to 59662
[17:01:44.369] [SEVERE ] updating countdown to 59661
[17:01:44.371] [SEVERE ] updating countdown to 59659
[17:01:44.372] [SEVERE ] updating countdown to 59658
[17:01:44.374] [SEVERE ] updating countdown to 59656
[17:01:44.375] [SEVERE ] updating countdown to 59655
[17:01:44.377] [SEVERE ] updating countdown to 59653
[17:01:44.378] [SEVERE ] updating countdown to 59652
[17:01:44.380] [SEVERE ] updating countdown to 59650
[17:01:44.381] [SEVERE ] updating countdown to 59649
[17:01:44.383] [SEVERE ] updating countdown to 59647
[17:01:44.384] [SEVERE ] updating countdown to 59646
[17:01:44.386] [SEVERE ] updating countdown to 59644
[17:01:44.387] [SEVERE ] updating countdown to 59643
[17:01:44.389] [SEVERE ] updating countdown to 59641
[17:01:44.390] [SEVERE ] updating countdown to 59640
[17:01:44.392] [SEVERE ] updating countdown to 59638
[17:01:44.393] [SEVERE ] updating countdown to 59637
[17:01:44.395] [SEVERE ] updating countdown to 59635
[17:01:44.397] [SEVERE ] updating countdown to 59633
[17:01:44.398] [SEVERE ] updating countdown to 59632
[17:01:44.400] [SEVERE ] updating countdown to 59630
[17:01:44.401] [SEVERE ] updating countdown to 59629
[17:01:44.403] [SEVERE ] updating countdown to 59627
[17:01:44.404] [SEVERE ] updating countdown to 59626
[17:01:44.406] [SEVERE ] updating countdown to 59624
[17:01:44.407] [SEVERE ] updating countdown to 59623
[17:01:44.409] [SEVERE ] updating countdown to 59621
[17:01:44.411] [SEVERE ] updating countdown to 59619
[17:01:44.412] [SEVERE ] updating countdown to 59618
[17:01:44.413] [SEVERE ] updating countdown to 59617
[17:01:44.415] [SEVERE ] updating countdown to 59615
[17:01:44.417] [SEVERE ] updating countdown to 59613
[17:01:44.418] [SEVERE ] updating countdown to 59612
[17:01:44.420] [SEVERE ] updating countdown to 59610
[17:01:44.421] [SEVERE ] updating countdown to 59609
[17:01:44.423] [SEVERE ] updating countdown to 59607
[17:01:44.425] [SEVERE ] updating countdown to 59605
[17:01:44.426] [SEVERE ] updating countdown to 59604
[17:01:44.428] [SEVERE ] updating countdown to 59602
[17:01:44.429] [SEVERE ] updating countdown to 59601
[17:01:44.431] [SEVERE ] updating countdown to 59599
[17:01:44.432] [SEVERE ] updating countdown to 59598
[17:01:44.434] [SEVERE ] updating countdown to 59596
[17:01:44.435] [SEVERE ] updating countdown to 59595
[17:01:44.437] [SEVERE ] updating countdown to 59593
[17:01:44.438] [SEVERE ] updating countdown to 59592
[17:01:44.440] [SEVERE ] updating countdown to 59590
[17:01:44.441] [SEVERE ] updating countdown to 59589
[17:01:44.443] [SEVERE ] updating countdown to 59587
[17:01:44.444] [SEVERE ] updating countdown to 59586
[17:01:44.446] [SEVERE ] updating countdown to 59584
[17:01:44.447] [SEVERE ] updating countdown to 59583
[17:01:44.449] [SEVERE ] updating countdown to 59581
[17:01:44.450] [SEVERE ] updating countdown to 59580
[17:01:44.452] [SEVERE ] updating countdown to 59578
[17:01:44.453] [SEVERE ] updating countdown to 59577
[17:01:44.454] [SEVERE ] updating countdown to 59576
[17:01:44.456] [SEVERE ] updating countdown to 59574
[17:01:44.458] [SEVERE ] updating countdown to 59572
[17:01:44.460] [SEVERE ] updating countdown to 59570
[17:01:44.461] [SEVERE ] updating countdown to 59569
[17:01:44.463] [SEVERE ] updating countdown to 59567
[17:01:44.464] [SEVERE ] updating countdown to 59566
[17:01:44.466] [SEVERE ] updating countdown to 59564
[17:01:44.467] [SEVERE ] updating countdown to 59563
[17:01:44.469] [SEVERE ] updating countdown to 59561
[17:01:44.470] [SEVERE ] updating countdown to 59560
[17:01:44.471] [SEVERE ] updating countdown to 59559
[17:01:44.473] [SEVERE ] updating countdown to 59557
[17:01:44.475] [SEVERE ] updating countdown to 59555
[17:01:44.477] [SEVERE ] updating countdown to 59553
[17:01:44.478] [SEVERE ] updating countdown to 59552
[17:01:44.480] [SEVERE ] updating countdown to 59550
[17:01:44.481] [SEVERE ] updating countdown to 59549
[17:01:44.483] [SEVERE ] updating countdown to 59547
[17:01:44.484] [SEVERE ] updating countdown to 59546
[17:01:44.485] [SEVERE ] updating countdown to 59545
[17:01:44.487] [SEVERE ] updating countdown to 59543
[17:01:44.488] [SEVERE ] updating countdown to 59542
[17:01:44.490] [SEVERE ] updating countdown to 59540
[17:01:44.492] [SEVERE ] updating countdown to 59538
[17:01:44.494] [SEVERE ] updating countdown to 59536
[17:01:44.495] [SEVERE ] updating countdown to 59535
[17:01:44.496] [SEVERE ] updating countdown to 59534
[17:01:44.498] [SEVERE ] updating countdown to 59532
[17:01:44.499] [SEVERE ] updating countdown to 59531
[17:01:44.500] [SEVERE ] updating countdown to 59530
[17:01:44.502] [SEVERE ] updating countdown to 59528
[17:01:44.503] [SEVERE ] updating countdown to 59527
[17:01:44.505] [SEVERE ] updating countdown to 59525
[17:01:44.506] [SEVERE ] updating countdown to 59524
[17:01:44.508] [SEVERE ] updating countdown to 59522
[17:01:44.510] [SEVERE ] updating countdown to 59520
[17:01:44.512] [SEVERE ] updating countdown to 59518
[17:01:44.513] [SEVERE ] updating countdown to 59517
[17:01:44.514] [SEVERE ] updating countdown to 59516
[17:01:44.516] [SEVERE ] updating countdown to 59514
[17:01:44.518] [SEVERE ] updating countdown to 59512
[17:01:44.519] [SEVERE ] updating countdown to 59511
[17:01:44.521] [SEVERE ] updating countdown to 59509
[17:01:44.522] [SEVERE ] updating countdown to 59508
[17:01:44.524] [SEVERE ] updating countdown to 59506
[17:01:44.525] [SEVERE ] updating countdown to 59505
[17:01:44.527] [SEVERE ] updating countdown to 59503
[17:01:44.529] [SEVERE ] updating countdown to 59501
[17:01:44.530] [SEVERE ] updating countdown to 59500
[17:01:44.532] [SEVERE ] updating countdown to 59498
[17:01:44.533] [SEVERE ] updating countdown to 59497
[17:01:44.535] [SEVERE ] updating countdown to 59495
[17:01:44.536] [SEVERE ] updating countdown to 59494
[17:01:44.538] [SEVERE ] updating countdown to 59492
[17:01:44.539] [SEVERE ] updating countdown to 59491
[17:01:44.541] [SEVERE ] updating countdown to 59489
[17:01:44.543] [SEVERE ] updating countdown to 59487
[17:01:44.544] [SEVERE ] updating countdown to 59486
[17:01:44.546] [SEVERE ] updating countdown to 59484
[17:01:44.547] [SEVERE ] updating countdown to 59483
[17:01:44.549] [SEVERE ] updating countdown to 59481
[17:01:44.550] [SEVERE ] updating countdown to 59480
[17:01:44.552] [SEVERE ] updating countdown to 59478
[17:01:44.553] [SEVERE ] updating countdown to 59477
[17:01:44.555] [SEVERE ] updating countdown to 59475
[17:01:44.557] [SEVERE ] updating countdown to 59473
[17:01:44.558] [SEVERE ] updating countdown to 59472
[17:01:44.561] [SEVERE ] updating countdown to 59469
[17:01:44.562] [SEVERE ] updating countdown to 59468
[17:01:44.564] [SEVERE ] updating countdown to 59466
[17:01:44.565] [SEVERE ] updating countdown to 59465
[17:01:44.567] [SEVERE ] updating countdown to 59463
[17:01:44.568] [SEVERE ] updating countdown to 59462
[17:01:44.570] [SEVERE ] updating countdown to 59460
[17:01:44.571] [SEVERE ] updating countdown to 59459
[17:01:44.573] [SEVERE ] updating countdown to 59457
[17:01:44.574] [SEVERE ] updating countdown to 59456
[17:01:44.576] [SEVERE ] updating countdown to 59454
[17:01:44.578] [SEVERE ] updating countdown to 59452
[17:01:44.579] [SEVERE ] updating countdown to 59451
[17:01:44.581] [SEVERE ] updating countdown to 59449
[17:01:44.582] [SEVERE ] updating countdown to 59448
[17:01:44.584] [SEVERE ] updating countdown to 59446
[17:01:44.585] [SEVERE ] updating countdown to 59445
[17:01:44.587] [SEVERE ] updating countdown to 59443
[17:01:44.588] [SEVERE ] updating countdown to 59442
[17:01:44.590] [SEVERE ] updating countdown to 59440
[17:01:44.591] [SEVERE ] updating countdown to 59439
[17:01:44.594] [SEVERE ] updating countdown to 59436
[17:01:44.596] [SEVERE ] updating countdown to 59434
[17:01:44.597] [SEVERE ] updating countdown to 59433
[17:01:44.599] [SEVERE ] updating countdown to 59431
[17:01:44.600] [SEVERE ] updating countdown to 59430
[17:01:44.602] [SEVERE ] updating countdown to 59428
[17:01:44.603] [SEVERE ] updating countdown to 59427
[17:01:44.605] [SEVERE ] updating countdown to 59425
[17:01:44.607] [SEVERE ] updating countdown to 59423
[17:01:44.609] [SEVERE ] updating countdown to 59421
[17:01:44.611] [SEVERE ] updating countdown to 59419
[17:01:44.613] [SEVERE ] updating countdown to 59417
[17:01:44.614] [SEVERE ] updating countdown to 59416
[17:01:44.616] [SEVERE ] updating countdown to 59414
[17:01:44.617] [SEVERE ] updating countdown to 59413
[17:01:44.619] [SEVERE ] updating countdown to 59411
[17:01:44.620] [SEVERE ] updating countdown to 59410
[17:01:44.622] [SEVERE ] updating countdown to 59408
[17:01:44.624] [SEVERE ] updating countdown to 59407
[17:01:44.626] [SEVERE ] updating countdown to 59404
[17:01:44.628] [SEVERE ] updating countdown to 59402
[17:01:44.629] [SEVERE ] updating countdown to 59401
[17:01:44.631] [SEVERE ] updating countdown to 59399
[17:01:44.632] [SEVERE ] updating countdown to 59398
[17:01:44.634] [SEVERE ] updating countdown to 59396
[17:01:44.635] [SEVERE ] updating countdown to 59395
[17:01:44.637] [SEVERE ] updating countdown to 59393
[17:01:44.638] [SEVERE ] updating countdown to 59392
[17:01:44.640] [SEVERE ] updating countdown to 59390
[17:01:44.642] [SEVERE ] updating countdown to 59388
[17:01:44.644] [SEVERE ] updating countdown to 59386
[17:01:44.645] [SEVERE ] updating countdown to 59385
[17:01:44.647] [SEVERE ] updating countdown to 59383
[17:01:44.648] [SEVERE ] updating countdown to 59382
[17:01:44.650] [SEVERE ] updating countdown to 59380
[17:01:44.651] [SEVERE ] updating countdown to 59379
[17:01:44.653] [SEVERE ] updating countdown to 59377
[17:01:44.654] [SEVERE ] updating countdown to 59376
[17:01:44.656] [SEVERE ] updating countdown to 59374
[17:01:44.658] [SEVERE ] updating countdown to 59372
[17:01:44.660] [SEVERE ] updating countdown to 59371
[17:01:44.661] [SEVERE ] updating countdown to 59369
[17:01:44.663] [SEVERE ] updating countdown to 59367
[17:01:44.664] [SEVERE ] updating countdown to 59366
[17:01:44.666] [SEVERE ] updating countdown to 59364
[17:01:44.667] [SEVERE ] updating countdown to 59363
[17:01:44.669] [SEVERE ] updating countdown to 59361
[17:01:44.670] [SEVERE ] updating countdown to 59360
[17:01:44.672] [SEVERE ] updating countdown to 59358
[17:01:44.673] [SEVERE ] updating countdown to 59357
[17:01:44.675] [SEVERE ] updating countdown to 59355
[17:01:44.677] [SEVERE ] updating countdown to 59353
[17:01:44.678] [SEVERE ] updating countdown to 59352
[17:01:44.680] [SEVERE ] updating countdown to 59350
[17:01:44.681] [SEVERE ] updating countdown to 59349
[17:01:44.683] [SEVERE ] updating countdown to 59347
[17:01:44.684] [SEVERE ] updating countdown to 59346
[17:01:44.686] [SEVERE ] updating countdown to 59344
[17:01:44.687] [SEVERE ] updating countdown to 59343
[17:01:44.689] [SEVERE ] updating countdown to 59341
[17:01:44.690] [SEVERE ] updating countdown to 59340
[17:01:44.692] [SEVERE ] updating countdown to 59338
[17:01:44.694] [SEVERE ] updating countdown to 59336
[17:01:44.695] [SEVERE ] updating countdown to 59335
[17:01:44.697] [SEVERE ] updating countdown to 59333
[17:01:44.698] [SEVERE ] updating countdown to 59332
[17:01:44.700] [SEVERE ] updating countdown to 59330
[17:01:44.701] [SEVERE ] updating countdown to 59329
[17:01:44.702] [SEVERE ] updating countdown to 59328
[17:01:44.704] [SEVERE ] updating countdown to 59326
[17:01:44.705] [SEVERE ] updating countdown to 59325
[17:01:44.707] [SEVERE ] updating countdown to 59323
[17:01:44.708] [SEVERE ] updating countdown to 59322
[17:01:44.710] [SEVERE ] updating countdown to 59320
[17:01:44.711] [SEVERE ] updating countdown to 59319
[17:01:44.713] [SEVERE ] updating countdown to 59317
[17:01:44.714] [SEVERE ] updating countdown to 59316
[17:01:44.716] [SEVERE ] updating countdown to 59314
[17:01:44.717] [SEVERE ] updating countdown to 59313
[17:01:44.718] [SEVERE ] updating countdown to 59312
[17:01:44.720] [SEVERE ] updating countdown to 59310
[17:01:44.721] [SEVERE ] updating countdown to 59309
[17:01:44.723] [SEVERE ] updating countdown to 59307
[17:01:44.724] [SEVERE ] updating countdown to 59306
[17:01:44.726] [SEVERE ] updating countdown to 59304
[17:01:44.727] [SEVERE ] updating countdown to 59303
[17:01:44.728] [SEVERE ] updating countdown to 59302
[17:01:44.730] [SEVERE ] updating countdown to 59300
[17:01:44.731] [SEVERE ] updating countdown to 59299
[17:01:44.732] [SEVERE ] updating countdown to 59298
[17:01:44.734] [SEVERE ] updating countdown to 59296
[17:01:44.735] [SEVERE ] updating countdown to 59295
[17:01:44.736] [SEVERE ] updating countdown to 59294
[17:01:44.738] [SEVERE ] updating countdown to 59292
[17:01:44.739] [SEVERE ] updating countdown to 59291
[17:01:44.741] [SEVERE ] updating countdown to 59289
[17:01:44.743] [SEVERE ] updating countdown to 59287
[17:01:44.744] [SEVERE ] updating countdown to 59286
[17:01:44.745] [SEVERE ] updating countdown to 59285
[17:01:44.747] [SEVERE ] updating countdown to 59283
[17:01:44.748] [SEVERE ] updating countdown to 59282
[17:01:44.749] [SEVERE ] updating countdown to 59281
[17:01:44.751] [SEVERE ] updating countdown to 59279
[17:01:44.752] [SEVERE ] updating countdown to 59278
[17:01:44.754] [SEVERE ] updating countdown to 59276
[17:01:44.755] [SEVERE ] updating countdown to 59275
[17:01:44.756] [SEVERE ] updating countdown to 59274
[17:01:44.758] [SEVERE ] updating countdown to 59272
[17:01:44.760] [SEVERE ] updating countdown to 59270
[17:01:44.762] [SEVERE ] updating countdown to 59269
[17:01:44.763] [SEVERE ] updating countdown to 59267
[17:01:44.764] [SEVERE ] updating countdown to 59266
[17:01:44.766] [SEVERE ] updating countdown to 59264
[17:01:44.767] [SEVERE ] updating countdown to 59263
[17:01:44.768] [SEVERE ] updating countdown to 59262
[17:01:44.770] [SEVERE ] updating countdown to 59260
[17:01:44.771] [SEVERE ] updating countdown to 59259
[17:01:44.773] [SEVERE ] updating countdown to 59257
[17:01:44.774] [SEVERE ] updating countdown to 59256
[17:01:44.776] [SEVERE ] updating countdown to 59254
[17:01:44.777] [SEVERE ] updating countdown to 59253
[17:01:44.779] [SEVERE ] updating countdown to 59251
[17:01:44.780] [SEVERE ] updating countdown to 59250
[17:01:44.781] [SEVERE ] updating countdown to 59249
[17:01:44.783] [SEVERE ] updating countdown to 59247
[17:01:44.784] [SEVERE ] updating countdown to 59246
[17:01:44.786] [SEVERE ] updating countdown to 59244
[17:01:44.787] [SEVERE ] updating countdown to 59243
[17:01:44.788] [SEVERE ] updating countdown to 59242
[17:01:44.790] [SEVERE ] updating countdown to 59240
[17:01:44.791] [SEVERE ] updating countdown to 59239
[17:01:44.793] [SEVERE ] updating countdown to 59237
[17:01:44.795] [SEVERE ] updating countdown to 59235
[17:01:44.796] [SEVERE ] updating countdown to 59234
[17:01:44.797] [SEVERE ] updating countdown to 59233
[17:01:44.799] [SEVERE ] updating countdown to 59231
[17:01:44.800] [SEVERE ] updating countdown to 59230
[17:01:44.801] [SEVERE ] updating countdown to 59229
[17:01:44.803] [SEVERE ] updating countdown to 59227
[17:01:44.804] [SEVERE ] updating countdown to 59226
[17:01:44.806] [SEVERE ] updating countdown to 59224
[17:01:44.807] [SEVERE ] updating countdown to 59223
[17:01:44.809] [SEVERE ] updating countdown to 59221
[17:01:44.811] [SEVERE ] updating countdown to 59219
[17:01:44.812] [SEVERE ] updating countdown to 59218
[17:01:44.814] [SEVERE ] updating countdown to 59216
[17:01:44.815] [SEVERE ] updating countdown to 59215
[17:01:44.816] [SEVERE ] updating countdown to 59214
[17:01:44.818] [SEVERE ] updating countdown to 59212
[17:01:44.819] [SEVERE ] updating countdown to 59211
[17:01:44.821] [SEVERE ] updating countdown to 59209
[17:01:44.822] [SEVERE ] updating countdown to 59208
[17:01:44.824] [SEVERE ] updating countdown to 59206
[17:01:44.825] [SEVERE ] updating countdown to 59205
[17:01:44.827] [SEVERE ] updating countdown to 59203
[17:01:44.829] [SEVERE ] updating countdown to 59201
[17:01:44.830] [SEVERE ] updating countdown to 59200
[17:01:44.832] [SEVERE ] updating countdown to 59198
[17:01:44.833] [SEVERE ] updating countdown to 59197
[17:01:44.835] [SEVERE ] updating countdown to 59195
[17:01:44.836] [SEVERE ] updating countdown to 59194
[17:01:44.838] [SEVERE ] updating countdown to 59192
[17:01:44.839] [SEVERE ] updating countdown to 59191
[17:01:44.841] [SEVERE ] updating countdown to 59189
[17:01:44.842] [SEVERE ] updating countdown to 59188
[17:01:44.844] [SEVERE ] updating countdown to 59186
[17:01:44.845] [SEVERE ] updating countdown to 59185
[17:01:44.847] [SEVERE ] updating countdown to 59183
[17:01:44.848] [SEVERE ] updating countdown to 59182
[17:01:44.849] [SEVERE ] updating countdown to 59181
[17:01:44.851] [SEVERE ] updating countdown to 59179
[17:01:44.852] [SEVERE ] updating countdown to 59178
[17:01:44.853] [SEVERE ] updating countdown to 59177
[17:01:44.855] [SEVERE ] updating countdown to 59175
[17:01:44.856] [SEVERE ] updating countdown to 59174
[17:01:44.858] [SEVERE ] updating countdown to 59172
[17:01:44.859] [SEVERE ] updating countdown to 59171
[17:01:44.861] [SEVERE ] updating countdown to 59169
[17:01:44.862] [SEVERE ] updating countdown to 59168
[17:01:44.864] [SEVERE ] updating countdown to 59166
[17:01:44.865] [SEVERE ] updating countdown to 59165
[17:01:44.866] [SEVERE ] updating countdown to 59164
[17:01:44.868] [SEVERE ] updating countdown to 59162
[17:01:44.869] [SEVERE ] updating countdown to 59161
[17:01:44.870] [SEVERE ] updating countdown to 59160
[17:01:44.872] [SEVERE ] updating countdown to 59158
[17:01:44.873] [SEVERE ] updating countdown to 59157
[17:01:44.875] [SEVERE ] updating countdown to 59155
[17:01:44.877] [SEVERE ] updating countdown to 59153
[17:01:44.879] [SEVERE ] updating countdown to 59151
[17:01:44.880] [SEVERE ] updating countdown to 59150
[17:01:44.882] [SEVERE ] updating countdown to 59148
[17:01:44.883] [SEVERE ] updating countdown to 59147
[17:01:44.885] [SEVERE ] updating countdown to 59145
[17:01:44.886] [SEVERE ] updating countdown to 59144
[17:01:44.887] [SEVERE ] updating countdown to 59143
[17:01:44.889] [SEVERE ] updating countdown to 59141
[17:01:44.890] [SEVERE ] updating countdown to 59140
[17:01:44.892] [SEVERE ] updating countdown to 59138
[17:01:44.894] [SEVERE ] updating countdown to 59136
[17:01:44.895] [SEVERE ] updating countdown to 59135
[17:01:44.896] [SEVERE ] updating countdown to 59134
[17:01:44.898] [SEVERE ] updating countdown to 59132
[17:01:44.899] [SEVERE ] updating countdown to 59131
[17:01:44.900] [SEVERE ] updating countdown to 59130
[17:01:44.902] [SEVERE ] updating countdown to 59128
[17:01:44.903] [SEVERE ] updating countdown to 59127
[17:01:44.905] [SEVERE ] updating countdown to 59125
[17:01:44.906] [SEVERE ] updating countdown to 59124
[17:01:44.908] [SEVERE ] updating countdown to 59122
[17:01:44.910] [SEVERE ] updating countdown to 59120
[17:01:44.911] [SEVERE ] updating countdown to 59119
[17:01:44.913] [SEVERE ] updating countdown to 59117
[17:01:44.914] [SEVERE ] updating countdown to 59116
[17:01:44.915] [SEVERE ] updating countdown to 59115
[17:01:44.917] [SEVERE ] updating countdown to 59113
[17:01:44.918] [SEVERE ] updating countdown to 59112
[17:01:44.920] [SEVERE ] updating countdown to 59110
[17:01:44.921] [SEVERE ] updating countdown to 59109
[17:01:44.923] [SEVERE ] updating countdown to 59108
[17:01:44.924] [SEVERE ] updating countdown to 59106
[17:01:44.925] [SEVERE ] updating countdown to 59105
[17:01:44.927] [SEVERE ] updating countdown to 59103
[17:01:44.929] [SEVERE ] updating countdown to 59101
[17:01:44.930] [SEVERE ] updating countdown to 59100
[17:01:44.931] [SEVERE ] updating countdown to 59099
[17:01:44.933] [SEVERE ] updating countdown to 59097
[17:01:44.934] [SEVERE ] updating countdown to 59096
[17:01:44.935] [SEVERE ] updating countdown to 59095
[17:01:44.937] [SEVERE ] updating countdown to 59093
[17:01:44.938] [SEVERE ] updating countdown to 59092
[17:01:44.940] [SEVERE ] updating countdown to 59090
[17:01:44.941] [SEVERE ] updating countdown to 59089
[17:01:44.944] [SEVERE ] updating countdown to 59086
[17:01:44.945] [SEVERE ] updating countdown to 59085
[17:01:44.946] [SEVERE ] updating countdown to 59084
[17:01:44.948] [SEVERE ] updating countdown to 59082
[17:01:44.949] [SEVERE ] updating countdown to 59081
[17:01:44.951] [SEVERE ] updating countdown to 59079
[17:01:44.952] [SEVERE ] updating countdown to 59078
[17:01:44.953] [SEVERE ] updating countdown to 59077
[17:01:44.955] [SEVERE ] updating countdown to 59075
[17:01:44.956] [SEVERE ] updating countdown to 59074
[17:01:44.957] [SEVERE ] updating countdown to 59073
[17:01:44.959] [SEVERE ] updating countdown to 59071
[17:01:44.960] [SEVERE ] updating countdown to 59070
[17:01:44.962] [SEVERE ] updating countdown to 59068
[17:01:44.963] [SEVERE ] updating countdown to 59067
[17:01:44.964] [SEVERE ] updating countdown to 59066
[17:01:44.966] [SEVERE ] updating countdown to 59064
[17:01:44.967] [SEVERE ] updating countdown to 59063
[17:01:44.968] [SEVERE ] updating countdown to 59062
[17:01:44.970] [SEVERE ] updating countdown to 59060
[17:01:44.971] [SEVERE ] updating countdown to 59059
[17:01:44.973] [SEVERE ] updating countdown to 59057
[17:01:44.974] [SEVERE ] updating countdown to 59056
[17:01:44.976] [SEVERE ] updating countdown to 59054
[17:01:44.978] [SEVERE ] updating countdown to 59052
[17:01:44.979] [SEVERE ] updating countdown to 59051
[17:01:44.980] [SEVERE ] updating countdown to 59050
[17:01:44.982] [SEVERE ] updating countdown to 59048
[17:01:44.983] [SEVERE ] updating countdown to 59047
[17:01:44.985] [SEVERE ] updating countdown to 59045
[17:01:44.986] [SEVERE ] updating countdown to 59044
[17:01:44.987] [SEVERE ] updating countdown to 59043
[17:01:44.989] [SEVERE ] updating countdown to 59041
[17:01:44.990] [SEVERE ] updating countdown to 59040
[17:01:44.992] [SEVERE ] updating countdown to 59038
[17:01:44.994] [SEVERE ] updating countdown to 59036
[17:01:44.995] [SEVERE ] updating countdown to 59035
[17:01:44.996] [SEVERE ] updating countdown to 59034
[17:01:44.998] [SEVERE ] updating countdown to 59032
[17:01:44.999] [SEVERE ] updating countdown to 59031
[17:01:45.001] [SEVERE ] updating countdown to 59029
[17:01:45.002] [SEVERE ] updating countdown to 59028
[17:01:45.003] [SEVERE ] updating countdown to 59027
[17:01:45.005] [SEVERE ] updating countdown to 59025
[17:01:45.006] [SEVERE ] updating countdown to 59024
[17:01:45.008] [SEVERE ] updating countdown to 59022
[17:01:45.009] [SEVERE ] updating countdown to 59021
[17:01:45.011] [SEVERE ] updating countdown to 59019
[17:01:45.012] [SEVERE ] updating countdown to 59018
[17:01:45.014] [SEVERE ] updating countdown to 59016
[17:01:45.015] [SEVERE ] updating countdown to 59015
[17:01:45.016] [SEVERE ] updating countdown to 59014
[17:01:45.018] [SEVERE ] updating countdown to 59012
[17:01:45.019] [SEVERE ] updating countdown to 59011
[17:01:45.021] [SEVERE ] updating countdown to 59009
[17:01:45.022] [SEVERE ] updating countdown to 59008
[17:01:45.023] [SEVERE ] updating countdown to 59007
[17:01:45.025] [SEVERE ] updating countdown to 59005
[17:01:45.027] [SEVERE ] updating countdown to 59003
[17:01:45.028] [SEVERE ] updating countdown to 59002
[17:01:45.029] [SEVERE ] updating countdown to 59001
[17:01:45.031] [SEVERE ] updating countdown to 58999
[17:01:45.032] [SEVERE ] updating countdown to 58998
[17:01:45.034] [SEVERE ] updating countdown to 58996
[17:01:45.035] [SEVERE ] updating countdown to 58995
[17:01:45.036] [SEVERE ] updating countdown to 58994
[17:01:45.038] [SEVERE ] updating countdown to 58992
[17:01:45.039] [SEVERE ] updating countdown to 58991
[17:01:45.041] [SEVERE ] updating countdown to 58989
[17:01:45.043] [SEVERE ] updating countdown to 58987
[17:01:45.045] [SEVERE ] updating countdown to 58985
[17:01:45.046] [SEVERE ] updating countdown to 58984
[17:01:45.047] [SEVERE ] updating countdown to 58983
[17:01:45.049] [SEVERE ] updating countdown to 58981
[17:01:45.050] [SEVERE ] updating countdown to 58980
[17:01:45.052] [SEVERE ] updating countdown to 58978
[17:01:45.053] [SEVERE ] updating countdown to 58977
[17:01:45.055] [SEVERE ] updating countdown to 58975
[17:01:45.056] [SEVERE ] updating countdown to 58974
[17:01:45.058] [SEVERE ] updating countdown to 58972
[17:01:45.060] [SEVERE ] updating countdown to 58970
[17:01:45.061] [SEVERE ] updating countdown to 58969
[17:01:45.063] [SEVERE ] updating countdown to 58967
[17:01:45.064] [SEVERE ] updating countdown to 58966
[17:01:45.066] [SEVERE ] updating countdown to 58964
[17:01:45.067] [SEVERE ] updating countdown to 58963
[17:01:45.068] [SEVERE ] updating countdown to 58962
[17:01:45.070] [SEVERE ] updating countdown to 58960
[17:01:45.071] [SEVERE ] updating countdown to 58959
[17:01:45.072] [SEVERE ] updating countdown to 58958
[17:01:45.074] [SEVERE ] updating countdown to 58956
[17:01:45.076] [SEVERE ] updating countdown to 58954
[17:01:45.078] [SEVERE ] updating countdown to 58952
[17:01:45.079] [SEVERE ] updating countdown to 58951
[17:01:45.081] [SEVERE ] updating countdown to 58949
[17:01:45.082] [SEVERE ] updating countdown to 58948
[17:01:45.084] [SEVERE ] updating countdown to 58946
[17:01:45.085] [SEVERE ] updating countdown to 58945
[17:01:45.086] [SEVERE ] updating countdown to 58944
[17:01:45.088] [SEVERE ] updating countdown to 58942
[17:01:45.089] [SEVERE ] updating countdown to 58941
[17:01:45.091] [SEVERE ] updating countdown to 58939
[17:01:45.092] [SEVERE ] updating countdown to 58938
[17:01:45.094] [SEVERE ] updating countdown to 58936
[17:01:45.095] [SEVERE ] updating countdown to 58935
[17:01:45.097] [SEVERE ] updating countdown to 58933
[17:01:45.098] [SEVERE ] updating countdown to 58932
[17:01:45.099] [SEVERE ] updating countdown to 58931
[17:01:45.101] [SEVERE ] updating countdown to 58929
[17:01:45.102] [SEVERE ] updating countdown to 58928
[17:01:45.104] [SEVERE ] updating countdown to 58926
[17:01:45.105] [SEVERE ] updating countdown to 58925
[17:01:45.106] [SEVERE ] updating countdown to 58924
[17:01:45.108] [SEVERE ] updating countdown to 58922
[17:01:45.110] [SEVERE ] updating countdown to 58920
[17:01:45.111] [SEVERE ] updating countdown to 58919
[17:01:45.112] [SEVERE ] updating countdown to 58918
[17:01:45.114] [SEVERE ] updating countdown to 58916
[17:01:45.115] [SEVERE ] updating countdown to 58915
[17:01:45.117] [SEVERE ] updating countdown to 58913
[17:01:45.118] [SEVERE ] updating countdown to 58912
[17:01:45.119] [SEVERE ] updating countdown to 58911
[17:01:45.121] [SEVERE ] updating countdown to 58909
[17:01:45.122] [SEVERE ] updating countdown to 58908
[17:01:45.124] [SEVERE ] updating countdown to 58906
[17:01:45.126] [SEVERE ] updating countdown to 58904
[17:01:45.127] [SEVERE ] updating countdown to 58903
[17:01:45.128] [SEVERE ] updating countdown to 58902
[17:01:45.130] [SEVERE ] updating countdown to 58900
[17:01:45.131] [SEVERE ] updating countdown to 58899
[17:01:45.133] [SEVERE ] updating countdown to 58897
[17:01:45.134] [SEVERE ] updating countdown to 58896
[17:01:45.136] [SEVERE ] updating countdown to 58894
[17:01:45.137] [SEVERE ] updating countdown to 58893
[17:01:45.139] [SEVERE ] updating countdown to 58891
[17:01:45.140] [SEVERE ] updating countdown to 58890
[17:01:45.142] [SEVERE ] updating countdown to 58888
[17:01:45.143] [SEVERE ] updating countdown to 58887
[17:01:45.145] [SEVERE ] updating countdown to 58885
[17:01:45.146] [SEVERE ] updating countdown to 58884
[17:01:45.147] [SEVERE ] updating countdown to 58883
[17:01:45.149] [SEVERE ] updating countdown to 58881
[17:01:45.150] [SEVERE ] updating countdown to 58880
[17:01:45.152] [SEVERE ] updating countdown to 58878
[17:01:45.153] [SEVERE ] updating countdown to 58877
[17:01:45.154] [SEVERE ] updating countdown to 58876
[17:01:45.156] [SEVERE ] updating countdown to 58874
[17:01:45.157] [SEVERE ] updating countdown to 58873
[17:01:45.159] [SEVERE ] updating countdown to 58871
[17:01:45.160] [SEVERE ] updating countdown to 58870
[17:01:45.162] [SEVERE ] updating countdown to 58868
[17:01:45.163] [SEVERE ] updating countdown to 58867
[17:01:45.165] [SEVERE ] updating countdown to 58865
[17:01:45.166] [SEVERE ] updating countdown to 58864
[17:01:45.167] [SEVERE ] updating countdown to 58863
[17:01:45.169] [SEVERE ] updating countdown to 58861
[17:01:45.170] [SEVERE ] updating countdown to 58860
[17:01:45.171] [SEVERE ] updating countdown to 58859
[17:01:45.173] [SEVERE ] updating countdown to 58857
[17:01:45.174] [SEVERE ] updating countdown to 58856
[17:01:45.176] [SEVERE ] updating countdown to 58854
[17:01:45.177] [SEVERE ] updating countdown to 58853
[17:01:45.179] [SEVERE ] updating countdown to 58851
[17:01:45.180] [SEVERE ] updating countdown to 58850
[17:01:45.182] [SEVERE ] updating countdown to 58848
[17:01:45.183] [SEVERE ] updating countdown to 58847
[17:01:45.184] [SEVERE ] updating countdown to 58846
[17:01:45.186] [SEVERE ] updating countdown to 58844
[17:01:45.187] [SEVERE ] updating countdown to 58843
[17:01:45.188] [SEVERE ] updating countdown to 58842
[17:01:45.190] [SEVERE ] updating countdown to 58840
[17:01:45.191] [SEVERE ] updating countdown to 58839
[17:01:45.193] [SEVERE ] updating countdown to 58837
[17:01:45.195] [SEVERE ] updating countdown to 58835
[17:01:45.196] [SEVERE ] updating countdown to 58834
[17:01:45.198] [SEVERE ] updating countdown to 58832
[17:01:45.199] [SEVERE ] updating countdown to 58831
[17:01:45.200] [SEVERE ] updating countdown to 58830
[17:01:45.202] [SEVERE ] updating countdown to 58828
[17:01:45.203] [SEVERE ] updating countdown to 58827
[17:01:45.204] [SEVERE ] updating countdown to 58826
[17:01:45.206] [SEVERE ] updating countdown to 58824
[17:01:45.207] [SEVERE ] updating countdown to 58823
[17:01:45.209] [SEVERE ] updating countdown to 58821
[17:01:45.210] [SEVERE ] updating countdown to 58820
[17:01:45.212] [SEVERE ] updating countdown to 58818
[17:01:45.213] [SEVERE ] updating countdown to 58817
[17:01:45.214] [SEVERE ] updating countdown to 58816
[17:01:45.216] [SEVERE ] updating countdown to 58814
[17:01:45.217] [SEVERE ] updating countdown to 58813
[17:01:45.219] [SEVERE ] updating countdown to 58811
[17:01:45.220] [SEVERE ] updating countdown to 58810
[17:01:45.221] [SEVERE ] updating countdown to 58809
[17:01:45.223] [SEVERE ] updating countdown to 58807
[17:01:45.224] [SEVERE ] updating countdown to 58806
[17:01:45.226] [SEVERE ] updating countdown to 58804
[17:01:45.227] [SEVERE ] updating countdown to 58803
[17:01:45.229] [SEVERE ] updating countdown to 58801
[17:01:45.241] [SEVERE ] updating countdown to 58789
[17:01:45.243] [SEVERE ] updating countdown to 58787
[17:01:45.244] [SEVERE ] updating countdown to 58786
[17:01:45.246] [SEVERE ] updating countdown to 58784
[17:01:45.247] [SEVERE ] updating countdown to 58783
[17:01:45.249] [SEVERE ] updating countdown to 58781
[17:01:45.250] [SEVERE ] updating countdown to 58780
[17:01:45.252] [SEVERE ] updating countdown to 58778
[17:01:45.253] [SEVERE ] updating countdown to 58777
[17:01:45.254] [SEVERE ] updating countdown to 58776
[17:01:45.256] [SEVERE ] updating countdown to 58774
[17:01:45.257] [SEVERE ] updating countdown to 58773
[17:01:45.259] [SEVERE ] updating countdown to 58771
[17:01:45.260] [SEVERE ] updating countdown to 58770
[17:01:45.262] [SEVERE ] updating countdown to 58768
[17:01:45.263] [SEVERE ] updating countdown to 58767
[17:01:45.265] [SEVERE ] updating countdown to 58765
[17:01:45.266] [SEVERE ] updating countdown to 58764
[17:01:45.267] [SEVERE ] updating countdown to 58763
[17:01:45.269] [SEVERE ] updating countdown to 58761
[17:01:45.270] [SEVERE ] updating countdown to 58760
[17:01:45.272] [SEVERE ] updating countdown to 58758
[17:01:45.273] [SEVERE ] updating countdown to 58757
[17:01:45.274] [SEVERE ] updating countdown to 58756
[17:01:45.276] [SEVERE ] updating countdown to 58754
[17:01:45.278] [SEVERE ] updating countdown to 58752
[17:01:45.279] [SEVERE ] updating countdown to 58751
[17:01:45.280] [SEVERE ] updating countdown to 58750
[17:01:45.282] [SEVERE ] updating countdown to 58748
[17:01:45.283] [SEVERE ] updating countdown to 58747
[17:01:45.284] [SEVERE ] updating countdown to 58746
[17:01:45.286] [SEVERE ] updating countdown to 58744
[17:01:45.287] [SEVERE ] updating countdown to 58743
[17:01:45.288] [SEVERE ] updating countdown to 58742
[17:01:45.290] [SEVERE ] updating countdown to 58740
[17:01:45.291] [SEVERE ] updating countdown to 58739
[17:01:45.293] [SEVERE ] updating countdown to 58737
[17:01:45.294] [SEVERE ] updating countdown to 58736
[17:01:45.295] [SEVERE ] updating countdown to 58735
[17:01:45.297] [SEVERE ] updating countdown to 58733
[17:01:45.298] [SEVERE ] updating countdown to 58732
[17:01:45.300] [SEVERE ] updating countdown to 58730
[17:01:45.301] [SEVERE ] updating countdown to 58729
[17:01:45.302] [SEVERE ] updating countdown to 58728
[17:01:45.304] [SEVERE ] updating countdown to 58726
[17:01:45.305] [SEVERE ] updating countdown to 58725
[17:01:45.306] [SEVERE ] updating countdown to 58724
[17:01:45.308] [SEVERE ] updating countdown to 58722
[17:01:45.309] [SEVERE ] updating countdown to 58721
[17:01:45.311] [SEVERE ] updating countdown to 58719
[17:01:45.312] [SEVERE ] updating countdown to 58718
[17:01:45.313] [SEVERE ] updating countdown to 58717
[17:01:45.315] [SEVERE ] updating countdown to 58715
[17:01:45.316] [SEVERE ] updating countdown to 58714
[17:01:45.317] [SEVERE ] updating countdown to 58713
[17:01:45.319] [SEVERE ] updating countdown to 58711
[17:01:45.320] [SEVERE ] updating countdown to 58710
[17:01:45.321] [SEVERE ] updating countdown to 58709
[17:01:45.323] [SEVERE ] updating countdown to 58707
[17:01:45.324] [SEVERE ] updating countdown to 58706
[17:01:45.325] [SEVERE ] updating countdown to 58705
[17:01:45.327] [SEVERE ] updating countdown to 58703
[17:01:45.328] [SEVERE ] updating countdown to 58702
[17:01:45.329] [SEVERE ] updating countdown to 58701
[17:01:45.330] [SEVERE ] updating countdown to 58700
[17:01:45.332] [SEVERE ] updating countdown to 58698
[17:01:45.333] [SEVERE ] updating countdown to 58697
[17:01:45.334] [SEVERE ] updating countdown to 58696
[17:01:45.336] [SEVERE ] updating countdown to 58694
[17:01:45.337] [SEVERE ] updating countdown to 58693
[17:01:45.338] [SEVERE ] updating countdown to 58692
[17:01:45.340] [SEVERE ] updating countdown to 58690
[17:01:45.341] [SEVERE ] updating countdown to 58689
[17:01:45.343] [SEVERE ] updating countdown to 58687
[17:01:45.344] [SEVERE ] updating countdown to 58686
[17:01:45.345] [SEVERE ] updating countdown to 58685
[17:01:45.347] [SEVERE ] updating countdown to 58683
[17:01:45.348] [SEVERE ] updating countdown to 58682
[17:01:45.349] [SEVERE ] updating countdown to 58681
[17:01:45.351] [SEVERE ] updating countdown to 58679
[17:01:45.352] [SEVERE ] updating countdown to 58678
[17:01:45.353] [SEVERE ] updating countdown to 58677
[17:01:45.355] [SEVERE ] updating countdown to 58676
[17:01:45.356] [SEVERE ] updating countdown to 58674
[17:01:45.357] [SEVERE ] updating countdown to 58673
[17:01:45.359] [SEVERE ] updating countdown to 58671
[17:01:45.360] [SEVERE ] updating countdown to 58670
[17:01:45.361] [SEVERE ] updating countdown to 58669
[17:01:45.363] [SEVERE ] updating countdown to 58667
[17:01:45.364] [SEVERE ] updating countdown to 58666
[17:01:45.365] [SEVERE ] updating countdown to 58665
[17:01:45.367] [SEVERE ] updating countdown to 58663
[17:01:45.368] [SEVERE ] updating countdown to 58662
[17:01:45.369] [SEVERE ] updating countdown to 58661
[17:01:45.370] [SEVERE ] updating countdown to 58660
[17:01:45.372] [SEVERE ] updating countdown to 58658
[17:01:45.373] [SEVERE ] updating countdown to 58657
[17:01:45.374] [SEVERE ] updating countdown to 58656
[17:01:45.376] [SEVERE ] updating countdown to 58654
[17:01:45.377] [SEVERE ] updating countdown to 58653
[17:01:45.379] [SEVERE ] updating countdown to 58651
[17:01:45.380] [SEVERE ] updating countdown to 58650
[17:01:45.381] [SEVERE ] updating countdown to 58649
[17:01:45.383] [SEVERE ] updating countdown to 58647
[17:01:45.384] [SEVERE ] updating countdown to 58646
[17:01:45.385] [SEVERE ] updating countdown to 58645
[17:01:45.387] [SEVERE ] updating countdown to 58643
[17:01:45.388] [SEVERE ] updating countdown to 58642
[17:01:45.389] [SEVERE ] updating countdown to 58641
[17:01:45.391] [SEVERE ] updating countdown to 58639
[17:01:45.392] [SEVERE ] updating countdown to 58638
[17:01:45.393] [SEVERE ] updating countdown to 58637
[17:01:45.395] [SEVERE ] updating countdown to 58635
[17:01:45.396] [SEVERE ] updating countdown to 58634
[17:01:45.397] [SEVERE ] updating countdown to 58633
[17:01:45.399] [SEVERE ] updating countdown to 58631
[17:01:45.400] [SEVERE ] updating countdown to 58630
[17:01:45.401] [SEVERE ] updating countdown to 58629
[17:01:45.403] [SEVERE ] updating countdown to 58627
[17:01:45.404] [SEVERE ] updating countdown to 58626
[17:01:45.406] [SEVERE ] updating countdown to 58624
[17:01:45.407] [SEVERE ] updating countdown to 58623
[17:01:45.408] [SEVERE ] updating countdown to 58622
[17:01:45.410] [SEVERE ] updating countdown to 58620
[17:01:45.411] [SEVERE ] updating countdown to 58619
[17:01:45.412] [SEVERE ] updating countdown to 58618
[17:01:45.414] [SEVERE ] updating countdown to 58616
[17:01:45.415] [SEVERE ] updating countdown to 58615
[17:01:45.417] [SEVERE ] updating countdown to 58613
[17:01:45.418] [SEVERE ] updating countdown to 58612
[17:01:45.419] [SEVERE ] updating countdown to 58611
[17:01:45.421] [SEVERE ] updating countdown to 58609
[17:01:45.422] [SEVERE ] updating countdown to 58608
[17:01:45.423] [SEVERE ] updating countdown to 58607
[17:01:45.425] [SEVERE ] updating countdown to 58605
[17:01:45.426] [SEVERE ] updating countdown to 58604
[17:01:45.428] [SEVERE ] updating countdown to 58602
[17:01:45.429] [SEVERE ] updating countdown to 58601
[17:01:45.430] [SEVERE ] updating countdown to 58600
[17:01:45.432] [SEVERE ] updating countdown to 58598
[17:01:45.433] [SEVERE ] updating countdown to 58597
[17:01:45.435] [SEVERE ] updating countdown to 58595
[17:01:45.436] [SEVERE ] updating countdown to 58594
[17:01:45.438] [SEVERE ] updating countdown to 58592
[17:01:45.439] [SEVERE ] updating countdown to 58591
[17:01:45.441] [SEVERE ] updating countdown to 58589
[17:01:45.442] [SEVERE ] updating countdown to 58588
[17:01:45.443] [SEVERE ] updating countdown to 58587
[17:01:45.445] [SEVERE ] updating countdown to 58585
[17:01:45.446] [SEVERE ] updating countdown to 58584
[17:01:45.447] [SEVERE ] updating countdown to 58583
[17:01:45.449] [SEVERE ] updating countdown to 58581
[17:01:45.450] [SEVERE ] updating countdown to 58580
[17:01:45.452] [SEVERE ] updating countdown to 58578
[17:01:45.453] [SEVERE ] updating countdown to 58577
[17:01:45.454] [SEVERE ] updating countdown to 58576
[17:01:45.456] [SEVERE ] updating countdown to 58574
[17:01:45.457] [SEVERE ] updating countdown to 58573
[17:01:45.458] [SEVERE ] updating countdown to 58572
[17:01:45.460] [SEVERE ] updating countdown to 58570
[17:01:45.461] [SEVERE ] updating countdown to 58569
[17:01:45.462] [SEVERE ] updating countdown to 58568
[17:01:45.464] [SEVERE ] updating countdown to 58566
[17:01:45.465] [SEVERE ] updating countdown to 58565
[17:01:45.466] [SEVERE ] updating countdown to 58564
[17:01:45.468] [SEVERE ] updating countdown to 58562
[17:01:45.469] [SEVERE ] updating countdown to 58561
[17:01:45.470] [SEVERE ] updating countdown to 58560
[17:01:45.472] [SEVERE ] updating countdown to 58558
[17:01:45.473] [SEVERE ] updating countdown to 58557
[17:01:45.475] [SEVERE ] updating countdown to 58555
[17:01:45.476] [SEVERE ] updating countdown to 58554
[17:01:45.477] [SEVERE ] updating countdown to 58553
[17:01:45.479] [SEVERE ] updating countdown to 58551
[17:01:45.480] [SEVERE ] updating countdown to 58550
[17:01:45.481] [SEVERE ] updating countdown to 58549
[17:01:45.483] [SEVERE ] updating countdown to 58547
[17:01:45.484] [SEVERE ] updating countdown to 58546
[17:01:45.485] [SEVERE ] updating countdown to 58545
[17:01:45.487] [SEVERE ] updating countdown to 58543
[17:01:45.488] [SEVERE ] updating countdown to 58542
[17:01:45.489] [SEVERE ] updating countdown to 58541
[17:01:45.491] [SEVERE ] updating countdown to 58539
[17:01:45.492] [SEVERE ] updating countdown to 58538
[17:01:45.493] [SEVERE ] updating countdown to 58537
[17:01:45.495] [SEVERE ] updating countdown to 58535
[17:01:45.496] [SEVERE ] updating countdown to 58534
[17:01:45.497] [SEVERE ] updating countdown to 58533
[17:01:45.499] [SEVERE ] updating countdown to 58531
[17:01:45.500] [SEVERE ] updating countdown to 58530
[17:01:45.501] [SEVERE ] updating countdown to 58529
[17:01:45.503] [SEVERE ] updating countdown to 58527
[17:01:45.504] [SEVERE ] updating countdown to 58526
[17:01:45.505] [SEVERE ] updating countdown to 58525
[17:01:45.507] [SEVERE ] updating countdown to 58523
[17:01:45.508] [SEVERE ] updating countdown to 58522
[17:01:45.509] [SEVERE ] updating countdown to 58521
[17:01:45.511] [SEVERE ] updating countdown to 58519
[17:01:45.512] [SEVERE ] updating countdown to 58518
[17:01:45.513] [SEVERE ] updating countdown to 58517
[17:01:45.515] [SEVERE ] updating countdown to 58515
[17:01:45.516] [SEVERE ] updating countdown to 58514
[17:01:45.518] [SEVERE ] updating countdown to 58512
[17:01:45.519] [SEVERE ] updating countdown to 58511
[17:01:45.520] [SEVERE ] updating countdown to 58510
[17:01:45.522] [SEVERE ] updating countdown to 58508
[17:01:45.523] [SEVERE ] updating countdown to 58507
[17:01:45.524] [SEVERE ] updating countdown to 58506
[17:01:45.526] [SEVERE ] updating countdown to 58504
[17:01:45.527] [SEVERE ] updating countdown to 58503
[17:01:45.528] [SEVERE ] updating countdown to 58502
[17:01:45.530] [SEVERE ] updating countdown to 58500
[17:01:45.531] [SEVERE ] updating countdown to 58499
[17:01:45.532] [SEVERE ] updating countdown to 58498
[17:01:45.534] [SEVERE ] updating countdown to 58496
[17:01:45.535] [SEVERE ] updating countdown to 58495
[17:01:45.536] [SEVERE ] updating countdown to 58494
[17:01:45.538] [SEVERE ] updating countdown to 58492
[17:01:45.540] [SEVERE ] updating countdown to 58490
[17:01:45.542] [SEVERE ] updating countdown to 58488
[17:01:45.544] [SEVERE ] updating countdown to 58486
[17:01:45.545] [SEVERE ] updating countdown to 58485
[17:01:45.547] [SEVERE ] updating countdown to 58483
[17:01:45.548] [SEVERE ] updating countdown to 58482
[17:01:45.550] [SEVERE ] updating countdown to 58480
[17:01:45.551] [SEVERE ] updating countdown to 58479
[17:01:45.553] [SEVERE ] updating countdown to 58477
[17:01:45.554] [SEVERE ] updating countdown to 58476
[17:01:45.556] [SEVERE ] updating countdown to 58474
[17:01:45.557] [SEVERE ] updating countdown to 58473
[17:01:45.559] [SEVERE ] updating countdown to 58471
[17:01:45.560] [SEVERE ] updating countdown to 58470
[17:01:45.561] [SEVERE ] updating countdown to 58469
[17:01:45.563] [SEVERE ] updating countdown to 58467
[17:01:45.564] [SEVERE ] updating countdown to 58466
[17:01:45.565] [SEVERE ] updating countdown to 58465
[17:01:45.567] [SEVERE ] updating countdown to 58463
[17:01:45.568] [SEVERE ] updating countdown to 58462
[17:01:45.570] [SEVERE ] updating countdown to 58460
[17:01:45.571] [SEVERE ] updating countdown to 58459
[17:01:45.572] [SEVERE ] updating countdown to 58458
[17:01:45.574] [SEVERE ] updating countdown to 58456
[17:01:45.575] [SEVERE ] updating countdown to 58455
[17:01:45.576] [SEVERE ] updating countdown to 58454
[17:01:45.578] [SEVERE ] updating countdown to 58452
[17:01:45.579] [SEVERE ] updating countdown to 58451
[17:01:45.581] [SEVERE ] updating countdown to 58450
[17:01:45.582] [SEVERE ] updating countdown to 58448
[17:01:45.583] [SEVERE ] updating countdown to 58447
[17:01:45.585] [SEVERE ] updating countdown to 58445
[17:01:45.586] [SEVERE ] updating countdown to 58444
[17:01:45.588] [SEVERE ] updating countdown to 58442
[17:01:45.589] [SEVERE ] updating countdown to 58441
[17:01:45.590] [SEVERE ] updating countdown to 58440
[17:01:45.592] [SEVERE ] updating countdown to 58438
[17:01:45.593] [SEVERE ] updating countdown to 58437
[17:01:45.595] [SEVERE ] updating countdown to 58436
[17:01:45.596] [SEVERE ] updating countdown to 58434
[17:01:45.597] [SEVERE ] updating countdown to 58433
[17:01:45.598] [SEVERE ] updating countdown to 58432
[17:01:45.600] [SEVERE ] updating countdown to 58430
[17:01:45.601] [SEVERE ] updating countdown to 58429
[17:01:45.603] [SEVERE ] updating countdown to 58427
[17:01:45.604] [SEVERE ] updating countdown to 58426
[17:01:45.605] [SEVERE ] updating countdown to 58425
[17:01:45.607] [SEVERE ] updating countdown to 58423
[17:01:45.608] [SEVERE ] updating countdown to 58422
[17:01:45.610] [SEVERE ] updating countdown to 58420
[17:01:45.611] [SEVERE ] updating countdown to 58419
[17:01:45.613] [SEVERE ] updating countdown to 58417
[17:01:45.614] [SEVERE ] updating countdown to 58416
[17:01:45.616] [SEVERE ] updating countdown to 58414
[17:01:45.617] [SEVERE ] updating countdown to 58413
[17:01:45.619] [SEVERE ] updating countdown to 58411
[17:01:45.620] [SEVERE ] updating countdown to 58410
[17:01:45.622] [SEVERE ] updating countdown to 58408
[17:01:45.624] [SEVERE ] updating countdown to 58406
[17:01:45.625] [SEVERE ] updating countdown to 58405
[17:01:45.626] [SEVERE ] updating countdown to 58404
[17:01:45.628] [SEVERE ] updating countdown to 58402
[17:01:45.629] [SEVERE ] updating countdown to 58401
[17:01:45.631] [SEVERE ] updating countdown to 58399
[17:01:45.632] [SEVERE ] updating countdown to 58398
[17:01:45.633] [SEVERE ] updating countdown to 58397
[17:01:45.635] [SEVERE ] updating countdown to 58395
[17:01:45.636] [SEVERE ] updating countdown to 58394
[17:01:45.638] [SEVERE ] updating countdown to 58392
[17:01:45.640] [SEVERE ] updating countdown to 58390
[17:01:45.641] [SEVERE ] updating countdown to 58389
[17:01:45.643] [SEVERE ] updating countdown to 58387
[17:01:45.644] [SEVERE ] updating countdown to 58386
[17:01:45.645] [SEVERE ] updating countdown to 58385
[17:01:45.647] [SEVERE ] updating countdown to 58383
[17:01:45.648] [SEVERE ] updating countdown to 58382
[17:01:45.650] [SEVERE ] updating countdown to 58380
[17:01:45.651] [SEVERE ] updating countdown to 58379
[17:01:45.652] [SEVERE ] updating countdown to 58378
[17:01:45.654] [SEVERE ] updating countdown to 58376
[17:01:45.655] [SEVERE ] updating countdown to 58375
[17:01:45.657] [SEVERE ] updating countdown to 58373
[17:01:45.659] [SEVERE ] updating countdown to 58371
[17:01:45.660] [SEVERE ] updating countdown to 58370
[17:01:45.662] [SEVERE ] updating countdown to 58368
[17:01:45.663] [SEVERE ] updating countdown to 58367
[17:01:45.665] [SEVERE ] updating countdown to 58365
[17:01:45.666] [SEVERE ] updating countdown to 58364
[17:01:45.667] [SEVERE ] updating countdown to 58363
[17:01:45.669] [SEVERE ] updating countdown to 58361
[17:01:45.670] [SEVERE ] updating countdown to 58360
[17:01:45.671] [SEVERE ] updating countdown to 58359
[17:01:45.673] [SEVERE ] updating countdown to 58357
[17:01:45.674] [SEVERE ] updating countdown to 58356
[17:01:45.676] [SEVERE ] updating countdown to 58354
[17:01:45.677] [SEVERE ] updating countdown to 58353
[17:01:45.679] [SEVERE ] updating countdown to 58351
[17:01:45.680] [SEVERE ] updating countdown to 58350
[17:01:45.682] [SEVERE ] updating countdown to 58348
[17:01:45.683] [SEVERE ] updating countdown to 58347
[17:01:45.685] [SEVERE ] updating countdown to 58345
[17:01:45.687] [SEVERE ] updating countdown to 58343
[17:01:45.688] [SEVERE ] updating countdown to 58342
[17:01:45.689] [SEVERE ] updating countdown to 58341
[17:01:45.691] [SEVERE ] updating countdown to 58339
[17:01:45.692] [SEVERE ] updating countdown to 58338
[17:01:45.694] [SEVERE ] updating countdown to 58336
[17:01:45.695] [SEVERE ] updating countdown to 58335
[17:01:45.697] [SEVERE ] updating countdown to 58333
[17:01:45.698] [SEVERE ] updating countdown to 58332
[17:01:45.699] [SEVERE ] updating countdown to 58331
[17:01:45.701] [SEVERE ] updating countdown to 58329
[17:01:45.702] [SEVERE ] updating countdown to 58328
[17:01:45.704] [SEVERE ] updating countdown to 58326
[17:01:45.705] [SEVERE ] updating countdown to 58325
[17:01:45.706] [SEVERE ] updating countdown to 58324
[17:01:45.708] [SEVERE ] updating countdown to 58322
[17:01:45.709] [SEVERE ] updating countdown to 58321
[17:01:45.710] [SEVERE ] updating countdown to 58320
[17:01:45.712] [SEVERE ] updating countdown to 58318
[17:01:45.713] [SEVERE ] updating countdown to 58317
[17:01:45.715] [SEVERE ] updating countdown to 58315
[17:01:45.716] [SEVERE ] updating countdown to 58314
[17:01:45.717] [SEVERE ] updating countdown to 58313
[17:01:45.719] [SEVERE ] updating countdown to 58311
[17:01:45.720] [SEVERE ] updating countdown to 58310
[17:01:45.721] [SEVERE ] updating countdown to 58309
[17:01:45.723] [SEVERE ] updating countdown to 58307
[17:01:45.724] [SEVERE ] updating countdown to 58306
[17:01:45.726] [SEVERE ] updating countdown to 58304
[17:01:45.727] [SEVERE ] updating countdown to 58303
[17:01:45.728] [SEVERE ] updating countdown to 58302
[17:01:45.730] [SEVERE ] updating countdown to 58300
[17:01:45.731] [SEVERE ] updating countdown to 58299
[17:01:45.733] [SEVERE ] updating countdown to 58297
[17:01:45.734] [SEVERE ] updating countdown to 58296
[17:01:45.735] [SEVERE ] updating countdown to 58295
[17:01:45.737] [SEVERE ] updating countdown to 58293
[17:01:45.738] [SEVERE ] updating countdown to 58292
[17:01:45.740] [SEVERE ] updating countdown to 58290
[17:01:45.741] [SEVERE ] updating countdown to 58289
[17:01:45.743] [SEVERE ] updating countdown to 58287
[17:01:45.744] [SEVERE ] updating countdown to 58286
[17:01:45.745] [SEVERE ] updating countdown to 58285
[17:01:45.747] [SEVERE ] updating countdown to 58283
[17:01:45.748] [SEVERE ] updating countdown to 58282
[17:01:45.750] [SEVERE ] updating countdown to 58280
[17:01:45.751] [SEVERE ] updating countdown to 58279
[17:01:45.752] [SEVERE ] updating countdown to 58278
[17:01:45.754] [SEVERE ] updating countdown to 58276
[17:01:45.755] [SEVERE ] updating countdown to 58275
[17:01:45.757] [SEVERE ] updating countdown to 58273
[17:01:45.758] [SEVERE ] updating countdown to 58272
[17:01:45.759] [SEVERE ] updating countdown to 58271
[17:01:45.761] [SEVERE ] updating countdown to 58269
[17:01:45.762] [SEVERE ] updating countdown to 58268
[17:01:45.764] [SEVERE ] updating countdown to 58266
[17:01:45.765] [SEVERE ] updating countdown to 58265
[17:01:45.766] [SEVERE ] updating countdown to 58264
[17:01:45.768] [SEVERE ] updating countdown to 58262
[17:01:45.769] [SEVERE ] updating countdown to 58261
[17:01:45.771] [SEVERE ] updating countdown to 58259
[17:01:45.772] [SEVERE ] updating countdown to 58258
[17:01:45.773] [SEVERE ] updating countdown to 58257
[17:01:45.775] [SEVERE ] updating countdown to 58255
[17:01:45.776] [SEVERE ] updating countdown to 58254
[17:01:45.777] [SEVERE ] updating countdown to 58253
[17:01:45.779] [SEVERE ] updating countdown to 58251
[17:01:45.780] [SEVERE ] updating countdown to 58250
[17:01:45.782] [SEVERE ] updating countdown to 58248
[17:01:45.783] [SEVERE ] updating countdown to 58247
[17:01:45.784] [SEVERE ] updating countdown to 58246
[17:01:45.786] [SEVERE ] updating countdown to 58244
[17:01:45.787] [SEVERE ] updating countdown to 58243
[17:01:45.789] [SEVERE ] updating countdown to 58241
[17:01:45.790] [SEVERE ] updating countdown to 58240
[17:01:45.791] [SEVERE ] updating countdown to 58239
[17:01:45.793] [SEVERE ] updating countdown to 58237
[17:01:45.794] [SEVERE ] updating countdown to 58236
[17:01:45.795] [SEVERE ] updating countdown to 58235
[17:01:45.797] [SEVERE ] updating countdown to 58233
[17:01:45.798] [SEVERE ] updating countdown to 58232
[17:01:45.799] [SEVERE ] updating countdown to 58231
[17:01:45.801] [SEVERE ] updating countdown to 58229
[17:01:45.802] [SEVERE ] updating countdown to 58228
[17:01:45.803] [SEVERE ] updating countdown to 58227
[17:01:45.805] [SEVERE ] updating countdown to 58225
[17:01:45.806] [SEVERE ] updating countdown to 58224
[17:01:45.808] [SEVERE ] updating countdown to 58222
[17:01:45.809] [SEVERE ] updating countdown to 58221
[17:01:45.810] [SEVERE ] updating countdown to 58220
[17:01:45.812] [SEVERE ] updating countdown to 58218
[17:01:45.813] [SEVERE ] updating countdown to 58217
[17:01:45.814] [SEVERE ] updating countdown to 58216
[17:01:45.816] [SEVERE ] updating countdown to 58214
[17:01:45.817] [SEVERE ] updating countdown to 58213
[17:01:45.818] [SEVERE ] updating countdown to 58212
[17:01:45.820] [SEVERE ] updating countdown to 58210
[17:01:45.821] [SEVERE ] updating countdown to 58209
[17:01:45.822] [SEVERE ] updating countdown to 58208
[17:01:45.824] [SEVERE ] updating countdown to 58206
[17:01:45.825] [SEVERE ] updating countdown to 58205
[17:01:45.826] [SEVERE ] updating countdown to 58204
[17:01:45.828] [SEVERE ] updating countdown to 58202
[17:01:45.829] [SEVERE ] updating countdown to 58201
[17:01:45.830] [SEVERE ] updating countdown to 58200
[17:01:45.832] [SEVERE ] updating countdown to 58198
[17:01:45.833] [SEVERE ] updating countdown to 58197
[17:01:45.834] [SEVERE ] updating countdown to 58196
[17:01:45.836] [SEVERE ] updating countdown to 58194
[17:01:45.837] [SEVERE ] updating countdown to 58193
[17:01:45.839] [SEVERE ] updating countdown to 58191
[17:01:45.840] [SEVERE ] updating countdown to 58190
[17:01:45.841] [SEVERE ] updating countdown to 58189
[17:01:45.843] [SEVERE ] updating countdown to 58187
[17:01:45.844] [SEVERE ] updating countdown to 58186
[17:01:45.845] [SEVERE ] updating countdown to 58185
[17:01:45.847] [SEVERE ] updating countdown to 58183
[17:01:45.848] [SEVERE ] updating countdown to 58182
[17:01:45.849] [SEVERE ] updating countdown to 58181
[17:01:45.851] [SEVERE ] updating countdown to 58179
[17:01:45.852] [SEVERE ] updating countdown to 58178
[17:01:45.854] [SEVERE ] updating countdown to 58176
[17:01:45.855] [SEVERE ] updating countdown to 58175
[17:01:45.856] [SEVERE ] updating countdown to 58174
[17:01:45.858] [SEVERE ] updating countdown to 58172
[17:01:45.859] [SEVERE ] updating countdown to 58171
[17:01:45.860] [SEVERE ] updating countdown to 58170
[17:01:45.862] [SEVERE ] updating countdown to 58168
[17:01:45.863] [SEVERE ] updating countdown to 58167
[17:01:45.864] [SEVERE ] updating countdown to 58166
[17:01:45.866] [SEVERE ] updating countdown to 58164
[17:01:45.867] [SEVERE ] updating countdown to 58163
[17:01:45.869] [SEVERE ] updating countdown to 58161
[17:01:45.870] [SEVERE ] updating countdown to 58160
[17:01:45.871] [SEVERE ] updating countdown to 58159
[17:01:45.873] [SEVERE ] updating countdown to 58157
[17:01:45.874] [SEVERE ] updating countdown to 58156
[17:01:45.875] [SEVERE ] updating countdown to 58155
[17:01:45.877] [SEVERE ] updating countdown to 58153
[17:01:45.878] [SEVERE ] updating countdown to 58152
[17:01:45.880] [SEVERE ] updating countdown to 58150
[17:01:45.881] [SEVERE ] updating countdown to 58149
[17:01:45.882] [SEVERE ] updating countdown to 58148
[17:01:45.884] [SEVERE ] updating countdown to 58146
[17:01:45.885] [SEVERE ] updating countdown to 58145
[17:01:45.886] [SEVERE ] updating countdown to 58144
[17:01:45.888] [SEVERE ] updating countdown to 58142
[17:01:45.890] [SEVERE ] updating countdown to 58140
[17:01:45.891] [SEVERE ] updating countdown to 58139
[17:01:45.893] [SEVERE ] updating countdown to 58137
[17:01:45.894] [SEVERE ] updating countdown to 58136
[17:01:45.896] [SEVERE ] updating countdown to 58134
[17:01:45.897] [SEVERE ] updating countdown to 58133
[17:01:45.898] [SEVERE ] updating countdown to 58132
[17:01:45.900] [SEVERE ] updating countdown to 58130
[17:01:45.901] [SEVERE ] updating countdown to 58129
[17:01:45.902] [SEVERE ] updating countdown to 58128
[17:01:45.904] [SEVERE ] updating countdown to 58126
[17:01:45.905] [SEVERE ] updating countdown to 58125
[17:01:45.907] [SEVERE ] updating countdown to 58123
[17:01:45.908] [SEVERE ] updating countdown to 58122
[17:01:45.909] [SEVERE ] updating countdown to 58121
[17:01:45.911] [SEVERE ] updating countdown to 58119
[17:01:45.912] [SEVERE ] updating countdown to 58118
[17:01:45.913] [SEVERE ] updating countdown to 58117
[17:01:45.915] [SEVERE ] updating countdown to 58115
[17:01:45.916] [SEVERE ] updating countdown to 58114
[17:01:45.917] [SEVERE ] updating countdown to 58113
[17:01:45.919] [SEVERE ] updating countdown to 58111
[17:01:45.920] [SEVERE ] updating countdown to 58110
[17:01:45.921] [SEVERE ] updating countdown to 58109
[17:01:45.923] [SEVERE ] updating countdown to 58107
[17:01:45.924] [SEVERE ] updating countdown to 58106
[17:01:45.925] [SEVERE ] updating countdown to 58105
[17:01:45.927] [SEVERE ] updating countdown to 58103
[17:01:45.928] [SEVERE ] updating countdown to 58102
[17:01:45.930] [SEVERE ] updating countdown to 58100
[17:01:45.931] [SEVERE ] updating countdown to 58099
[17:01:45.932] [SEVERE ] updating countdown to 58098
[17:01:45.934] [SEVERE ] updating countdown to 58096
[17:01:45.935] [SEVERE ] updating countdown to 58095
[17:01:45.936] [SEVERE ] updating countdown to 58094
[17:01:45.938] [SEVERE ] updating countdown to 58092
[17:01:45.939] [SEVERE ] updating countdown to 58091
[17:01:45.940] [SEVERE ] updating countdown to 58090
[17:01:45.942] [SEVERE ] updating countdown to 58088
[17:01:45.943] [SEVERE ] updating countdown to 58087
[17:01:45.944] [SEVERE ] updating countdown to 58086
[17:01:45.946] [SEVERE ] updating countdown to 58084
[17:01:45.947] [SEVERE ] updating countdown to 58083
[17:01:45.948] [SEVERE ] updating countdown to 58082
[17:01:45.950] [SEVERE ] updating countdown to 58080
[17:01:45.951] [SEVERE ] updating countdown to 58079
[17:01:45.952] [SEVERE ] updating countdown to 58078
[17:01:45.954] [SEVERE ] updating countdown to 58076
[17:01:45.955] [SEVERE ] updating countdown to 58075
[17:01:45.956] [SEVERE ] updating countdown to 58074
[17:01:45.958] [SEVERE ] updating countdown to 58072
[17:01:45.959] [SEVERE ] updating countdown to 58071
[17:01:45.961] [SEVERE ] updating countdown to 58069
[17:01:45.962] [SEVERE ] updating countdown to 58068
[17:01:45.963] [SEVERE ] updating countdown to 58067
[17:01:45.965] [SEVERE ] updating countdown to 58065
[17:01:45.966] [SEVERE ] updating countdown to 58064
[17:01:45.968] [SEVERE ] updating countdown to 58062
[17:01:45.969] [SEVERE ] updating countdown to 58061
[17:01:45.970] [SEVERE ] updating countdown to 58060
[17:01:45.972] [SEVERE ] updating countdown to 58058
[17:01:45.973] [SEVERE ] updating countdown to 58057
[17:01:45.975] [SEVERE ] updating countdown to 58055
[17:01:45.976] [SEVERE ] updating countdown to 58054
[17:01:45.977] [SEVERE ] updating countdown to 58053
[17:01:45.979] [SEVERE ] updating countdown to 58051
[17:01:45.980] [SEVERE ] updating countdown to 58050
[17:01:45.981] [SEVERE ] updating countdown to 58049
[17:01:45.982] [SEVERE ] updating countdown to 58048
[17:01:45.984] [SEVERE ] updating countdown to 58046
[17:01:45.985] [SEVERE ] updating countdown to 58045
[17:01:45.986] [SEVERE ] updating countdown to 58044
[17:01:45.987] [SEVERE ] updating countdown to 58043
[17:01:45.989] [SEVERE ] updating countdown to 58041
[17:01:45.990] [SEVERE ] updating countdown to 58040
[17:01:45.991] [SEVERE ] updating countdown to 58039
[17:01:45.993] [SEVERE ] updating countdown to 58037
[17:01:45.994] [SEVERE ] updating countdown to 58036
[17:01:45.995] [SEVERE ] updating countdown to 58035
[17:01:45.997] [SEVERE ] updating countdown to 58033
[17:01:45.998] [SEVERE ] updating countdown to 58032
[17:01:45.999] [SEVERE ] updating countdown to 58031
[17:01:46.001] [SEVERE ] updating countdown to 58029
[17:01:46.003] [SEVERE ] updating countdown to 58027
[17:01:46.004] [SEVERE ] updating countdown to 58026
[17:01:46.006] [SEVERE ] updating countdown to 58024
[17:01:46.007] [SEVERE ] updating countdown to 58023
[17:01:46.009] [SEVERE ] updating countdown to 58021
[17:01:46.010] [SEVERE ] updating countdown to 58020
[17:01:46.012] [SEVERE ] updating countdown to 58018
[17:01:46.013] [SEVERE ] updating countdown to 58017
[17:01:46.015] [SEVERE ] updating countdown to 58015
[17:01:46.016] [SEVERE ] updating countdown to 58014
[17:01:46.018] [SEVERE ] updating countdown to 58012
[17:01:46.019] [SEVERE ] updating countdown to 58011
[17:01:46.021] [SEVERE ] updating countdown to 58009
[17:01:46.022] [SEVERE ] updating countdown to 58008
[17:01:46.024] [SEVERE ] updating countdown to 58006
[17:01:46.025] [SEVERE ] updating countdown to 58005
[17:01:46.026] [SEVERE ] updating countdown to 58004
[17:01:46.028] [SEVERE ] updating countdown to 58002
[17:01:46.029] [SEVERE ] updating countdown to 58001
[17:01:46.030] [SEVERE ] updating countdown to 58000
[17:01:46.032] [SEVERE ] updating countdown to 57998
[17:01:46.033] [SEVERE ] updating countdown to 57997
[17:01:46.035] [SEVERE ] updating countdown to 57995
[17:01:46.036] [SEVERE ] updating countdown to 57994
[17:01:46.037] [SEVERE ] updating countdown to 57993
[17:01:46.039] [SEVERE ] updating countdown to 57991
[17:01:46.040] [SEVERE ] updating countdown to 57990
[17:01:46.042] [SEVERE ] updating countdown to 57988
[17:01:46.043] [SEVERE ] updating countdown to 57987
[17:01:46.044] [SEVERE ] updating countdown to 57986
[17:01:46.046] [SEVERE ] updating countdown to 57984
[17:01:46.047] [SEVERE ] updating countdown to 57983
[17:01:46.048] [SEVERE ] updating countdown to 57982
[17:01:46.050] [SEVERE ] updating countdown to 57980
[17:01:46.051] [SEVERE ] updating countdown to 57979
[17:01:46.052] [SEVERE ] updating countdown to 57978
[17:01:46.054] [SEVERE ] updating countdown to 57976
[17:01:46.055] [SEVERE ] updating countdown to 57975
[17:01:46.057] [SEVERE ] updating countdown to 57973
[17:01:46.058] [SEVERE ] updating countdown to 57972
[17:01:46.059] [SEVERE ] updating countdown to 57971
[17:01:46.061] [SEVERE ] updating countdown to 57969
[17:01:46.062] [SEVERE ] updating countdown to 57968
[17:01:46.063] [SEVERE ] updating countdown to 57967
[17:01:46.065] [SEVERE ] exit button pressed
[17:01:46.065] [SEVERE ] updating countdown to 57965
[17:01:46.065] [SEVERE ] updating countdown to 57965
[17:01:46.065] [INFO   ] thread 1  terminated.
[17:01:46.065] [INFO   ] thread 0  terminated.
[17:01:46.066] [INFO   ] thread dealer terminated.
[17:01:46.066] [INFO   ] thread dealer terminated.
[17:01:46.067] [SEVERE ] thanks for playing... it was fun!
[17:01:46.067] [INFO   ] thread bguspl.set.Main.main() terminated.
