[22:44:44.097] [INFO   ] thread bguspl.set.Main.main() starting.
[22:44:44.099] [SEVERE ] cannot read configuration file config.properties trying from resources.
[22:44:44.101] [SEVERE ] configuration file was loaded from resources directory.
[22:44:44.696] [INFO   ] thread dealer starting.
[22:44:44.697] [INFO   ] thread dealer starting.
[22:44:44.699] [INFO   ] thread 0  starting.
[22:44:44.700] [INFO   ] thread 1  starting.
[22:44:44.800] [SEVERE ] placing card 0 in slot 0
[22:44:44.902] [SEVERE ] placing card 1 in slot 1
[22:44:45.004] [SEVERE ] placing card 2 in slot 2
[22:44:45.105] [SEVERE ] placing card 3 in slot 3
[22:44:45.207] [SEVERE ] placing card 4 in slot 4
[22:44:45.309] [SEVERE ] placing card 5 in slot 5
[22:44:45.410] [SEVERE ] placing card 6 in slot 6
[22:44:45.511] [SEVERE ] placing card 7 in slot 7
[22:44:45.612] [SEVERE ] placing card 8 in slot 8
[22:44:45.713] [SEVERE ] placing card 9 in slot 9
[22:44:45.813] [SEVERE ] placing card 10 in slot 10
[22:44:45.914] [SEVERE ] placing card 11 in slot 11
[22:44:45.927] [SEVERE ] updating countdown to 59998
[22:44:46.656] [SEVERE ] key 81 was pressed by player 1
[22:44:46.656] [SEVERE ] player 1 placing token on slot 0
[22:44:47.047] [SEVERE ] key 87 was pressed by player 1
[22:44:47.047] [SEVERE ] player 1 placing token on slot 1
[22:44:47.358] [SEVERE ] key 69 was pressed by player 1
[22:44:47.358] [SEVERE ] player 1 placing token on slot 2
[22:44:47.360] [SEVERE ] removing player 1 token from slot 0
[22:44:47.460] [SEVERE ] removing card from slot 0
[22:44:47.461] [SEVERE ] removing player 1 token from slot 1
[22:44:47.562] [SEVERE ] removing card from slot 1
[22:44:47.562] [SEVERE ] removing player 1 token from slot 2
[22:44:47.663] [SEVERE ] removing card from slot 2
[22:44:47.664] [SEVERE ] setting player 1 score to 1
[22:44:47.665] [SEVERE ] setting player 1 freeze to 1000
[22:44:48.768] [SEVERE ] placing card 12 in slot 0
[22:44:48.869] [SEVERE ] placing card 13 in slot 1
[22:44:48.971] [SEVERE ] placing card 14 in slot 2
[22:44:48.973] [SEVERE ] updating countdown to 56952
[22:44:49.559] [SEVERE ] key 81 was pressed by player 1
[22:44:49.559] [SEVERE ] player 1 placing token on slot 0
[22:44:49.682] [SEVERE ] key 87 was pressed by player 1
[22:44:49.682] [SEVERE ] player 1 placing token on slot 1
[22:44:49.873] [SEVERE ] key 69 was pressed by player 1
[22:44:49.874] [SEVERE ] player 1 placing token on slot 2
[22:44:49.874] [SEVERE ] removing player 1 token from slot 0
[22:44:49.975] [SEVERE ] removing card from slot 0
[22:44:49.975] [SEVERE ] removing player 1 token from slot 1
[22:44:50.076] [SEVERE ] removing card from slot 1
[22:44:50.076] [SEVERE ] removing player 1 token from slot 2
[22:44:50.177] [SEVERE ] removing card from slot 2
[22:44:50.178] [SEVERE ] setting player 1 score to 2
[22:44:50.178] [SEVERE ] setting player 1 freeze to 1000
[22:44:51.279] [SEVERE ] placing card 15 in slot 0
[22:44:51.380] [SEVERE ] placing card 16 in slot 1
[22:44:51.481] [SEVERE ] placing card 17 in slot 2
[22:44:51.483] [SEVERE ] updating countdown to 54442
[22:44:52.009] [SEVERE ] key 81 was pressed by player 1
[22:44:52.010] [SEVERE ] player 1 placing token on slot 0
[22:44:52.121] [SEVERE ] key 87 was pressed by player 1
[22:44:52.121] [SEVERE ] player 1 placing token on slot 1
[22:44:52.270] [SEVERE ] key 69 was pressed by player 1
[22:44:52.270] [SEVERE ] player 1 placing token on slot 2
[22:44:52.271] [SEVERE ] removing player 1 token from slot 0
[22:44:52.371] [SEVERE ] removing card from slot 0
[22:44:52.372] [SEVERE ] removing player 1 token from slot 1
[22:44:52.473] [SEVERE ] removing card from slot 1
[22:44:52.473] [SEVERE ] removing player 1 token from slot 2
[22:44:52.574] [SEVERE ] removing card from slot 2
[22:44:52.574] [SEVERE ] setting player 1 score to 3
[22:44:52.575] [SEVERE ] setting player 1 freeze to 1000
[22:44:53.676] [SEVERE ] placing card 18 in slot 0
[22:44:53.777] [SEVERE ] placing card 19 in slot 1
[22:44:53.878] [SEVERE ] placing card 20 in slot 2
[22:44:53.881] [SEVERE ] updating countdown to 52044
[22:44:54.974] [SEVERE ] key 81 was pressed by player 1
[22:44:54.974] [SEVERE ] player 1 placing token on slot 0
[22:44:55.102] [SEVERE ] key 87 was pressed by player 1
[22:44:55.102] [SEVERE ] player 1 placing token on slot 1
[22:44:55.257] [SEVERE ] key 69 was pressed by player 1
[22:44:55.257] [SEVERE ] player 1 placing token on slot 2
[22:44:55.258] [SEVERE ] removing player 1 token from slot 0
[22:44:55.359] [SEVERE ] removing card from slot 0
[22:44:55.360] [SEVERE ] removing player 1 token from slot 1
[22:44:55.460] [SEVERE ] removing card from slot 1
[22:44:55.461] [SEVERE ] removing player 1 token from slot 2
[22:44:55.562] [SEVERE ] removing card from slot 2
[22:44:55.562] [SEVERE ] setting player 1 score to 4
[22:44:55.563] [SEVERE ] setting player 1 freeze to 1000
[22:44:56.663] [SEVERE ] placing card 21 in slot 0
[22:44:56.764] [SEVERE ] placing card 22 in slot 1
[22:44:56.865] [SEVERE ] placing card 23 in slot 2
[22:44:56.867] [SEVERE ] updating countdown to 49058
[22:45:01.636] [SEVERE ] key 74 was pressed by player 2
[22:45:01.636] [SEVERE ] player 2 placing token on slot 4
[22:45:02.053] [SEVERE ] key 75 was pressed by player 2
[22:45:02.054] [SEVERE ] player 2 placing token on slot 5
[22:45:02.203] [SEVERE ] key 76 was pressed by player 2
[22:45:02.203] [SEVERE ] player 2 placing token on slot 6
[22:45:02.204] [SEVERE ] removing player 2 token from slot 4
[22:45:02.205] [SEVERE ] removing player 2 token from slot 5
[22:45:02.205] [SEVERE ] removing player 2 token from slot 6
[22:45:02.205] [SEVERE ] setting player 2 freeze to 1000
[22:45:03.208] [SEVERE ] updating countdown to 42717
[22:45:08.154] [SEVERE ] key 85 was pressed by player 2
[22:45:08.155] [SEVERE ] player 2 placing token on slot 0
[22:45:08.849] [SEVERE ] key 73 was pressed by player 2
[22:45:08.849] [SEVERE ] player 2 placing token on slot 1
[22:45:09.577] [SEVERE ] key 80 was pressed by player 2
[22:45:09.578] [SEVERE ] player 2 placing token on slot 3
[22:45:09.579] [SEVERE ] removing player 2 token from slot 0
[22:45:09.580] [SEVERE ] removing player 2 token from slot 1
[22:45:09.580] [SEVERE ] removing player 2 token from slot 3
[22:45:09.580] [SEVERE ] setting player 2 freeze to 1000
[22:45:10.583] [SEVERE ] updating countdown to 35342
[22:45:11.288] [SEVERE ] key 73 was pressed by player 2
[22:45:11.288] [SEVERE ] player 2 placing token on slot 1
[22:45:12.534] [SEVERE ] key 85 was pressed by player 2
[22:45:12.535] [SEVERE ] player 2 placing token on slot 0
[22:45:13.373] [SEVERE ] key 79 was pressed by player 2
[22:45:13.373] [SEVERE ] player 2 placing token on slot 2
[22:45:13.373] [SEVERE ] removing player 2 token from slot 1
[22:45:13.474] [SEVERE ] removing card from slot 1
[22:45:13.475] [SEVERE ] removing player 2 token from slot 0
[22:45:13.576] [SEVERE ] removing card from slot 0
[22:45:13.577] [SEVERE ] removing player 2 token from slot 2
[22:45:13.678] [SEVERE ] removing card from slot 2
[22:45:13.678] [SEVERE ] setting player 2 score to 1
[22:45:13.680] [SEVERE ] setting player 2 freeze to 1000
[22:45:14.781] [SEVERE ] placing card 24 in slot 0
[22:45:14.882] [SEVERE ] placing card 25 in slot 1
[22:45:14.983] [SEVERE ] placing card 26 in slot 2
[22:45:14.985] [SEVERE ] updating countdown to 30940
[22:45:16.242] [SEVERE ] key 73 was pressed by player 2
[22:45:16.243] [SEVERE ] player 2 placing token on slot 1
[22:45:16.439] [SEVERE ] key 85 was pressed by player 2
[22:45:16.439] [SEVERE ] player 2 placing token on slot 0
[22:45:16.695] [SEVERE ] key 79 was pressed by player 2
[22:45:16.695] [SEVERE ] player 2 placing token on slot 2
[22:45:16.695] [SEVERE ] removing player 2 token from slot 1
[22:45:16.796] [SEVERE ] removing card from slot 1
[22:45:16.797] [SEVERE ] removing player 2 token from slot 0
[22:45:16.898] [SEVERE ] removing card from slot 0
[22:45:16.898] [SEVERE ] removing player 2 token from slot 2
[22:45:16.999] [SEVERE ] removing card from slot 2
[22:45:17.000] [SEVERE ] setting player 2 score to 2
[22:45:17.000] [SEVERE ] setting player 2 freeze to 1000
[22:45:18.101] [SEVERE ] placing card 27 in slot 0
[22:45:18.202] [SEVERE ] placing card 28 in slot 1
[22:45:18.303] [SEVERE ] placing card 29 in slot 2
[22:45:18.305] [SEVERE ] updating countdown to 27621
[22:45:18.768] [SEVERE ] key 79 was pressed by player 2
[22:45:18.769] [SEVERE ] player 2 placing token on slot 2
[22:45:18.897] [SEVERE ] key 73 was pressed by player 2
[22:45:18.897] [SEVERE ] player 2 placing token on slot 1
[22:45:19.089] [SEVERE ] key 85 was pressed by player 2
[22:45:19.089] [SEVERE ] player 2 placing token on slot 0
[22:45:19.090] [SEVERE ] removing player 2 token from slot 2
[22:45:19.191] [SEVERE ] removing card from slot 2
[22:45:19.191] [SEVERE ] removing player 2 token from slot 1
[22:45:19.292] [SEVERE ] removing card from slot 1
[22:45:19.293] [SEVERE ] removing player 2 token from slot 0
[22:45:19.394] [SEVERE ] removing card from slot 0
[22:45:19.394] [SEVERE ] setting player 2 score to 3
[22:45:19.394] [SEVERE ] setting player 2 freeze to 1000
[22:45:20.495] [SEVERE ] placing card 30 in slot 0
[22:45:20.596] [SEVERE ] placing card 31 in slot 1
[22:45:20.697] [SEVERE ] placing card 32 in slot 2
[22:45:20.699] [SEVERE ] updating countdown to 25226
[22:45:20.995] [SEVERE ] key 81 was pressed by player 1
[22:45:20.997] [SEVERE ] player 1 placing token on slot 0
[22:45:21.119] [SEVERE ] key 87 was pressed by player 1
[22:45:21.120] [SEVERE ] player 1 placing token on slot 1
[22:45:21.262] [SEVERE ] key 69 was pressed by player 1
[22:45:21.262] [SEVERE ] player 1 placing token on slot 2
[22:45:21.263] [SEVERE ] removing player 1 token from slot 0
[22:45:21.364] [SEVERE ] removing card from slot 0
[22:45:21.365] [SEVERE ] removing player 1 token from slot 1
[22:45:21.465] [SEVERE ] removing card from slot 1
[22:45:21.466] [SEVERE ] removing player 1 token from slot 2
[22:45:21.566] [SEVERE ] removing card from slot 2
[22:45:21.567] [SEVERE ] setting player 1 score to 5
[22:45:21.567] [SEVERE ] setting player 1 freeze to 1000
[22:45:22.667] [SEVERE ] placing card 33 in slot 0
[22:45:22.768] [SEVERE ] placing card 34 in slot 1
[22:45:22.869] [SEVERE ] placing card 35 in slot 2
[22:45:22.870] [SEVERE ] updating countdown to 23055
[22:45:23.217] [SEVERE ] key 81 was pressed by player 1
[22:45:23.218] [SEVERE ] player 1 placing token on slot 0
[22:45:23.330] [SEVERE ] key 87 was pressed by player 1
[22:45:23.330] [SEVERE ] player 1 placing token on slot 1
[22:45:23.494] [SEVERE ] key 69 was pressed by player 1
[22:45:23.494] [SEVERE ] player 1 placing token on slot 2
[22:45:23.495] [SEVERE ] removing player 1 token from slot 0
[22:45:23.596] [SEVERE ] removing card from slot 0
[22:45:23.596] [SEVERE ] removing player 1 token from slot 1
[22:45:23.696] [SEVERE ] removing card from slot 1
[22:45:23.697] [SEVERE ] removing player 1 token from slot 2
[22:45:23.797] [SEVERE ] removing card from slot 2
[22:45:23.798] [SEVERE ] setting player 1 score to 6
[22:45:23.798] [SEVERE ] setting player 1 freeze to 1000
[22:45:24.898] [SEVERE ] placing card 36 in slot 0
[22:45:24.999] [SEVERE ] placing card 37 in slot 1
[22:45:25.100] [SEVERE ] placing card 38 in slot 2
[22:45:25.101] [SEVERE ] updating countdown to 20824
[22:45:25.555] [SEVERE ] key 81 was pressed by player 1
[22:45:25.556] [SEVERE ] player 1 placing token on slot 0
[22:45:25.651] [SEVERE ] key 87 was pressed by player 1
[22:45:25.651] [SEVERE ] player 1 placing token on slot 1
[22:45:25.757] [SEVERE ] key 69 was pressed by player 1
[22:45:25.758] [SEVERE ] player 1 placing token on slot 2
[22:45:25.758] [SEVERE ] removing player 1 token from slot 0
[22:45:25.859] [SEVERE ] removing card from slot 0
[22:45:25.859] [SEVERE ] removing player 1 token from slot 1
[22:45:25.959] [SEVERE ] removing card from slot 1
[22:45:25.960] [SEVERE ] removing player 1 token from slot 2
[22:45:26.061] [SEVERE ] removing card from slot 2
[22:45:26.061] [SEVERE ] setting player 1 score to 7
[22:45:26.061] [SEVERE ] setting player 1 freeze to 1000
[22:45:27.162] [SEVERE ] placing card 39 in slot 0
[22:45:27.262] [SEVERE ] placing card 40 in slot 1
[22:45:27.363] [SEVERE ] placing card 41 in slot 2
[22:45:27.364] [SEVERE ] updating countdown to 18561
[22:45:27.809] [SEVERE ] key 81 was pressed by player 1
[22:45:27.810] [SEVERE ] player 1 placing token on slot 0
[22:45:27.922] [SEVERE ] key 87 was pressed by player 1
[22:45:27.922] [SEVERE ] player 1 placing token on slot 1
[22:45:28.027] [SEVERE ] key 69 was pressed by player 1
[22:45:28.028] [SEVERE ] player 1 placing token on slot 2
[22:45:28.028] [SEVERE ] removing player 1 token from slot 0
[22:45:28.129] [SEVERE ] removing card from slot 0
[22:45:28.129] [SEVERE ] removing player 1 token from slot 1
[22:45:28.230] [SEVERE ] removing card from slot 1
[22:45:28.234] [SEVERE ] removing player 1 token from slot 2
[22:45:28.335] [SEVERE ] removing card from slot 2
[22:45:28.336] [SEVERE ] setting player 1 score to 8
[22:45:28.336] [SEVERE ] setting player 1 freeze to 1000
[22:45:29.437] [SEVERE ] placing card 42 in slot 0
[22:45:29.537] [SEVERE ] placing card 43 in slot 1
[22:45:29.638] [SEVERE ] placing card 44 in slot 2
[22:45:29.640] [SEVERE ] updating countdown to 16286
[22:45:30.012] [SEVERE ] key 81 was pressed by player 1
[22:45:30.012] [SEVERE ] player 1 placing token on slot 0
[22:45:30.086] [SEVERE ] key 87 was pressed by player 1
[22:45:30.086] [SEVERE ] player 1 placing token on slot 1
[22:45:30.209] [SEVERE ] key 69 was pressed by player 1
[22:45:30.210] [SEVERE ] player 1 placing token on slot 2
[22:45:30.210] [SEVERE ] removing player 1 token from slot 0
[22:45:30.310] [SEVERE ] removing card from slot 0
[22:45:30.311] [SEVERE ] removing player 1 token from slot 1
[22:45:30.411] [SEVERE ] removing card from slot 1
[22:45:30.412] [SEVERE ] removing player 1 token from slot 2
[22:45:30.512] [SEVERE ] removing card from slot 2
[22:45:30.513] [SEVERE ] setting player 1 score to 9
[22:45:30.513] [SEVERE ] setting player 1 freeze to 1000
[22:45:31.613] [SEVERE ] placing card 45 in slot 0
[22:45:31.714] [SEVERE ] placing card 46 in slot 1
[22:45:31.815] [SEVERE ] placing card 47 in slot 2
[22:45:31.816] [SEVERE ] updating countdown to 14109
[22:45:32.095] [SEVERE ] key 81 was pressed by player 1
[22:45:32.096] [SEVERE ] player 1 placing token on slot 0
[22:45:32.180] [SEVERE ] key 87 was pressed by player 1
[22:45:32.181] [SEVERE ] player 1 placing token on slot 1
[22:45:32.292] [SEVERE ] key 69 was pressed by player 1
[22:45:32.293] [SEVERE ] player 1 placing token on slot 2
[22:45:32.293] [SEVERE ] removing player 1 token from slot 0
[22:45:32.394] [SEVERE ] removing card from slot 0
[22:45:32.394] [SEVERE ] removing player 1 token from slot 1
[22:45:32.495] [SEVERE ] removing card from slot 1
[22:45:32.495] [SEVERE ] removing player 1 token from slot 2
[22:45:32.595] [SEVERE ] removing card from slot 2
[22:45:32.596] [SEVERE ] setting player 1 score to 10
[22:45:32.596] [SEVERE ] setting player 1 freeze to 1000
[22:45:33.696] [SEVERE ] placing card 48 in slot 0
[22:45:33.797] [SEVERE ] placing card 49 in slot 1
[22:45:33.897] [SEVERE ] placing card 50 in slot 2
[22:45:33.899] [SEVERE ] updating countdown to 12026
[22:45:34.088] [SEVERE ] key 81 was pressed by player 1
[22:45:34.088] [SEVERE ] player 1 placing token on slot 0
[22:45:34.199] [SEVERE ] key 87 was pressed by player 1
[22:45:34.199] [SEVERE ] player 1 placing token on slot 1
[22:45:34.311] [SEVERE ] key 69 was pressed by player 1
[22:45:34.311] [SEVERE ] player 1 placing token on slot 2
[22:45:34.312] [SEVERE ] removing player 1 token from slot 0
[22:45:34.412] [SEVERE ] removing card from slot 0
[22:45:34.412] [SEVERE ] removing player 1 token from slot 1
[22:45:34.513] [SEVERE ] removing card from slot 1
[22:45:34.514] [SEVERE ] removing player 1 token from slot 2
[22:45:34.614] [SEVERE ] removing card from slot 2
[22:45:34.614] [SEVERE ] setting player 1 score to 11
[22:45:34.614] [SEVERE ] setting player 1 freeze to 1000
[22:45:35.715] [SEVERE ] placing card 51 in slot 0
[22:45:35.816] [SEVERE ] placing card 52 in slot 1
[22:45:35.916] [SEVERE ] placing card 53 in slot 2
[22:45:35.918] [SEVERE ] updating countdown to 10007
[22:45:36.039] [SEVERE ] key 81 was pressed by player 1
[22:45:36.039] [SEVERE ] player 1 placing token on slot 0
[22:45:36.135] [SEVERE ] key 87 was pressed by player 1
[22:45:36.135] [SEVERE ] player 1 placing token on slot 1
[22:45:36.273] [SEVERE ] key 69 was pressed by player 1
[22:45:36.274] [SEVERE ] player 1 placing token on slot 2
[22:45:36.274] [SEVERE ] removing player 1 token from slot 0
[22:45:36.375] [SEVERE ] removing card from slot 0
[22:45:36.375] [SEVERE ] removing player 1 token from slot 1
[22:45:36.475] [SEVERE ] removing card from slot 1
[22:45:36.476] [SEVERE ] removing player 1 token from slot 2
[22:45:36.576] [SEVERE ] removing card from slot 2
[22:45:36.576] [SEVERE ] setting player 1 score to 12
[22:45:36.576] [SEVERE ] setting player 1 freeze to 1000
[22:45:37.677] [SEVERE ] placing card 54 in slot 0
[22:45:37.778] [SEVERE ] placing card 55 in slot 1
[22:45:37.879] [SEVERE ] placing card 56 in slot 2
[22:45:37.881] [SEVERE ] updating countdown to 8044
[22:45:38.068] [SEVERE ] key 81 was pressed by player 1
[22:45:38.068] [SEVERE ] player 1 placing token on slot 0
[22:45:38.173] [SEVERE ] key 87 was pressed by player 1
[22:45:38.174] [SEVERE ] player 1 placing token on slot 1
[22:45:38.286] [SEVERE ] key 69 was pressed by player 1
[22:45:38.286] [SEVERE ] player 1 placing token on slot 2
[22:45:38.287] [SEVERE ] removing player 1 token from slot 0
[22:45:38.388] [SEVERE ] removing card from slot 0
[22:45:38.388] [SEVERE ] removing player 1 token from slot 1
[22:45:38.489] [SEVERE ] removing card from slot 1
[22:45:38.489] [SEVERE ] removing player 1 token from slot 2
[22:45:38.590] [SEVERE ] removing card from slot 2
[22:45:38.590] [SEVERE ] setting player 1 score to 13
[22:45:38.591] [SEVERE ] setting player 1 freeze to 1000
[22:45:39.692] [SEVERE ] placing card 57 in slot 0
[22:45:39.793] [SEVERE ] placing card 58 in slot 1
[22:45:39.894] [SEVERE ] placing card 59 in slot 2
[22:45:39.895] [SEVERE ] updating countdown to 6030
[22:45:40.002] [SEVERE ] key 81 was pressed by player 1
[22:45:40.003] [SEVERE ] player 1 placing token on slot 0
[22:45:40.100] [SEVERE ] key 87 was pressed by player 1
[22:45:40.100] [SEVERE ] player 1 placing token on slot 1
[22:45:40.212] [SEVERE ] key 69 was pressed by player 1
[22:45:40.212] [SEVERE ] player 1 placing token on slot 2
[22:45:40.213] [SEVERE ] removing player 1 token from slot 0
[22:45:40.314] [SEVERE ] removing card from slot 0
[22:45:40.314] [SEVERE ] removing player 1 token from slot 1
[22:45:40.415] [SEVERE ] removing card from slot 1
[22:45:40.415] [SEVERE ] removing player 1 token from slot 2
[22:45:40.515] [SEVERE ] removing card from slot 2
[22:45:40.516] [SEVERE ] setting player 1 score to 14
[22:45:40.516] [SEVERE ] setting player 1 freeze to 1000
[22:45:41.617] [SEVERE ] placing card 60 in slot 0
[22:45:41.718] [SEVERE ] placing card 61 in slot 1
[22:45:41.819] [SEVERE ] placing card 62 in slot 2
[22:45:41.955] [SEVERE ] key 81 was pressed by player 1
[22:45:41.955] [SEVERE ] player 1 placing token on slot 0
[22:45:42.036] [SEVERE ] key 87 was pressed by player 1
[22:45:42.036] [SEVERE ] player 1 placing token on slot 1
[22:45:42.148] [SEVERE ] key 69 was pressed by player 1
[22:45:42.148] [SEVERE ] player 1 placing token on slot 2
[22:45:42.148] [SEVERE ] removing player 1 token from slot 0
[22:45:42.249] [SEVERE ] removing card from slot 0
[22:45:42.249] [SEVERE ] removing player 1 token from slot 1
[22:45:42.350] [SEVERE ] removing card from slot 1
[22:45:42.350] [SEVERE ] removing player 1 token from slot 2
[22:45:42.451] [SEVERE ] removing card from slot 2
[22:45:42.451] [SEVERE ] setting player 1 score to 15
[22:45:42.452] [SEVERE ] setting player 1 freeze to 1000
[22:45:43.552] [SEVERE ] placing card 63 in slot 0
[22:45:43.653] [SEVERE ] placing card 64 in slot 1
[22:45:43.754] [SEVERE ] placing card 65 in slot 2
[22:45:43.983] [SEVERE ] key 81 was pressed by player 1
[22:45:43.983] [SEVERE ] player 1 placing token on slot 0
[22:45:44.086] [SEVERE ] key 87 was pressed by player 1
[22:45:44.086] [SEVERE ] player 1 placing token on slot 1
[22:45:44.214] [SEVERE ] key 69 was pressed by player 1
[22:45:44.214] [SEVERE ] player 1 placing token on slot 2
[22:45:44.215] [SEVERE ] removing player 1 token from slot 0
[22:45:44.316] [SEVERE ] removing card from slot 0
[22:45:44.316] [SEVERE ] removing player 1 token from slot 1
[22:45:44.417] [SEVERE ] removing card from slot 1
[22:45:44.417] [SEVERE ] removing player 1 token from slot 2
[22:45:44.518] [SEVERE ] removing card from slot 2
[22:45:44.518] [SEVERE ] setting player 1 score to 16
[22:45:44.518] [SEVERE ] setting player 1 freeze to 1000
[22:45:45.619] [SEVERE ] placing card 66 in slot 0
[22:45:45.658] [SEVERE ] key 81 was pressed by player 1
[22:45:45.658] [SEVERE ] player 1 placing token on slot 0
[22:45:45.720] [SEVERE ] placing card 67 in slot 1
[22:45:45.821] [SEVERE ] placing card 68 in slot 2
[22:45:45.918] [SEVERE ] key 87 was pressed by player 1
[22:45:45.918] [SEVERE ] player 1 placing token on slot 1
[22:45:46.030] [SEVERE ] key 69 was pressed by player 1
[22:45:46.030] [SEVERE ] player 1 placing token on slot 2
[22:45:46.030] [SEVERE ] removing player 1 token from slot 0
[22:45:46.131] [SEVERE ] removing card from slot 0
[22:45:46.131] [SEVERE ] removing player 1 token from slot 1
[22:45:46.232] [SEVERE ] removing card from slot 1
[22:45:46.233] [SEVERE ] removing player 1 token from slot 2
[22:45:46.333] [SEVERE ] removing card from slot 2
[22:45:46.334] [SEVERE ] setting player 1 score to 17
[22:45:46.334] [SEVERE ] setting player 1 freeze to 1000
[22:45:47.372] [SEVERE ] key 81 was pressed by player 1
[22:45:47.435] [SEVERE ] placing card 69 in slot 0
[22:45:47.536] [SEVERE ] placing card 70 in slot 1
[22:45:47.637] [SEVERE ] placing card 71 in slot 2
[22:45:47.639] [SEVERE ] updating countdown to 59999
[22:45:47.664] [SEVERE ] key 87 was pressed by player 1
[22:45:47.664] [SEVERE ] player 1 placing token on slot 1
[22:45:47.841] [SEVERE ] key 69 was pressed by player 1
[22:45:47.841] [SEVERE ] player 1 placing token on slot 2
[22:45:48.568] [SEVERE ] key 81 was pressed by player 1
[22:45:48.568] [SEVERE ] player 1 placing token on slot 0
[22:45:48.573] [SEVERE ] removing player 1 token from slot 1
[22:45:48.674] [SEVERE ] removing card from slot 1
[22:45:48.674] [SEVERE ] removing player 1 token from slot 2
[22:45:48.775] [SEVERE ] removing card from slot 2
[22:45:48.776] [SEVERE ] removing player 1 token from slot 0
[22:45:48.876] [SEVERE ] removing card from slot 0
[22:45:48.877] [SEVERE ] setting player 1 score to 18
[22:45:48.877] [SEVERE ] setting player 1 freeze to 1000
[22:45:49.978] [SEVERE ] placing card 72 in slot 0
[22:45:50.079] [SEVERE ] placing card 73 in slot 1
[22:45:50.180] [SEVERE ] placing card 74 in slot 2
[22:45:50.181] [SEVERE ] updating countdown to 57457
[22:45:50.595] [SEVERE ] key 81 was pressed by player 1
[22:45:50.595] [SEVERE ] player 1 placing token on slot 0
[22:45:50.692] [SEVERE ] key 87 was pressed by player 1
[22:45:50.692] [SEVERE ] player 1 placing token on slot 1
[22:45:50.808] [SEVERE ] key 69 was pressed by player 1
[22:45:50.808] [SEVERE ] player 1 placing token on slot 2
[22:45:50.809] [SEVERE ] removing player 1 token from slot 0
[22:45:50.909] [SEVERE ] removing card from slot 0
[22:45:50.910] [SEVERE ] removing player 1 token from slot 1
[22:45:51.011] [SEVERE ] removing card from slot 1
[22:45:51.011] [SEVERE ] removing player 1 token from slot 2
[22:45:51.112] [SEVERE ] removing card from slot 2
[22:45:51.113] [SEVERE ] setting player 1 score to 19
[22:45:51.113] [SEVERE ] setting player 1 freeze to 1000
[22:45:52.214] [SEVERE ] placing card 75 in slot 0
[22:45:52.315] [SEVERE ] placing card 76 in slot 1
[22:45:52.415] [SEVERE ] placing card 77 in slot 2
[22:45:52.419] [SEVERE ] updating countdown to 55219
[22:45:52.524] [SEVERE ] key 81 was pressed by player 1
[22:45:52.525] [SEVERE ] player 1 placing token on slot 0
[22:45:52.610] [SEVERE ] key 87 was pressed by player 1
[22:45:52.611] [SEVERE ] player 1 placing token on slot 1
[22:45:52.721] [SEVERE ] key 69 was pressed by player 1
[22:45:52.721] [SEVERE ] player 1 placing token on slot 2
[22:45:52.722] [SEVERE ] removing player 1 token from slot 0
[22:45:52.823] [SEVERE ] removing card from slot 0
[22:45:52.823] [SEVERE ] removing player 1 token from slot 1
[22:45:52.924] [SEVERE ] removing card from slot 1
[22:45:52.924] [SEVERE ] removing player 1 token from slot 2
[22:45:53.024] [SEVERE ] removing card from slot 2
[22:45:53.025] [SEVERE ] setting player 1 score to 20
[22:45:53.025] [SEVERE ] setting player 1 freeze to 1000
[22:45:54.126] [SEVERE ] placing card 78 in slot 0
[22:45:54.226] [SEVERE ] placing card 79 in slot 1
[22:45:54.327] [SEVERE ] placing card 80 in slot 2
[22:45:54.329] [SEVERE ] updating countdown to 53309
[22:45:54.547] [SEVERE ] key 81 was pressed by player 1
[22:45:54.547] [SEVERE ] player 1 placing token on slot 0
[22:45:54.674] [SEVERE ] key 87 was pressed by player 1
[22:45:54.674] [SEVERE ] player 1 placing token on slot 1
[22:45:54.792] [SEVERE ] key 69 was pressed by player 1
[22:45:54.792] [SEVERE ] player 1 placing token on slot 2
[22:45:54.793] [SEVERE ] removing player 1 token from slot 0
[22:45:54.894] [SEVERE ] removing card from slot 0
[22:45:54.895] [SEVERE ] removing player 1 token from slot 1
[22:45:54.995] [SEVERE ] removing card from slot 1
[22:45:54.995] [SEVERE ] removing player 1 token from slot 2
[22:45:55.096] [SEVERE ] removing card from slot 2
[22:45:55.096] [SEVERE ] setting player 1 score to 21
[22:45:55.096] [SEVERE ] setting player 1 freeze to 1000
[22:45:56.098] [SEVERE ] updating countdown to 51540
[22:45:59.047] [SEVERE ] key 65 was pressed by player 1
[22:45:59.047] [SEVERE ] player 1 placing token on slot 4
[22:45:59.212] [SEVERE ] key 83 was pressed by player 1
[22:45:59.212] [SEVERE ] player 1 placing token on slot 5
[22:46:00.109] [SEVERE ] key 82 was pressed by player 1
[22:46:00.109] [SEVERE ] player 1 placing token on slot 3
[22:46:00.109] [SEVERE ] removing player 1 token from slot 4
[22:46:00.210] [SEVERE ] removing card from slot 4
[22:46:00.210] [SEVERE ] removing player 1 token from slot 5
[22:46:00.311] [SEVERE ] removing card from slot 5
[22:46:00.311] [SEVERE ] removing player 1 token from slot 3
[22:46:00.411] [SEVERE ] removing card from slot 3
[22:46:00.412] [SEVERE ] setting player 1 score to 22
[22:46:00.412] [SEVERE ] setting player 1 freeze to 1000
[22:46:01.414] [SEVERE ] updating countdown to 46224
[22:46:02.231] [SEVERE ] key 88 was pressed by player 1
[22:46:02.231] [SEVERE ] player 1 placing token on slot 9
[22:46:02.353] [SEVERE ] key 67 was pressed by player 1
[22:46:02.354] [SEVERE ] player 1 placing token on slot 10
[22:46:02.397] [SEVERE ] key 86 was pressed by player 1
[22:46:02.397] [SEVERE ] player 1 placing token on slot 11
[22:46:02.398] [SEVERE ] removing player 1 token from slot 9
[22:46:02.499] [SEVERE ] removing card from slot 9
[22:46:02.499] [SEVERE ] removing player 1 token from slot 10
[22:46:02.600] [SEVERE ] removing card from slot 10
[22:46:02.600] [SEVERE ] removing player 1 token from slot 11
[22:46:02.700] [SEVERE ] removing card from slot 11
[22:46:02.701] [SEVERE ] setting player 1 score to 23
[22:46:02.701] [SEVERE ] setting player 1 freeze to 1000
[22:46:03.073] [SEVERE ] key 90 was pressed by player 1
[22:46:03.701] [SEVERE ] player 1 placing token on slot 8
[22:46:03.702] [SEVERE ] key 68 was pressed by player 1
[22:46:03.703] [SEVERE ] updating countdown to 43935
[22:46:03.703] [SEVERE ] key 70 was pressed by player 1
[22:46:03.703] [SEVERE ] player 1 placing token on slot 6
[22:46:03.703] [SEVERE ] player 1 placing token on slot 7
[22:46:03.704] [SEVERE ] removing player 1 token from slot 8
[22:46:03.805] [SEVERE ] removing card from slot 8
[22:46:03.805] [SEVERE ] removing player 1 token from slot 6
[22:46:03.905] [SEVERE ] removing card from slot 6
[22:46:03.906] [SEVERE ] removing player 1 token from slot 7
[22:46:04.006] [SEVERE ] removing card from slot 7
[22:46:04.006] [SEVERE ] setting player 1 score to 24
[22:46:04.006] [SEVERE ] setting player 1 freeze to 1000
[22:46:05.008] [SEVERE ] announcing winner(s): player 1
[22:46:05.013] [SEVERE ] updating countdown to 42625
[22:46:05.013] [INFO   ] thread dealer terminated.
[22:46:05.014] [INFO   ] thread dealer terminated.
[22:46:10.014] [SEVERE ] thanks for playing... it was fun!
[22:46:10.016] [INFO   ] thread bguspl.set.Main.main() terminated.
[22:46:10.016] [SEVERE ] disposing of user interface elements
