[09:03:03.215] [INFO   ] thread bguspl.set.Main.main() starting.
[09:03:03.239] [SEVERE ] cannot read configuration file config.properties trying from resources.
[09:03:03.256] [SEVERE ] configuration file was loaded from resources directory.
[09:03:04.850] [INFO   ] thread dealer starting.
[09:03:04.851] [INFO   ] thread dealer starting.
[09:03:04.853] [INFO   ] thread 0  starting.
[09:03:04.853] [INFO   ] thread 1  starting.
[09:03:04.953] [SEVERE ] placing card 0 in slot 0
[09:03:05.056] [SEVERE ] placing card 1 in slot 1
[09:03:05.158] [SEVERE ] placing card 2 in slot 2
[09:03:05.260] [SEVERE ] placing card 3 in slot 3
[09:03:05.361] [SEVERE ] placing card 4 in slot 4
[09:03:05.462] [SEVERE ] placing card 5 in slot 5
[09:03:05.563] [SEVERE ] placing card 6 in slot 6
[09:03:05.664] [SEVERE ] placing card 7 in slot 7
[09:03:05.765] [SEVERE ] placing card 8 in slot 8
[09:03:05.866] [SEVERE ] placing card 9 in slot 9
[09:03:05.967] [SEVERE ] placing card 10 in slot 10
[09:03:06.069] [SEVERE ] placing card 11 in slot 11
[09:03:06.075] [SEVERE ] updating countdown to 59999
[09:03:06.078] [SEVERE ] updating countdown to 59996
[09:03:06.080] [SEVERE ] updating countdown to 59994
[09:03:06.082] [SEVERE ] updating countdown to 59992
[09:03:06.084] [SEVERE ] updating countdown to 59990
[09:03:06.086] [SEVERE ] updating countdown to 59988
[09:03:06.087] [SEVERE ] updating countdown to 59987
[09:03:06.089] [SEVERE ] updating countdown to 59985
[09:03:06.092] [SEVERE ] updating countdown to 59983
[09:03:06.095] [SEVERE ] updating countdown to 59979
[09:03:06.098] [SEVERE ] updating countdown to 59976
[09:03:06.100] [SEVERE ] updating countdown to 59974
[09:03:06.101] [SEVERE ] updating countdown to 59973
[09:03:06.103] [SEVERE ] updating countdown to 59971
[09:03:06.105] [SEVERE ] updating countdown to 59969
[09:03:06.107] [SEVERE ] updating countdown to 59967
[09:03:06.109] [SEVERE ] updating countdown to 59965
[09:03:06.110] [SEVERE ] updating countdown to 59964
[09:03:06.112] [SEVERE ] updating countdown to 59962
[09:03:06.115] [SEVERE ] updating countdown to 59959
[09:03:06.117] [SEVERE ] updating countdown to 59957
[09:03:06.119] [SEVERE ] updating countdown to 59955
[09:03:06.120] [SEVERE ] updating countdown to 59954
[09:03:06.123] [SEVERE ] updating countdown to 59952
[09:03:06.125] [SEVERE ] updating countdown to 59949
[09:03:06.127] [SEVERE ] updating countdown to 59947
[09:03:06.129] [SEVERE ] updating countdown to 59945
[09:03:06.131] [SEVERE ] updating countdown to 59943
[09:03:06.133] [SEVERE ] updating countdown to 59941
[09:03:06.134] [SEVERE ] updating countdown to 59940
[09:03:06.136] [SEVERE ] updating countdown to 59938
[09:03:06.139] [SEVERE ] updating countdown to 59935
[09:03:06.141] [SEVERE ] updating countdown to 59933
[09:03:06.143] [SEVERE ] updating countdown to 59931
[09:03:06.144] [SEVERE ] updating countdown to 59930
[09:03:06.146] [SEVERE ] updating countdown to 59928
[09:03:06.148] [SEVERE ] updating countdown to 59926
[09:03:06.150] [SEVERE ] updating countdown to 59924
[09:03:06.152] [SEVERE ] updating countdown to 59922
[09:03:06.154] [SEVERE ] updating countdown to 59920
[09:03:06.155] [SEVERE ] updating countdown to 59919
[09:03:06.157] [SEVERE ] updating countdown to 59917
[09:03:06.159] [SEVERE ] updating countdown to 59915
[09:03:06.161] [SEVERE ] updating countdown to 59913
[09:03:06.163] [SEVERE ] updating countdown to 59911
[09:03:06.166] [SEVERE ] updating countdown to 59908
[09:03:06.168] [SEVERE ] updating countdown to 59906
[09:03:06.169] [SEVERE ] updating countdown to 59905
[09:03:06.171] [SEVERE ] updating countdown to 59903
[09:03:06.173] [SEVERE ] updating countdown to 59901
[09:03:06.175] [SEVERE ] updating countdown to 59899
[09:03:06.177] [SEVERE ] updating countdown to 59897
[09:03:06.178] [SEVERE ] updating countdown to 59896
[09:03:06.180] [SEVERE ] updating countdown to 59894
[09:03:06.182] [SEVERE ] updating countdown to 59892
[09:03:06.184] [SEVERE ] updating countdown to 59890
[09:03:06.186] [SEVERE ] updating countdown to 59888
[09:03:06.188] [SEVERE ] updating countdown to 59886
[09:03:06.190] [SEVERE ] updating countdown to 59884
[09:03:06.191] [SEVERE ] updating countdown to 59883
[09:03:06.193] [SEVERE ] updating countdown to 59881
[09:03:06.195] [SEVERE ] updating countdown to 59879
[09:03:06.196] [SEVERE ] updating countdown to 59878
[09:03:06.198] [SEVERE ] updating countdown to 59876
[09:03:06.200] [SEVERE ] updating countdown to 59874
[09:03:06.201] [SEVERE ] updating countdown to 59873
[09:03:06.203] [SEVERE ] updating countdown to 59871
[09:03:06.205] [SEVERE ] updating countdown to 59869
[09:03:06.207] [SEVERE ] updating countdown to 59867
[09:03:06.209] [SEVERE ] updating countdown to 59865
[09:03:06.211] [SEVERE ] updating countdown to 59863
[09:03:06.212] [SEVERE ] updating countdown to 59862
[09:03:06.214] [SEVERE ] updating countdown to 59860
[09:03:06.215] [SEVERE ] updating countdown to 59859
[09:03:06.217] [SEVERE ] updating countdown to 59857
[09:03:06.218] [SEVERE ] updating countdown to 59856
[09:03:06.220] [SEVERE ] updating countdown to 59854
[09:03:06.221] [SEVERE ] updating countdown to 59853
[09:03:06.223] [SEVERE ] updating countdown to 59851
[09:03:06.224] [SEVERE ] updating countdown to 59850
[09:03:06.226] [SEVERE ] updating countdown to 59848
[09:03:06.228] [SEVERE ] updating countdown to 59846
[09:03:06.229] [SEVERE ] updating countdown to 59845
[09:03:06.232] [SEVERE ] updating countdown to 59843
[09:03:06.234] [SEVERE ] updating countdown to 59840
[09:03:06.235] [SEVERE ] updating countdown to 59839
[09:03:06.237] [SEVERE ] updating countdown to 59837
[09:03:06.238] [SEVERE ] updating countdown to 59836
[09:03:06.240] [SEVERE ] updating countdown to 59834
[09:03:06.241] [SEVERE ] updating countdown to 59833
[09:03:06.243] [SEVERE ] updating countdown to 59831
[09:03:06.244] [SEVERE ] updating countdown to 59830
[09:03:06.246] [SEVERE ] updating countdown to 59828
[09:03:06.247] [SEVERE ] updating countdown to 59827
[09:03:06.249] [SEVERE ] updating countdown to 59825
[09:03:06.250] [SEVERE ] updating countdown to 59824
[09:03:06.252] [SEVERE ] updating countdown to 59822
[09:03:06.253] [SEVERE ] updating countdown to 59821
[09:03:06.255] [SEVERE ] updating countdown to 59819
[09:03:06.256] [SEVERE ] updating countdown to 59818
[09:03:06.258] [SEVERE ] updating countdown to 59816
[09:03:06.259] [SEVERE ] updating countdown to 59815
[09:03:06.261] [SEVERE ] updating countdown to 59813
[09:03:06.262] [SEVERE ] updating countdown to 59812
[09:03:06.263] [SEVERE ] updating countdown to 59811
[09:03:06.265] [SEVERE ] updating countdown to 59809
[09:03:06.267] [SEVERE ] updating countdown to 59807
[09:03:06.268] [SEVERE ] updating countdown to 59806
[09:03:06.270] [SEVERE ] updating countdown to 59804
[09:03:06.273] [SEVERE ] updating countdown to 59802
[09:03:06.275] [SEVERE ] updating countdown to 59799
[09:03:06.277] [SEVERE ] updating countdown to 59797
[09:03:06.279] [SEVERE ] updating countdown to 59795
[09:03:06.280] [SEVERE ] updating countdown to 59794
[09:03:06.282] [SEVERE ] updating countdown to 59792
[09:03:06.284] [SEVERE ] updating countdown to 59790
[09:03:06.285] [SEVERE ] updating countdown to 59789
[09:03:06.287] [SEVERE ] updating countdown to 59787
[09:03:06.289] [SEVERE ] updating countdown to 59785
[09:03:06.290] [SEVERE ] updating countdown to 59784
[09:03:06.292] [SEVERE ] updating countdown to 59782
[09:03:06.293] [SEVERE ] updating countdown to 59781
[09:03:06.295] [SEVERE ] updating countdown to 59779
[09:03:06.296] [SEVERE ] updating countdown to 59778
[09:03:06.298] [SEVERE ] updating countdown to 59776
[09:03:06.299] [SEVERE ] updating countdown to 59775
[09:03:06.301] [SEVERE ] updating countdown to 59773
[09:03:06.302] [SEVERE ] updating countdown to 59772
[09:03:06.304] [SEVERE ] updating countdown to 59770
[09:03:06.305] [SEVERE ] updating countdown to 59769
[09:03:06.307] [SEVERE ] updating countdown to 59767
[09:03:06.308] [SEVERE ] updating countdown to 59766
[09:03:06.310] [SEVERE ] updating countdown to 59764
[09:03:06.311] [SEVERE ] updating countdown to 59763
[09:03:06.313] [SEVERE ] updating countdown to 59761
[09:03:06.314] [SEVERE ] updating countdown to 59760
[09:03:06.316] [SEVERE ] updating countdown to 59758
[09:03:06.317] [SEVERE ] updating countdown to 59757
[09:03:06.319] [SEVERE ] updating countdown to 59755
[09:03:06.320] [SEVERE ] updating countdown to 59754
[09:03:06.322] [SEVERE ] updating countdown to 59752
[09:03:06.324] [SEVERE ] updating countdown to 59750
[09:03:06.325] [SEVERE ] updating countdown to 59749
[09:03:06.327] [SEVERE ] updating countdown to 59747
[09:03:06.330] [SEVERE ] updating countdown to 59744
[09:03:06.331] [SEVERE ] updating countdown to 59743
[09:03:06.333] [SEVERE ] updating countdown to 59741
[09:03:06.334] [SEVERE ] updating countdown to 59740
[09:03:06.335] [SEVERE ] updating countdown to 59739
[09:03:06.337] [SEVERE ] updating countdown to 59737
[09:03:06.338] [SEVERE ] updating countdown to 59736
[09:03:06.340] [SEVERE ] updating countdown to 59734
[09:03:06.341] [SEVERE ] updating countdown to 59733
[09:03:06.343] [SEVERE ] updating countdown to 59731
[09:03:06.344] [SEVERE ] updating countdown to 59730
[09:03:06.346] [SEVERE ] updating countdown to 59728
[09:03:06.347] [SEVERE ] updating countdown to 59727
[09:03:06.349] [SEVERE ] updating countdown to 59725
[09:03:06.350] [SEVERE ] updating countdown to 59724
[09:03:06.352] [SEVERE ] updating countdown to 59722
[09:03:06.353] [SEVERE ] updating countdown to 59721
[09:03:06.355] [SEVERE ] updating countdown to 59719
[09:03:06.356] [SEVERE ] updating countdown to 59718
[09:03:06.358] [SEVERE ] updating countdown to 59716
[09:03:06.359] [SEVERE ] updating countdown to 59715
[09:03:06.361] [SEVERE ] updating countdown to 59713
[09:03:06.363] [SEVERE ] updating countdown to 59711
[09:03:06.365] [SEVERE ] updating countdown to 59709
[09:03:06.367] [SEVERE ] updating countdown to 59707
[09:03:06.369] [SEVERE ] updating countdown to 59705
[09:03:06.370] [SEVERE ] updating countdown to 59704
[09:03:06.371] [SEVERE ] updating countdown to 59703
[09:03:06.373] [SEVERE ] updating countdown to 59701
[09:03:06.374] [SEVERE ] updating countdown to 59700
[09:03:06.376] [SEVERE ] updating countdown to 59698
[09:03:06.377] [SEVERE ] updating countdown to 59697
[09:03:06.379] [SEVERE ] updating countdown to 59695
[09:03:06.380] [SEVERE ] updating countdown to 59694
[09:03:06.382] [SEVERE ] updating countdown to 59692
[09:03:06.383] [SEVERE ] updating countdown to 59691
[09:03:06.385] [SEVERE ] updating countdown to 59689
[09:03:06.386] [SEVERE ] updating countdown to 59688
[09:03:06.388] [SEVERE ] updating countdown to 59686
[09:03:06.389] [SEVERE ] updating countdown to 59685
[09:03:06.391] [SEVERE ] updating countdown to 59683
[09:03:06.392] [SEVERE ] updating countdown to 59682
[09:03:06.394] [SEVERE ] updating countdown to 59680
[09:03:06.395] [SEVERE ] updating countdown to 59679
[09:03:06.396] [SEVERE ] updating countdown to 59678
[09:03:06.398] [SEVERE ] updating countdown to 59676
[09:03:06.399] [SEVERE ] updating countdown to 59675
[09:03:06.401] [SEVERE ] updating countdown to 59673
[09:03:06.402] [SEVERE ] updating countdown to 59672
[09:03:06.404] [SEVERE ] updating countdown to 59670
[09:03:06.406] [SEVERE ] updating countdown to 59668
[09:03:06.408] [SEVERE ] updating countdown to 59666
[09:03:06.410] [SEVERE ] updating countdown to 59664
[09:03:06.411] [SEVERE ] updating countdown to 59663
[09:03:06.413] [SEVERE ] updating countdown to 59661
[09:03:06.414] [SEVERE ] updating countdown to 59660
[09:03:06.416] [SEVERE ] updating countdown to 59658
[09:03:06.417] [SEVERE ] updating countdown to 59657
[09:03:06.419] [SEVERE ] updating countdown to 59655
[09:03:06.420] [SEVERE ] updating countdown to 59654
[09:03:06.422] [SEVERE ] updating countdown to 59652
[09:03:06.423] [SEVERE ] updating countdown to 59651
[09:03:06.425] [SEVERE ] updating countdown to 59649
[09:03:06.426] [SEVERE ] updating countdown to 59648
[09:03:06.428] [SEVERE ] updating countdown to 59646
[09:03:06.430] [SEVERE ] updating countdown to 59645
[09:03:06.431] [SEVERE ] updating countdown to 59643
[09:03:06.433] [SEVERE ] updating countdown to 59641
[09:03:06.435] [SEVERE ] updating countdown to 59639
[09:03:06.437] [SEVERE ] updating countdown to 59637
[09:03:06.438] [SEVERE ] updating countdown to 59636
[09:03:06.440] [SEVERE ] updating countdown to 59634
[09:03:06.442] [SEVERE ] updating countdown to 59632
[09:03:06.443] [SEVERE ] updating countdown to 59631
[09:03:06.445] [SEVERE ] updating countdown to 59629
[09:03:06.446] [SEVERE ] updating countdown to 59628
[09:03:06.447] [SEVERE ] updating countdown to 59627
[09:03:06.449] [SEVERE ] updating countdown to 59625
[09:03:06.450] [SEVERE ] updating countdown to 59624
[09:03:06.452] [SEVERE ] updating countdown to 59622
[09:03:06.453] [SEVERE ] updating countdown to 59621
[09:03:06.455] [SEVERE ] updating countdown to 59619
[09:03:06.457] [SEVERE ] updating countdown to 59617
[09:03:06.458] [SEVERE ] updating countdown to 59616
[09:03:06.460] [SEVERE ] updating countdown to 59615
[09:03:06.461] [SEVERE ] updating countdown to 59613
[09:03:06.462] [SEVERE ] updating countdown to 59612
[09:03:06.464] [SEVERE ] updating countdown to 59610
[09:03:06.466] [SEVERE ] updating countdown to 59608
[09:03:06.467] [SEVERE ] updating countdown to 59607
[09:03:06.469] [SEVERE ] updating countdown to 59605
[09:03:06.470] [SEVERE ] updating countdown to 59604
[09:03:06.472] [SEVERE ] updating countdown to 59602
[09:03:06.473] [SEVERE ] updating countdown to 59601
[09:03:06.475] [SEVERE ] updating countdown to 59599
[09:03:06.477] [SEVERE ] updating countdown to 59597
[09:03:06.478] [SEVERE ] updating countdown to 59596
[09:03:06.480] [SEVERE ] updating countdown to 59594
[09:03:06.481] [SEVERE ] updating countdown to 59593
[09:03:06.483] [SEVERE ] updating countdown to 59591
[09:03:06.485] [SEVERE ] updating countdown to 59589
[09:03:06.487] [SEVERE ] updating countdown to 59587
[09:03:06.489] [SEVERE ] updating countdown to 59585
[09:03:06.491] [SEVERE ] updating countdown to 59583
[09:03:06.492] [SEVERE ] updating countdown to 59582
[09:03:06.494] [SEVERE ] updating countdown to 59580
[09:03:06.495] [SEVERE ] updating countdown to 59579
[09:03:06.497] [SEVERE ] updating countdown to 59577
[09:03:06.498] [SEVERE ] updating countdown to 59576
[09:03:06.500] [SEVERE ] updating countdown to 59574
[09:03:06.501] [SEVERE ] updating countdown to 59573
[09:03:06.503] [SEVERE ] updating countdown to 59571
[09:03:06.504] [SEVERE ] updating countdown to 59570
[09:03:06.506] [SEVERE ] updating countdown to 59568
[09:03:06.507] [SEVERE ] updating countdown to 59567
[09:03:06.509] [SEVERE ] updating countdown to 59565
[09:03:06.510] [SEVERE ] updating countdown to 59564
[09:03:06.512] [SEVERE ] updating countdown to 59562
[09:03:06.513] [SEVERE ] updating countdown to 59561
[09:03:06.515] [SEVERE ] updating countdown to 59559
[09:03:06.517] [SEVERE ] updating countdown to 59557
[09:03:06.528] [SEVERE ] updating countdown to 59546
[09:03:06.530] [SEVERE ] updating countdown to 59544
[09:03:06.531] [SEVERE ] updating countdown to 59543
[09:03:06.533] [SEVERE ] updating countdown to 59541
[09:03:06.534] [SEVERE ] updating countdown to 59540
[09:03:06.536] [SEVERE ] updating countdown to 59538
[09:03:06.537] [SEVERE ] updating countdown to 59537
[09:03:06.539] [SEVERE ] updating countdown to 59535
[09:03:06.540] [SEVERE ] updating countdown to 59534
[09:03:06.542] [SEVERE ] updating countdown to 59532
[09:03:06.543] [SEVERE ] updating countdown to 59531
[09:03:06.545] [SEVERE ] updating countdown to 59529
[09:03:06.546] [SEVERE ] updating countdown to 59528
[09:03:06.548] [SEVERE ] updating countdown to 59526
[09:03:06.549] [SEVERE ] updating countdown to 59525
[09:03:06.551] [SEVERE ] updating countdown to 59523
[09:03:06.553] [SEVERE ] updating countdown to 59521
[09:03:06.555] [SEVERE ] updating countdown to 59519
[09:03:06.557] [SEVERE ] updating countdown to 59517
[09:03:06.558] [SEVERE ] updating countdown to 59516
[09:03:06.560] [SEVERE ] updating countdown to 59514
[09:03:06.561] [SEVERE ] updating countdown to 59513
[09:03:06.562] [SEVERE ] updating countdown to 59512
[09:03:06.564] [SEVERE ] updating countdown to 59510
[09:03:06.565] [SEVERE ] updating countdown to 59509
[09:03:06.567] [SEVERE ] updating countdown to 59507
[09:03:06.568] [SEVERE ] updating countdown to 59506
[09:03:06.570] [SEVERE ] updating countdown to 59504
[09:03:06.571] [SEVERE ] updating countdown to 59503
[09:03:06.572] [SEVERE ] updating countdown to 59502
[09:03:06.574] [SEVERE ] updating countdown to 59500
[09:03:06.575] [SEVERE ] updating countdown to 59499
[09:03:06.577] [SEVERE ] updating countdown to 59497
[09:03:06.578] [SEVERE ] updating countdown to 59496
[09:03:06.580] [SEVERE ] updating countdown to 59494
[09:03:06.581] [SEVERE ] updating countdown to 59493
[09:03:06.583] [SEVERE ] updating countdown to 59491
[09:03:06.584] [SEVERE ] updating countdown to 59490
[09:03:06.585] [SEVERE ] updating countdown to 59489
[09:03:06.587] [SEVERE ] updating countdown to 59487
[09:03:06.588] [SEVERE ] updating countdown to 59486
[09:03:06.590] [SEVERE ] updating countdown to 59484
[09:03:06.591] [SEVERE ] updating countdown to 59483
[09:03:06.592] [SEVERE ] updating countdown to 59482
[09:03:06.594] [SEVERE ] updating countdown to 59480
[09:03:06.596] [SEVERE ] updating countdown to 59478
[09:03:06.598] [SEVERE ] updating countdown to 59476
[09:03:06.599] [SEVERE ] updating countdown to 59475
[09:03:06.601] [SEVERE ] updating countdown to 59473
[09:03:06.602] [SEVERE ] updating countdown to 59472
[09:03:06.604] [SEVERE ] updating countdown to 59470
[09:03:06.605] [SEVERE ] updating countdown to 59469
[09:03:06.607] [SEVERE ] updating countdown to 59467
[09:03:06.608] [SEVERE ] updating countdown to 59466
[09:03:06.609] [SEVERE ] updating countdown to 59465
[09:03:06.611] [SEVERE ] updating countdown to 59463
[09:03:06.612] [SEVERE ] updating countdown to 59462
[09:03:06.614] [SEVERE ] updating countdown to 59460
[09:03:06.615] [SEVERE ] updating countdown to 59459
[09:03:06.616] [SEVERE ] updating countdown to 59458
[09:03:06.618] [SEVERE ] updating countdown to 59456
[09:03:06.620] [SEVERE ] updating countdown to 59454
[09:03:06.621] [SEVERE ] updating countdown to 59453
[09:03:06.622] [SEVERE ] updating countdown to 59452
[09:03:06.624] [SEVERE ] updating countdown to 59450
[09:03:06.626] [SEVERE ] updating countdown to 59448
[09:03:06.628] [SEVERE ] updating countdown to 59446
[09:03:06.629] [SEVERE ] updating countdown to 59445
[09:03:06.631] [SEVERE ] updating countdown to 59443
[09:03:06.632] [SEVERE ] updating countdown to 59442
[09:03:06.633] [SEVERE ] updating countdown to 59441
[09:03:06.635] [SEVERE ] updating countdown to 59439
[09:03:06.636] [SEVERE ] updating countdown to 59438
[09:03:06.638] [SEVERE ] updating countdown to 59436
[09:03:06.639] [SEVERE ] updating countdown to 59435
[09:03:06.641] [SEVERE ] updating countdown to 59433
[09:03:06.642] [SEVERE ] updating countdown to 59432
[09:03:06.643] [SEVERE ] updating countdown to 59431
[09:03:06.645] [SEVERE ] updating countdown to 59429
[09:03:06.646] [SEVERE ] updating countdown to 59428
[09:03:06.648] [SEVERE ] updating countdown to 59426
[09:03:06.649] [SEVERE ] updating countdown to 59425
[09:03:06.650] [SEVERE ] updating countdown to 59424
[09:03:06.652] [SEVERE ] updating countdown to 59422
[09:03:06.653] [SEVERE ] updating countdown to 59421
[09:03:06.655] [SEVERE ] updating countdown to 59419
[09:03:06.656] [SEVERE ] updating countdown to 59418
[09:03:06.658] [SEVERE ] updating countdown to 59416
[09:03:06.659] [SEVERE ] updating countdown to 59415
[09:03:06.660] [SEVERE ] updating countdown to 59414
[09:03:06.662] [SEVERE ] updating countdown to 59412
[09:03:06.663] [SEVERE ] updating countdown to 59411
[09:03:06.665] [SEVERE ] updating countdown to 59409
[09:03:06.666] [SEVERE ] updating countdown to 59408
[09:03:06.668] [SEVERE ] updating countdown to 59406
[09:03:06.670] [SEVERE ] updating countdown to 59404
[09:03:06.672] [SEVERE ] updating countdown to 59402
[09:03:06.673] [SEVERE ] updating countdown to 59401
[09:03:06.675] [SEVERE ] updating countdown to 59399
[09:03:06.676] [SEVERE ] updating countdown to 59398
[09:03:06.678] [SEVERE ] updating countdown to 59396
[09:03:06.679] [SEVERE ] updating countdown to 59395
[09:03:06.681] [SEVERE ] updating countdown to 59393
[09:03:06.683] [SEVERE ] updating countdown to 59391
[09:03:06.684] [SEVERE ] updating countdown to 59390
[09:03:06.686] [SEVERE ] updating countdown to 59388
[09:03:06.687] [SEVERE ] updating countdown to 59387
[09:03:06.688] [SEVERE ] updating countdown to 59386
[09:03:06.690] [SEVERE ] updating countdown to 59384
[09:03:06.691] [SEVERE ] updating countdown to 59383
[09:03:06.693] [SEVERE ] updating countdown to 59381
[09:03:06.694] [SEVERE ] updating countdown to 59380
[09:03:06.696] [SEVERE ] updating countdown to 59378
[09:03:06.698] [SEVERE ] updating countdown to 59376
[09:03:06.700] [SEVERE ] updating countdown to 59374
[09:03:06.701] [SEVERE ] updating countdown to 59373
[09:03:06.702] [SEVERE ] updating countdown to 59372
[09:03:06.704] [SEVERE ] updating countdown to 59370
[09:03:06.705] [SEVERE ] updating countdown to 59369
[09:03:06.707] [SEVERE ] updating countdown to 59367
[09:03:06.708] [SEVERE ] updating countdown to 59366
[09:03:06.709] [SEVERE ] updating countdown to 59365
[09:03:06.711] [SEVERE ] updating countdown to 59363
[09:03:06.712] [SEVERE ] updating countdown to 59362
[09:03:06.714] [SEVERE ] updating countdown to 59360
[09:03:06.715] [SEVERE ] updating countdown to 59359
[09:03:06.717] [SEVERE ] updating countdown to 59357
[09:03:06.718] [SEVERE ] updating countdown to 59356
[09:03:06.719] [SEVERE ] updating countdown to 59355
[09:03:06.721] [SEVERE ] updating countdown to 59353
[09:03:06.722] [SEVERE ] updating countdown to 59352
[09:03:06.724] [SEVERE ] updating countdown to 59350
[09:03:06.725] [SEVERE ] updating countdown to 59349
[09:03:06.726] [SEVERE ] updating countdown to 59348
[09:03:06.728] [SEVERE ] updating countdown to 59346
[09:03:06.729] [SEVERE ] updating countdown to 59345
[09:03:06.731] [SEVERE ] updating countdown to 59343
[09:03:06.732] [SEVERE ] updating countdown to 59342
[09:03:06.733] [SEVERE ] updating countdown to 59341
[09:03:06.735] [SEVERE ] updating countdown to 59339
[09:03:06.736] [SEVERE ] updating countdown to 59338
[09:03:06.738] [SEVERE ] updating countdown to 59336
[09:03:06.739] [SEVERE ] updating countdown to 59335
[09:03:06.741] [SEVERE ] updating countdown to 59333
[09:03:06.742] [SEVERE ] updating countdown to 59332
[09:03:06.744] [SEVERE ] updating countdown to 59330
[09:03:06.746] [SEVERE ] updating countdown to 59328
[09:03:06.748] [SEVERE ] updating countdown to 59326
[09:03:06.749] [SEVERE ] updating countdown to 59325
[09:03:06.751] [SEVERE ] updating countdown to 59323
[09:03:06.752] [SEVERE ] updating countdown to 59322
[09:03:06.754] [SEVERE ] updating countdown to 59320
[09:03:06.755] [SEVERE ] updating countdown to 59319
[09:03:06.756] [SEVERE ] updating countdown to 59318
[09:03:06.758] [SEVERE ] updating countdown to 59316
[09:03:06.759] [SEVERE ] updating countdown to 59315
[09:03:06.761] [SEVERE ] updating countdown to 59313
[09:03:06.762] [SEVERE ] updating countdown to 59312
[09:03:06.764] [SEVERE ] updating countdown to 59310
[09:03:06.765] [SEVERE ] updating countdown to 59309
[09:03:06.767] [SEVERE ] updating countdown to 59307
[09:03:06.768] [SEVERE ] updating countdown to 59306
[09:03:06.770] [SEVERE ] updating countdown to 59304
[09:03:06.771] [SEVERE ] updating countdown to 59303
[09:03:06.773] [SEVERE ] updating countdown to 59301
[09:03:06.774] [SEVERE ] updating countdown to 59300
[09:03:06.776] [SEVERE ] updating countdown to 59298
[09:03:06.777] [SEVERE ] updating countdown to 59297
[09:03:06.778] [SEVERE ] updating countdown to 59296
[09:03:06.780] [SEVERE ] updating countdown to 59294
[09:03:06.781] [SEVERE ] updating countdown to 59293
[09:03:06.783] [SEVERE ] updating countdown to 59291
[09:03:06.784] [SEVERE ] updating countdown to 59290
[09:03:06.786] [SEVERE ] updating countdown to 59288
[09:03:06.788] [SEVERE ] updating countdown to 59286
[09:03:06.790] [SEVERE ] updating countdown to 59284
[09:03:06.791] [SEVERE ] updating countdown to 59283
[09:03:06.792] [SEVERE ] updating countdown to 59282
[09:03:06.794] [SEVERE ] updating countdown to 59280
[09:03:06.795] [SEVERE ] updating countdown to 59279
[09:03:06.797] [SEVERE ] updating countdown to 59277
[09:03:06.798] [SEVERE ] updating countdown to 59276
[09:03:06.800] [SEVERE ] updating countdown to 59274
[09:03:06.801] [SEVERE ] updating countdown to 59273
[09:03:06.803] [SEVERE ] updating countdown to 59271
[09:03:06.804] [SEVERE ] updating countdown to 59270
[09:03:06.806] [SEVERE ] updating countdown to 59268
[09:03:06.807] [SEVERE ] updating countdown to 59267
[09:03:06.809] [SEVERE ] updating countdown to 59265
[09:03:06.810] [SEVERE ] updating countdown to 59264
[09:03:06.811] [SEVERE ] updating countdown to 59263
[09:03:06.813] [SEVERE ] updating countdown to 59261
[09:03:06.814] [SEVERE ] updating countdown to 59260
[09:03:06.816] [SEVERE ] updating countdown to 59258
[09:03:06.818] [SEVERE ] updating countdown to 59256
[09:03:06.819] [SEVERE ] updating countdown to 59255
[09:03:06.821] [SEVERE ] updating countdown to 59253
[09:03:06.822] [SEVERE ] updating countdown to 59252
[09:03:06.824] [SEVERE ] updating countdown to 59250
[09:03:06.825] [SEVERE ] updating countdown to 59249
[09:03:06.827] [SEVERE ] updating countdown to 59247
[09:03:06.828] [SEVERE ] updating countdown to 59246
[09:03:06.829] [SEVERE ] updating countdown to 59245
[09:03:06.831] [SEVERE ] updating countdown to 59243
[09:03:06.832] [SEVERE ] updating countdown to 59242
[09:03:06.834] [SEVERE ] updating countdown to 59240
[09:03:06.835] [SEVERE ] updating countdown to 59239
[09:03:06.836] [SEVERE ] updating countdown to 59238
[09:03:06.838] [SEVERE ] updating countdown to 59236
[09:03:06.839] [SEVERE ] updating countdown to 59235
[09:03:06.840] [SEVERE ] updating countdown to 59234
[09:03:06.842] [SEVERE ] updating countdown to 59232
[09:03:06.843] [SEVERE ] updating countdown to 59231
[09:03:06.845] [SEVERE ] updating countdown to 59229
[09:03:06.846] [SEVERE ] updating countdown to 59228
[09:03:06.848] [SEVERE ] updating countdown to 59226
[09:03:06.849] [SEVERE ] updating countdown to 59225
[09:03:06.851] [SEVERE ] updating countdown to 59223
[09:03:06.852] [SEVERE ] updating countdown to 59222
[09:03:06.854] [SEVERE ] updating countdown to 59220
[09:03:06.855] [SEVERE ] updating countdown to 59219
[09:03:06.857] [SEVERE ] updating countdown to 59217
[09:03:06.858] [SEVERE ] updating countdown to 59216
[09:03:06.860] [SEVERE ] updating countdown to 59214
[09:03:06.861] [SEVERE ] updating countdown to 59213
[09:03:06.862] [SEVERE ] updating countdown to 59212
[09:03:06.864] [SEVERE ] updating countdown to 59210
[09:03:06.865] [SEVERE ] updating countdown to 59209
[09:03:06.868] [SEVERE ] updating countdown to 59206
[09:03:06.870] [SEVERE ] updating countdown to 59204
[09:03:06.871] [SEVERE ] updating countdown to 59203
[09:03:06.873] [SEVERE ] updating countdown to 59201
[09:03:06.874] [SEVERE ] updating countdown to 59200
[09:03:06.875] [SEVERE ] updating countdown to 59199
[09:03:06.877] [SEVERE ] updating countdown to 59197
[09:03:06.878] [SEVERE ] updating countdown to 59196
[09:03:06.880] [SEVERE ] updating countdown to 59194
[09:03:06.881] [SEVERE ] updating countdown to 59193
[09:03:06.882] [SEVERE ] updating countdown to 59192
[09:03:06.884] [SEVERE ] updating countdown to 59190
[09:03:06.885] [SEVERE ] updating countdown to 59189
[09:03:06.887] [SEVERE ] updating countdown to 59187
[09:03:06.888] [SEVERE ] updating countdown to 59186
[09:03:06.890] [SEVERE ] updating countdown to 59184
[09:03:06.891] [SEVERE ] updating countdown to 59183
[09:03:06.893] [SEVERE ] updating countdown to 59181
[09:03:06.895] [SEVERE ] updating countdown to 59179
[09:03:06.897] [SEVERE ] updating countdown to 59177
[09:03:06.898] [SEVERE ] updating countdown to 59176
[09:03:06.900] [SEVERE ] updating countdown to 59174
[09:03:06.901] [SEVERE ] updating countdown to 59173
[09:03:06.902] [SEVERE ] updating countdown to 59172
[09:03:06.904] [SEVERE ] updating countdown to 59170
[09:03:06.905] [SEVERE ] updating countdown to 59169
[09:03:06.915] [SEVERE ] updating countdown to 59159
[09:03:06.917] [SEVERE ] updating countdown to 59157
[09:03:06.918] [SEVERE ] updating countdown to 59156
[09:03:06.920] [SEVERE ] updating countdown to 59154
[09:03:06.923] [SEVERE ] updating countdown to 59151
[09:03:06.925] [SEVERE ] updating countdown to 59149
[09:03:06.926] [SEVERE ] updating countdown to 59148
[09:03:06.928] [SEVERE ] updating countdown to 59146
[09:03:06.929] [SEVERE ] updating countdown to 59145
[09:03:06.931] [SEVERE ] updating countdown to 59143
[09:03:06.932] [SEVERE ] updating countdown to 59142
[09:03:06.934] [SEVERE ] updating countdown to 59140
[09:03:06.935] [SEVERE ] updating countdown to 59139
[09:03:06.936] [SEVERE ] updating countdown to 59138
[09:03:06.938] [SEVERE ] updating countdown to 59136
[09:03:06.939] [SEVERE ] updating countdown to 59135
[09:03:06.941] [SEVERE ] updating countdown to 59133
[09:03:06.942] [SEVERE ] updating countdown to 59132
[09:03:06.944] [SEVERE ] updating countdown to 59130
[09:03:06.945] [SEVERE ] updating countdown to 59129
[09:03:06.947] [SEVERE ] updating countdown to 59127
[09:03:06.948] [SEVERE ] updating countdown to 59126
[09:03:06.950] [SEVERE ] updating countdown to 59124
[09:03:06.952] [SEVERE ] updating countdown to 59122
[09:03:06.953] [SEVERE ] updating countdown to 59121
[09:03:06.955] [SEVERE ] updating countdown to 59119
[09:03:06.956] [SEVERE ] updating countdown to 59118
[09:03:06.958] [SEVERE ] updating countdown to 59116
[09:03:06.960] [SEVERE ] updating countdown to 59114
[09:03:06.961] [SEVERE ] updating countdown to 59113
[09:03:06.963] [SEVERE ] updating countdown to 59111
[09:03:06.964] [SEVERE ] updating countdown to 59110
[09:03:06.966] [SEVERE ] updating countdown to 59108
[09:03:06.968] [SEVERE ] updating countdown to 59106
[09:03:06.970] [SEVERE ] updating countdown to 59104
[09:03:06.971] [SEVERE ] updating countdown to 59103
[09:03:06.973] [SEVERE ] updating countdown to 59101
[09:03:06.974] [SEVERE ] updating countdown to 59100
[09:03:06.976] [SEVERE ] updating countdown to 59098
[09:03:06.977] [SEVERE ] updating countdown to 59097
[09:03:06.979] [SEVERE ] updating countdown to 59095
[09:03:06.980] [SEVERE ] updating countdown to 59094
[09:03:06.982] [SEVERE ] updating countdown to 59092
[09:03:06.983] [SEVERE ] updating countdown to 59091
[09:03:06.985] [SEVERE ] updating countdown to 59089
[09:03:06.986] [SEVERE ] updating countdown to 59088
[09:03:06.988] [SEVERE ] updating countdown to 59086
[09:03:06.989] [SEVERE ] updating countdown to 59085
[09:03:06.990] [SEVERE ] updating countdown to 59084
[09:03:06.992] [SEVERE ] updating countdown to 59082
[09:03:06.993] [SEVERE ] updating countdown to 59081
[09:03:06.995] [SEVERE ] updating countdown to 59079
[09:03:06.996] [SEVERE ] updating countdown to 59078
[09:03:06.998] [SEVERE ] updating countdown to 59076
[09:03:06.999] [SEVERE ] updating countdown to 59075
[09:03:07.001] [SEVERE ] updating countdown to 59073
[09:03:07.002] [SEVERE ] updating countdown to 59072
[09:03:07.004] [SEVERE ] updating countdown to 59070
[09:03:07.005] [SEVERE ] updating countdown to 59069
[09:03:07.007] [SEVERE ] updating countdown to 59067
[09:03:07.008] [SEVERE ] updating countdown to 59066
[09:03:07.010] [SEVERE ] updating countdown to 59064
[09:03:07.011] [SEVERE ] updating countdown to 59063
[09:03:07.013] [SEVERE ] updating countdown to 59061
[09:03:07.015] [SEVERE ] updating countdown to 59059
[09:03:07.016] [SEVERE ] updating countdown to 59058
[09:03:07.018] [SEVERE ] updating countdown to 59056
[09:03:07.019] [SEVERE ] updating countdown to 59055
[09:03:07.020] [SEVERE ] updating countdown to 59054
[09:03:07.022] [SEVERE ] updating countdown to 59052
[09:03:07.023] [SEVERE ] updating countdown to 59051
[09:03:07.025] [SEVERE ] updating countdown to 59049
[09:03:07.026] [SEVERE ] updating countdown to 59048
[09:03:07.028] [SEVERE ] updating countdown to 59046
[09:03:07.029] [SEVERE ] updating countdown to 59045
[09:03:07.031] [SEVERE ] updating countdown to 59043
[09:03:07.032] [SEVERE ] updating countdown to 59042
[09:03:07.034] [SEVERE ] updating countdown to 59040
[09:03:07.035] [SEVERE ] updating countdown to 59039
[09:03:07.037] [SEVERE ] updating countdown to 59037
[09:03:07.038] [SEVERE ] updating countdown to 59036
[09:03:07.040] [SEVERE ] updating countdown to 59034
[09:03:07.041] [SEVERE ] updating countdown to 59033
[09:03:07.043] [SEVERE ] updating countdown to 59031
[09:03:07.044] [SEVERE ] updating countdown to 59030
[09:03:07.045] [SEVERE ] updating countdown to 59029
[09:03:07.047] [SEVERE ] updating countdown to 59027
[09:03:07.048] [SEVERE ] updating countdown to 59026
[09:03:07.049] [SEVERE ] updating countdown to 59025
[09:03:07.051] [SEVERE ] updating countdown to 59023
[09:03:07.052] [SEVERE ] updating countdown to 59022
[09:03:07.053] [SEVERE ] updating countdown to 59021
[09:03:07.055] [SEVERE ] updating countdown to 59019
[09:03:07.056] [SEVERE ] updating countdown to 59018
[09:03:07.057] [SEVERE ] updating countdown to 59017
[09:03:07.059] [SEVERE ] updating countdown to 59015
[09:03:07.060] [SEVERE ] updating countdown to 59014
[09:03:07.062] [SEVERE ] updating countdown to 59012
[09:03:07.064] [SEVERE ] updating countdown to 59010
[09:03:07.065] [SEVERE ] updating countdown to 59009
[09:03:07.067] [SEVERE ] updating countdown to 59007
[09:03:07.068] [SEVERE ] updating countdown to 59006
[09:03:07.070] [SEVERE ] updating countdown to 59004
[09:03:07.071] [SEVERE ] updating countdown to 59003
[09:03:07.072] [SEVERE ] updating countdown to 59002
[09:03:07.074] [SEVERE ] updating countdown to 59000
[09:03:07.076] [SEVERE ] updating countdown to 58998
[09:03:07.077] [SEVERE ] updating countdown to 58997
[09:03:07.079] [SEVERE ] updating countdown to 58995
[09:03:07.080] [SEVERE ] updating countdown to 58994
[09:03:07.082] [SEVERE ] updating countdown to 58992
[09:03:07.083] [SEVERE ] updating countdown to 58991
[09:03:07.084] [SEVERE ] updating countdown to 58990
[09:03:07.086] [SEVERE ] updating countdown to 58988
[09:03:07.087] [SEVERE ] updating countdown to 58987
[09:03:07.089] [SEVERE ] updating countdown to 58985
[09:03:07.090] [SEVERE ] updating countdown to 58984
[09:03:07.091] [SEVERE ] updating countdown to 58983
[09:03:07.093] [SEVERE ] updating countdown to 58981
[09:03:07.094] [SEVERE ] updating countdown to 58980
[09:03:07.096] [SEVERE ] updating countdown to 58978
[09:03:07.097] [SEVERE ] updating countdown to 58977
[09:03:07.099] [SEVERE ] updating countdown to 58975
[09:03:07.100] [SEVERE ] updating countdown to 58974
[09:03:07.101] [SEVERE ] updating countdown to 58973
[09:03:07.103] [SEVERE ] updating countdown to 58971
[09:03:07.105] [SEVERE ] updating countdown to 58969
[09:03:07.106] [SEVERE ] updating countdown to 58968
[09:03:07.108] [SEVERE ] updating countdown to 58966
[09:03:07.109] [SEVERE ] updating countdown to 58965
[09:03:07.111] [SEVERE ] updating countdown to 58963
[09:03:07.112] [SEVERE ] updating countdown to 58962
[09:03:07.114] [SEVERE ] updating countdown to 58960
[09:03:07.115] [SEVERE ] updating countdown to 58959
[09:03:07.116] [SEVERE ] updating countdown to 58958
[09:03:07.118] [SEVERE ] updating countdown to 58956
[09:03:07.119] [SEVERE ] updating countdown to 58955
[09:03:07.121] [SEVERE ] updating countdown to 58953
[09:03:07.123] [SEVERE ] updating countdown to 58951
[09:03:07.124] [SEVERE ] updating countdown to 58950
[09:03:07.126] [SEVERE ] updating countdown to 58948
[09:03:07.127] [SEVERE ] updating countdown to 58947
[09:03:07.128] [SEVERE ] updating countdown to 58946
[09:03:07.130] [SEVERE ] updating countdown to 58944
[09:03:07.131] [SEVERE ] updating countdown to 58943
[09:03:07.133] [SEVERE ] updating countdown to 58941
[09:03:07.135] [SEVERE ] updating countdown to 58939
[09:03:07.137] [SEVERE ] updating countdown to 58937
[09:03:07.138] [SEVERE ] updating countdown to 58936
[09:03:07.139] [SEVERE ] updating countdown to 58935
[09:03:07.141] [SEVERE ] updating countdown to 58933
[09:03:07.142] [SEVERE ] updating countdown to 58932
[09:03:07.144] [SEVERE ] updating countdown to 58930
[09:03:07.145] [SEVERE ] updating countdown to 58929
[09:03:07.147] [SEVERE ] updating countdown to 58927
[09:03:07.148] [SEVERE ] updating countdown to 58926
[09:03:07.150] [SEVERE ] updating countdown to 58924
[09:03:07.151] [SEVERE ] updating countdown to 58923
[09:03:07.153] [SEVERE ] updating countdown to 58921
[09:03:07.154] [SEVERE ] updating countdown to 58920
[09:03:07.155] [SEVERE ] updating countdown to 58919
[09:03:07.157] [SEVERE ] updating countdown to 58917
[09:03:07.158] [SEVERE ] updating countdown to 58916
[09:03:07.160] [SEVERE ] updating countdown to 58914
[09:03:07.161] [SEVERE ] updating countdown to 58913
[09:03:07.162] [SEVERE ] updating countdown to 58912
[09:03:07.164] [SEVERE ] updating countdown to 58910
[09:03:07.165] [SEVERE ] updating countdown to 58909
[09:03:07.167] [SEVERE ] updating countdown to 58907
[09:03:07.168] [SEVERE ] updating countdown to 58906
[09:03:07.170] [SEVERE ] updating countdown to 58904
[09:03:07.171] [SEVERE ] updating countdown to 58903
[09:03:07.172] [SEVERE ] updating countdown to 58902
[09:03:07.174] [SEVERE ] updating countdown to 58900
[09:03:07.175] [SEVERE ] updating countdown to 58899
[09:03:07.177] [SEVERE ] updating countdown to 58897
[09:03:07.178] [SEVERE ] updating countdown to 58896
[09:03:07.180] [SEVERE ] updating countdown to 58894
[09:03:07.181] [SEVERE ] updating countdown to 58893
[09:03:07.183] [SEVERE ] updating countdown to 58891
[09:03:07.185] [SEVERE ] updating countdown to 58889
[09:03:07.186] [SEVERE ] updating countdown to 58888
[09:03:07.188] [SEVERE ] updating countdown to 58886
[09:03:07.189] [SEVERE ] updating countdown to 58885
[09:03:07.190] [SEVERE ] updating countdown to 58884
[09:03:07.192] [SEVERE ] updating countdown to 58882
[09:03:07.193] [SEVERE ] updating countdown to 58881
[09:03:07.195] [SEVERE ] updating countdown to 58879
[09:03:07.196] [SEVERE ] updating countdown to 58878
[09:03:07.198] [SEVERE ] updating countdown to 58876
[09:03:07.199] [SEVERE ] updating countdown to 58875
[09:03:07.200] [SEVERE ] key 87 was pressed by player 1
[09:03:07.201] [SEVERE ] updating countdown to 58873
[09:03:07.202] [SEVERE ] updating countdown to 58872
[09:03:07.204] [SEVERE ] updating countdown to 58870
[09:03:07.206] [SEVERE ] updating countdown to 58868
[09:03:07.208] [SEVERE ] updating countdown to 58866
[09:03:07.209] [SEVERE ] updating countdown to 58865
[09:03:07.210] [SEVERE ] updating countdown to 58864
[09:03:07.212] [SEVERE ] updating countdown to 58862
[09:03:07.213] [SEVERE ] updating countdown to 58861
[09:03:07.215] [SEVERE ] updating countdown to 58859
[09:03:07.216] [SEVERE ] updating countdown to 58858
[09:03:07.218] [SEVERE ] updating countdown to 58856
[09:03:07.219] [SEVERE ] updating countdown to 58855
[09:03:07.220] [SEVERE ] updating countdown to 58854
[09:03:07.222] [SEVERE ] updating countdown to 58852
[09:03:07.224] [SEVERE ] updating countdown to 58850
[09:03:07.225] [SEVERE ] updating countdown to 58849
[09:03:07.227] [SEVERE ] updating countdown to 58847
[09:03:07.228] [SEVERE ] updating countdown to 58846
[09:03:07.229] [SEVERE ] updating countdown to 58845
[09:03:07.231] [SEVERE ] updating countdown to 58843
[09:03:07.232] [SEVERE ] updating countdown to 58842
[09:03:07.234] [SEVERE ] updating countdown to 58840
[09:03:07.235] [SEVERE ] updating countdown to 58839
[09:03:07.237] [SEVERE ] updating countdown to 58837
[09:03:07.238] [SEVERE ] updating countdown to 58836
[09:03:07.240] [SEVERE ] updating countdown to 58834
[09:03:07.242] [SEVERE ] updating countdown to 58832
[09:03:07.243] [SEVERE ] updating countdown to 58831
[09:03:07.245] [SEVERE ] updating countdown to 58829
[09:03:07.249] [SEVERE ] updating countdown to 58825
[09:03:07.250] [SEVERE ] updating countdown to 58824
[09:03:07.252] [SEVERE ] updating countdown to 58822
[09:03:07.254] [SEVERE ] updating countdown to 58820
[09:03:07.255] [SEVERE ] updating countdown to 58819
[09:03:07.257] [SEVERE ] updating countdown to 58817
[09:03:07.258] [SEVERE ] updating countdown to 58816
[09:03:07.259] [SEVERE ] updating countdown to 58815
[09:03:07.261] [SEVERE ] updating countdown to 58813
[09:03:07.262] [SEVERE ] updating countdown to 58812
[09:03:07.264] [SEVERE ] updating countdown to 58810
[09:03:07.265] [SEVERE ] updating countdown to 58809
[09:03:07.267] [SEVERE ] updating countdown to 58807
[09:03:07.268] [SEVERE ] updating countdown to 58806
[09:03:07.270] [SEVERE ] updating countdown to 58804
[09:03:07.272] [SEVERE ] updating countdown to 58802
[09:03:07.274] [SEVERE ] updating countdown to 58800
[09:03:07.275] [SEVERE ] updating countdown to 58799
[09:03:07.277] [SEVERE ] updating countdown to 58797
[09:03:07.279] [SEVERE ] updating countdown to 58795
[09:03:07.280] [SEVERE ] updating countdown to 58794
[09:03:07.282] [SEVERE ] updating countdown to 58792
[09:03:07.283] [SEVERE ] updating countdown to 58791
[09:03:07.285] [SEVERE ] updating countdown to 58789
[09:03:07.286] [SEVERE ] updating countdown to 58788
[09:03:07.287] [SEVERE ] updating countdown to 58787
[09:03:07.289] [SEVERE ] updating countdown to 58785
[09:03:07.290] [SEVERE ] updating countdown to 58784
[09:03:07.292] [SEVERE ] updating countdown to 58782
[09:03:07.294] [SEVERE ] updating countdown to 58780
[09:03:07.295] [SEVERE ] key 81 was pressed by player 1
[09:03:07.295] [SEVERE ] updating countdown to 58779
[09:03:07.295] [SEVERE ] removing player 1 token from slot 0
[09:03:07.297] [SEVERE ] updating countdown to 58777
[09:03:07.298] [SEVERE ] updating countdown to 58776
[09:03:07.300] [SEVERE ] updating countdown to 58774
[09:03:07.301] [SEVERE ] updating countdown to 58773
[09:03:07.302] [SEVERE ] updating countdown to 58772
[09:03:07.304] [SEVERE ] updating countdown to 58770
[09:03:07.305] [SEVERE ] updating countdown to 58769
[09:03:07.307] [SEVERE ] updating countdown to 58767
[09:03:07.308] [SEVERE ] updating countdown to 58766
[09:03:07.309] [SEVERE ] updating countdown to 58765
[09:03:07.311] [SEVERE ] updating countdown to 58763
[09:03:07.312] [SEVERE ] updating countdown to 58762
[09:03:07.314] [SEVERE ] updating countdown to 58760
[09:03:07.316] [SEVERE ] updating countdown to 58758
[09:03:07.317] [SEVERE ] updating countdown to 58757
[09:03:07.319] [SEVERE ] updating countdown to 58755
[09:03:07.321] [SEVERE ] updating countdown to 58753
[09:03:07.323] [SEVERE ] updating countdown to 58751
[09:03:07.324] [SEVERE ] updating countdown to 58750
[09:03:07.326] [SEVERE ] updating countdown to 58748
[09:03:07.327] [SEVERE ] updating countdown to 58747
[09:03:07.329] [SEVERE ] updating countdown to 58745
[09:03:07.330] [SEVERE ] updating countdown to 58744
[09:03:07.332] [SEVERE ] updating countdown to 58742
[09:03:07.333] [SEVERE ] updating countdown to 58741
[09:03:07.335] [SEVERE ] updating countdown to 58739
[09:03:07.336] [SEVERE ] updating countdown to 58738
[09:03:07.338] [SEVERE ] updating countdown to 58736
[09:03:07.339] [SEVERE ] updating countdown to 58735
[09:03:07.341] [SEVERE ] updating countdown to 58733
[09:03:07.342] [SEVERE ] updating countdown to 58732
[09:03:07.344] [SEVERE ] updating countdown to 58730
[09:03:07.345] [SEVERE ] updating countdown to 58729
[09:03:07.347] [SEVERE ] updating countdown to 58727
[09:03:07.350] [SEVERE ] updating countdown to 58724
[09:03:07.351] [SEVERE ] updating countdown to 58723
[09:03:07.353] [SEVERE ] updating countdown to 58721
[09:03:07.354] [SEVERE ] updating countdown to 58720
[09:03:07.355] [SEVERE ] updating countdown to 58719
[09:03:07.357] [SEVERE ] updating countdown to 58717
[09:03:07.359] [SEVERE ] updating countdown to 58715
[09:03:07.360] [SEVERE ] updating countdown to 58714
[09:03:07.361] [SEVERE ] updating countdown to 58713
[09:03:07.363] [SEVERE ] updating countdown to 58711
[09:03:07.364] [SEVERE ] updating countdown to 58710
[09:03:07.366] [SEVERE ] updating countdown to 58708
[09:03:07.367] [SEVERE ] updating countdown to 58707
[09:03:07.369] [SEVERE ] updating countdown to 58705
[09:03:07.370] [SEVERE ] updating countdown to 58704
[09:03:07.371] [SEVERE ] updating countdown to 58703
[09:03:07.373] [SEVERE ] updating countdown to 58701
[09:03:07.374] [SEVERE ] updating countdown to 58700
[09:03:07.376] [SEVERE ] updating countdown to 58698
[09:03:07.377] [SEVERE ] updating countdown to 58697
[09:03:07.379] [SEVERE ] updating countdown to 58695
[09:03:07.380] [SEVERE ] updating countdown to 58694
[09:03:07.381] [SEVERE ] updating countdown to 58693
[09:03:07.383] [SEVERE ] updating countdown to 58691
[09:03:07.384] [SEVERE ] updating countdown to 58690
[09:03:07.385] [SEVERE ] updating countdown to 58689
[09:03:07.387] [SEVERE ] updating countdown to 58687
[09:03:07.389] [SEVERE ] updating countdown to 58686
[09:03:07.390] [SEVERE ] updating countdown to 58684
[09:03:07.392] [SEVERE ] updating countdown to 58682
[09:03:07.393] [SEVERE ] updating countdown to 58681
[09:03:07.395] [SEVERE ] updating countdown to 58679
[09:03:07.396] [SEVERE ] updating countdown to 58678
[09:03:07.398] [SEVERE ] updating countdown to 58676
[09:03:07.399] [SEVERE ] updating countdown to 58675
[09:03:07.400] [SEVERE ] updating countdown to 58674
[09:03:07.402] [SEVERE ] updating countdown to 58672
[09:03:07.403] [SEVERE ] updating countdown to 58671
[09:03:07.405] [SEVERE ] updating countdown to 58669
[09:03:07.406] [SEVERE ] updating countdown to 58668
[09:03:07.408] [SEVERE ] updating countdown to 58666
[09:03:07.409] [SEVERE ] updating countdown to 58665
[09:03:07.411] [SEVERE ] updating countdown to 58663
[09:03:07.412] [SEVERE ] updating countdown to 58662
[09:03:07.414] [SEVERE ] updating countdown to 58660
[09:03:07.416] [SEVERE ] updating countdown to 58658
[09:03:07.417] [SEVERE ] updating countdown to 58657
[09:03:07.419] [SEVERE ] updating countdown to 58655
[09:03:07.421] [SEVERE ] updating countdown to 58653
[09:03:07.423] [SEVERE ] updating countdown to 58651
[09:03:07.425] [SEVERE ] updating countdown to 58649
[09:03:07.426] [SEVERE ] updating countdown to 58648
[09:03:07.428] [SEVERE ] updating countdown to 58646
[09:03:07.430] [SEVERE ] updating countdown to 58644
[09:03:07.432] [SEVERE ] updating countdown to 58642
[09:03:07.434] [SEVERE ] updating countdown to 58640
[09:03:07.435] [SEVERE ] updating countdown to 58639
[09:03:07.437] [SEVERE ] updating countdown to 58637
[09:03:07.438] [SEVERE ] updating countdown to 58636
[09:03:07.440] [SEVERE ] updating countdown to 58634
[09:03:07.441] [SEVERE ] updating countdown to 58633
[09:03:07.443] [SEVERE ] updating countdown to 58631
[09:03:07.444] [SEVERE ] updating countdown to 58630
[09:03:07.446] [SEVERE ] updating countdown to 58628
[09:03:07.447] [SEVERE ] updating countdown to 58627
[09:03:07.449] [SEVERE ] updating countdown to 58625
[09:03:07.450] [SEVERE ] updating countdown to 58624
[09:03:07.452] [SEVERE ] updating countdown to 58622
[09:03:07.453] [SEVERE ] updating countdown to 58621
[09:03:07.455] [SEVERE ] updating countdown to 58619
[09:03:07.456] [SEVERE ] updating countdown to 58618
[09:03:07.458] [SEVERE ] updating countdown to 58616
[09:03:07.459] [SEVERE ] key 69 was pressed by player 1
[09:03:07.460] [SEVERE ] removing player 1 token from slot 2
[09:03:07.460] [SEVERE ] updating countdown to 58614
[09:03:07.461] [SEVERE ] removing player 1 token from slot 1
[09:03:07.462] [SEVERE ] removing player 1 token from slot 0
[09:03:07.462] [SEVERE ] removing player 1 token from slot 2
[09:03:07.573] [SEVERE ] key 87 was pressed by player 1
[09:03:07.639] [SEVERE ] key 81 was pressed by player 1
[09:03:07.814] [SEVERE ] key 69 was pressed by player 1
[09:03:07.833] [SEVERE ] key 87 was pressed by player 1
[09:03:07.980] [SEVERE ] key 65 was pressed by player 1
[09:03:08.101] [SEVERE ] key 69 was pressed by player 1
