[19:30:21.351] [INFO   ] thread bguspl.set.Main.main() starting.
[19:30:21.353] [SEVERE ] cannot read configuration file config.properties trying from resources.
[19:30:21.354] [SEVERE ] configuration file was loaded from resources directory.
[19:30:22.046] [INFO   ] thread dealer starting.
[19:30:22.049] [INFO   ] thread dealer starting.
[19:30:22.052] [INFO   ] thread 0  starting.
[19:30:22.053] [INFO   ] thread 1  starting.
[19:30:22.153] [SEVERE ] placing card 0 in slot 0
[19:30:22.255] [SEVERE ] placing card 1 in slot 1
[19:30:22.356] [SEVERE ] placing card 2 in slot 2
[19:30:22.457] [SEVERE ] placing card 3 in slot 3
[19:30:22.557] [SEVERE ] placing card 4 in slot 4
[19:30:22.659] [SEVERE ] placing card 5 in slot 5
[19:30:22.760] [SEVERE ] placing card 6 in slot 6
[19:30:22.861] [SEVERE ] placing card 7 in slot 7
[19:30:22.962] [SEVERE ] placing card 8 in slot 8
[19:30:23.063] [SEVERE ] placing card 9 in slot 9
[19:30:23.165] [SEVERE ] placing card 10 in slot 10
[19:30:23.266] [SEVERE ] placing card 11 in slot 11
[19:30:23.278] [SEVERE ] updating countdown to 59999
[19:30:23.281] [INFO   ] thread dealer checking
[19:30:23.281] [INFO   ] thread dealercalling 'has something to do.
[19:30:23.282] [INFO   ] thread dealer entering while loop
[19:30:23.726] [SEVERE ] key 81 was pressed by player 1
[19:30:23.727] [SEVERE ] player 1 placing token on slot 0
[19:30:23.819] [SEVERE ] key 87 was pressed by player 1
[19:30:23.819] [SEVERE ] player 1 placing token on slot 1
[19:30:23.931] [SEVERE ] key 69 was pressed by player 1
[19:30:23.931] [SEVERE ] player 1 placing token on slot 2
[19:30:23.933] [INFO   ] thread 0  waking up dealer
[19:30:23.934] [INFO   ] thread dealer interrupted
[19:30:23.937] [INFO   ] thread dealer starting for.
[19:30:23.937] [SEVERE ] removing player 1 token from slot 0
[19:30:24.038] [SEVERE ] removing card from slot 0
[19:30:24.038] [SEVERE ] removing player 1 token from slot 1
[19:30:24.139] [SEVERE ] removing card from slot 1
[19:30:24.140] [SEVERE ] removing player 1 token from slot 2
[19:30:24.241] [SEVERE ] removing card from slot 2
[19:30:24.242] [SEVERE ] setting player 1 score to 1
[19:30:24.243] [SEVERE ] setting player 1 freeze to 1000
[19:30:25.245] [INFO   ] thread dealer done for .
[19:30:25.346] [SEVERE ] placing card 12 in slot 0
[19:30:25.447] [SEVERE ] placing card 13 in slot 1
[19:30:25.547] [SEVERE ] placing card 14 in slot 2
[19:30:25.549] [SEVERE ] updating countdown to 57728
[19:30:25.550] [INFO   ] thread dealer checking
[19:30:25.550] [INFO   ] thread dealercalling 'has something to do.
[19:30:25.550] [INFO   ] thread dealer entering while loop
[19:30:28.028] [SEVERE ] key 81 was pressed by player 1
[19:30:28.029] [SEVERE ] player 1 placing token on slot 0
[19:30:28.140] [SEVERE ] key 87 was pressed by player 1
[19:30:28.140] [SEVERE ] player 1 placing token on slot 1
[19:30:28.241] [SEVERE ] key 69 was pressed by player 1
[19:30:28.242] [SEVERE ] player 1 placing token on slot 2
[19:30:28.242] [INFO   ] thread 0  waking up dealer
[19:30:28.243] [INFO   ] thread dealer interrupted
[19:30:28.246] [INFO   ] thread dealer starting for.
[19:30:28.247] [SEVERE ] removing player 1 token from slot 0
[19:30:28.347] [SEVERE ] removing card from slot 0
[19:30:28.348] [SEVERE ] removing player 1 token from slot 1
[19:30:28.449] [SEVERE ] removing card from slot 1
[19:30:28.449] [SEVERE ] removing player 1 token from slot 2
[19:30:28.550] [SEVERE ] removing card from slot 2
[19:30:28.551] [SEVERE ] setting player 1 score to 2
[19:30:28.551] [SEVERE ] setting player 1 freeze to 1000
[19:30:29.551] [INFO   ] thread dealer done for .
[19:30:29.652] [SEVERE ] placing card 15 in slot 0
[19:30:29.753] [SEVERE ] placing card 16 in slot 1
[19:30:29.853] [SEVERE ] placing card 17 in slot 2
[19:30:29.855] [SEVERE ] updating countdown to 53422
[19:30:29.856] [INFO   ] thread dealer checking
[19:30:29.856] [INFO   ] thread dealercalling 'has something to do.
[19:30:29.856] [INFO   ] thread dealer entering while loop
[19:30:33.364] [SEVERE ] key 81 was pressed by player 1
[19:30:33.365] [SEVERE ] player 1 placing token on slot 0
[19:30:33.435] [SEVERE ] key 87 was pressed by player 1
[19:30:33.436] [SEVERE ] player 1 placing token on slot 1
[19:30:33.509] [SEVERE ] key 69 was pressed by player 1
[19:30:33.510] [SEVERE ] player 1 placing token on slot 2
[19:30:33.510] [INFO   ] thread 0  waking up dealer
[19:30:33.510] [INFO   ] thread dealer interrupted
[19:30:33.514] [INFO   ] thread dealer starting for.
[19:30:33.514] [SEVERE ] removing player 1 token from slot 0
[19:30:33.615] [SEVERE ] removing card from slot 0
[19:30:33.615] [SEVERE ] removing player 1 token from slot 1
[19:30:33.716] [SEVERE ] removing card from slot 1
[19:30:33.717] [SEVERE ] removing player 1 token from slot 2
[19:30:33.818] [SEVERE ] removing card from slot 2
[19:30:33.818] [SEVERE ] setting player 1 score to 3
[19:30:33.818] [SEVERE ] setting player 1 freeze to 1000
[19:30:34.819] [INFO   ] thread dealer done for .
[19:30:34.920] [SEVERE ] placing card 18 in slot 0
[19:30:35.021] [SEVERE ] placing card 19 in slot 1
[19:30:35.121] [SEVERE ] placing card 20 in slot 2
[19:30:35.123] [SEVERE ] updating countdown to 48154
[19:30:35.124] [INFO   ] thread dealer checking
[19:30:35.124] [INFO   ] thread dealercalling 'has something to do.
[19:30:35.124] [INFO   ] thread dealer entering while loop
[19:30:36.745] [SEVERE ] exit button pressed
[19:30:36.746] [INFO   ] thread 1  terminated.
[19:30:36.746] [INFO   ] thread 0  terminated.
[19:30:36.746] [INFO   ] thread dealer interrupted
[19:30:36.751] [INFO   ] thread dealer starting for.
[19:30:36.752] [INFO   ] thread dealer done for .
[19:30:36.752] [SEVERE ] updating countdown to 46525
[19:30:36.752] [INFO   ] thread dealer terminated.
[19:30:36.752] [INFO   ] thread dealer terminated.
[19:30:36.752] [SEVERE ] thanks for playing... it was fun!
[19:30:36.753] [INFO   ] thread bguspl.set.Main.main() terminated.
