[19:28:00.479] [INFO   ] thread bguspl.set.Main.main() starting.
[19:28:00.482] [SEVERE ] cannot read configuration file config.properties trying from resources.
[19:28:00.485] [SEVERE ] configuration file was loaded from resources directory.
[19:28:01.130] [INFO   ] thread dealer starting.
[19:28:01.131] [INFO   ] thread dealer starting.
[19:28:01.135] [INFO   ] thread 0  starting.
[19:28:01.135] [INFO   ] thread 1  starting.
[19:28:01.236] [SEVERE ] placing card 0 in slot 0
[19:28:01.347] [SEVERE ] placing card 1 in slot 1
[19:28:01.448] [SEVERE ] placing card 2 in slot 2
[19:28:01.549] [SEVERE ] placing card 3 in slot 3
[19:28:01.650] [SEVERE ] placing card 4 in slot 4
[19:28:01.752] [SEVERE ] placing card 5 in slot 5
[19:28:01.853] [SEVERE ] placing card 6 in slot 6
[19:28:01.955] [SEVERE ] placing card 7 in slot 7
[19:28:02.056] [SEVERE ] placing card 8 in slot 8
[19:28:02.158] [SEVERE ] placing card 9 in slot 9
[19:28:02.259] [SEVERE ] placing card 10 in slot 10
[19:28:02.360] [SEVERE ] placing card 11 in slot 11
[19:28:02.366] [SEVERE ] updating countdown to 59999
[19:28:02.369] [INFO   ] thread dealer checking
[19:28:02.369] [INFO   ] thread dealercalling 'has something to do.
[19:28:02.370] [INFO   ] thread dealer entering while loop
[19:28:02.814] [SEVERE ] key 81 was pressed by player 1
[19:28:02.815] [SEVERE ] player 1 placing token on slot 0
[19:28:02.903] [SEVERE ] key 87 was pressed by player 1
[19:28:02.903] [SEVERE ] player 1 placing token on slot 1
[19:28:03.003] [SEVERE ] key 69 was pressed by player 1
[19:28:03.004] [SEVERE ] player 1 placing token on slot 2
[19:28:03.005] [INFO   ] thread 0  waking up dealer
[19:28:05.211] [SEVERE ] exit button pressed
