[20:33:43.979] [INFO   ] thread bguspl.set.Main.main() starting.
[20:33:43.982] [SEVERE ] cannot read configuration file config.properties trying from resources.
[20:33:43.983] [SEVERE ] configuration file was loaded from resources directory.
[20:33:44.731] [INFO   ] thread dealer starting.
[20:33:44.732] [INFO   ] thread dealer starting.
[20:33:44.735] [INFO   ] thread 0  starting.
[20:33:44.735] [INFO   ] thread 1  starting.
[20:33:44.736] [INFO   ] thread 0 is locking player + 0
[20:33:44.736] [INFO   ] thread 1 is locking player + 1
[20:33:44.737] [INFO   ] thread 0 Player should wait
[20:33:44.738] [INFO   ] thread 1 Player should wait
[20:33:44.836] [SEVERE ] placing card 0 in slot 0
[20:33:44.939] [SEVERE ] placing card 1 in slot 1
[20:33:45.040] [SEVERE ] placing card 2 in slot 2
[20:33:45.141] [SEVERE ] placing card 3 in slot 3
[20:33:45.242] [SEVERE ] placing card 4 in slot 4
[20:33:45.343] [SEVERE ] placing card 5 in slot 5
[20:33:45.444] [SEVERE ] placing card 6 in slot 6
[20:33:45.545] [SEVERE ] placing card 7 in slot 7
[20:33:45.646] [SEVERE ] placing card 8 in slot 8
[20:33:45.746] [SEVERE ] placing card 9 in slot 9
[20:33:45.847] [SEVERE ] placing card 10 in slot 10
[20:33:45.949] [SEVERE ] placing card 11 in slot 11
[20:33:45.958] [INFO   ] thread dealertimeLeft is big
[20:33:46.959] [INFO   ] thread dealertimer display timeLeft: 58999
[20:33:46.959] [SEVERE ] updating countdown to 58999
[20:33:46.961] [INFO   ] thread dealertimeLeft is big
[20:33:47.962] [INFO   ] thread dealertimer display timeLeft: 57996
[20:33:47.962] [SEVERE ] updating countdown to 57996
[20:33:47.963] [INFO   ] thread dealertimeLeft is big
[20:33:48.396] [SEVERE ] key 65 was pressed by player 1
[20:33:48.396] [INFO   ] thread AWT-EventQueue-0 inserting into actions queue
[20:33:48.397] [SEVERE ] player 1 placing token on slot 4
[20:33:48.398] [INFO   ] thread 0 Player should wait
[20:33:48.659] [SEVERE ] key 83 was pressed by player 1
[20:33:48.659] [INFO   ] thread AWT-EventQueue-0 inserting into actions queue
[20:33:48.660] [SEVERE ] player 1 placing token on slot 5
[20:33:48.661] [INFO   ] thread 0 Player should wait
[20:33:48.964] [INFO   ] thread dealertimer display timeLeft: 56994
[20:33:48.964] [SEVERE ] updating countdown to 56994
[20:33:48.965] [INFO   ] thread dealertimeLeft is big
[20:33:49.966] [INFO   ] thread dealertimer display timeLeft: 55992
[20:33:49.966] [SEVERE ] updating countdown to 55992
[20:33:49.967] [INFO   ] thread dealertimeLeft is big
[20:33:50.218] [SEVERE ] key 68 was pressed by player 1
[20:33:50.219] [INFO   ] thread AWT-EventQueue-0 inserting into actions queue
[20:33:50.219] [SEVERE ] player 1 placing token on slot 6
[20:33:50.220] [INFO   ] thread 0  Player 0is being penalized
[20:33:50.220] [SEVERE ] setting player 1 freeze to 3000
[20:33:50.968] [INFO   ] thread dealertimer display timeLeft: 54990
[20:33:50.969] [SEVERE ] updating countdown to 54990
[20:33:50.969] [INFO   ] thread dealertimeLeft is big
[20:33:51.222] [SEVERE ] setting player 1 freeze to 2000
[20:33:51.970] [INFO   ] thread dealertimer display timeLeft: 53988
[20:33:51.970] [SEVERE ] updating countdown to 53988
[20:33:51.971] [INFO   ] thread dealertimeLeft is big
[20:33:52.223] [SEVERE ] setting player 1 freeze to 1000
[20:33:52.515] [SEVERE ] key 80 was pressed by player 2
[20:33:52.515] [INFO   ] thread AWT-EventQueue-0 inserting into actions queue
[20:33:52.515] [SEVERE ] player 2 placing token on slot 3
[20:33:52.517] [INFO   ] thread 1 Player should wait
[20:33:52.943] [SEVERE ] key 79 was pressed by player 2
[20:33:52.944] [INFO   ] thread AWT-EventQueue-0 inserting into actions queue
[20:33:52.944] [SEVERE ] player 2 placing token on slot 2
[20:33:52.945] [INFO   ] thread 1 Player should wait
[20:33:52.972] [INFO   ] thread dealertimer display timeLeft: 52986
[20:33:52.972] [SEVERE ] updating countdown to 52986
[20:33:52.972] [INFO   ] thread dealertimeLeft is big
[20:33:53.224] [SEVERE ] setting player 1 freeze to 0
[20:33:53.224] [INFO   ] thread 0  Player 0is done being penalized
[20:33:53.225] [INFO   ] thread 0 Player should wait
[20:33:53.466] [SEVERE ] key 73 was pressed by player 2
[20:33:53.467] [INFO   ] thread AWT-EventQueue-0 inserting into actions queue
[20:33:53.467] [SEVERE ] player 2 placing token on slot 1
[20:33:53.468] [INFO   ] thread 1  Player 1is being penalized
[20:33:53.468] [SEVERE ] setting player 2 freeze to 3000
[20:33:53.973] [INFO   ] thread dealertimer display timeLeft: 51985
[20:33:53.973] [SEVERE ] updating countdown to 51985
[20:33:53.974] [INFO   ] thread dealertimeLeft is big
[20:33:54.470] [SEVERE ] setting player 2 freeze to 2000
[20:33:54.941] [SEVERE ] key 65 was pressed by player 1
[20:33:54.941] [INFO   ] thread AWT-EventQueue-0 inserting into actions queue
[20:33:54.942] [SEVERE ] removing player 1 token from slot 4
[20:33:54.942] [INFO   ] thread 0 Player should wait
[20:33:54.975] [INFO   ] thread dealertimer display timeLeft: 50983
[20:33:54.975] [SEVERE ] updating countdown to 50983
[20:33:54.976] [INFO   ] thread dealertimeLeft is big
[20:33:55.460] [SEVERE ] key 65 was pressed by player 1
[20:33:55.460] [INFO   ] thread AWT-EventQueue-0 inserting into actions queue
[20:33:55.460] [SEVERE ] player 1 placing token on slot 4
[20:33:55.461] [INFO   ] thread 0  Player 0is being penalized
[20:33:55.461] [SEVERE ] setting player 1 freeze to 3000
[20:33:55.471] [SEVERE ] setting player 2 freeze to 1000
[20:33:55.977] [INFO   ] thread dealertimer display timeLeft: 49981
[20:33:55.977] [SEVERE ] updating countdown to 49981
[20:33:55.977] [INFO   ] thread dealertimeLeft is big
[20:33:56.461] [SEVERE ] setting player 1 freeze to 2000
[20:33:56.472] [SEVERE ] setting player 2 freeze to 0
[20:33:56.473] [INFO   ] thread 1  Player 1is done being penalized
[20:33:56.475] [INFO   ] thread 1 Player should wait
[20:33:56.978] [INFO   ] thread dealertimer display timeLeft: 48980
[20:33:56.978] [SEVERE ] updating countdown to 48980
[20:33:56.979] [INFO   ] thread dealertimeLeft is big
[20:33:57.462] [SEVERE ] setting player 1 freeze to 1000
[20:33:57.980] [INFO   ] thread dealertimer display timeLeft: 47978
[20:33:57.980] [SEVERE ] updating countdown to 47978
[20:33:57.981] [INFO   ] thread dealertimeLeft is big
[20:33:58.463] [SEVERE ] setting player 1 freeze to 0
[20:33:58.464] [INFO   ] thread 0  Player 0is done being penalized
[20:33:58.464] [INFO   ] thread 0 Player should wait
[20:33:58.981] [INFO   ] thread dealertimer display timeLeft: 46977
[20:33:58.981] [SEVERE ] updating countdown to 46977
[20:33:58.982] [INFO   ] thread dealertimeLeft is big
[20:33:59.836] [SEVERE ] key 65 was pressed by player 1
[20:33:59.836] [INFO   ] thread AWT-EventQueue-0 inserting into actions queue
[20:33:59.836] [SEVERE ] removing player 1 token from slot 4
[20:33:59.837] [INFO   ] thread 0 Player should wait
[20:33:59.983] [INFO   ] thread dealertimer display timeLeft: 45975
[20:33:59.983] [SEVERE ] updating countdown to 45975
[20:33:59.983] [INFO   ] thread dealertimeLeft is big
[20:34:00.227] [SEVERE ] key 83 was pressed by player 1
[20:34:00.227] [INFO   ] thread AWT-EventQueue-0 inserting into actions queue
[20:34:00.227] [SEVERE ] removing player 1 token from slot 5
[20:34:00.227] [INFO   ] thread 0 Player should wait
[20:34:00.583] [SEVERE ] key 68 was pressed by player 1
[20:34:00.583] [INFO   ] thread AWT-EventQueue-0 inserting into actions queue
[20:34:00.584] [SEVERE ] removing player 1 token from slot 6
[20:34:00.584] [INFO   ] thread 0 Player should wait
[20:34:00.984] [INFO   ] thread dealertimer display timeLeft: 44974
[20:34:00.984] [SEVERE ] updating countdown to 44974
[20:34:00.985] [INFO   ] thread dealertimeLeft is big
[20:34:01.604] [SEVERE ] key 80 was pressed by player 2
[20:34:01.604] [INFO   ] thread AWT-EventQueue-0 inserting into actions queue
[20:34:01.604] [SEVERE ] removing player 2 token from slot 3
[20:34:01.604] [INFO   ] thread 1 Player should wait
[20:34:01.888] [SEVERE ] key 79 was pressed by player 2
[20:34:01.888] [INFO   ] thread AWT-EventQueue-0 inserting into actions queue
[20:34:01.888] [SEVERE ] removing player 2 token from slot 2
[20:34:01.889] [INFO   ] thread 1 Player should wait
[20:34:01.985] [INFO   ] thread dealertimer display timeLeft: 43973
[20:34:01.986] [SEVERE ] updating countdown to 43973
[20:34:01.986] [INFO   ] thread dealertimeLeft is big
[20:34:02.181] [SEVERE ] key 73 was pressed by player 2
[20:34:02.181] [INFO   ] thread AWT-EventQueue-0 inserting into actions queue
[20:34:02.181] [SEVERE ] removing player 2 token from slot 1
[20:34:02.182] [INFO   ] thread 1 Player should wait
[20:34:02.987] [INFO   ] thread dealertimer display timeLeft: 42971
[20:34:02.987] [SEVERE ] updating countdown to 42971
[20:34:02.988] [INFO   ] thread dealertimeLeft is big
[20:34:03.989] [INFO   ] thread dealertimer display timeLeft: 41969
[20:34:03.990] [SEVERE ] updating countdown to 41969
[20:34:03.990] [INFO   ] thread dealertimeLeft is big
[20:34:04.803] [SEVERE ] key 81 was pressed by player 1
[20:34:04.803] [INFO   ] thread AWT-EventQueue-0 inserting into actions queue
[20:34:04.803] [SEVERE ] player 1 placing token on slot 0
[20:34:04.805] [INFO   ] thread 0 Player should wait
[20:34:04.991] [INFO   ] thread dealertimer display timeLeft: 40967
[20:34:04.991] [SEVERE ] updating countdown to 40967
[20:34:04.992] [INFO   ] thread dealertimeLeft is big
[20:34:05.056] [SEVERE ] key 87 was pressed by player 1
[20:34:05.056] [INFO   ] thread AWT-EventQueue-0 inserting into actions queue
[20:34:05.056] [SEVERE ] player 1 placing token on slot 1
[20:34:05.056] [INFO   ] thread 0 Player should wait
[20:34:05.616] [SEVERE ] key 47 was pressed by player 2
[20:34:05.617] [INFO   ] thread AWT-EventQueue-0 inserting into actions queue
[20:34:05.617] [SEVERE ] player 2 placing token on slot 11
[20:34:05.618] [INFO   ] thread 1 Player should wait
[20:34:05.902] [SEVERE ] key 46 was pressed by player 2
[20:34:05.902] [INFO   ] thread AWT-EventQueue-0 inserting into actions queue
[20:34:05.903] [SEVERE ] player 2 placing token on slot 10
[20:34:05.904] [INFO   ] thread 1 Player should wait
[20:34:05.993] [INFO   ] thread dealertimer display timeLeft: 39965
[20:34:05.993] [SEVERE ] updating countdown to 39965
[20:34:05.993] [INFO   ] thread dealertimeLeft is big
[20:34:06.994] [INFO   ] thread dealertimer display timeLeft: 38964
[20:34:06.994] [SEVERE ] updating countdown to 38964
[20:34:06.995] [INFO   ] thread dealertimeLeft is big
[20:34:07.053] [SEVERE ] key 69 was pressed by player 1
[20:34:07.053] [INFO   ] thread AWT-EventQueue-0 inserting into actions queue
[20:34:07.053] [SEVERE ] player 1 placing token on slot 2
[20:34:07.133] [SEVERE ] key 44 was pressed by player 2
[20:34:07.133] [INFO   ] thread AWT-EventQueue-0 inserting into actions queue
[20:34:07.153] [SEVERE ] removing player 1 token from slot 0
[20:34:07.154] [SEVERE ] removing card from slot 0
[20:34:07.254] [SEVERE ] removing player 1 token from slot 1
[20:34:07.255] [SEVERE ] removing card from slot 1
[20:34:07.355] [SEVERE ] removing player 1 token from slot 2
[20:34:07.356] [SEVERE ] removing card from slot 2
[20:34:07.356] [INFO   ] thread 0  Player 0is being point
[20:34:07.356] [SEVERE ] setting player 1 score to 1
[20:34:07.356] [SEVERE ] player 2 placing token on slot 9
[20:34:07.358] [SEVERE ] setting player 1 freeze to 1000
[20:34:07.459] [SEVERE ] removing player 2 token from slot 11
[20:34:07.460] [SEVERE ] removing card from slot 11
[20:34:07.560] [SEVERE ] removing player 2 token from slot 10
[20:34:07.561] [SEVERE ] removing card from slot 10
[20:34:07.662] [SEVERE ] removing player 2 token from slot 9
[20:34:07.663] [SEVERE ] removing card from slot 9
[20:34:07.663] [INFO   ] thread 1  Player 1is being point
[20:34:07.663] [SEVERE ] setting player 2 score to 1
[20:34:07.664] [SEVERE ] setting player 2 freeze to 1000
[20:34:07.996] [INFO   ] thread dealertimer display timeLeft: 37962
[20:34:07.996] [SEVERE ] updating countdown to 37962
[20:34:08.097] [SEVERE ] placing card 12 in slot 0
[20:34:08.199] [SEVERE ] placing card 13 in slot 1
[20:34:08.300] [SEVERE ] placing card 14 in slot 2
[20:34:08.359] [SEVERE ] setting player 1 freeze to 0
[20:34:08.359] [INFO   ] thread 0  Player 0is done being point
[20:34:08.360] [INFO   ] thread 0 Player should wait
[20:34:08.401] [SEVERE ] placing card 15 in slot 9
[20:34:08.502] [SEVERE ] placing card 16 in slot 10
[20:34:08.603] [SEVERE ] placing card 17 in slot 11
[20:34:08.603] [INFO   ] thread dealertimeLeft is big
[20:34:08.665] [SEVERE ] setting player 2 freeze to 0
[20:34:08.665] [INFO   ] thread 1  Player 1is done being point
[20:34:08.666] [INFO   ] thread 1 Player should wait
[20:34:09.604] [INFO   ] thread dealertimer display timeLeft: 36354
[20:34:09.605] [SEVERE ] updating countdown to 36354
[20:34:09.605] [INFO   ] thread dealertimeLeft is big
[20:34:10.606] [INFO   ] thread dealertimer display timeLeft: 35352
[20:34:10.606] [SEVERE ] updating countdown to 35352
[20:34:10.607] [INFO   ] thread dealertimeLeft is big
[20:34:11.608] [INFO   ] thread dealertimer display timeLeft: 34350
[20:34:11.608] [SEVERE ] updating countdown to 34350
[20:34:11.608] [INFO   ] thread dealertimeLeft is big
[20:34:12.609] [INFO   ] thread dealertimer display timeLeft: 33349
[20:34:12.609] [SEVERE ] updating countdown to 33349
[20:34:12.610] [INFO   ] thread dealertimeLeft is big
[20:34:13.611] [INFO   ] thread dealertimer display timeLeft: 32347
[20:34:13.611] [SEVERE ] updating countdown to 32347
[20:34:13.612] [INFO   ] thread dealertimeLeft is big
[20:34:14.612] [INFO   ] thread dealertimer display timeLeft: 31346
[20:34:14.613] [SEVERE ] updating countdown to 31346
[20:34:14.613] [INFO   ] thread dealertimeLeft is big
[20:34:15.613] [INFO   ] thread dealertimer display timeLeft: 30345
[20:34:15.614] [SEVERE ] updating countdown to 30345
[20:34:15.614] [INFO   ] thread dealertimeLeft is big
[20:34:15.866] [SEVERE ] key 65 was pressed by player 1
[20:34:15.866] [INFO   ] thread AWT-EventQueue-0 inserting into actions queue
[20:34:15.866] [SEVERE ] player 1 placing token on slot 4
[20:34:15.866] [INFO   ] thread 0 Player should wait
[20:34:15.950] [SEVERE ] key 83 was pressed by player 1
[20:34:15.950] [INFO   ] thread AWT-EventQueue-0 inserting into actions queue
[20:34:15.950] [SEVERE ] player 1 placing token on slot 5
[20:34:15.951] [INFO   ] thread 0 Player should wait
[20:34:16.025] [SEVERE ] key 68 was pressed by player 1
[20:34:16.025] [INFO   ] thread AWT-EventQueue-0 inserting into actions queue
[20:34:16.025] [SEVERE ] player 1 placing token on slot 6
[20:34:16.026] [INFO   ] thread 0  Player 0is being penalized
[20:34:16.026] [SEVERE ] setting player 1 freeze to 3000
[20:34:16.615] [INFO   ] thread dealertimer display timeLeft: 29343
[20:34:16.615] [SEVERE ] updating countdown to 29343
[20:34:16.616] [INFO   ] thread dealertimeLeft is big
[20:34:17.027] [SEVERE ] setting player 1 freeze to 2000
[20:34:17.617] [INFO   ] thread dealertimer display timeLeft: 28341
[20:34:17.617] [SEVERE ] updating countdown to 28341
[20:34:17.617] [INFO   ] thread dealertimeLeft is big
[20:34:18.028] [SEVERE ] setting player 1 freeze to 1000
[20:34:18.618] [INFO   ] thread dealertimer display timeLeft: 27340
[20:34:18.618] [SEVERE ] updating countdown to 27340
[20:34:18.619] [INFO   ] thread dealertimeLeft is big
[20:34:19.029] [SEVERE ] setting player 1 freeze to 0
[20:34:19.030] [INFO   ] thread 0  Player 0is done being penalized
[20:34:19.030] [INFO   ] thread 0 Player should wait
[20:34:19.619] [INFO   ] thread dealertimer display timeLeft: 26339
[20:34:19.620] [SEVERE ] updating countdown to 26339
[20:34:19.620] [INFO   ] thread dealertimeLeft is big
[20:34:20.621] [INFO   ] thread dealertimer display timeLeft: 25337
[20:34:20.621] [SEVERE ] updating countdown to 25337
[20:34:20.622] [INFO   ] thread dealertimeLeft is big
[20:34:20.922] [SEVERE ] key 65 was pressed by player 1
[20:34:20.922] [INFO   ] thread AWT-EventQueue-0 inserting into actions queue
[20:34:20.922] [SEVERE ] removing player 1 token from slot 4
[20:34:20.922] [INFO   ] thread 0 Player should wait
[20:34:21.622] [INFO   ] thread dealertimer display timeLeft: 24336
[20:34:21.623] [SEVERE ] updating countdown to 24336
[20:34:21.623] [INFO   ] thread dealertimeLeft is big
[20:34:22.342] [SEVERE ] key 83 was pressed by player 1
[20:34:22.343] [INFO   ] thread AWT-EventQueue-0 inserting into actions queue
[20:34:22.343] [SEVERE ] removing player 1 token from slot 5
[20:34:22.343] [INFO   ] thread 0 Player should wait
[20:34:22.624] [INFO   ] thread dealertimer display timeLeft: 23334
[20:34:22.624] [SEVERE ] updating countdown to 23334
[20:34:22.625] [INFO   ] thread dealertimeLeft is big
[20:34:22.728] [SEVERE ] key 68 was pressed by player 1
[20:34:22.728] [INFO   ] thread AWT-EventQueue-0 inserting into actions queue
[20:34:22.729] [SEVERE ] removing player 1 token from slot 6
[20:34:22.729] [INFO   ] thread 0 Player should wait
[20:34:23.625] [INFO   ] thread dealertimer display timeLeft: 22333
[20:34:23.625] [SEVERE ] updating countdown to 22333
[20:34:23.626] [INFO   ] thread dealertimeLeft is big
[20:34:23.636] [SEVERE ] key 65 was pressed by player 1
[20:34:23.636] [INFO   ] thread AWT-EventQueue-0 inserting into actions queue
[20:34:23.636] [SEVERE ] player 1 placing token on slot 4
[20:34:23.636] [INFO   ] thread 0 Player should wait
[20:34:23.765] [SEVERE ] key 83 was pressed by player 1
[20:34:23.765] [INFO   ] thread AWT-EventQueue-0 inserting into actions queue
[20:34:23.765] [SEVERE ] player 1 placing token on slot 5
[20:34:23.765] [INFO   ] thread 0 Player should wait
[20:34:23.816] [SEVERE ] key 68 was pressed by player 1
[20:34:23.816] [INFO   ] thread AWT-EventQueue-0 inserting into actions queue
[20:34:23.816] [SEVERE ] player 1 placing token on slot 6
[20:34:23.816] [INFO   ] thread 0  Player 0is being penalized
[20:34:23.817] [SEVERE ] setting player 1 freeze to 3000
[20:34:24.370] [SEVERE ] key 65 was pressed by player 1
[20:34:24.626] [INFO   ] thread dealertimer display timeLeft: 21332
[20:34:24.627] [SEVERE ] updating countdown to 21332
[20:34:24.627] [INFO   ] thread dealertimeLeft is big
[20:34:24.817] [SEVERE ] setting player 1 freeze to 2000
[20:34:25.628] [INFO   ] thread dealertimer display timeLeft: 20331
[20:34:25.628] [SEVERE ] updating countdown to 20331
[20:34:25.628] [INFO   ] thread dealertimeLeft is big
[20:34:25.818] [SEVERE ] setting player 1 freeze to 1000
[20:34:26.629] [INFO   ] thread dealertimer display timeLeft: 19329
[20:34:26.629] [SEVERE ] updating countdown to 19329
[20:34:26.630] [INFO   ] thread dealertimeLeft is big
[20:34:26.819] [SEVERE ] setting player 1 freeze to 0
[20:34:26.819] [INFO   ] thread 0  Player 0is done being penalized
[20:34:26.819] [INFO   ] thread 0 Player should wait
[20:34:26.820] [INFO   ] thread AWT-EventQueue-0 inserting into actions queue
[20:34:26.820] [SEVERE ] removing player 1 token from slot 4
[20:34:26.820] [INFO   ] thread 0 Player should wait
[20:34:27.630] [INFO   ] thread dealertimer display timeLeft: 18328
[20:34:27.631] [SEVERE ] updating countdown to 18328
[20:34:27.631] [INFO   ] thread dealertimeLeft is big
[20:34:28.632] [INFO   ] thread dealertimer display timeLeft: 17326
[20:34:28.632] [SEVERE ] updating countdown to 17326
[20:34:28.633] [INFO   ] thread dealertimeLeft is big
[20:34:29.634] [INFO   ] thread dealertimer display timeLeft: 16324
[20:34:29.634] [SEVERE ] updating countdown to 16324
[20:34:29.634] [INFO   ] thread dealertimeLeft is big
[20:34:30.635] [INFO   ] thread dealertimer display timeLeft: 15323
[20:34:30.635] [SEVERE ] updating countdown to 15323
[20:34:30.636] [INFO   ] thread dealertimeLeft is big
[20:34:31.637] [INFO   ] thread dealertimer display timeLeft: 14321
[20:34:31.637] [SEVERE ] updating countdown to 14321
[20:34:31.638] [INFO   ] thread dealertimeLeft is big
[20:34:32.638] [INFO   ] thread dealertimer display timeLeft: 13320
[20:34:32.638] [SEVERE ] updating countdown to 13320
[20:34:32.639] [INFO   ] thread dealertimeLeft is big
[20:34:33.640] [INFO   ] thread dealertimer display timeLeft: 12318
[20:34:33.640] [SEVERE ] updating countdown to 12318
[20:34:33.641] [INFO   ] thread dealertimeLeft is big
[20:34:34.642] [INFO   ] thread dealertimer display timeLeft: 11317
[20:34:34.642] [SEVERE ] updating countdown to 11317
[20:34:34.642] [INFO   ] thread dealertimeLeft is big
[20:34:35.643] [INFO   ] thread dealertimer display timeLeft: 10315
[20:34:35.643] [SEVERE ] updating countdown to 10315
[20:34:35.644] [INFO   ] thread dealertimeLeft is big
[20:34:36.645] [INFO   ] thread dealertimer display timeLeft: 9313
[20:34:36.645] [SEVERE ] updating countdown to 9313
[20:34:36.645] [INFO   ] thread dealertimeLeft is big
[20:34:37.646] [INFO   ] thread dealertimer display timeLeft: 8312
[20:34:37.646] [SEVERE ] updating countdown to 8312
[20:34:37.647] [INFO   ] thread dealertimeLeft is big
[20:34:38.648] [INFO   ] thread dealertimer display timeLeft: 7310
[20:34:38.648] [SEVERE ] updating countdown to 7310
[20:34:38.648] [INFO   ] thread dealertimeLeft is big
[20:34:39.650] [INFO   ] thread dealertimer display timeLeft: 6308
[20:34:39.650] [SEVERE ] updating countdown to 6308
[20:34:39.651] [INFO   ] thread dealertimeLeft is big
[20:34:40.651] [INFO   ] thread dealertimer display timeLeft: 5307
[20:34:40.651] [SEVERE ] updating countdown to 5307
[20:34:40.652] [INFO   ] thread dealertimeLeft is big
[20:34:41.144] [SEVERE ] exit button pressed
[20:34:41.145] [INFO   ] thread dealertimer display timeLeft: 4813
[20:34:41.145] [INFO   ] thread 1 Player should wait
[20:34:41.145] [INFO   ] thread 0 Player should wait
[20:34:41.151] [INFO   ] thread dealertimer display timeLeft: 4807
[20:34:41.152] [INFO   ] thread dealer terminated.
[20:34:41.152] [INFO   ] thread dealer terminated.
[20:34:41.152] [SEVERE ] thanks for playing... it was fun!
[20:34:41.153] [INFO   ] thread bguspl.set.Main.main() terminated.
