[18:34:48.751] [INFO   ] thread bguspl.set.Main.main() starting.
[18:34:48.758] [SEVERE ] cannot read configuration file config.properties trying from resources.
[18:34:48.764] [SEVERE ] configuration file was loaded from resources directory.
[18:34:50.049] [INFO   ] thread dealer starting.
[18:34:50.050] [INFO   ] thread dealer starting.
[18:34:50.053] [INFO   ] thread 0  starting.
[18:34:50.053] [INFO   ] thread 1  starting.
[18:34:50.054] [INFO   ] thread 0 is locking player + 0
[18:34:50.058] [INFO   ] thread 1 is locking player + 1
[18:34:50.153] [SEVERE ] placing card 0 in slot 0
[18:34:50.266] [SEVERE ] placing card 1 in slot 1
[18:34:50.368] [SEVERE ] placing card 2 in slot 2
[18:34:50.471] [SEVERE ] placing card 3 in slot 3
[18:34:50.575] [SEVERE ] placing card 4 in slot 4
[18:34:50.677] [SEVERE ] placing card 5 in slot 5
[18:34:50.779] [SEVERE ] placing card 6 in slot 6
[18:34:50.882] [SEVERE ] placing card 7 in slot 7
[18:34:50.986] [SEVERE ] placing card 8 in slot 8
[18:34:51.089] [SEVERE ] placing card 9 in slot 9
[18:34:51.192] [SEVERE ] placing card 10 in slot 10
[18:34:51.293] [SEVERE ] placing card 11 in slot 11
[18:34:52.303] [SEVERE ] updating countdown to 58999
[18:34:52.305] [INFO   ] thread dealer reshuffleTime - currentTimeMillis 58997
[18:34:52.306] [INFO   ] thread dealer should finish false
[18:34:53.307] [SEVERE ] updating countdown to 57995
[18:34:53.325] [INFO   ] thread dealer reshuffleTime - currentTimeMillis 57977
[18:34:53.326] [INFO   ] thread dealer should finish false
[18:34:53.975] [SEVERE ] key 81 was pressed by player 1
[18:34:53.975] [INFO   ] thread AWT-EventQueue-0 inserting into actions queue
[18:34:53.976] [SEVERE ] player 1 placing token on slot 0
[18:34:54.327] [SEVERE ] updating countdown to 56975
[18:34:54.330] [INFO   ] thread dealer reshuffleTime - currentTimeMillis 56972
[18:34:54.332] [INFO   ] thread dealer should finish false
[18:34:54.680] [SEVERE ] key 87 was pressed by player 1
[18:34:54.681] [INFO   ] thread AWT-EventQueue-0 inserting into actions queue
[18:34:54.683] [SEVERE ] player 1 placing token on slot 1
[18:34:55.227] [SEVERE ] key 69 was pressed by player 1
[18:34:55.228] [INFO   ] thread AWT-EventQueue-0 inserting into actions queue
[18:34:55.228] [SEVERE ] player 1 placing token on slot 2
[18:34:55.330] [SEVERE ] removing player 1 token from slot 0
[18:34:55.332] [SEVERE ] removing card from slot 0
[18:34:55.335] [SEVERE ] updating countdown to 55967
[18:34:55.436] [SEVERE ] removing player 1 token from slot 1
[18:34:55.439] [SEVERE ] removing card from slot 1
[18:34:55.542] [SEVERE ] removing player 1 token from slot 2
[18:34:55.544] [SEVERE ] removing card from slot 2
[18:34:55.547] [INFO   ] thread 0  Player 0is being point
[18:34:55.548] [SEVERE ] setting player 1 score to 1
[18:34:55.551] [SEVERE ] setting player 1 freeze to 1000
[18:34:55.647] [SEVERE ] placing card 12 in slot 0
[18:34:55.750] [SEVERE ] placing card 13 in slot 1
[18:34:55.852] [SEVERE ] placing card 14 in slot 2
[18:34:55.853] [INFO   ] thread dealer reshuffleTime - currentTimeMillis 55449
[18:34:55.854] [INFO   ] thread dealer should finish false
[18:34:56.554] [SEVERE ] setting player 1 freeze to 0
[18:34:56.558] [INFO   ] thread 0  Player 0is done being point
[18:34:56.560] [SEVERE ] updating countdown to 60000
[18:34:56.855] [SEVERE ] updating countdown to 59705
[18:34:56.857] [INFO   ] thread dealer reshuffleTime - currentTimeMillis 59703
[18:34:56.861] [INFO   ] thread dealer should finish false
[18:34:57.115] [SEVERE ] key 81 was pressed by player 1
[18:34:57.116] [INFO   ] thread AWT-EventQueue-0 inserting into actions queue
[18:34:57.117] [SEVERE ] player 1 placing token on slot 0
[18:34:57.282] [SEVERE ] key 87 was pressed by player 1
[18:34:57.283] [INFO   ] thread AWT-EventQueue-0 inserting into actions queue
[18:34:57.284] [SEVERE ] player 1 placing token on slot 1
[18:34:57.300] [SEVERE ] key 69 was pressed by player 1
[18:34:57.301] [INFO   ] thread AWT-EventQueue-0 inserting into actions queue
[18:34:57.301] [SEVERE ] player 1 placing token on slot 2
[18:34:57.401] [SEVERE ] removing player 1 token from slot 0
[18:34:57.403] [SEVERE ] removing card from slot 0
[18:34:57.504] [SEVERE ] removing player 1 token from slot 1
[18:34:57.506] [SEVERE ] removing card from slot 1
[18:34:57.609] [SEVERE ] removing player 1 token from slot 2
[18:34:57.612] [SEVERE ] removing card from slot 2
[18:34:57.614] [INFO   ] thread 0  Player 0is being point
[18:34:57.619] [SEVERE ] setting player 1 score to 2
[18:34:57.620] [SEVERE ] setting player 1 freeze to 1000
[18:34:57.863] [SEVERE ] updating countdown to 58697
[18:34:57.966] [SEVERE ] placing card 15 in slot 0
[18:34:58.092] [SEVERE ] placing card 16 in slot 1
[18:34:58.194] [SEVERE ] placing card 17 in slot 2
[18:34:58.197] [INFO   ] thread dealer reshuffleTime - currentTimeMillis 58363
[18:34:58.199] [INFO   ] thread dealer should finish false
[18:34:58.622] [SEVERE ] setting player 1 freeze to 0
[18:34:58.624] [INFO   ] thread 0  Player 0is done being point
[18:34:58.628] [SEVERE ] updating countdown to 60000
[18:34:58.881] [SEVERE ] key 65 was pressed by player 1
[18:34:58.881] [INFO   ] thread AWT-EventQueue-0 inserting into actions queue
[18:34:58.882] [SEVERE ] player 1 placing token on slot 4
[18:34:59.037] [SEVERE ] key 83 was pressed by player 1
[18:34:59.038] [INFO   ] thread AWT-EventQueue-0 inserting into actions queue
[18:34:59.039] [SEVERE ] player 1 placing token on slot 5
[18:34:59.105] [SEVERE ] key 68 was pressed by player 1
[18:34:59.105] [INFO   ] thread AWT-EventQueue-0 inserting into actions queue
[18:34:59.106] [SEVERE ] player 1 placing token on slot 6
[18:34:59.107] [INFO   ] thread 0  Player 0is being penalized
[18:34:59.107] [SEVERE ] setting player 1 freeze to 3000
[18:34:59.203] [SEVERE ] updating countdown to 59425
[18:34:59.206] [INFO   ] thread dealer reshuffleTime - currentTimeMillis 59422
[18:34:59.212] [INFO   ] thread dealer should finish false
[18:35:00.041] [SEVERE ] key 83 was pressed by player 1
[18:35:00.041] [INFO   ] thread AWT-EventQueue-0 inserting into actions queue
[18:35:00.109] [SEVERE ] setting player 1 freeze to 2000
[18:35:00.214] [SEVERE ] updating countdown to 58414
[18:35:00.225] [INFO   ] thread dealer reshuffleTime - currentTimeMillis 58403
[18:35:00.226] [INFO   ] thread dealer should finish false
[18:35:01.112] [SEVERE ] setting player 1 freeze to 1000
[18:35:01.228] [SEVERE ] updating countdown to 57400
[18:35:01.231] [INFO   ] thread dealer reshuffleTime - currentTimeMillis 57397
[18:35:01.232] [INFO   ] thread dealer should finish false
[18:35:02.121] [SEVERE ] setting player 1 freeze to 0
[18:35:02.147] [INFO   ] thread 0  Player 0is done being penalized
[18:35:02.235] [SEVERE ] updating countdown to 56393
[18:35:02.237] [INFO   ] thread dealer reshuffleTime - currentTimeMillis 56391
[18:35:02.239] [INFO   ] thread dealer should finish false
[18:35:03.178] [SEVERE ] key 83 was pressed by player 1
[18:35:03.179] [INFO   ] thread AWT-EventQueue-0 inserting into actions queue
[18:35:03.179] [SEVERE ] removing player 1 token from slot 5
[18:35:03.240] [SEVERE ] updating countdown to 55388
[18:35:03.242] [INFO   ] thread dealer reshuffleTime - currentTimeMillis 55386
[18:35:03.243] [INFO   ] thread dealer should finish false
[18:35:03.877] [SEVERE ] key 83 was pressed by player 1
[18:35:03.878] [INFO   ] thread AWT-EventQueue-0 inserting into actions queue
[18:35:03.878] [SEVERE ] player 1 placing token on slot 5
[18:35:03.878] [INFO   ] thread 0  Player 0is being penalized
[18:35:03.879] [SEVERE ] setting player 1 freeze to 3000
[18:35:04.245] [SEVERE ] updating countdown to 54383
[18:35:04.248] [INFO   ] thread dealer reshuffleTime - currentTimeMillis 54380
[18:35:04.249] [INFO   ] thread dealer should finish false
[18:35:04.880] [SEVERE ] setting player 1 freeze to 2000
[18:35:05.250] [SEVERE ] updating countdown to 53378
[18:35:05.253] [INFO   ] thread dealer reshuffleTime - currentTimeMillis 53375
[18:35:05.256] [INFO   ] thread dealer should finish false
[18:35:05.883] [SEVERE ] setting player 1 freeze to 1000
[18:35:06.257] [SEVERE ] updating countdown to 52371
[18:35:06.258] [INFO   ] thread dealer reshuffleTime - currentTimeMillis 52370
[18:35:06.261] [INFO   ] thread dealer should finish false
[18:35:06.885] [SEVERE ] setting player 1 freeze to 0
[18:35:06.888] [INFO   ] thread 0  Player 0is done being penalized
[18:35:07.262] [SEVERE ] updating countdown to 51366
[18:35:07.263] [INFO   ] thread dealer reshuffleTime - currentTimeMillis 51365
[18:35:07.266] [INFO   ] thread dealer should finish false
[18:35:07.739] [SEVERE ] key 65 was pressed by player 1
[18:35:07.740] [INFO   ] thread AWT-EventQueue-0 inserting into actions queue
[18:35:07.741] [SEVERE ] removing player 1 token from slot 4
[18:35:07.853] [SEVERE ] key 83 was pressed by player 1
[18:35:07.854] [INFO   ] thread AWT-EventQueue-0 inserting into actions queue
[18:35:07.855] [SEVERE ] removing player 1 token from slot 5
[18:35:07.900] [SEVERE ] key 68 was pressed by player 1
[18:35:07.900] [INFO   ] thread AWT-EventQueue-0 inserting into actions queue
[18:35:07.901] [SEVERE ] removing player 1 token from slot 6
[18:35:08.269] [SEVERE ] updating countdown to 50359
[18:35:08.271] [INFO   ] thread dealer reshuffleTime - currentTimeMillis 50357
[18:35:08.272] [INFO   ] thread dealer should finish false
[18:35:09.274] [SEVERE ] updating countdown to 49354
[18:35:09.276] [INFO   ] thread dealer reshuffleTime - currentTimeMillis 49352
[18:35:09.279] [INFO   ] thread dealer should finish false
[18:35:09.498] [SEVERE ] key 65 was pressed by player 1
[18:35:09.499] [INFO   ] thread AWT-EventQueue-0 inserting into actions queue
[18:35:09.500] [SEVERE ] player 1 placing token on slot 4
[18:35:09.600] [SEVERE ] key 83 was pressed by player 1
[18:35:09.602] [INFO   ] thread AWT-EventQueue-0 inserting into actions queue
[18:35:09.603] [SEVERE ] player 1 placing token on slot 5
[18:35:09.668] [SEVERE ] key 68 was pressed by player 1
[18:35:09.669] [INFO   ] thread AWT-EventQueue-0 inserting into actions queue
[18:35:09.669] [SEVERE ] player 1 placing token on slot 6
[18:35:09.670] [INFO   ] thread 0  Player 0is being penalized
[18:35:09.671] [SEVERE ] setting player 1 freeze to 3000
[18:35:10.280] [SEVERE ] updating countdown to 48348
[18:35:10.284] [INFO   ] thread dealer reshuffleTime - currentTimeMillis 48344
[18:35:10.290] [INFO   ] thread dealer should finish false
[18:35:10.671] [SEVERE ] setting player 1 freeze to 2000
[18:35:11.291] [SEVERE ] updating countdown to 47337
[18:35:11.301] [INFO   ] thread dealer reshuffleTime - currentTimeMillis 47327
[18:35:11.302] [INFO   ] thread dealer should finish false
[18:35:11.674] [SEVERE ] setting player 1 freeze to 1000
[18:35:12.205] [SEVERE ] key 83 was pressed by player 1
[18:35:12.205] [INFO   ] thread AWT-EventQueue-0 inserting into actions queue
[18:35:12.303] [SEVERE ] updating countdown to 46325
[18:35:12.305] [INFO   ] thread dealer reshuffleTime - currentTimeMillis 46323
[18:35:12.306] [INFO   ] thread dealer should finish false
[18:35:12.677] [SEVERE ] setting player 1 freeze to 0
[18:35:12.680] [INFO   ] thread 0  Player 0is done being penalized
[18:35:13.307] [SEVERE ] updating countdown to 45321
[18:35:13.309] [INFO   ] thread dealer reshuffleTime - currentTimeMillis 45319
[18:35:13.310] [INFO   ] thread dealer should finish false
[18:35:14.311] [SEVERE ] updating countdown to 44317
[18:35:14.313] [INFO   ] thread dealer reshuffleTime - currentTimeMillis 44315
[18:35:14.317] [INFO   ] thread dealer should finish false
[18:35:14.361] [SEVERE ] key 83 was pressed by player 1
[18:35:14.363] [INFO   ] thread AWT-EventQueue-0 inserting into actions queue
[18:35:14.365] [SEVERE ] removing player 1 token from slot 5
[18:35:14.620] [SEVERE ] key 87 was pressed by player 1
[18:35:14.621] [INFO   ] thread AWT-EventQueue-0 inserting into actions queue
[18:35:14.622] [SEVERE ] player 1 placing token on slot 1
[18:35:14.623] [INFO   ] thread 0  Player 0is being penalized
[18:35:14.623] [SEVERE ] setting player 1 freeze to 3000
[18:35:15.319] [SEVERE ] updating countdown to 43309
[18:35:15.321] [INFO   ] thread dealer reshuffleTime - currentTimeMillis 43307
[18:35:15.324] [INFO   ] thread dealer should finish false
[18:35:15.624] [SEVERE ] setting player 1 freeze to 2000
[18:35:16.195] [SEVERE ] key 87 was pressed by player 1
[18:35:16.195] [INFO   ] thread AWT-EventQueue-0 inserting into actions queue
[18:35:16.325] [SEVERE ] updating countdown to 42303
[18:35:16.332] [INFO   ] thread dealer reshuffleTime - currentTimeMillis 42296
[18:35:16.333] [INFO   ] thread dealer should finish false
[18:35:16.626] [SEVERE ] setting player 1 freeze to 1000
[18:35:17.335] [SEVERE ] updating countdown to 41293
[18:35:17.337] [INFO   ] thread dealer reshuffleTime - currentTimeMillis 41291
[18:35:17.339] [INFO   ] thread dealer should finish false
[18:35:17.628] [SEVERE ] setting player 1 freeze to 0
[18:35:17.629] [INFO   ] thread 0  Player 0is done being penalized
[18:35:18.341] [SEVERE ] updating countdown to 40287
[18:35:18.342] [INFO   ] thread dealer reshuffleTime - currentTimeMillis 40286
[18:35:18.343] [INFO   ] thread dealer should finish false
[18:35:19.131] [SEVERE ] key 87 was pressed by player 1
[18:35:19.133] [INFO   ] thread AWT-EventQueue-0 inserting into actions queue
[18:35:19.133] [SEVERE ] removing player 1 token from slot 1
[18:35:19.344] [SEVERE ] updating countdown to 39284
[18:35:19.346] [INFO   ] thread dealer reshuffleTime - currentTimeMillis 39282
[18:35:19.348] [INFO   ] thread dealer should finish false
[18:35:19.761] [SEVERE ] key 87 was pressed by player 1
[18:35:19.761] [INFO   ] thread AWT-EventQueue-0 inserting into actions queue
[18:35:19.762] [SEVERE ] player 1 placing token on slot 1
[18:35:19.762] [INFO   ] thread 0  Player 0is being penalized
[18:35:19.763] [SEVERE ] setting player 1 freeze to 3000
[18:35:20.351] [SEVERE ] updating countdown to 38277
[18:35:20.353] [INFO   ] thread dealer reshuffleTime - currentTimeMillis 38275
[18:35:20.355] [INFO   ] thread dealer should finish false
[18:35:20.416] [SEVERE ] key 81 was pressed by player 1
[18:35:20.417] [INFO   ] thread AWT-EventQueue-0 inserting into actions queue
[18:35:20.764] [SEVERE ] setting player 1 freeze to 2000
[18:35:21.357] [SEVERE ] updating countdown to 37271
[18:35:21.359] [INFO   ] thread dealer reshuffleTime - currentTimeMillis 37269
[18:35:21.360] [INFO   ] thread dealer should finish false
[18:35:21.766] [SEVERE ] setting player 1 freeze to 1000
[18:35:22.363] [SEVERE ] updating countdown to 36265
[18:35:22.366] [INFO   ] thread dealer reshuffleTime - currentTimeMillis 36262
[18:35:22.368] [INFO   ] thread dealer should finish false
[18:35:22.769] [SEVERE ] setting player 1 freeze to 0
[18:35:22.772] [INFO   ] thread 0  Player 0is done being penalized
[18:35:23.369] [SEVERE ] updating countdown to 35259
[18:35:23.372] [INFO   ] thread dealer reshuffleTime - currentTimeMillis 35256
[18:35:23.374] [INFO   ] thread dealer should finish false
[18:35:24.294] [SEVERE ] key 81 was pressed by player 1
[18:35:24.294] [INFO   ] thread AWT-EventQueue-0 inserting into actions queue
[18:35:24.375] [SEVERE ] updating countdown to 34253
[18:35:24.377] [INFO   ] thread dealer reshuffleTime - currentTimeMillis 34251
[18:35:24.378] [INFO   ] thread dealer should finish false
[18:35:25.379] [SEVERE ] updating countdown to 33249
[18:35:25.382] [INFO   ] thread dealer reshuffleTime - currentTimeMillis 33246
[18:35:25.384] [INFO   ] thread dealer should finish false
[18:35:25.667] [SEVERE ] key 87 was pressed by player 1
[18:35:25.667] [INFO   ] thread AWT-EventQueue-0 inserting into actions queue
[18:35:25.667] [SEVERE ] removing player 1 token from slot 1
[18:35:26.176] [SEVERE ] key 81 was pressed by player 1
[18:35:26.177] [INFO   ] thread AWT-EventQueue-0 inserting into actions queue
[18:35:26.178] [SEVERE ] player 1 placing token on slot 0
[18:35:26.178] [INFO   ] thread 0  Player 0is being penalized
[18:35:26.179] [SEVERE ] setting player 1 freeze to 3000
[18:35:26.386] [SEVERE ] updating countdown to 32242
[18:35:26.388] [INFO   ] thread dealer reshuffleTime - currentTimeMillis 32240
[18:35:26.391] [INFO   ] thread dealer should finish false
[18:35:27.180] [SEVERE ] setting player 1 freeze to 2000
[18:35:27.393] [SEVERE ] updating countdown to 31235
[18:35:27.395] [INFO   ] thread dealer reshuffleTime - currentTimeMillis 31233
[18:35:27.396] [INFO   ] thread dealer should finish false
[18:35:28.181] [SEVERE ] setting player 1 freeze to 1000
[18:35:28.397] [SEVERE ] updating countdown to 30231
[18:35:28.398] [INFO   ] thread dealer reshuffleTime - currentTimeMillis 30230
[18:35:28.399] [INFO   ] thread dealer should finish false
[18:35:29.184] [SEVERE ] setting player 1 freeze to 0
[18:35:29.186] [INFO   ] thread 0  Player 0is done being penalized
[18:35:29.256] [SEVERE ] key 46 was pressed by player 2
[18:35:29.260] [INFO   ] thread AWT-EventQueue-0 inserting into actions queue
[18:35:29.260] [SEVERE ] player 2 placing token on slot 10
[18:35:29.401] [SEVERE ] updating countdown to 29227
[18:35:29.402] [INFO   ] thread dealer reshuffleTime - currentTimeMillis 29226
[18:35:29.404] [INFO   ] thread dealer should finish false
[18:35:29.790] [SEVERE ] key 47 was pressed by player 2
[18:35:29.791] [INFO   ] thread AWT-EventQueue-0 inserting into actions queue
[18:35:29.792] [SEVERE ] player 2 placing token on slot 11
[18:35:30.406] [SEVERE ] updating countdown to 28222
[18:35:30.407] [INFO   ] thread dealer reshuffleTime - currentTimeMillis 28221
[18:35:30.412] [INFO   ] thread dealer should finish false
[18:35:30.758] [SEVERE ] key 44 was pressed by player 2
[18:35:30.759] [INFO   ] thread AWT-EventQueue-0 inserting into actions queue
[18:35:30.760] [SEVERE ] player 2 placing token on slot 9
[18:35:30.861] [SEVERE ] removing player 2 token from slot 10
[18:35:30.864] [SEVERE ] removing card from slot 10
[18:35:30.969] [SEVERE ] removing player 2 token from slot 11
[18:35:30.971] [SEVERE ] removing card from slot 11
[18:35:31.073] [SEVERE ] removing player 2 token from slot 9
[18:35:31.075] [SEVERE ] removing card from slot 9
[18:35:31.076] [INFO   ] thread 1  Player 1is being point
[18:35:31.077] [SEVERE ] setting player 2 score to 1
[18:35:31.080] [SEVERE ] setting player 2 freeze to 1000
[18:35:31.417] [SEVERE ] updating countdown to 27211
[18:35:31.518] [SEVERE ] placing card 18 in slot 9
[18:35:31.621] [SEVERE ] placing card 19 in slot 10
[18:35:31.723] [SEVERE ] placing card 20 in slot 11
[18:35:31.725] [INFO   ] thread dealer reshuffleTime - currentTimeMillis 26903
[18:35:31.730] [INFO   ] thread dealer should finish false
[18:35:32.083] [SEVERE ] setting player 2 freeze to 0
[18:35:32.085] [INFO   ] thread 1  Player 1is done being point
[18:35:32.086] [SEVERE ] updating countdown to 60000
[18:35:32.732] [SEVERE ] updating countdown to 59355
[18:35:32.733] [INFO   ] thread dealer reshuffleTime - currentTimeMillis 59353
[18:35:32.735] [INFO   ] thread dealer should finish false
[18:35:33.234] [SEVERE ] key 65 was pressed by player 1
[18:35:33.235] [INFO   ] thread AWT-EventQueue-0 inserting into actions queue
[18:35:33.235] [SEVERE ] removing player 1 token from slot 4
[18:35:33.737] [SEVERE ] updating countdown to 58349
[18:35:33.738] [INFO   ] thread dealer reshuffleTime - currentTimeMillis 58348
[18:35:33.741] [INFO   ] thread dealer should finish false
[18:35:34.346] [SEVERE ] key 68 was pressed by player 1
[18:35:34.347] [INFO   ] thread AWT-EventQueue-0 inserting into actions queue
[18:35:34.347] [SEVERE ] removing player 1 token from slot 6
[18:35:34.745] [SEVERE ] updating countdown to 57341
[18:35:34.747] [INFO   ] thread dealer reshuffleTime - currentTimeMillis 57339
[18:35:34.750] [INFO   ] thread dealer should finish false
[18:35:35.590] [SEVERE ] key 87 was pressed by player 1
[18:35:35.591] [INFO   ] thread AWT-EventQueue-0 inserting into actions queue
[18:35:35.591] [SEVERE ] player 1 placing token on slot 1
[18:35:35.726] [SEVERE ] key 69 was pressed by player 1
[18:35:35.727] [INFO   ] thread AWT-EventQueue-0 inserting into actions queue
[18:35:35.728] [SEVERE ] player 1 placing token on slot 2
[18:35:35.751] [SEVERE ] updating countdown to 56335
[18:35:35.829] [SEVERE ] removing player 1 token from slot 0
[18:35:35.831] [SEVERE ] removing card from slot 0
[18:35:35.932] [SEVERE ] removing player 1 token from slot 1
[18:35:35.934] [SEVERE ] removing card from slot 1
[18:35:36.035] [SEVERE ] removing player 1 token from slot 2
[18:35:36.037] [SEVERE ] removing card from slot 2
[18:35:36.039] [INFO   ] thread 0  Player 0is being point
[18:35:36.040] [SEVERE ] setting player 1 score to 3
[18:35:36.042] [SEVERE ] setting player 1 freeze to 1000
[18:35:36.140] [SEVERE ] placing card 21 in slot 0
[18:35:36.250] [SEVERE ] placing card 22 in slot 1
[18:35:36.352] [SEVERE ] placing card 23 in slot 2
[18:35:36.354] [INFO   ] thread dealer reshuffleTime - currentTimeMillis 55732
[18:35:36.355] [INFO   ] thread dealer should finish false
[18:35:37.047] [SEVERE ] setting player 1 freeze to 0
[18:35:37.055] [INFO   ] thread 0  Player 0is done being point
[18:35:37.056] [SEVERE ] updating countdown to 60000
[18:35:37.212] [SEVERE ] key 46 was pressed by player 2
[18:35:37.213] [INFO   ] thread AWT-EventQueue-0 inserting into actions queue
[18:35:37.214] [SEVERE ] player 2 placing token on slot 10
[18:35:37.267] [SEVERE ] key 44 was pressed by player 2
[18:35:37.268] [INFO   ] thread AWT-EventQueue-0 inserting into actions queue
[18:35:37.268] [SEVERE ] player 2 placing token on slot 9
[18:35:37.359] [SEVERE ] updating countdown to 59697
[18:35:37.361] [INFO   ] thread dealer reshuffleTime - currentTimeMillis 59695
[18:35:37.363] [INFO   ] thread dealer should finish false
[18:35:37.416] [SEVERE ] key 77 was pressed by player 2
[18:35:37.417] [INFO   ] thread AWT-EventQueue-0 inserting into actions queue
[18:35:37.417] [SEVERE ] player 2 placing token on slot 8
[18:35:37.418] [INFO   ] thread 1  Player 1is being penalized
[18:35:37.418] [SEVERE ] setting player 2 freeze to 3000
[18:35:38.365] [SEVERE ] updating countdown to 58691
[18:35:38.367] [INFO   ] thread dealer reshuffleTime - currentTimeMillis 58689
[18:35:38.369] [INFO   ] thread dealer should finish false
[18:35:38.421] [SEVERE ] setting player 2 freeze to 2000
[18:35:38.659] [SEVERE ] key 77 was pressed by player 2
[18:35:38.659] [INFO   ] thread AWT-EventQueue-0 inserting into actions queue
[18:35:38.820] [SEVERE ] key 44 was pressed by player 2
[18:35:38.821] [INFO   ] thread AWT-EventQueue-0 inserting into actions queue
[18:35:38.930] [SEVERE ] key 46 was pressed by player 2
[18:35:38.931] [INFO   ] thread AWT-EventQueue-0 inserting into actions queue
[18:35:39.370] [SEVERE ] updating countdown to 57686
[18:35:39.372] [INFO   ] thread dealer reshuffleTime - currentTimeMillis 57684
[18:35:39.374] [INFO   ] thread dealer should finish false
[18:35:39.423] [SEVERE ] setting player 2 freeze to 1000
[18:35:39.710] [SEVERE ] key 47 was pressed by player 2
[18:35:39.711] [INFO   ] thread AWT-EventQueue-0 inserting into actions queue
[18:35:40.376] [SEVERE ] updating countdown to 56680
[18:35:40.377] [INFO   ] thread dealer reshuffleTime - currentTimeMillis 56679
[18:35:40.379] [INFO   ] thread dealer should finish false
[18:35:40.424] [SEVERE ] setting player 2 freeze to 0
[18:35:40.427] [INFO   ] thread 1  Player 1is done being penalized
[18:35:40.428] [SEVERE ] key 46 was pressed by player 2
[18:35:40.430] [INFO   ] thread AWT-EventQueue-0 inserting into actions queue
[18:35:40.431] [SEVERE ] key 44 was pressed by player 2
[18:35:40.437] [INFO   ] thread AWT-EventQueue-0 inserting into actions queue
[18:35:40.431] [SEVERE ] removing player 2 token from slot 10
[18:35:40.439] [SEVERE ] removing player 2 token from slot 9
[18:35:40.851] [SEVERE ] key 81 was pressed by player 1
[18:35:40.852] [INFO   ] thread AWT-EventQueue-0 inserting into actions queue
[18:35:40.852] [SEVERE ] player 1 placing token on slot 0
[18:35:40.953] [SEVERE ] key 87 was pressed by player 1
[18:35:40.954] [INFO   ] thread AWT-EventQueue-0 inserting into actions queue
[18:35:40.955] [SEVERE ] player 1 placing token on slot 1
[18:35:40.999] [SEVERE ] key 69 was pressed by player 1
[18:35:41.000] [INFO   ] thread AWT-EventQueue-0 inserting into actions queue
[18:35:41.000] [SEVERE ] player 1 placing token on slot 2
[18:35:41.101] [SEVERE ] removing player 1 token from slot 0
[18:35:41.103] [SEVERE ] removing card from slot 0
[18:35:41.205] [SEVERE ] removing player 1 token from slot 1
[18:35:41.207] [SEVERE ] removing card from slot 1
[18:35:41.310] [SEVERE ] removing player 1 token from slot 2
[18:35:41.312] [SEVERE ] removing card from slot 2
[18:35:41.313] [INFO   ] thread 0  Player 0is being point
[18:35:41.314] [SEVERE ] setting player 1 score to 4
[18:35:41.317] [SEVERE ] setting player 1 freeze to 1000
[18:35:41.381] [SEVERE ] updating countdown to 55675
[18:35:41.483] [SEVERE ] placing card 24 in slot 0
[18:35:41.586] [SEVERE ] placing card 25 in slot 1
[18:35:41.688] [SEVERE ] placing card 26 in slot 2
[18:35:41.690] [INFO   ] thread dealer reshuffleTime - currentTimeMillis 55366
[18:35:41.691] [INFO   ] thread dealer should finish false
[18:35:42.029] [SEVERE ] key 81 was pressed by player 1
[18:35:42.041] [INFO   ] thread AWT-EventQueue-0 inserting into actions queue
[18:35:42.098] [SEVERE ] key 87 was pressed by player 1
[18:35:42.099] [INFO   ] thread AWT-EventQueue-0 inserting into actions queue
[18:35:42.165] [SEVERE ] key 69 was pressed by player 1
[18:35:42.166] [INFO   ] thread AWT-EventQueue-0 inserting into actions queue
[18:35:42.319] [SEVERE ] setting player 1 freeze to 0
[18:35:42.321] [INFO   ] thread 0  Player 0is done being point
[18:35:42.323] [SEVERE ] updating countdown to 60000
[18:35:42.695] [SEVERE ] updating countdown to 59628
[18:35:42.697] [INFO   ] thread dealer reshuffleTime - currentTimeMillis 59626
[18:35:42.698] [INFO   ] thread dealer should finish false
[18:35:43.194] [SEVERE ] key 87 was pressed by player 1
[18:35:43.195] [INFO   ] thread AWT-EventQueue-0 inserting into actions queue
[18:35:43.195] [SEVERE ] player 1 placing token on slot 1
[18:35:43.315] [SEVERE ] key 81 was pressed by player 1
[18:35:43.315] [INFO   ] thread AWT-EventQueue-0 inserting into actions queue
[18:35:43.315] [SEVERE ] player 1 placing token on slot 0
[18:35:43.501] [SEVERE ] key 69 was pressed by player 1
[18:35:43.501] [INFO   ] thread AWT-EventQueue-0 inserting into actions queue
[18:35:43.501] [SEVERE ] player 1 placing token on slot 2
[18:35:43.602] [SEVERE ] removing player 1 token from slot 1
[18:35:43.604] [SEVERE ] removing card from slot 1
[18:35:43.700] [SEVERE ] updating countdown to 58623
[18:35:43.707] [SEVERE ] removing player 1 token from slot 0
[18:35:43.708] [SEVERE ] removing card from slot 0
[18:35:43.810] [SEVERE ] removing player 1 token from slot 2
[18:35:43.811] [SEVERE ] removing card from slot 2
[18:35:43.812] [INFO   ] thread 0  Player 0is being point
[18:35:43.819] [SEVERE ] setting player 1 score to 5
[18:35:43.823] [SEVERE ] setting player 1 freeze to 1000
[18:35:43.913] [SEVERE ] placing card 27 in slot 0
[18:35:44.014] [SEVERE ] placing card 28 in slot 1
[18:35:44.115] [SEVERE ] placing card 29 in slot 2
[18:35:44.117] [INFO   ] thread dealer reshuffleTime - currentTimeMillis 58206
[18:35:44.123] [INFO   ] thread dealer should finish false
[18:35:44.827] [SEVERE ] setting player 1 freeze to 0
[18:35:44.829] [INFO   ] thread 0  Player 0is done being point
[18:35:44.830] [SEVERE ] updating countdown to 60000
[18:35:45.125] [SEVERE ] updating countdown to 59705
[18:35:45.127] [INFO   ] thread dealer reshuffleTime - currentTimeMillis 59703
[18:35:45.128] [INFO   ] thread dealer should finish false
[18:35:45.903] [SEVERE ] key 81 was pressed by player 1
[18:35:45.903] [INFO   ] thread AWT-EventQueue-0 inserting into actions queue
[18:35:45.904] [SEVERE ] player 1 placing token on slot 0
[18:35:45.986] [SEVERE ] key 87 was pressed by player 1
[18:35:45.987] [INFO   ] thread AWT-EventQueue-0 inserting into actions queue
[18:35:45.987] [SEVERE ] player 1 placing token on slot 1
[18:35:46.043] [SEVERE ] key 69 was pressed by player 1
[18:35:46.044] [INFO   ] thread AWT-EventQueue-0 inserting into actions queue
[18:35:46.044] [SEVERE ] player 1 placing token on slot 2
[18:35:46.129] [SEVERE ] updating countdown to 58701
[18:35:46.145] [SEVERE ] removing player 1 token from slot 0
[18:35:46.146] [SEVERE ] removing card from slot 0
[18:35:46.248] [SEVERE ] removing player 1 token from slot 1
[18:35:46.250] [SEVERE ] removing card from slot 1
[18:35:46.353] [SEVERE ] removing player 1 token from slot 2
[18:35:46.354] [SEVERE ] removing card from slot 2
[18:35:46.356] [INFO   ] thread 0  Player 0is being point
[18:35:46.356] [SEVERE ] setting player 1 score to 6
[18:35:46.359] [SEVERE ] setting player 1 freeze to 1000
[18:35:46.456] [SEVERE ] placing card 30 in slot 0
[18:35:46.558] [SEVERE ] placing card 31 in slot 1
[18:35:46.661] [SEVERE ] placing card 32 in slot 2
[18:35:46.662] [INFO   ] thread dealer reshuffleTime - currentTimeMillis 58168
[18:35:46.663] [INFO   ] thread dealer should finish false
[18:35:47.361] [SEVERE ] setting player 1 freeze to 0
[18:35:47.363] [INFO   ] thread 0  Player 0is done being point
[18:35:47.364] [SEVERE ] updating countdown to 60000
[18:35:47.438] [SEVERE ] key 81 was pressed by player 1
[18:35:47.438] [INFO   ] thread AWT-EventQueue-0 inserting into actions queue
[18:35:47.439] [SEVERE ] player 1 placing token on slot 0
[18:35:47.519] [SEVERE ] key 87 was pressed by player 1
[18:35:47.520] [INFO   ] thread AWT-EventQueue-0 inserting into actions queue
[18:35:47.520] [SEVERE ] player 1 placing token on slot 1
[18:35:47.594] [SEVERE ] key 69 was pressed by player 1
[18:35:47.595] [INFO   ] thread AWT-EventQueue-0 inserting into actions queue
[18:35:47.595] [SEVERE ] player 1 placing token on slot 2
[18:35:47.668] [SEVERE ] updating countdown to 59696
[18:35:47.697] [SEVERE ] removing player 1 token from slot 0
[18:35:47.698] [SEVERE ] removing card from slot 0
[18:35:47.800] [SEVERE ] removing player 1 token from slot 1
[18:35:47.800] [SEVERE ] removing card from slot 1
[18:35:47.901] [SEVERE ] removing player 1 token from slot 2
[18:35:47.903] [SEVERE ] removing card from slot 2
[18:35:47.904] [INFO   ] thread 0  Player 0is being point
[18:35:47.908] [SEVERE ] setting player 1 score to 7
[18:35:47.908] [SEVERE ] setting player 1 freeze to 1000
[18:35:48.005] [SEVERE ] placing card 33 in slot 0
[18:35:48.107] [SEVERE ] placing card 34 in slot 1
[18:35:48.209] [SEVERE ] placing card 35 in slot 2
[18:35:48.211] [INFO   ] thread dealer reshuffleTime - currentTimeMillis 59153
[18:35:48.212] [INFO   ] thread dealer should finish false
[18:35:48.799] [SEVERE ] key 81 was pressed by player 1
[18:35:48.800] [INFO   ] thread AWT-EventQueue-0 inserting into actions queue
[18:35:48.910] [SEVERE ] setting player 1 freeze to 0
[18:35:48.911] [INFO   ] thread 0  Player 0is done being point
[18:35:48.912] [SEVERE ] updating countdown to 60000
[18:35:49.121] [SEVERE ] key 87 was pressed by player 1
[18:35:49.121] [INFO   ] thread AWT-EventQueue-0 inserting into actions queue
[18:35:49.121] [SEVERE ] player 1 placing token on slot 1
[18:35:49.216] [SEVERE ] updating countdown to 59696
[18:35:49.218] [INFO   ] thread dealer reshuffleTime - currentTimeMillis 59694
[18:35:49.221] [INFO   ] thread dealer should finish false
[18:35:49.398] [SEVERE ] key 69 was pressed by player 1
[18:35:49.399] [INFO   ] thread AWT-EventQueue-0 inserting into actions queue
[18:35:49.399] [SEVERE ] player 1 placing token on slot 2
[18:35:50.222] [SEVERE ] updating countdown to 58690
[18:35:50.225] [INFO   ] thread dealer reshuffleTime - currentTimeMillis 58687
[18:35:50.226] [INFO   ] thread dealer should finish false
[18:35:50.576] [SEVERE ] key 81 was pressed by player 1
[18:35:50.577] [INFO   ] thread AWT-EventQueue-0 inserting into actions queue
[18:35:50.578] [SEVERE ] player 1 placing token on slot 0
[18:35:50.679] [SEVERE ] removing player 1 token from slot 1
[18:35:50.681] [SEVERE ] removing card from slot 1
[18:35:50.783] [SEVERE ] removing player 1 token from slot 2
[18:35:50.785] [SEVERE ] removing card from slot 2
[18:35:50.890] [SEVERE ] removing player 1 token from slot 0
[18:35:50.892] [SEVERE ] removing card from slot 0
[18:35:50.896] [INFO   ] thread 0  Player 0is being point
[18:35:50.896] [SEVERE ] setting player 1 score to 8
[18:35:50.898] [SEVERE ] setting player 1 freeze to 1000
[18:35:51.228] [SEVERE ] updating countdown to 57684
[18:35:51.330] [SEVERE ] placing card 36 in slot 0
[18:35:51.432] [SEVERE ] placing card 37 in slot 1
[18:35:51.533] [SEVERE ] placing card 38 in slot 2
[18:35:51.536] [INFO   ] thread dealer reshuffleTime - currentTimeMillis 57376
[18:35:51.537] [INFO   ] thread dealer should finish false
[18:35:51.790] [SEVERE ] key 81 was pressed by player 1
[18:35:51.791] [INFO   ] thread AWT-EventQueue-0 inserting into actions queue
[18:35:51.901] [SEVERE ] setting player 1 freeze to 0
[18:35:51.903] [INFO   ] thread 0  Player 0is done being point
[18:35:51.904] [SEVERE ] updating countdown to 60000
[18:35:52.541] [SEVERE ] updating countdown to 59363
[18:35:52.543] [INFO   ] thread dealer reshuffleTime - currentTimeMillis 59361
[18:35:52.545] [INFO   ] thread dealer should finish false
[18:35:53.342] [SEVERE ] key 81 was pressed by player 1
[18:35:53.342] [INFO   ] thread AWT-EventQueue-0 inserting into actions queue
[18:35:53.343] [SEVERE ] player 1 placing token on slot 0
[18:35:53.546] [SEVERE ] updating countdown to 58358
[18:35:53.548] [INFO   ] thread dealer reshuffleTime - currentTimeMillis 58356
[18:35:53.548] [INFO   ] thread dealer should finish false
[18:35:53.916] [SEVERE ] key 87 was pressed by player 1
[18:35:53.918] [INFO   ] thread AWT-EventQueue-0 inserting into actions queue
[18:35:53.919] [SEVERE ] player 1 placing token on slot 1
[18:35:54.200] [SEVERE ] key 69 was pressed by player 1
[18:35:54.200] [INFO   ] thread AWT-EventQueue-0 inserting into actions queue
[18:35:54.201] [SEVERE ] player 1 placing token on slot 2
[18:35:54.302] [SEVERE ] removing player 1 token from slot 0
[18:35:54.310] [SEVERE ] removing card from slot 0
[18:35:54.412] [SEVERE ] removing player 1 token from slot 1
[18:35:54.414] [SEVERE ] removing card from slot 1
[18:35:54.516] [SEVERE ] removing player 1 token from slot 2
[18:35:54.518] [SEVERE ] removing card from slot 2
[18:35:54.521] [INFO   ] thread 0  Player 0is being point
[18:35:54.522] [SEVERE ] setting player 1 score to 9
[18:35:54.524] [SEVERE ] setting player 1 freeze to 1000
[18:35:54.550] [SEVERE ] updating countdown to 57354
[18:35:54.652] [SEVERE ] placing card 39 in slot 0
[18:35:54.754] [SEVERE ] placing card 40 in slot 1
[18:35:54.857] [SEVERE ] placing card 41 in slot 2
[18:35:54.858] [INFO   ] thread dealer reshuffleTime - currentTimeMillis 57046
[18:35:54.871] [INFO   ] thread dealer should finish false
[18:35:55.444] [SEVERE ] key 81 was pressed by player 1
[18:35:55.444] [INFO   ] thread AWT-EventQueue-0 inserting into actions queue
[18:35:55.526] [SEVERE ] setting player 1 freeze to 0
[18:35:55.527] [INFO   ] thread 0  Player 0is done being point
[18:35:55.529] [SEVERE ] updating countdown to 60000
[18:35:55.873] [SEVERE ] updating countdown to 59656
[18:35:55.874] [INFO   ] thread dealer reshuffleTime - currentTimeMillis 59655
[18:35:55.876] [INFO   ] thread dealer should finish false
[18:35:56.877] [SEVERE ] updating countdown to 58652
[18:35:56.879] [INFO   ] thread dealer reshuffleTime - currentTimeMillis 58650
[18:35:56.881] [INFO   ] thread dealer should finish false
[18:35:57.780] [SEVERE ] key 69 was pressed by player 1
[18:35:57.780] [INFO   ] thread AWT-EventQueue-0 inserting into actions queue
[18:35:57.781] [SEVERE ] player 1 placing token on slot 2
[18:35:57.882] [SEVERE ] updating countdown to 57647
[18:35:57.885] [INFO   ] thread dealer reshuffleTime - currentTimeMillis 57644
[18:35:57.888] [INFO   ] thread dealer should finish false
[18:35:58.018] [SEVERE ] key 81 was pressed by player 1
[18:35:58.018] [INFO   ] thread AWT-EventQueue-0 inserting into actions queue
[18:35:58.019] [SEVERE ] player 1 placing token on slot 0
[18:35:58.024] [SEVERE ] key 87 was pressed by player 1
[18:35:58.025] [INFO   ] thread AWT-EventQueue-0 inserting into actions queue
[18:35:58.025] [SEVERE ] player 1 placing token on slot 1
[18:35:58.125] [SEVERE ] removing player 1 token from slot 2
[18:35:58.127] [SEVERE ] removing card from slot 2
[18:35:58.231] [SEVERE ] removing player 1 token from slot 0
[18:35:58.233] [SEVERE ] removing card from slot 0
[18:35:58.335] [SEVERE ] removing player 1 token from slot 1
[18:35:58.337] [SEVERE ] removing card from slot 1
[18:35:58.338] [INFO   ] thread 0  Player 0is being point
[18:35:58.340] [SEVERE ] setting player 1 score to 10
[18:35:58.341] [SEVERE ] setting player 1 freeze to 1000
[18:35:58.889] [SEVERE ] updating countdown to 56640
[18:35:58.989] [SEVERE ] placing card 42 in slot 0
[18:35:59.090] [SEVERE ] placing card 43 in slot 1
[18:35:59.193] [SEVERE ] placing card 44 in slot 2
[18:35:59.195] [INFO   ] thread dealer reshuffleTime - currentTimeMillis 56334
[18:35:59.201] [INFO   ] thread dealer should finish false
[18:35:59.342] [SEVERE ] setting player 1 freeze to 0
[18:35:59.344] [INFO   ] thread 0  Player 0is done being point
[18:35:59.345] [SEVERE ] updating countdown to 60000
[18:36:00.202] [SEVERE ] updating countdown to 59143
[18:36:00.204] [INFO   ] thread dealer reshuffleTime - currentTimeMillis 59141
[18:36:00.208] [INFO   ] thread dealer should finish false
[18:36:00.684] [SEVERE ] key 44 was pressed by player 2
[18:36:00.684] [INFO   ] thread AWT-EventQueue-0 inserting into actions queue
[18:36:00.685] [SEVERE ] player 2 placing token on slot 9
[18:36:01.195] [SEVERE ] key 44 was pressed by player 2
[18:36:01.199] [INFO   ] thread AWT-EventQueue-0 inserting into actions queue
[18:36:01.200] [SEVERE ] removing player 2 token from slot 9
[18:36:01.209] [SEVERE ] updating countdown to 58136
[18:36:01.211] [INFO   ] thread dealer reshuffleTime - currentTimeMillis 58134
[18:36:01.211] [INFO   ] thread dealer should finish false
[18:36:02.169] [SEVERE ] key 44 was pressed by player 2
[18:36:02.170] [INFO   ] thread AWT-EventQueue-0 inserting into actions queue
[18:36:02.170] [SEVERE ] player 2 placing token on slot 9
[18:36:02.213] [SEVERE ] updating countdown to 57132
[18:36:02.214] [INFO   ] thread dealer reshuffleTime - currentTimeMillis 57131
[18:36:02.215] [INFO   ] thread dealer should finish false
[18:36:02.874] [SEVERE ] key 44 was pressed by player 2
[18:36:02.874] [INFO   ] thread AWT-EventQueue-0 inserting into actions queue
[18:36:02.875] [SEVERE ] removing player 2 token from slot 9
[18:36:03.217] [SEVERE ] updating countdown to 56128
[18:36:03.219] [INFO   ] thread dealer reshuffleTime - currentTimeMillis 56126
[18:36:03.221] [INFO   ] thread dealer should finish false
[18:36:03.330] [SEVERE ] key 77 was pressed by player 2
[18:36:03.331] [INFO   ] thread AWT-EventQueue-0 inserting into actions queue
[18:36:03.331] [SEVERE ] removing player 2 token from slot 8
[18:36:04.069] [SEVERE ] key 81 was pressed by player 1
[18:36:04.070] [INFO   ] thread AWT-EventQueue-0 inserting into actions queue
[18:36:04.070] [SEVERE ] player 1 placing token on slot 0
[18:36:04.222] [SEVERE ] updating countdown to 55123
[18:36:04.227] [INFO   ] thread dealer reshuffleTime - currentTimeMillis 55118
[18:36:04.228] [INFO   ] thread dealer should finish false
[18:36:05.229] [SEVERE ] updating countdown to 54116
[18:36:05.231] [INFO   ] thread dealer reshuffleTime - currentTimeMillis 54114
[18:36:05.232] [INFO   ] thread dealer should finish false
[18:36:05.236] [SEVERE ] key 87 was pressed by player 1
[18:36:05.236] [INFO   ] thread AWT-EventQueue-0 inserting into actions queue
[18:36:05.237] [SEVERE ] player 1 placing token on slot 1
[18:36:05.396] [SEVERE ] key 69 was pressed by player 1
[18:36:05.397] [INFO   ] thread AWT-EventQueue-0 inserting into actions queue
[18:36:05.398] [SEVERE ] player 1 placing token on slot 2
[18:36:05.498] [SEVERE ] removing player 1 token from slot 0
[18:36:05.499] [SEVERE ] removing card from slot 0
[18:36:05.601] [SEVERE ] removing player 1 token from slot 1
[18:36:05.602] [SEVERE ] removing card from slot 1
[18:36:05.709] [SEVERE ] removing player 1 token from slot 2
[18:36:05.711] [SEVERE ] removing card from slot 2
[18:36:05.716] [INFO   ] thread 0  Player 0is being point
[18:36:05.718] [SEVERE ] setting player 1 score to 11
[18:36:05.719] [SEVERE ] setting player 1 freeze to 1000
[18:36:06.236] [SEVERE ] updating countdown to 53109
[18:36:06.339] [SEVERE ] placing card 45 in slot 0
[18:36:06.441] [SEVERE ] placing card 46 in slot 1
[18:36:06.542] [SEVERE ] placing card 47 in slot 2
[18:36:06.544] [INFO   ] thread dealer reshuffleTime - currentTimeMillis 52801
[18:36:06.545] [INFO   ] thread dealer should finish false
[18:36:06.722] [SEVERE ] setting player 1 freeze to 0
[18:36:06.724] [INFO   ] thread 0  Player 0is done being point
[18:36:06.724] [SEVERE ] updating countdown to 60000
[18:36:07.198] [SEVERE ] key 77 was pressed by player 2
[18:36:07.199] [INFO   ] thread AWT-EventQueue-0 inserting into actions queue
[18:36:07.199] [SEVERE ] player 2 placing token on slot 8
[18:36:07.546] [SEVERE ] updating countdown to 59178
[18:36:07.548] [INFO   ] thread dealer reshuffleTime - currentTimeMillis 59176
[18:36:07.551] [INFO   ] thread dealer should finish false
[18:36:08.029] [SEVERE ] key 81 was pressed by player 1
[18:36:08.029] [INFO   ] thread AWT-EventQueue-0 inserting into actions queue
[18:36:08.030] [SEVERE ] player 1 placing token on slot 0
[18:36:08.553] [SEVERE ] updating countdown to 58171
[18:36:08.554] [INFO   ] thread dealer reshuffleTime - currentTimeMillis 58170
[18:36:08.555] [INFO   ] thread dealer should finish false
[18:36:09.069] [SEVERE ] key 87 was pressed by player 1
[18:36:09.070] [INFO   ] thread AWT-EventQueue-0 inserting into actions queue
[18:36:09.070] [SEVERE ] player 1 placing token on slot 1
[18:36:09.405] [SEVERE ] key 69 was pressed by player 1
[18:36:09.406] [INFO   ] thread AWT-EventQueue-0 inserting into actions queue
[18:36:09.406] [SEVERE ] player 1 placing token on slot 2
[18:36:09.507] [SEVERE ] removing player 1 token from slot 0
[18:36:09.509] [SEVERE ] removing card from slot 0
[18:36:09.556] [SEVERE ] updating countdown to 57168
[18:36:09.610] [SEVERE ] removing player 1 token from slot 1
[18:36:09.613] [SEVERE ] removing card from slot 1
[18:36:09.716] [SEVERE ] removing player 1 token from slot 2
[18:36:09.718] [SEVERE ] removing card from slot 2
[18:36:09.720] [INFO   ] thread 0  Player 0is being point
[18:36:09.723] [SEVERE ] setting player 1 score to 12
[18:36:09.724] [SEVERE ] setting player 1 freeze to 1000
[18:36:09.821] [SEVERE ] placing card 48 in slot 0
[18:36:09.923] [SEVERE ] placing card 49 in slot 1
[18:36:10.025] [SEVERE ] placing card 50 in slot 2
[18:36:10.027] [INFO   ] thread dealer reshuffleTime - currentTimeMillis 56697
[18:36:10.029] [INFO   ] thread dealer should finish false
[18:36:10.558] [SEVERE ] key 81 was pressed by player 1
[18:36:10.559] [INFO   ] thread AWT-EventQueue-0 inserting into actions queue
[18:36:10.681] [SEVERE ] key 87 was pressed by player 1
[18:36:10.683] [INFO   ] thread AWT-EventQueue-0 inserting into actions queue
[18:36:10.726] [SEVERE ] setting player 1 freeze to 0
[18:36:10.727] [INFO   ] thread 0  Player 0is done being point
[18:36:10.728] [SEVERE ] updating countdown to 60000
[18:36:10.800] [SEVERE ] key 69 was pressed by player 1
[18:36:10.802] [INFO   ] thread AWT-EventQueue-0 inserting into actions queue
[18:36:10.802] [SEVERE ] player 1 placing token on slot 2
[18:36:11.032] [SEVERE ] updating countdown to 59696
[18:36:11.034] [INFO   ] thread dealer reshuffleTime - currentTimeMillis 59694
[18:36:11.036] [INFO   ] thread dealer should finish false
[18:36:12.038] [SEVERE ] updating countdown to 58690
[18:36:12.040] [INFO   ] thread dealer reshuffleTime - currentTimeMillis 58688
[18:36:12.041] [INFO   ] thread dealer should finish false
[18:36:12.648] [SEVERE ] key 87 was pressed by player 1
[18:36:12.648] [INFO   ] thread AWT-EventQueue-0 inserting into actions queue
[18:36:12.648] [SEVERE ] player 1 placing token on slot 1
[18:36:12.798] [SEVERE ] key 81 was pressed by player 1
[18:36:12.799] [INFO   ] thread AWT-EventQueue-0 inserting into actions queue
[18:36:12.800] [SEVERE ] player 1 placing token on slot 0
[18:36:12.901] [SEVERE ] removing player 1 token from slot 2
[18:36:12.905] [SEVERE ] removing card from slot 2
[18:36:13.006] [SEVERE ] removing player 1 token from slot 1
[18:36:13.008] [SEVERE ] removing card from slot 1
[18:36:13.042] [SEVERE ] updating countdown to 57686
[18:36:13.112] [SEVERE ] removing player 1 token from slot 0
[18:36:13.115] [SEVERE ] removing card from slot 0
[18:36:13.116] [INFO   ] thread 0  Player 0is being point
[18:36:13.118] [SEVERE ] setting player 1 score to 13
[18:36:13.119] [SEVERE ] setting player 1 freeze to 1000
[18:36:13.216] [SEVERE ] placing card 51 in slot 0
[18:36:13.318] [SEVERE ] placing card 52 in slot 1
[18:36:13.419] [SEVERE ] placing card 53 in slot 2
[18:36:13.421] [INFO   ] thread dealer reshuffleTime - currentTimeMillis 57307
[18:36:13.426] [INFO   ] thread dealer should finish false
[18:36:14.121] [SEVERE ] setting player 1 freeze to 0
[18:36:14.122] [INFO   ] thread 0  Player 0is done being point
[18:36:14.124] [SEVERE ] updating countdown to 60000
[18:36:14.149] [SEVERE ] key 81 was pressed by player 1
[18:36:14.149] [INFO   ] thread AWT-EventQueue-0 inserting into actions queue
[18:36:14.150] [SEVERE ] player 1 placing token on slot 0
[18:36:14.427] [SEVERE ] updating countdown to 59697
[18:36:14.429] [INFO   ] thread dealer reshuffleTime - currentTimeMillis 59695
[18:36:14.430] [INFO   ] thread dealer should finish false
[18:36:14.805] [SEVERE ] key 87 was pressed by player 1
[18:36:14.805] [INFO   ] thread AWT-EventQueue-0 inserting into actions queue
[18:36:14.806] [SEVERE ] player 1 placing token on slot 1
[18:36:15.156] [SEVERE ] key 69 was pressed by player 1
[18:36:15.163] [INFO   ] thread AWT-EventQueue-0 inserting into actions queue
[18:36:15.164] [SEVERE ] player 1 placing token on slot 2
[18:36:15.265] [SEVERE ] removing player 1 token from slot 0
[18:36:15.268] [SEVERE ] removing card from slot 0
[18:36:15.370] [SEVERE ] removing player 1 token from slot 1
[18:36:15.372] [SEVERE ] removing card from slot 1
[18:36:15.431] [SEVERE ] updating countdown to 58693
[18:36:15.475] [SEVERE ] removing player 1 token from slot 2
[18:36:15.477] [SEVERE ] removing card from slot 2
[18:36:15.478] [INFO   ] thread 0  Player 0is being point
[18:36:15.479] [SEVERE ] setting player 1 score to 14
[18:36:15.480] [SEVERE ] setting player 1 freeze to 1000
[18:36:15.579] [SEVERE ] placing card 54 in slot 0
[18:36:15.680] [SEVERE ] placing card 55 in slot 1
[18:36:15.782] [SEVERE ] placing card 56 in slot 2
[18:36:15.784] [INFO   ] thread dealer reshuffleTime - currentTimeMillis 58340
[18:36:15.785] [INFO   ] thread dealer should finish false
[18:36:16.482] [SEVERE ] setting player 1 freeze to 0
[18:36:16.483] [INFO   ] thread 0  Player 0is done being point
[18:36:16.485] [SEVERE ] updating countdown to 60000
[18:36:16.788] [SEVERE ] updating countdown to 59697
[18:36:16.790] [INFO   ] thread dealer reshuffleTime - currentTimeMillis 59695
[18:36:16.792] [INFO   ] thread dealer should finish false
[18:36:17.793] [SEVERE ] updating countdown to 58692
[18:36:17.794] [INFO   ] thread dealer reshuffleTime - currentTimeMillis 58691
[18:36:17.795] [INFO   ] thread dealer should finish false
[18:36:17.869] [SEVERE ] key 81 was pressed by player 1
[18:36:17.869] [INFO   ] thread AWT-EventQueue-0 inserting into actions queue
[18:36:17.870] [SEVERE ] player 1 placing token on slot 0
[18:36:18.312] [SEVERE ] key 87 was pressed by player 1
[18:36:18.313] [INFO   ] thread AWT-EventQueue-0 inserting into actions queue
[18:36:18.313] [SEVERE ] player 1 placing token on slot 1
[18:36:18.559] [SEVERE ] key 69 was pressed by player 1
[18:36:18.559] [INFO   ] thread AWT-EventQueue-0 inserting into actions queue
[18:36:18.560] [SEVERE ] player 1 placing token on slot 2
[18:36:18.661] [SEVERE ] removing player 1 token from slot 0
[18:36:18.662] [SEVERE ] removing card from slot 0
[18:36:18.766] [SEVERE ] removing player 1 token from slot 1
[18:36:18.767] [SEVERE ] removing card from slot 1
[18:36:18.797] [SEVERE ] updating countdown to 57688
[18:36:18.869] [SEVERE ] removing player 1 token from slot 2
[18:36:18.870] [SEVERE ] removing card from slot 2
[18:36:18.871] [INFO   ] thread 0  Player 0is being point
[18:36:18.873] [SEVERE ] setting player 1 score to 15
[18:36:18.875] [SEVERE ] setting player 1 freeze to 1000
[18:36:18.971] [SEVERE ] placing card 57 in slot 0
[18:36:19.072] [SEVERE ] placing card 58 in slot 1
[18:36:19.173] [SEVERE ] placing card 59 in slot 2
[18:36:19.175] [INFO   ] thread dealer reshuffleTime - currentTimeMillis 57310
[18:36:19.179] [INFO   ] thread dealer should finish false
[18:36:19.697] [SEVERE ] key 81 was pressed by player 1
[18:36:19.697] [INFO   ] thread AWT-EventQueue-0 inserting into actions queue
[18:36:19.876] [SEVERE ] setting player 1 freeze to 0
[18:36:19.879] [INFO   ] thread 0  Player 0is done being point
[18:36:19.879] [SEVERE ] updating countdown to 60000
[18:36:20.181] [SEVERE ] updating countdown to 59698
[18:36:20.183] [INFO   ] thread dealer reshuffleTime - currentTimeMillis 59696
[18:36:20.185] [INFO   ] thread dealer should finish false
[18:36:20.759] [SEVERE ] key 81 was pressed by player 1
[18:36:20.759] [INFO   ] thread AWT-EventQueue-0 inserting into actions queue
[18:36:20.760] [SEVERE ] player 1 placing token on slot 0
[18:36:21.096] [SEVERE ] key 87 was pressed by player 1
[18:36:21.100] [INFO   ] thread AWT-EventQueue-0 inserting into actions queue
[18:36:21.101] [SEVERE ] player 1 placing token on slot 1
[18:36:21.199] [SEVERE ] updating countdown to 58680
[18:36:21.200] [INFO   ] thread dealer reshuffleTime - currentTimeMillis 58679
[18:36:21.202] [INFO   ] thread dealer should finish false
[18:36:21.349] [SEVERE ] key 69 was pressed by player 1
[18:36:21.357] [INFO   ] thread AWT-EventQueue-0 inserting into actions queue
[18:36:21.358] [SEVERE ] player 1 placing token on slot 2
[18:36:21.460] [SEVERE ] removing player 1 token from slot 0
[18:36:21.461] [SEVERE ] removing card from slot 0
[18:36:21.563] [SEVERE ] removing player 1 token from slot 1
[18:36:21.565] [SEVERE ] removing card from slot 1
[18:36:21.666] [SEVERE ] removing player 1 token from slot 2
[18:36:21.668] [SEVERE ] removing card from slot 2
[18:36:21.670] [INFO   ] thread 0  Player 0is being point
[18:36:21.671] [SEVERE ] setting player 1 score to 16
[18:36:21.672] [SEVERE ] setting player 1 freeze to 1000
[18:36:22.203] [SEVERE ] updating countdown to 57676
[18:36:22.306] [SEVERE ] placing card 60 in slot 0
[18:36:22.408] [SEVERE ] placing card 61 in slot 1
[18:36:22.510] [SEVERE ] placing card 62 in slot 2
[18:36:22.513] [INFO   ] thread dealer reshuffleTime - currentTimeMillis 57366
[18:36:22.518] [INFO   ] thread dealer should finish false
[18:36:22.674] [SEVERE ] setting player 1 freeze to 0
[18:36:22.676] [INFO   ] thread 0  Player 0is done being point
[18:36:22.678] [SEVERE ] updating countdown to 60000
[18:36:23.167] [SEVERE ] key 87 was pressed by player 1
[18:36:23.167] [INFO   ] thread AWT-EventQueue-0 inserting into actions queue
[18:36:23.168] [SEVERE ] player 1 placing token on slot 1
[18:36:23.519] [SEVERE ] updating countdown to 59158
[18:36:23.525] [INFO   ] thread dealer reshuffleTime - currentTimeMillis 59152
[18:36:23.528] [INFO   ] thread dealer should finish false
[18:36:24.528] [SEVERE ] updating countdown to 58149
[18:36:24.530] [INFO   ] thread dealer reshuffleTime - currentTimeMillis 58147
[18:36:24.532] [INFO   ] thread dealer should finish false
[18:36:25.351] [SEVERE ] key 81 was pressed by player 1
[18:36:25.352] [INFO   ] thread AWT-EventQueue-0 inserting into actions queue
[18:36:25.352] [SEVERE ] player 1 placing token on slot 0
[18:36:25.533] [SEVERE ] updating countdown to 57144
[18:36:25.536] [INFO   ] thread dealer reshuffleTime - currentTimeMillis 57141
[18:36:25.538] [INFO   ] thread dealer should finish false
[18:36:25.816] [SEVERE ] key 69 was pressed by player 1
[18:36:25.816] [INFO   ] thread AWT-EventQueue-0 inserting into actions queue
[18:36:25.817] [SEVERE ] player 1 placing token on slot 2
[18:36:25.917] [SEVERE ] removing player 1 token from slot 1
[18:36:25.919] [SEVERE ] removing card from slot 1
[18:36:26.021] [SEVERE ] removing player 1 token from slot 0
[18:36:26.023] [SEVERE ] removing card from slot 0
[18:36:26.124] [SEVERE ] removing player 1 token from slot 2
[18:36:26.125] [SEVERE ] removing card from slot 2
[18:36:26.126] [INFO   ] thread 0  Player 0is being point
[18:36:26.128] [SEVERE ] setting player 1 score to 17
[18:36:26.129] [SEVERE ] setting player 1 freeze to 1000
[18:36:26.539] [SEVERE ] updating countdown to 56138
[18:36:26.641] [SEVERE ] placing card 63 in slot 0
[18:36:26.743] [SEVERE ] placing card 64 in slot 1
[18:36:26.845] [SEVERE ] placing card 65 in slot 2
[18:36:26.847] [INFO   ] thread dealer reshuffleTime - currentTimeMillis 55830
[18:36:26.848] [INFO   ] thread dealer should finish false
[18:36:27.131] [SEVERE ] setting player 1 freeze to 0
[18:36:27.132] [INFO   ] thread 0  Player 0is done being point
[18:36:27.133] [SEVERE ] updating countdown to 60000
[18:36:27.851] [SEVERE ] updating countdown to 59283
[18:36:27.852] [INFO   ] thread dealer reshuffleTime - currentTimeMillis 59281
[18:36:27.853] [INFO   ] thread dealer should finish false
[18:36:28.514] [SEVERE ] key 81 was pressed by player 1
[18:36:28.515] [INFO   ] thread AWT-EventQueue-0 inserting into actions queue
[18:36:28.515] [SEVERE ] player 1 placing token on slot 0
[18:36:28.802] [SEVERE ] key 87 was pressed by player 1
[18:36:28.803] [INFO   ] thread AWT-EventQueue-0 inserting into actions queue
[18:36:28.803] [SEVERE ] player 1 placing token on slot 1
[18:36:28.858] [SEVERE ] updating countdown to 58275
[18:36:28.868] [INFO   ] thread dealer reshuffleTime - currentTimeMillis 58265
[18:36:28.868] [INFO   ] thread dealer should finish false
[18:36:29.113] [SEVERE ] key 69 was pressed by player 1
[18:36:29.113] [INFO   ] thread AWT-EventQueue-0 inserting into actions queue
[18:36:29.113] [SEVERE ] player 1 placing token on slot 2
[18:36:29.214] [SEVERE ] removing player 1 token from slot 0
[18:36:29.215] [SEVERE ] removing card from slot 0
[18:36:29.317] [SEVERE ] removing player 1 token from slot 1
[18:36:29.318] [SEVERE ] removing card from slot 1
[18:36:29.422] [SEVERE ] removing player 1 token from slot 2
[18:36:29.424] [SEVERE ] removing card from slot 2
[18:36:29.431] [INFO   ] thread 0  Player 0is being point
[18:36:29.434] [SEVERE ] setting player 1 score to 18
[18:36:29.435] [SEVERE ] setting player 1 freeze to 1000
[18:36:29.869] [SEVERE ] updating countdown to 57264
[18:36:29.971] [SEVERE ] placing card 66 in slot 0
[18:36:30.073] [SEVERE ] placing card 67 in slot 1
[18:36:30.175] [SEVERE ] placing card 68 in slot 2
[18:36:30.178] [INFO   ] thread dealer reshuffleTime - currentTimeMillis 56955
[18:36:30.179] [INFO   ] thread dealer should finish false
[18:36:30.437] [SEVERE ] setting player 1 freeze to 0
[18:36:30.438] [INFO   ] thread 0  Player 0is done being point
[18:36:30.439] [SEVERE ] updating countdown to 60000
[18:36:30.754] [SEVERE ] key 77 was pressed by player 2
[18:36:30.755] [INFO   ] thread AWT-EventQueue-0 inserting into actions queue
[18:36:30.755] [SEVERE ] removing player 2 token from slot 8
[18:36:31.183] [SEVERE ] updating countdown to 59256
[18:36:31.185] [INFO   ] thread dealer reshuffleTime - currentTimeMillis 59254
[18:36:31.187] [INFO   ] thread dealer should finish false
[18:36:32.028] [SEVERE ] key 47 was pressed by player 2
[18:36:32.029] [INFO   ] thread AWT-EventQueue-0 inserting into actions queue
[18:36:32.030] [SEVERE ] player 2 placing token on slot 11
[18:36:32.060] [SEVERE ] key 81 was pressed by player 1
[18:36:32.062] [INFO   ] thread AWT-EventQueue-0 inserting into actions queue
[18:36:32.063] [SEVERE ] player 1 placing token on slot 0
[18:36:32.188] [SEVERE ] updating countdown to 58252
[18:36:32.189] [INFO   ] thread dealer reshuffleTime - currentTimeMillis 58250
[18:36:32.190] [INFO   ] thread dealer should finish false
[18:36:32.505] [SEVERE ] key 87 was pressed by player 1
[18:36:32.506] [INFO   ] thread AWT-EventQueue-0 inserting into actions queue
[18:36:32.506] [SEVERE ] player 1 placing token on slot 1
[18:36:32.510] [SEVERE ] key 46 was pressed by player 2
[18:36:32.510] [INFO   ] thread AWT-EventQueue-0 inserting into actions queue
[18:36:32.510] [SEVERE ] player 2 placing token on slot 10
[18:36:33.085] [SEVERE ] key 44 was pressed by player 2
[18:36:33.090] [INFO   ] thread AWT-EventQueue-0 inserting into actions queue
[18:36:33.090] [SEVERE ] player 2 placing token on slot 9
[18:36:33.096] [SEVERE ] key 69 was pressed by player 1
[18:36:33.097] [INFO   ] thread AWT-EventQueue-0 inserting into actions queue
[18:36:33.191] [SEVERE ] removing player 2 token from slot 11
[18:36:33.191] [SEVERE ] updating countdown to 57248
[18:36:33.192] [SEVERE ] removing card from slot 11
[18:36:33.294] [SEVERE ] removing player 2 token from slot 10
[18:36:33.295] [SEVERE ] removing card from slot 10
[18:36:33.396] [SEVERE ] removing player 2 token from slot 9
[18:36:33.397] [SEVERE ] removing card from slot 9
[18:36:33.398] [INFO   ] thread 1  Player 1is being point
[18:36:33.399] [SEVERE ] setting player 2 score to 2
[18:36:33.399] [SEVERE ] player 1 placing token on slot 2
[18:36:33.400] [SEVERE ] setting player 2 freeze to 1000
[18:36:33.499] [SEVERE ] placing card 69 in slot 9
[18:36:33.601] [SEVERE ] placing card 70 in slot 10
[18:36:33.704] [SEVERE ] placing card 71 in slot 11
[18:36:33.705] [INFO   ] thread dealer reshuffleTime - currentTimeMillis 56734
[18:36:33.806] [SEVERE ] removing player 1 token from slot 0
[18:36:33.807] [SEVERE ] removing card from slot 0
[18:36:33.909] [SEVERE ] removing player 1 token from slot 1
[18:36:33.910] [SEVERE ] removing card from slot 1
[18:36:34.011] [SEVERE ] removing player 1 token from slot 2
[18:36:34.013] [SEVERE ] removing card from slot 2
[18:36:34.013] [INFO   ] thread 0  Player 0is being point
[18:36:34.014] [SEVERE ] setting player 1 score to 19
[18:36:34.013] [INFO   ] thread dealer should finish false
[18:36:34.014] [SEVERE ] setting player 1 freeze to 1000
[18:36:34.403] [SEVERE ] setting player 2 freeze to 0
[18:36:34.405] [INFO   ] thread 1  Player 1is done being point
[18:36:34.406] [SEVERE ] updating countdown to 60000
[18:36:35.015] [SEVERE ] updating countdown to 59391
[18:36:35.016] [SEVERE ] setting player 1 freeze to 0
[18:36:35.023] [INFO   ] thread 0  Player 0is done being point
[18:36:35.122] [SEVERE ] placing card 72 in slot 0
[18:36:35.224] [SEVERE ] placing card 73 in slot 1
[18:36:35.327] [SEVERE ] placing card 74 in slot 2
[18:36:35.328] [INFO   ] thread dealer reshuffleTime - currentTimeMillis 59078
[18:36:35.329] [INFO   ] thread dealer should finish false
[18:36:35.329] [SEVERE ] updating countdown to 60000
[18:36:36.334] [SEVERE ] updating countdown to 58994
[18:36:36.338] [INFO   ] thread dealer reshuffleTime - currentTimeMillis 58990
[18:36:36.339] [INFO   ] thread dealer should finish false
[18:36:37.343] [SEVERE ] updating countdown to 57985
[18:36:37.344] [INFO   ] thread dealer reshuffleTime - currentTimeMillis 57984
[18:36:37.345] [INFO   ] thread dealer should finish false
[18:36:37.668] [SEVERE ] key 81 was pressed by player 1
[18:36:37.671] [INFO   ] thread AWT-EventQueue-0 inserting into actions queue
[18:36:37.672] [SEVERE ] player 1 placing token on slot 0
[18:36:37.673] [SEVERE ] key 47 was pressed by player 2
[18:36:37.675] [INFO   ] thread AWT-EventQueue-0 inserting into actions queue
[18:36:37.676] [SEVERE ] player 2 placing token on slot 11
[18:36:38.346] [SEVERE ] updating countdown to 56982
[18:36:38.348] [INFO   ] thread dealer reshuffleTime - currentTimeMillis 56980
[18:36:38.349] [INFO   ] thread dealer should finish false
[18:36:38.522] [SEVERE ] key 46 was pressed by player 2
[18:36:38.525] [INFO   ] thread AWT-EventQueue-0 inserting into actions queue
[18:36:38.527] [SEVERE ] player 2 placing token on slot 10
[18:36:38.531] [SEVERE ] key 87 was pressed by player 1
[18:36:38.531] [INFO   ] thread AWT-EventQueue-0 inserting into actions queue
[18:36:38.532] [SEVERE ] player 1 placing token on slot 1
[18:36:39.350] [SEVERE ] updating countdown to 55978
[18:36:39.351] [INFO   ] thread dealer reshuffleTime - currentTimeMillis 55977
[18:36:39.352] [INFO   ] thread dealer should finish false
[18:36:40.353] [SEVERE ] updating countdown to 54975
[18:36:40.354] [INFO   ] thread dealer reshuffleTime - currentTimeMillis 54974
[18:36:40.355] [INFO   ] thread dealer should finish false
[18:36:40.379] [SEVERE ] key 44 was pressed by player 2
[18:36:40.381] [INFO   ] thread AWT-EventQueue-0 inserting into actions queue
[18:36:40.383] [SEVERE ] player 2 placing token on slot 9
[18:36:40.389] [SEVERE ] key 69 was pressed by player 1
[18:36:40.389] [INFO   ] thread AWT-EventQueue-0 inserting into actions queue
[18:36:40.485] [SEVERE ] removing player 2 token from slot 11
[18:36:40.487] [SEVERE ] removing card from slot 11
[18:36:40.588] [SEVERE ] removing player 2 token from slot 10
[18:36:40.590] [SEVERE ] removing card from slot 10
[18:36:40.692] [SEVERE ] removing player 2 token from slot 9
[18:36:40.693] [SEVERE ] removing card from slot 9
[18:36:40.694] [INFO   ] thread 1  Player 1is being point
[18:36:40.702] [SEVERE ] setting player 2 score to 3
[18:36:40.702] [SEVERE ] setting player 2 freeze to 1000
[18:36:40.695] [SEVERE ] player 1 placing token on slot 2
[18:36:40.805] [SEVERE ] removing player 1 token from slot 0
[18:36:40.807] [SEVERE ] removing card from slot 0
[18:36:40.910] [SEVERE ] removing player 1 token from slot 1
[18:36:40.911] [SEVERE ] removing card from slot 1
[18:36:41.012] [SEVERE ] removing player 1 token from slot 2
[18:36:41.014] [SEVERE ] removing card from slot 2
[18:36:41.015] [INFO   ] thread 0  Player 0is being point
[18:36:41.016] [SEVERE ] setting player 1 score to 20
[18:36:41.018] [SEVERE ] setting player 1 freeze to 1000
[18:36:41.357] [SEVERE ] updating countdown to 53971
[18:36:41.459] [SEVERE ] placing card 75 in slot 0
[18:36:41.561] [SEVERE ] placing card 76 in slot 1
[18:36:41.663] [SEVERE ] placing card 77 in slot 2
[18:36:41.704] [SEVERE ] setting player 2 freeze to 0
[18:36:41.705] [INFO   ] thread 1  Player 1is done being point
[18:36:41.766] [SEVERE ] placing card 78 in slot 9
[18:36:41.868] [SEVERE ] placing card 79 in slot 10
[18:36:41.970] [SEVERE ] placing card 80 in slot 11
[18:36:41.971] [INFO   ] thread dealer reshuffleTime - currentTimeMillis 53357
[18:36:41.971] [SEVERE ] updating countdown to 60000
[18:36:41.972] [INFO   ] thread dealer should finish false
[18:36:42.023] [SEVERE ] setting player 1 freeze to 0
[18:36:42.025] [INFO   ] thread 0  Player 0is done being point
[18:36:42.026] [SEVERE ] updating countdown to 60000
[18:36:42.975] [SEVERE ] updating countdown to 59051
[18:36:42.976] [INFO   ] thread dealer reshuffleTime - currentTimeMillis 59050
[18:36:42.984] [INFO   ] thread dealer should finish false
[18:36:43.536] [SEVERE ] key 81 was pressed by player 1
[18:36:43.542] [INFO   ] thread AWT-EventQueue-0 inserting into actions queue
[18:36:43.543] [SEVERE ] player 1 placing token on slot 0
[18:36:43.545] [SEVERE ] key 47 was pressed by player 2
[18:36:43.547] [INFO   ] thread AWT-EventQueue-0 inserting into actions queue
[18:36:43.547] [SEVERE ] player 2 placing token on slot 11
[18:36:43.938] [SEVERE ] key 87 was pressed by player 1
[18:36:43.938] [INFO   ] thread AWT-EventQueue-0 inserting into actions queue
[18:36:43.939] [SEVERE ] player 1 placing token on slot 1
[18:36:43.979] [SEVERE ] key 46 was pressed by player 2
[18:36:43.979] [INFO   ] thread AWT-EventQueue-0 inserting into actions queue
[18:36:43.979] [SEVERE ] player 2 placing token on slot 10
[18:36:43.985] [SEVERE ] updating countdown to 58041
[18:36:43.986] [INFO   ] thread dealer reshuffleTime - currentTimeMillis 58040
[18:36:43.987] [INFO   ] thread dealer should finish false
[18:36:44.322] [SEVERE ] key 69 was pressed by player 1
[18:36:44.323] [INFO   ] thread AWT-EventQueue-0 inserting into actions queue
[18:36:44.324] [SEVERE ] player 1 placing token on slot 2
[18:36:44.334] [SEVERE ] key 44 was pressed by player 2
[18:36:44.335] [INFO   ] thread AWT-EventQueue-0 inserting into actions queue
[18:36:44.425] [SEVERE ] removing player 1 token from slot 0
[18:36:44.426] [SEVERE ] removing card from slot 0
[18:36:44.527] [SEVERE ] removing player 1 token from slot 1
[18:36:44.528] [SEVERE ] removing card from slot 1
[18:36:44.628] [SEVERE ] removing player 1 token from slot 2
[18:36:44.629] [SEVERE ] removing card from slot 2
[18:36:44.630] [INFO   ] thread 0  Player 0is being point
[18:36:44.630] [SEVERE ] setting player 1 score to 21
[18:36:44.630] [SEVERE ] player 2 placing token on slot 9
[18:36:44.631] [SEVERE ] setting player 1 freeze to 1000
[18:36:44.732] [SEVERE ] removing player 2 token from slot 11
[18:36:44.741] [SEVERE ] removing card from slot 11
[18:36:44.842] [SEVERE ] removing player 2 token from slot 10
[18:36:44.842] [SEVERE ] removing card from slot 10
[18:36:44.943] [SEVERE ] removing player 2 token from slot 9
[18:36:44.943] [SEVERE ] removing card from slot 9
[18:36:44.944] [INFO   ] thread 1  Player 1is being point
[18:36:44.944] [SEVERE ] setting player 2 score to 4
[18:36:44.945] [SEVERE ] setting player 2 freeze to 1000
[18:36:44.987] [SEVERE ] updating countdown to 57039
[18:36:44.988] [INFO   ] thread dealer reshuffleTime - currentTimeMillis 57038
[18:36:44.989] [INFO   ] thread dealer should finish false
[18:36:45.633] [SEVERE ] setting player 1 freeze to 0
[18:36:45.634] [INFO   ] thread 0  Player 0is done being point
[18:36:45.636] [SEVERE ] updating countdown to 60000
[18:36:45.946] [SEVERE ] setting player 2 freeze to 0
[18:36:45.948] [INFO   ] thread 1  Player 1is done being point
[18:36:45.952] [SEVERE ] updating countdown to 60000
[18:36:45.989] [SEVERE ] updating countdown to 59963
[18:36:45.994] [INFO   ] thread dealer reshuffleTime - currentTimeMillis 59958
[18:36:45.994] [INFO   ] thread dealer should finish false
[18:36:46.995] [SEVERE ] updating countdown to 58957
[18:36:46.996] [INFO   ] thread dealer reshuffleTime - currentTimeMillis 58956
[18:36:46.997] [INFO   ] thread dealer should finish false
[18:36:47.998] [SEVERE ] updating countdown to 57954
[18:36:48.000] [INFO   ] thread dealer reshuffleTime - currentTimeMillis 57952
[18:36:48.002] [INFO   ] thread dealer should finish false
[18:36:49.005] [SEVERE ] updating countdown to 56947
[18:36:49.005] [INFO   ] thread dealer reshuffleTime - currentTimeMillis 56947
[18:36:49.006] [INFO   ] thread dealer should finish false
[18:36:50.007] [SEVERE ] updating countdown to 55945
[18:36:50.008] [INFO   ] thread dealer reshuffleTime - currentTimeMillis 55944
[18:36:50.010] [INFO   ] thread dealer should finish false
[18:36:50.159] [SEVERE ] key 80 was pressed by player 2
[18:36:50.160] [INFO   ] thread AWT-EventQueue-0 inserting into actions queue
[18:36:50.161] [SEVERE ] player 2 placing token on slot 3
[18:36:50.168] [SEVERE ] key 65 was pressed by player 1
[18:36:50.168] [INFO   ] thread AWT-EventQueue-0 inserting into actions queue
[18:36:50.168] [SEVERE ] player 1 placing token on slot 4
[18:36:51.010] [SEVERE ] updating countdown to 54942
[18:36:51.011] [INFO   ] thread dealer reshuffleTime - currentTimeMillis 54941
[18:36:51.013] [INFO   ] thread dealer should finish false
[18:36:51.026] [SEVERE ] key 83 was pressed by player 1
[18:36:51.027] [INFO   ] thread AWT-EventQueue-0 inserting into actions queue
[18:36:51.028] [SEVERE ] player 1 placing token on slot 5
[18:36:51.036] [SEVERE ] key 59 was pressed by player 2
[18:36:51.037] [INFO   ] thread AWT-EventQueue-0 inserting into actions queue
[18:36:51.037] [SEVERE ] player 2 placing token on slot 7
[18:36:52.015] [SEVERE ] updating countdown to 53937
[18:36:52.017] [INFO   ] thread dealer reshuffleTime - currentTimeMillis 53935
[18:36:52.018] [INFO   ] thread dealer should finish false
[18:36:53.019] [SEVERE ] updating countdown to 52933
[18:36:53.021] [INFO   ] thread dealer reshuffleTime - currentTimeMillis 52931
[18:36:53.023] [INFO   ] thread dealer should finish false
[18:36:53.865] [SEVERE ] key 90 was pressed by player 1
[18:36:53.866] [INFO   ] thread AWT-EventQueue-0 inserting into actions queue
[18:36:53.867] [SEVERE ] player 1 placing token on slot 8
[18:36:53.869] [INFO   ] thread 0  Player 0is being penalized
[18:36:53.870] [SEVERE ] setting player 1 freeze to 3000
[18:36:53.874] [SEVERE ] key 75 was pressed by player 2
[18:36:53.876] [INFO   ] thread AWT-EventQueue-0 inserting into actions queue
[18:36:53.876] [SEVERE ] player 2 placing token on slot 5
[18:36:53.876] [INFO   ] thread 1  Player 1is being penalized
[18:36:53.877] [SEVERE ] setting player 2 freeze to 3000
[18:36:54.023] [SEVERE ] updating countdown to 51929
[18:36:54.026] [INFO   ] thread dealer reshuffleTime - currentTimeMillis 51926
[18:36:54.027] [INFO   ] thread dealer should finish false
[18:36:54.871] [SEVERE ] setting player 1 freeze to 2000
[18:36:54.877] [SEVERE ] setting player 2 freeze to 2000
[18:36:55.027] [SEVERE ] updating countdown to 50925
[18:36:55.029] [INFO   ] thread dealer reshuffleTime - currentTimeMillis 50923
[18:36:55.031] [INFO   ] thread dealer should finish false
[18:36:55.873] [SEVERE ] setting player 1 freeze to 1000
[18:36:55.879] [SEVERE ] setting player 2 freeze to 1000
[18:36:56.032] [SEVERE ] updating countdown to 49920
[18:36:56.035] [INFO   ] thread dealer reshuffleTime - currentTimeMillis 49917
[18:36:56.036] [INFO   ] thread dealer should finish false
[18:36:56.875] [SEVERE ] setting player 1 freeze to 0
[18:36:56.877] [INFO   ] thread 0  Player 0is done being penalized
[18:36:56.881] [SEVERE ] setting player 2 freeze to 0
[18:36:56.882] [INFO   ] thread 1  Player 1is done being penalized
[18:36:57.038] [SEVERE ] updating countdown to 48914
[18:36:57.039] [INFO   ] thread dealer reshuffleTime - currentTimeMillis 48913
[18:36:57.040] [INFO   ] thread dealer should finish false
[18:36:57.949] [SEVERE ] key 75 was pressed by player 2
[18:36:57.949] [INFO   ] thread AWT-EventQueue-0 inserting into actions queue
[18:36:57.950] [SEVERE ] removing player 2 token from slot 5
[18:36:58.041] [SEVERE ] updating countdown to 47911
[18:36:58.042] [INFO   ] thread dealer reshuffleTime - currentTimeMillis 47910
[18:36:58.042] [INFO   ] thread dealer should finish false
[18:36:59.043] [SEVERE ] updating countdown to 46909
[18:36:59.045] [INFO   ] thread dealer reshuffleTime - currentTimeMillis 46907
[18:36:59.046] [INFO   ] thread dealer should finish false
[18:37:00.047] [SEVERE ] updating countdown to 45905
[18:37:00.049] [INFO   ] thread dealer reshuffleTime - currentTimeMillis 45903
[18:37:00.050] [INFO   ] thread dealer should finish false
[18:37:00.128] [SEVERE ] key 80 was pressed by player 2
[18:37:00.129] [INFO   ] thread AWT-EventQueue-0 inserting into actions queue
[18:37:00.129] [SEVERE ] removing player 2 token from slot 3
[18:37:01.052] [SEVERE ] updating countdown to 44900
[18:37:01.054] [INFO   ] thread dealer reshuffleTime - currentTimeMillis 44898
[18:37:01.057] [INFO   ] thread dealer should finish false
[18:37:01.999] [SEVERE ] key 82 was pressed by player 1
[18:37:02.000] [INFO   ] thread AWT-EventQueue-0 inserting into actions queue
[18:37:02.059] [SEVERE ] updating countdown to 43893
[18:37:02.061] [INFO   ] thread dealer reshuffleTime - currentTimeMillis 43891
[18:37:02.062] [INFO   ] thread dealer should finish false
[18:37:02.834] [SEVERE ] key 69 was pressed by player 1
[18:37:02.835] [INFO   ] thread AWT-EventQueue-0 inserting into actions queue
[18:37:03.063] [SEVERE ] updating countdown to 42889
[18:37:03.064] [INFO   ] thread dealer reshuffleTime - currentTimeMillis 42888
[18:37:03.065] [INFO   ] thread dealer should finish false
[18:37:03.421] [SEVERE ] key 82 was pressed by player 1
[18:37:03.422] [INFO   ] thread AWT-EventQueue-0 inserting into actions queue
[18:37:04.065] [SEVERE ] updating countdown to 41887
[18:37:04.067] [INFO   ] thread dealer reshuffleTime - currentTimeMillis 41885
[18:37:04.069] [INFO   ] thread dealer should finish false
[18:37:04.970] [SEVERE ] key 69 was pressed by player 1
[18:37:04.971] [INFO   ] thread AWT-EventQueue-0 inserting into actions queue
[18:37:05.070] [SEVERE ] updating countdown to 40882
[18:37:05.071] [INFO   ] thread dealer reshuffleTime - currentTimeMillis 40881
[18:37:05.073] [INFO   ] thread dealer should finish false
[18:37:06.074] [SEVERE ] updating countdown to 39878
[18:37:06.076] [INFO   ] thread dealer reshuffleTime - currentTimeMillis 39876
[18:37:06.078] [INFO   ] thread dealer should finish false
[18:37:06.328] [SEVERE ] key 87 was pressed by player 1
[18:37:06.329] [INFO   ] thread AWT-EventQueue-0 inserting into actions queue
[18:37:06.568] [SEVERE ] key 81 was pressed by player 1
[18:37:06.569] [INFO   ] thread AWT-EventQueue-0 inserting into actions queue
[18:37:07.079] [SEVERE ] updating countdown to 38873
[18:37:07.081] [INFO   ] thread dealer reshuffleTime - currentTimeMillis 38871
[18:37:07.082] [INFO   ] thread dealer should finish false
[18:37:07.358] [SEVERE ] key 81 was pressed by player 1
[18:37:07.359] [INFO   ] thread AWT-EventQueue-0 inserting into actions queue
[18:37:08.083] [SEVERE ] updating countdown to 37869
[18:37:08.085] [INFO   ] thread dealer reshuffleTime - currentTimeMillis 37867
[18:37:08.086] [INFO   ] thread dealer should finish false
[18:37:08.376] [SEVERE ] key 82 was pressed by player 1
[18:37:08.378] [INFO   ] thread AWT-EventQueue-0 inserting into actions queue
[18:37:09.087] [SEVERE ] updating countdown to 36865
[18:37:09.088] [INFO   ] thread dealer reshuffleTime - currentTimeMillis 36864
[18:37:09.091] [INFO   ] thread dealer should finish false
[18:37:09.925] [SEVERE ] key 82 was pressed by player 1
[18:37:09.926] [INFO   ] thread AWT-EventQueue-0 inserting into actions queue
[18:37:10.092] [SEVERE ] updating countdown to 35860
[18:37:10.099] [INFO   ] thread dealer reshuffleTime - currentTimeMillis 35853
[18:37:10.101] [INFO   ] thread dealer should finish false
[18:37:10.792] [SEVERE ] key 65 was pressed by player 1
[18:37:10.792] [INFO   ] thread AWT-EventQueue-0 inserting into actions queue
[18:37:10.793] [SEVERE ] removing player 1 token from slot 4
[18:37:11.102] [SEVERE ] updating countdown to 34850
[18:37:11.104] [INFO   ] thread dealer reshuffleTime - currentTimeMillis 34848
[18:37:11.105] [INFO   ] thread dealer should finish false
[18:37:11.882] [SEVERE ] key 90 was pressed by player 1
[18:37:11.888] [INFO   ] thread AWT-EventQueue-0 inserting into actions queue
[18:37:11.889] [SEVERE ] removing player 1 token from slot 8
[18:37:12.106] [SEVERE ] updating countdown to 33846
[18:37:12.107] [INFO   ] thread dealer reshuffleTime - currentTimeMillis 33845
[18:37:12.108] [INFO   ] thread dealer should finish false
[18:37:12.743] [SEVERE ] key 65 was pressed by player 1
[18:37:12.743] [INFO   ] thread AWT-EventQueue-0 inserting into actions queue
[18:37:12.744] [SEVERE ] player 1 placing token on slot 4
[18:37:13.109] [SEVERE ] updating countdown to 32843
[18:37:13.110] [INFO   ] thread dealer reshuffleTime - currentTimeMillis 32842
[18:37:13.114] [INFO   ] thread dealer should finish false
[18:37:14.115] [SEVERE ] updating countdown to 31837
[18:37:14.118] [INFO   ] thread dealer reshuffleTime - currentTimeMillis 31835
[18:37:14.119] [INFO   ] thread dealer should finish false
[18:37:14.268] [SEVERE ] key 82 was pressed by player 1
[18:37:14.270] [INFO   ] thread AWT-EventQueue-0 inserting into actions queue
[18:37:14.271] [SEVERE ] player 1 placing token on slot 3
[18:37:14.371] [SEVERE ] removing player 1 token from slot 5
[18:37:14.373] [SEVERE ] removing card from slot 5
[18:37:14.475] [SEVERE ] removing player 1 token from slot 4
[18:37:14.477] [SEVERE ] removing card from slot 4
[18:37:14.579] [SEVERE ] removing player 1 token from slot 3
[18:37:14.580] [SEVERE ] removing card from slot 3
[18:37:14.582] [INFO   ] thread 0  Player 0is being point
[18:37:14.583] [SEVERE ] setting player 1 score to 22
[18:37:14.585] [SEVERE ] setting player 1 freeze to 1000
[18:37:15.122] [SEVERE ] updating countdown to 30830
[18:37:15.123] [INFO   ] thread dealer reshuffleTime - currentTimeMillis 30829
[18:37:15.124] [INFO   ] thread dealer should finish false
[18:37:15.586] [SEVERE ] setting player 1 freeze to 0
[18:37:15.609] [INFO   ] thread 0  Player 0is done being point
[18:37:15.614] [SEVERE ] updating countdown to 60000
[18:37:16.067] [SEVERE ] key 75 was pressed by player 2
[18:37:16.068] [INFO   ] thread AWT-EventQueue-0 inserting into actions queue
[18:37:16.125] [SEVERE ] updating countdown to 59489
[18:37:16.127] [INFO   ] thread dealer reshuffleTime - currentTimeMillis 59487
[18:37:16.130] [INFO   ] thread dealer should finish false
[18:37:16.988] [SEVERE ] key 76 was pressed by player 2
[18:37:16.988] [INFO   ] thread AWT-EventQueue-0 inserting into actions queue
[18:37:16.989] [SEVERE ] player 2 placing token on slot 6
[18:37:17.136] [SEVERE ] updating countdown to 58479
[18:37:17.141] [INFO   ] thread dealer reshuffleTime - currentTimeMillis 58473
[18:37:17.142] [INFO   ] thread dealer should finish false
[18:37:17.650] [SEVERE ] key 65 was pressed by player 1
[18:37:17.651] [INFO   ] thread AWT-EventQueue-0 inserting into actions queue
[18:37:18.144] [SEVERE ] updating countdown to 57470
[18:37:18.145] [INFO   ] thread dealer reshuffleTime - currentTimeMillis 57469
[18:37:18.147] [INFO   ] thread dealer should finish false
[18:37:18.311] [SEVERE ] key 77 was pressed by player 2
[18:37:18.313] [INFO   ] thread AWT-EventQueue-0 inserting into actions queue
[18:37:18.314] [SEVERE ] player 2 placing token on slot 8
[18:37:18.416] [SEVERE ] removing player 2 token from slot 7
[18:37:18.417] [SEVERE ] removing card from slot 7
[18:37:18.518] [SEVERE ] removing player 2 token from slot 6
[18:37:18.519] [SEVERE ] removing card from slot 6
[18:37:18.621] [SEVERE ] removing player 2 token from slot 8
[18:37:18.622] [SEVERE ] removing card from slot 8
[18:37:18.625] [INFO   ] thread 1  Player 1is being point
[18:37:18.629] [SEVERE ] setting player 2 score to 5
[18:37:18.632] [SEVERE ] setting player 2 freeze to 1000
[18:37:19.148] [SEVERE ] updating countdown to 56466
[18:37:19.149] [INFO   ] thread dealer reshuffleTime - currentTimeMillis 56465
[18:37:19.150] [INFO   ] thread dealer should finish true
[18:37:19.152] [INFO   ] thread 0 is releasing player + 0
[18:37:19.152] [INFO   ] thread 0  terminated.
[18:37:19.152] [INFO   ] thread 1  Player 1is done being point
[18:37:19.157] [SEVERE ] updating countdown to 56457
[18:37:19.157] [INFO   ] thread 1 is releasing player + 1
[18:37:19.158] [INFO   ] thread 1  terminated.
[18:37:19.158] [SEVERE ] announcing winner(s): player 1
[18:37:19.164] [SEVERE ] updating countdown to 56450
[18:37:19.165] [INFO   ] thread dealer terminated.
[18:37:19.166] [INFO   ] thread dealer terminated.
[18:37:24.167] [SEVERE ] thanks for playing... it was fun!
[18:37:24.168] [INFO   ] thread bguspl.set.Main.main() terminated.
[18:37:24.169] [SEVERE ] disposing of user interface elements
