[18:34:19.003] [INFO   ] thread bguspl.set.Main.main() starting.
[18:34:19.015] [SEVERE ] cannot read configuration file config.properties trying from resources.
[18:34:19.024] [SEVERE ] configuration file was loaded from resources directory.
[18:34:20.304] [INFO   ] thread dealer starting.
[18:34:20.305] [INFO   ] thread dealer starting.
[18:34:20.310] [INFO   ] thread 1  starting.
[18:34:20.311] [INFO   ] thread 0  starting.
[18:34:20.320] [INFO   ] thread 1 is locking player + 1
[18:34:20.321] [INFO   ] thread 0 is locking player + 0
[18:34:20.411] [SEVERE ] placing card 0 in slot 0
[18:34:20.513] [SEVERE ] placing card 1 in slot 1
[18:34:20.615] [SEVERE ] placing card 2 in slot 2
[18:34:20.717] [SEVERE ] placing card 3 in slot 3
[18:34:20.819] [SEVERE ] placing card 4 in slot 4
[18:34:20.921] [SEVERE ] placing card 5 in slot 5
[18:34:21.024] [SEVERE ] placing card 6 in slot 6
[18:34:21.127] [SEVERE ] placing card 7 in slot 7
[18:34:21.230] [SEVERE ] placing card 8 in slot 8
[18:34:21.333] [SEVERE ] placing card 9 in slot 9
[18:34:21.436] [SEVERE ] placing card 10 in slot 10
[18:34:21.538] [SEVERE ] placing card 11 in slot 11
[18:34:22.568] [SEVERE ] updating countdown to 59001
[18:34:22.570] [INFO   ] thread dealer reshuffleTime - currentTimeMillis 58999
[18:34:22.573] [INFO   ] thread dealer should finish false
[18:34:23.574] [SEVERE ] updating countdown to 57995
[18:34:23.580] [INFO   ] thread dealer reshuffleTime - currentTimeMillis 57989
[18:34:23.583] [INFO   ] thread dealer should finish false
[18:34:24.585] [SEVERE ] updating countdown to 56984
[18:34:24.587] [INFO   ] thread dealer reshuffleTime - currentTimeMillis 56982
[18:34:24.590] [INFO   ] thread dealer should finish false
[18:34:25.592] [SEVERE ] updating countdown to 55977
[18:34:25.593] [INFO   ] thread dealer reshuffleTime - currentTimeMillis 55976
[18:34:25.596] [INFO   ] thread dealer should finish false
[18:34:26.242] [SEVERE ] key 47 was pressed by player 2
[18:34:26.243] [INFO   ] thread AWT-EventQueue-0 inserting into actions queue
[18:34:26.244] [SEVERE ] player 2 placing token on slot 11
[18:34:26.598] [SEVERE ] updating countdown to 54971
[18:34:26.600] [INFO   ] thread dealer reshuffleTime - currentTimeMillis 54969
[18:34:26.601] [INFO   ] thread dealer should finish false
[18:34:27.604] [SEVERE ] updating countdown to 53966
[18:34:27.606] [INFO   ] thread dealer reshuffleTime - currentTimeMillis 53963
[18:34:27.610] [INFO   ] thread dealer should finish false
[18:34:28.612] [SEVERE ] updating countdown to 52957
[18:34:28.613] [INFO   ] thread dealer reshuffleTime - currentTimeMillis 52956
[18:34:28.614] [INFO   ] thread dealer should finish false
[18:34:29.616] [SEVERE ] updating countdown to 51953
[18:34:29.617] [INFO   ] thread dealer reshuffleTime - currentTimeMillis 51952
[18:34:29.620] [INFO   ] thread dealer should finish false
[18:34:30.621] [SEVERE ] updating countdown to 50948
[18:34:30.622] [INFO   ] thread dealer reshuffleTime - currentTimeMillis 50947
[18:34:30.623] [INFO   ] thread dealer should finish false
[18:34:31.624] [SEVERE ] updating countdown to 49945
[18:34:31.627] [INFO   ] thread dealer reshuffleTime - currentTimeMillis 49942
[18:34:31.629] [INFO   ] thread dealer should finish false
[18:34:32.630] [SEVERE ] updating countdown to 48939
[18:34:32.632] [INFO   ] thread dealer reshuffleTime - currentTimeMillis 48937
[18:34:32.634] [INFO   ] thread dealer should finish false
[18:34:33.216] [SEVERE ] exit button pressed
[18:34:33.217] [SEVERE ] player 2 placing token on slot 0
[18:34:33.217] [SEVERE ] updating countdown to 48352
[18:34:33.218] [SEVERE ] player 1 placing token on slot 0
[18:34:33.218] [INFO   ] thread 1 is releasing player + 1
[18:34:33.218] [INFO   ] thread 0 is releasing player + 0
[18:34:33.218] [INFO   ] thread dealer reshuffleTime - currentTimeMillis 48351
[18:34:33.219] [INFO   ] thread 0  terminated.
[18:34:33.219] [INFO   ] thread 1  terminated.
[18:34:33.220] [INFO   ] thread dealer should finish true
[18:34:33.221] [SEVERE ] announcing winner(s): player 1, player 2
[18:34:33.222] [SEVERE ] updating countdown to 48347
[18:34:33.222] [INFO   ] thread dealer terminated.
[18:34:33.223] [INFO   ] thread dealer terminated.
[18:34:33.224] [SEVERE ] thanks for playing... it was fun!
[18:34:33.224] [INFO   ] thread bguspl.set.Main.main() terminated.
