[18:25:38.817] [INFO   ] thread bguspl.set.Main.main() starting.
[18:25:38.829] [SEVERE ] cannot read configuration file config.properties trying from resources.
[18:25:38.838] [SEVERE ] configuration file was loaded from resources directory.
[18:25:40.113] [INFO   ] thread dealer starting.
[18:25:40.116] [INFO   ] thread dealer starting.
[18:25:40.118] [INFO   ] thread 0  starting.
[18:25:40.118] [INFO   ] thread 0 is locking player + 0
[18:25:40.118] [INFO   ] thread 1  starting.
[18:25:40.119] [INFO   ] thread 1 is locking player + 1
[18:25:40.218] [SEVERE ] placing card 0 in slot 0
[18:25:40.332] [SEVERE ] placing card 1 in slot 1
[18:25:40.433] [SEVERE ] placing card 2 in slot 2
[18:25:40.535] [SEVERE ] placing card 3 in slot 3
[18:25:40.637] [SEVERE ] placing card 4 in slot 4
[18:25:40.738] [SEVERE ] placing card 5 in slot 5
[18:25:40.839] [SEVERE ] placing card 6 in slot 6
[18:25:40.942] [SEVERE ] placing card 7 in slot 7
[18:25:41.044] [SEVERE ] placing card 8 in slot 8
[18:25:41.146] [SEVERE ] placing card 9 in slot 9
[18:25:41.248] [SEVERE ] placing card 10 in slot 10
[18:25:41.351] [SEVERE ] placing card 11 in slot 11
[18:25:42.360] [SEVERE ] updating countdown to 58999
[18:25:42.361] [INFO   ] thread dealer reshuffleTime - currentTimeMillis 58998
[18:25:42.362] [INFO   ] thread dealer should finish false
[18:25:43.363] [SEVERE ] updating countdown to 57996
[18:25:43.365] [INFO   ] thread dealer reshuffleTime - currentTimeMillis 57994
[18:25:43.367] [INFO   ] thread dealer should finish false
[18:25:44.370] [SEVERE ] updating countdown to 56989
[18:25:44.372] [INFO   ] thread dealer reshuffleTime - currentTimeMillis 56987
[18:25:44.376] [INFO   ] thread dealer should finish false
[18:25:44.746] [SEVERE ] key 46 was pressed by player 2
[18:25:44.746] [INFO   ] thread AWT-EventQueue-0 inserting into actions queue
[18:25:44.747] [SEVERE ] player 2 placing token on slot 10
[18:25:44.885] [SEVERE ] key 44 was pressed by player 2
[18:25:44.886] [INFO   ] thread AWT-EventQueue-0 inserting into actions queue
[18:25:44.887] [SEVERE ] player 2 placing token on slot 9
[18:25:45.058] [SEVERE ] key 77 was pressed by player 2
[18:25:45.059] [INFO   ] thread AWT-EventQueue-0 inserting into actions queue
[18:25:45.060] [SEVERE ] player 2 placing token on slot 8
[18:25:45.060] [INFO   ] thread 1  Player 1is being penalized
[18:25:45.065] [SEVERE ] setting player 2 freeze to 3000
[18:25:45.377] [SEVERE ] updating countdown to 55982
[18:25:45.379] [INFO   ] thread dealer reshuffleTime - currentTimeMillis 55980
[18:25:45.383] [INFO   ] thread dealer should finish false
[18:25:46.031] [SEVERE ] key 47 was pressed by player 2
[18:25:46.032] [INFO   ] thread AWT-EventQueue-0 inserting into actions queue
[18:25:46.067] [SEVERE ] setting player 2 freeze to 2000
[18:25:46.122] [SEVERE ] key 46 was pressed by player 2
[18:25:46.123] [INFO   ] thread AWT-EventQueue-0 inserting into actions queue
[18:25:46.335] [SEVERE ] key 44 was pressed by player 2
[18:25:46.336] [INFO   ] thread AWT-EventQueue-0 inserting into actions queue
[18:25:46.386] [SEVERE ] updating countdown to 54973
[18:25:46.389] [INFO   ] thread dealer reshuffleTime - currentTimeMillis 54970
[18:25:46.391] [INFO   ] thread dealer should finish false
[18:25:47.070] [SEVERE ] setting player 2 freeze to 1000
[18:25:47.394] [SEVERE ] updating countdown to 53965
[18:25:47.396] [INFO   ] thread dealer reshuffleTime - currentTimeMillis 53963
[18:25:47.400] [INFO   ] thread dealer should finish false
[18:25:47.720] [SEVERE ] key 77 was pressed by player 2
[18:25:47.721] [INFO   ] thread AWT-EventQueue-0 inserting into actions queue
[18:25:48.074] [SEVERE ] setting player 2 freeze to 0
[18:25:48.077] [INFO   ] thread 1  Player 1is done being penalized
[18:25:48.078] [SEVERE ] removing player 2 token from slot 10
[18:25:48.083] [SEVERE ] removing player 2 token from slot 9
[18:25:48.086] [SEVERE ] removing player 2 token from slot 8
[18:25:48.402] [SEVERE ] updating countdown to 52957
[18:25:48.405] [INFO   ] thread dealer reshuffleTime - currentTimeMillis 52954
[18:25:48.408] [INFO   ] thread dealer should finish false
[18:25:48.932] [SEVERE ] key 47 was pressed by player 2
[18:25:48.933] [INFO   ] thread AWT-EventQueue-0 inserting into actions queue
[18:25:48.933] [SEVERE ] player 2 placing token on slot 11
[18:25:48.966] [SEVERE ] key 46 was pressed by player 2
[18:25:48.968] [INFO   ] thread AWT-EventQueue-0 inserting into actions queue
[18:25:48.975] [SEVERE ] player 2 placing token on slot 10
[18:25:49.177] [SEVERE ] key 44 was pressed by player 2
[18:25:49.178] [INFO   ] thread AWT-EventQueue-0 inserting into actions queue
[18:25:49.178] [SEVERE ] player 2 placing token on slot 9
[18:25:49.279] [SEVERE ] removing player 2 token from slot 11
[18:25:49.281] [SEVERE ] removing card from slot 11
[18:25:49.385] [SEVERE ] removing player 2 token from slot 10
[18:25:49.386] [SEVERE ] removing card from slot 10
[18:25:49.409] [SEVERE ] updating countdown to 51950
[18:25:49.487] [SEVERE ] removing player 2 token from slot 9
[18:25:49.490] [SEVERE ] removing card from slot 9
[18:25:49.491] [INFO   ] thread 1  Player 1is being point
[18:25:49.492] [SEVERE ] setting player 2 score to 1
[18:25:49.494] [SEVERE ] setting player 2 freeze to 1000
[18:25:49.592] [SEVERE ] placing card 12 in slot 9
[18:25:49.694] [SEVERE ] placing card 13 in slot 10
[18:25:49.796] [SEVERE ] placing card 14 in slot 11
[18:25:49.798] [INFO   ] thread dealer reshuffleTime - currentTimeMillis 51561
[18:25:49.800] [INFO   ] thread dealer should finish false
[18:25:50.218] [SEVERE ] key 47 was pressed by player 2
[18:25:50.218] [INFO   ] thread AWT-EventQueue-0 inserting into actions queue
[18:25:50.287] [SEVERE ] key 46 was pressed by player 2
[18:25:50.288] [INFO   ] thread AWT-EventQueue-0 inserting into actions queue
[18:25:50.390] [SEVERE ] key 44 was pressed by player 2
[18:25:50.390] [INFO   ] thread AWT-EventQueue-0 inserting into actions queue
[18:25:50.495] [SEVERE ] setting player 2 freeze to 0
[18:25:50.496] [INFO   ] thread 1  Player 1is done being point
[18:25:50.499] [SEVERE ] updating countdown to 60000
[18:25:50.501] [SEVERE ] player 2 placing token on slot 11
[18:25:50.503] [SEVERE ] player 2 placing token on slot 10
[18:25:50.506] [SEVERE ] player 2 placing token on slot 9
[18:25:50.609] [SEVERE ] removing player 2 token from slot 11
[18:25:50.610] [SEVERE ] removing card from slot 11
[18:25:50.710] [SEVERE ] removing player 2 token from slot 10
[18:25:50.713] [SEVERE ] removing card from slot 10
[18:25:50.803] [SEVERE ] updating countdown to 59696
[18:25:50.816] [SEVERE ] removing player 2 token from slot 9
[18:25:50.818] [SEVERE ] removing card from slot 9
[18:25:50.820] [INFO   ] thread 1  Player 1is being point
[18:25:50.821] [SEVERE ] setting player 2 score to 2
[18:25:50.823] [SEVERE ] setting player 2 freeze to 1000
[18:25:50.921] [SEVERE ] placing card 15 in slot 9
[18:25:51.023] [SEVERE ] placing card 16 in slot 10
[18:25:51.126] [SEVERE ] placing card 17 in slot 11
[18:25:51.128] [INFO   ] thread dealer reshuffleTime - currentTimeMillis 59371
[18:25:51.130] [INFO   ] thread dealer should finish false
[18:25:51.177] [SEVERE ] key 47 was pressed by player 2
[18:25:51.178] [INFO   ] thread AWT-EventQueue-0 inserting into actions queue
[18:25:51.278] [SEVERE ] key 46 was pressed by player 2
[18:25:51.279] [INFO   ] thread AWT-EventQueue-0 inserting into actions queue
[18:25:51.382] [SEVERE ] key 44 was pressed by player 2
[18:25:51.383] [INFO   ] thread AWT-EventQueue-0 inserting into actions queue
[18:25:51.825] [SEVERE ] setting player 2 freeze to 0
[18:25:51.828] [INFO   ] thread 1  Player 1is done being point
[18:25:51.830] [SEVERE ] updating countdown to 60000
[18:25:51.832] [SEVERE ] player 2 placing token on slot 11
[18:25:51.833] [SEVERE ] player 2 placing token on slot 10
[18:25:51.837] [SEVERE ] player 2 placing token on slot 9
[18:25:51.940] [SEVERE ] removing player 2 token from slot 11
[18:25:51.941] [SEVERE ] removing card from slot 11
[18:25:52.043] [SEVERE ] removing player 2 token from slot 10
[18:25:52.044] [SEVERE ] removing card from slot 10
[18:25:52.135] [SEVERE ] updating countdown to 59695
[18:25:52.146] [SEVERE ] removing player 2 token from slot 9
[18:25:52.147] [SEVERE ] removing card from slot 9
[18:25:52.152] [INFO   ] thread 1  Player 1is being point
[18:25:52.156] [SEVERE ] setting player 2 score to 3
[18:25:52.157] [SEVERE ] setting player 2 freeze to 1000
[18:25:52.243] [SEVERE ] key 47 was pressed by player 2
[18:25:52.244] [INFO   ] thread AWT-EventQueue-0 inserting into actions queue
[18:25:52.253] [SEVERE ] placing card 18 in slot 9
[18:25:52.355] [SEVERE ] placing card 19 in slot 10
[18:25:52.417] [SEVERE ] key 46 was pressed by player 2
[18:25:52.419] [INFO   ] thread AWT-EventQueue-0 inserting into actions queue
[18:25:52.459] [SEVERE ] placing card 20 in slot 11
[18:25:52.460] [INFO   ] thread dealer reshuffleTime - currentTimeMillis 59370
[18:25:52.461] [INFO   ] thread dealer should finish false
[18:25:52.511] [SEVERE ] key 44 was pressed by player 2
[18:25:52.512] [INFO   ] thread AWT-EventQueue-0 inserting into actions queue
[18:25:53.160] [SEVERE ] setting player 2 freeze to 0
[18:25:53.163] [INFO   ] thread 1  Player 1is done being point
[18:25:53.168] [SEVERE ] updating countdown to 60000
[18:25:53.169] [SEVERE ] player 2 placing token on slot 11
[18:25:53.172] [SEVERE ] player 2 placing token on slot 10
[18:25:53.175] [SEVERE ] player 2 placing token on slot 9
[18:25:53.216] [SEVERE ] key 47 was pressed by player 2
[18:25:53.216] [INFO   ] thread AWT-EventQueue-0 inserting into actions queue
[18:25:53.278] [SEVERE ] removing player 2 token from slot 11
[18:25:53.279] [SEVERE ] removing card from slot 11
[18:25:53.380] [SEVERE ] removing player 2 token from slot 10
[18:25:53.382] [SEVERE ] removing card from slot 10
[18:25:53.464] [SEVERE ] updating countdown to 59704
[18:25:53.484] [SEVERE ] removing player 2 token from slot 9
[18:25:53.486] [SEVERE ] removing card from slot 9
[18:25:53.488] [INFO   ] thread 1  Player 1is being point
[18:25:53.489] [SEVERE ] setting player 2 score to 4
[18:25:53.491] [SEVERE ] setting player 2 freeze to 1000
[18:25:53.541] [SEVERE ] key 46 was pressed by player 2
[18:25:53.542] [INFO   ] thread AWT-EventQueue-0 inserting into actions queue
[18:25:53.589] [SEVERE ] placing card 21 in slot 9
[18:25:53.620] [SEVERE ] key 44 was pressed by player 2
[18:25:53.621] [INFO   ] thread AWT-EventQueue-0 inserting into actions queue
[18:25:53.691] [SEVERE ] placing card 22 in slot 10
[18:25:53.793] [SEVERE ] placing card 23 in slot 11
[18:25:53.795] [INFO   ] thread dealer reshuffleTime - currentTimeMillis 59373
[18:25:53.796] [INFO   ] thread dealer should finish false
[18:25:54.494] [SEVERE ] setting player 2 freeze to 0
[18:25:54.495] [INFO   ] thread 1  Player 1is done being point
[18:25:54.499] [SEVERE ] updating countdown to 60000
[18:25:54.502] [SEVERE ] player 2 placing token on slot 11
[18:25:54.503] [SEVERE ] player 2 placing token on slot 10
[18:25:54.506] [SEVERE ] player 2 placing token on slot 9
[18:25:54.608] [SEVERE ] removing player 2 token from slot 11
[18:25:54.609] [SEVERE ] removing card from slot 11
[18:25:54.711] [SEVERE ] removing player 2 token from slot 10
[18:25:54.713] [SEVERE ] removing card from slot 10
[18:25:54.799] [SEVERE ] updating countdown to 59700
[18:25:54.814] [SEVERE ] removing player 2 token from slot 9
[18:25:54.816] [SEVERE ] removing card from slot 9
[18:25:54.821] [INFO   ] thread 1  Player 1is being point
[18:25:54.822] [SEVERE ] setting player 2 score to 5
[18:25:54.824] [SEVERE ] setting player 2 freeze to 1000
[18:25:54.921] [SEVERE ] placing card 24 in slot 9
[18:25:55.025] [SEVERE ] placing card 25 in slot 10
[18:25:55.127] [SEVERE ] placing card 26 in slot 11
[18:25:55.129] [INFO   ] thread dealer reshuffleTime - currentTimeMillis 59370
[18:25:55.132] [INFO   ] thread dealer should finish false
[18:25:55.373] [SEVERE ] key 59 was pressed by player 2
[18:25:55.374] [INFO   ] thread AWT-EventQueue-0 inserting into actions queue
[18:25:55.438] [SEVERE ] key 76 was pressed by player 2
[18:25:55.439] [INFO   ] thread AWT-EventQueue-0 inserting into actions queue
[18:25:55.560] [SEVERE ] key 75 was pressed by player 2
[18:25:55.560] [INFO   ] thread AWT-EventQueue-0 inserting into actions queue
[18:25:55.826] [SEVERE ] setting player 2 freeze to 0
[18:25:55.830] [INFO   ] thread 1  Player 1is done being point
[18:25:55.832] [SEVERE ] updating countdown to 60000
[18:25:55.834] [SEVERE ] player 2 placing token on slot 7
[18:25:55.836] [SEVERE ] player 2 placing token on slot 6
[18:25:55.840] [SEVERE ] player 2 placing token on slot 5
[18:25:55.842] [INFO   ] thread 1  Player 1is being penalized
[18:25:55.843] [SEVERE ] setting player 2 freeze to 3000
[18:25:56.135] [SEVERE ] updating countdown to 59697
[18:25:56.137] [INFO   ] thread dealer reshuffleTime - currentTimeMillis 59695
[18:25:56.142] [INFO   ] thread dealer should finish false
[18:25:56.844] [SEVERE ] setting player 2 freeze to 2000
[18:25:57.145] [SEVERE ] updating countdown to 58687
[18:25:57.147] [INFO   ] thread dealer reshuffleTime - currentTimeMillis 58685
[18:25:57.152] [INFO   ] thread dealer should finish false
[18:25:57.176] [SEVERE ] key 76 was pressed by player 2
[18:25:57.176] [INFO   ] thread AWT-EventQueue-0 inserting into actions queue
[18:25:57.186] [SEVERE ] key 59 was pressed by player 2
[18:25:57.187] [INFO   ] thread AWT-EventQueue-0 inserting into actions queue
[18:25:57.307] [SEVERE ] key 75 was pressed by player 2
[18:25:57.308] [INFO   ] thread AWT-EventQueue-0 inserting into actions queue
[18:25:57.846] [SEVERE ] setting player 2 freeze to 1000
[18:25:58.134] [SEVERE ] key 79 was pressed by player 2
[18:25:58.137] [INFO   ] thread AWT-EventQueue-0 inserting into actions queue
[18:25:58.153] [SEVERE ] updating countdown to 57679
[18:25:58.154] [INFO   ] thread dealer reshuffleTime - currentTimeMillis 57678
[18:25:58.155] [INFO   ] thread dealer should finish false
[18:25:58.851] [SEVERE ] setting player 2 freeze to 0
[18:25:58.852] [INFO   ] thread 1  Player 1is done being penalized
[18:25:58.853] [SEVERE ] removing player 2 token from slot 6
[18:25:58.854] [SEVERE ] key 80 was pressed by player 2
[18:25:58.855] [INFO   ] thread AWT-EventQueue-0 inserting into actions queue
[18:25:58.854] [SEVERE ] removing player 2 token from slot 7
[18:25:58.859] [SEVERE ] removing player 2 token from slot 5
[18:25:58.860] [SEVERE ] player 2 placing token on slot 2
[18:25:58.858] [SEVERE ] key 73 was pressed by player 2
[18:25:58.861] [INFO   ] thread AWT-EventQueue-0 inserting into actions queue
[18:25:58.861] [SEVERE ] player 2 placing token on slot 3
[18:25:58.868] [SEVERE ] player 2 placing token on slot 1
[18:25:58.869] [INFO   ] thread 1  Player 1is being penalized
[18:25:58.871] [SEVERE ] setting player 2 freeze to 3000
[18:25:59.157] [SEVERE ] updating countdown to 56675
[18:25:59.159] [INFO   ] thread dealer reshuffleTime - currentTimeMillis 56673
[18:25:59.162] [INFO   ] thread dealer should finish false
[18:25:59.349] [SEVERE ] key 46 was pressed by player 2
[18:25:59.351] [INFO   ] thread AWT-EventQueue-0 inserting into actions queue
[18:25:59.359] [SEVERE ] key 44 was pressed by player 2
[18:25:59.359] [INFO   ] thread AWT-EventQueue-0 inserting into actions queue
[18:25:59.411] [SEVERE ] key 77 was pressed by player 2
[18:25:59.412] [INFO   ] thread AWT-EventQueue-0 inserting into actions queue
[18:25:59.873] [SEVERE ] setting player 2 freeze to 2000
[18:26:00.164] [SEVERE ] updating countdown to 55668
[18:26:00.167] [INFO   ] thread dealer reshuffleTime - currentTimeMillis 55665
[18:26:00.170] [INFO   ] thread dealer should finish false
[18:26:00.875] [SEVERE ] setting player 2 freeze to 1000
[18:26:01.172] [SEVERE ] updating countdown to 54660
[18:26:01.174] [INFO   ] thread dealer reshuffleTime - currentTimeMillis 54658
[18:26:01.177] [INFO   ] thread dealer should finish false
[18:26:01.534] [SEVERE ] key 76 was pressed by player 2
[18:26:01.536] [INFO   ] thread AWT-EventQueue-0 inserting into actions queue
[18:26:01.883] [SEVERE ] setting player 2 freeze to 0
[18:26:01.885] [INFO   ] thread 1  Player 1is done being penalized
[18:26:01.885] [SEVERE ] key 59 was pressed by player 2
[18:26:01.886] [INFO   ] thread AWT-EventQueue-0 inserting into actions queue
[18:26:01.888] [SEVERE ] key 75 was pressed by player 2
[18:26:01.889] [INFO   ] thread AWT-EventQueue-0 inserting into actions queue
[18:26:02.179] [SEVERE ] updating countdown to 53654
[18:26:02.180] [INFO   ] thread dealer reshuffleTime - currentTimeMillis 53652
[18:26:02.181] [INFO   ] thread dealer should finish false
[18:26:03.184] [SEVERE ] updating countdown to 52648
[18:26:03.185] [INFO   ] thread dealer reshuffleTime - currentTimeMillis 52647
[18:26:03.190] [INFO   ] thread dealer should finish false
[18:26:04.191] [SEVERE ] updating countdown to 51641
[18:26:04.193] [INFO   ] thread dealer reshuffleTime - currentTimeMillis 51639
[18:26:04.200] [INFO   ] thread dealer should finish false
[18:26:05.201] [SEVERE ] updating countdown to 50631
[18:26:05.203] [INFO   ] thread dealer reshuffleTime - currentTimeMillis 50629
[18:26:05.209] [INFO   ] thread dealer should finish false
[18:26:05.431] [SEVERE ] key 73 was pressed by player 2
[18:26:05.436] [INFO   ] thread AWT-EventQueue-0 inserting into actions queue
[18:26:05.437] [SEVERE ] removing player 2 token from slot 1
[18:26:06.210] [SEVERE ] updating countdown to 49622
[18:26:06.211] [INFO   ] thread dealer reshuffleTime - currentTimeMillis 49621
[18:26:06.213] [INFO   ] thread dealer should finish false
[18:26:06.244] [SEVERE ] key 79 was pressed by player 2
[18:26:06.249] [INFO   ] thread AWT-EventQueue-0 inserting into actions queue
[18:26:06.250] [SEVERE ] removing player 2 token from slot 2
[18:26:06.805] [SEVERE ] key 76 was pressed by player 2
[18:26:06.806] [INFO   ] thread AWT-EventQueue-0 inserting into actions queue
[18:26:06.807] [SEVERE ] player 2 placing token on slot 6
[18:26:07.214] [SEVERE ] updating countdown to 48618
[18:26:07.216] [INFO   ] thread dealer reshuffleTime - currentTimeMillis 48616
[18:26:07.216] [INFO   ] thread dealer should finish false
[18:26:07.498] [SEVERE ] key 79 was pressed by player 2
[18:26:07.498] [INFO   ] thread AWT-EventQueue-0 inserting into actions queue
[18:26:07.499] [SEVERE ] player 2 placing token on slot 2
[18:26:07.499] [INFO   ] thread 1  Player 1is being penalized
[18:26:07.501] [SEVERE ] setting player 2 freeze to 3000
[18:26:08.220] [SEVERE ] updating countdown to 47612
[18:26:08.222] [INFO   ] thread dealer reshuffleTime - currentTimeMillis 47610
[18:26:08.223] [INFO   ] thread dealer should finish false
[18:26:08.502] [SEVERE ] setting player 2 freeze to 2000
[18:26:09.225] [SEVERE ] updating countdown to 46607
[18:26:09.226] [INFO   ] thread dealer reshuffleTime - currentTimeMillis 46606
[18:26:09.229] [INFO   ] thread dealer should finish false
[18:26:09.506] [SEVERE ] setting player 2 freeze to 1000
[18:26:10.230] [SEVERE ] updating countdown to 45602
[18:26:10.231] [INFO   ] thread dealer reshuffleTime - currentTimeMillis 45601
[18:26:10.232] [INFO   ] thread dealer should finish false
[18:26:10.507] [SEVERE ] setting player 2 freeze to 0
[18:26:10.509] [INFO   ] thread 1  Player 1is done being penalized
[18:26:11.233] [SEVERE ] updating countdown to 44599
[18:26:11.243] [INFO   ] thread dealer reshuffleTime - currentTimeMillis 44589
[18:26:11.251] [INFO   ] thread dealer should finish false
[18:26:12.254] [SEVERE ] updating countdown to 43578
[18:26:12.256] [INFO   ] thread dealer reshuffleTime - currentTimeMillis 43576
[18:26:12.257] [INFO   ] thread dealer should finish false
[18:26:13.259] [SEVERE ] updating countdown to 42573
[18:26:13.261] [INFO   ] thread dealer reshuffleTime - currentTimeMillis 42571
[18:26:13.265] [INFO   ] thread dealer should finish false
[18:26:14.266] [SEVERE ] updating countdown to 41566
[18:26:14.268] [INFO   ] thread dealer reshuffleTime - currentTimeMillis 41564
[18:26:14.270] [INFO   ] thread dealer should finish false
[18:26:15.272] [SEVERE ] updating countdown to 40560
[18:26:15.274] [INFO   ] thread dealer reshuffleTime - currentTimeMillis 40558
[18:26:15.276] [INFO   ] thread dealer should finish false
[18:26:16.277] [SEVERE ] updating countdown to 39555
[18:26:16.279] [INFO   ] thread dealer reshuffleTime - currentTimeMillis 39553
[18:26:16.283] [INFO   ] thread dealer should finish false
[18:26:16.379] [SEVERE ] key 69 was pressed by player 1
[18:26:16.381] [INFO   ] thread AWT-EventQueue-0 inserting into actions queue
[18:26:16.382] [SEVERE ] player 1 placing token on slot 2
[18:26:17.284] [SEVERE ] updating countdown to 38548
[18:26:17.286] [INFO   ] thread dealer reshuffleTime - currentTimeMillis 38546
[18:26:17.287] [INFO   ] thread dealer should finish false
[18:26:18.289] [SEVERE ] updating countdown to 37544
[18:26:18.290] [INFO   ] thread dealer reshuffleTime - currentTimeMillis 37542
[18:26:18.290] [INFO   ] thread dealer should finish false
[18:26:19.107] [SEVERE ] key 76 was pressed by player 2
[18:26:19.108] [INFO   ] thread AWT-EventQueue-0 inserting into actions queue
[18:26:19.108] [SEVERE ] removing player 2 token from slot 6
[18:26:19.292] [SEVERE ] updating countdown to 36540
[18:26:19.294] [INFO   ] thread dealer reshuffleTime - currentTimeMillis 36538
[18:26:19.295] [INFO   ] thread dealer should finish false
[18:26:19.550] [SEVERE ] key 76 was pressed by player 2
[18:26:19.550] [INFO   ] thread AWT-EventQueue-0 inserting into actions queue
[18:26:19.551] [SEVERE ] player 2 placing token on slot 6
[18:26:19.551] [INFO   ] thread 1  Player 1is being penalized
[18:26:19.551] [SEVERE ] setting player 2 freeze to 3000
[18:26:20.297] [SEVERE ] updating countdown to 35535
[18:26:20.298] [INFO   ] thread dealer reshuffleTime - currentTimeMillis 35534
[18:26:20.300] [INFO   ] thread dealer should finish false
[18:26:20.552] [SEVERE ] setting player 2 freeze to 2000
[18:26:21.302] [SEVERE ] updating countdown to 34530
[18:26:21.304] [INFO   ] thread dealer reshuffleTime - currentTimeMillis 34528
[18:26:21.306] [INFO   ] thread dealer should finish false
[18:26:21.553] [SEVERE ] setting player 2 freeze to 1000
[18:26:22.299] [SEVERE ] key 81 was pressed by player 1
[18:26:22.299] [INFO   ] thread AWT-EventQueue-0 inserting into actions queue
[18:26:22.300] [SEVERE ] player 1 placing token on slot 0
[18:26:22.307] [SEVERE ] updating countdown to 33525
[18:26:22.307] [INFO   ] thread dealer reshuffleTime - currentTimeMillis 33525
[18:26:22.309] [INFO   ] thread dealer should finish false
[18:26:22.555] [SEVERE ] setting player 2 freeze to 0
[18:26:22.557] [INFO   ] thread 1  Player 1is done being penalized
[18:26:23.243] [SEVERE ] key 87 was pressed by player 1
[18:26:23.244] [INFO   ] thread AWT-EventQueue-0 inserting into actions queue
[18:26:23.244] [SEVERE ] player 1 placing token on slot 1
[18:26:23.309] [SEVERE ] updating countdown to 32523
[18:26:23.345] [SEVERE ] removing player 2 token from slot 2
[18:26:23.346] [SEVERE ] removing player 1 token from slot 2
[18:26:23.347] [SEVERE ] removing card from slot 2
[18:26:23.448] [SEVERE ] removing player 1 token from slot 0
[18:26:23.450] [SEVERE ] removing card from slot 0
[18:26:23.552] [SEVERE ] removing player 1 token from slot 1
[18:26:23.554] [SEVERE ] removing card from slot 1
[18:26:23.556] [INFO   ] thread 0  Player 0is being point
[18:26:23.560] [SEVERE ] setting player 1 score to 1
[18:26:23.561] [SEVERE ] setting player 1 freeze to 1000
[18:26:23.657] [SEVERE ] placing card 27 in slot 0
[18:26:23.760] [SEVERE ] placing card 28 in slot 1
[18:26:23.861] [SEVERE ] placing card 29 in slot 2
[18:26:23.863] [INFO   ] thread dealer reshuffleTime - currentTimeMillis 31969
[18:26:23.868] [INFO   ] thread dealer should finish false
[18:26:24.564] [SEVERE ] setting player 1 freeze to 0
[18:26:24.565] [INFO   ] thread 0  Player 0is done being point
[18:26:24.570] [SEVERE ] updating countdown to 60000
[18:26:24.871] [SEVERE ] updating countdown to 59699
[18:26:24.873] [INFO   ] thread dealer reshuffleTime - currentTimeMillis 59697
[18:26:24.874] [INFO   ] thread dealer should finish false
[18:26:25.251] [SEVERE ] key 80 was pressed by player 2
[18:26:25.252] [INFO   ] thread AWT-EventQueue-0 inserting into actions queue
[18:26:25.252] [SEVERE ] removing player 2 token from slot 3
[18:26:25.876] [SEVERE ] updating countdown to 58694
[18:26:25.878] [INFO   ] thread dealer reshuffleTime - currentTimeMillis 58692
[18:26:25.879] [INFO   ] thread dealer should finish false
[18:26:26.430] [SEVERE ] key 59 was pressed by player 2
[18:26:26.431] [INFO   ] thread AWT-EventQueue-0 inserting into actions queue
[18:26:26.432] [SEVERE ] player 2 placing token on slot 7
[18:26:26.602] [SEVERE ] key 76 was pressed by player 2
[18:26:26.604] [INFO   ] thread AWT-EventQueue-0 inserting into actions queue
[18:26:26.604] [SEVERE ] removing player 2 token from slot 6
[18:26:26.880] [SEVERE ] updating countdown to 57690
[18:26:26.882] [INFO   ] thread dealer reshuffleTime - currentTimeMillis 57688
[18:26:26.884] [INFO   ] thread dealer should finish false
[18:26:27.138] [SEVERE ] key 80 was pressed by player 2
[18:26:27.138] [INFO   ] thread AWT-EventQueue-0 inserting into actions queue
[18:26:27.138] [SEVERE ] player 2 placing token on slot 3
[18:26:27.549] [SEVERE ] key 80 was pressed by player 2
[18:26:27.551] [INFO   ] thread AWT-EventQueue-0 inserting into actions queue
[18:26:27.553] [SEVERE ] removing player 2 token from slot 3
[18:26:27.567] [SEVERE ] key 76 was pressed by player 2
[18:26:27.567] [INFO   ] thread AWT-EventQueue-0 inserting into actions queue
[18:26:27.568] [SEVERE ] player 2 placing token on slot 6
[18:26:27.863] [SEVERE ] key 59 was pressed by player 2
[18:26:27.872] [INFO   ] thread AWT-EventQueue-0 inserting into actions queue
[18:26:27.873] [SEVERE ] removing player 2 token from slot 7
[18:26:27.885] [SEVERE ] updating countdown to 56685
[18:26:27.889] [INFO   ] thread dealer reshuffleTime - currentTimeMillis 56681
[18:26:27.890] [INFO   ] thread dealer should finish false
[18:26:28.081] [SEVERE ] key 76 was pressed by player 2
[18:26:28.081] [INFO   ] thread AWT-EventQueue-0 inserting into actions queue
[18:26:28.082] [SEVERE ] removing player 2 token from slot 6
[18:26:28.428] [SEVERE ] key 80 was pressed by player 2
[18:26:28.428] [INFO   ] thread AWT-EventQueue-0 inserting into actions queue
[18:26:28.429] [SEVERE ] player 2 placing token on slot 3
[18:26:28.605] [SEVERE ] key 76 was pressed by player 2
[18:26:28.605] [INFO   ] thread AWT-EventQueue-0 inserting into actions queue
[18:26:28.606] [SEVERE ] player 2 placing token on slot 6
[18:26:28.892] [SEVERE ] updating countdown to 55678
[18:26:28.894] [INFO   ] thread dealer reshuffleTime - currentTimeMillis 55676
[18:26:28.899] [INFO   ] thread dealer should finish false
[18:26:29.524] [SEVERE ] exit button pressed
[18:26:29.525] [SEVERE ] player 2 placing token on slot 0
[18:26:29.525] [SEVERE ] updating countdown to 55045
[18:26:29.525] [INFO   ] thread dealer reshuffleTime - currentTimeMillis 55045
[18:26:29.525] [SEVERE ] player 1 placing token on slot 0
[18:26:29.525] [INFO   ] thread 1  Player 1is being penalized
[18:26:29.526] [INFO   ] thread 0 is releasing player + 0
[18:26:29.526] [INFO   ] thread dealer should finish true
[18:26:29.527] [INFO   ] thread 0  terminated.
[18:26:29.526] [SEVERE ] setting player 2 freeze to 3000
[18:26:29.528] [INFO   ] thread 1  Player 1is done being penalized
[18:26:29.528] [INFO   ] thread 1 is releasing player + 1
[18:26:29.528] [INFO   ] thread 1  terminated.
[18:26:29.529] [SEVERE ] announcing winner(s): player 2
[18:26:29.529] [SEVERE ] updating countdown to 55041
[18:26:29.530] [INFO   ] thread dealer terminated.
[18:26:29.530] [INFO   ] thread dealer terminated.
[18:26:29.530] [SEVERE ] thanks for playing... it was fun!
[18:26:29.531] [INFO   ] thread bguspl.set.Main.main() terminated.
