[18:05:18.487] [INFO   ] thread bguspl.set.Main.main() starting.
[18:05:18.498] [SEVERE ] cannot read configuration file config.properties trying from resources.
[18:05:18.506] [SEVERE ] configuration file was loaded from resources directory.
[18:05:19.722] [INFO   ] thread dealer starting.
[18:05:19.729] [INFO   ] thread dealer starting.
[18:05:19.731] [INFO   ] thread 0  starting.
[18:05:19.732] [INFO   ] thread 1  starting.
[18:05:19.733] [INFO   ] thread 0 is locking player + 0
[18:05:19.734] [INFO   ] thread 1 is locking player + 1
[18:05:19.832] [SEVERE ] placing card 0 in slot 0
[18:05:19.945] [SEVERE ] placing card 1 in slot 1
[18:05:20.048] [SEVERE ] placing card 2 in slot 2
[18:05:20.150] [SEVERE ] placing card 3 in slot 3
[18:05:20.252] [SEVERE ] placing card 4 in slot 4
[18:05:20.355] [SEVERE ] placing card 5 in slot 5
[18:05:20.459] [SEVERE ] placing card 6 in slot 6
[18:05:20.562] [SEVERE ] placing card 7 in slot 7
[18:05:20.665] [SEVERE ] placing card 8 in slot 8
[18:05:20.766] [SEVERE ] placing card 9 in slot 9
[18:05:20.869] [SEVERE ] placing card 10 in slot 10
[18:05:20.970] [SEVERE ] placing card 11 in slot 11
[18:05:21.984] [SEVERE ] updating countdown to 58999
[18:05:21.987] [INFO   ] thread dealer reshuffleTime - currentTimeMillis 58996
[18:05:21.989] [INFO   ] thread dealer should finish false
[18:05:22.991] [SEVERE ] updating countdown to 57992
[18:05:22.993] [INFO   ] thread dealer reshuffleTime - currentTimeMillis 57990
[18:05:22.999] [INFO   ] thread dealer should finish false
[18:05:23.468] [SEVERE ] key 81 was pressed by player 1
[18:05:23.479] [INFO   ] thread AWT-EventQueue-0 inserting into actions queue
[18:05:23.480] [SEVERE ] player 1 placing token on slot 0
[18:05:23.586] [SEVERE ] key 87 was pressed by player 1
[18:05:23.587] [INFO   ] thread AWT-EventQueue-0 inserting into actions queue
[18:05:23.587] [SEVERE ] player 1 placing token on slot 1
[18:05:24.002] [SEVERE ] updating countdown to 56981
[18:05:24.003] [INFO   ] thread dealer reshuffleTime - currentTimeMillis 56980
[18:05:24.007] [INFO   ] thread dealer should finish false
[18:05:24.022] [SEVERE ] key 69 was pressed by player 1
[18:05:24.023] [INFO   ] thread AWT-EventQueue-0 inserting into actions queue
[18:05:24.024] [SEVERE ] player 1 placing token on slot 2
[18:05:24.124] [SEVERE ] removing player 1 token from slot 0
[18:05:24.125] [SEVERE ] removing card from slot 0
[18:05:24.226] [SEVERE ] removing player 1 token from slot 1
[18:05:24.227] [SEVERE ] removing card from slot 1
[18:05:24.329] [SEVERE ] removing player 1 token from slot 2
[18:05:24.332] [SEVERE ] removing card from slot 2
[18:05:24.334] [INFO   ] thread 0  Player 0is being point
[18:05:24.335] [SEVERE ] setting player 1 score to 1
[18:05:24.337] [SEVERE ] setting player 1 freeze to 1000
[18:05:25.009] [SEVERE ] updating countdown to 55974
[18:05:25.111] [SEVERE ] placing card 12 in slot 0
[18:05:25.214] [SEVERE ] placing card 13 in slot 1
[18:05:25.316] [SEVERE ] placing card 14 in slot 2
[18:05:25.318] [INFO   ] thread dealer reshuffleTime - currentTimeMillis 55665
[18:05:25.324] [INFO   ] thread dealer should finish false
[18:05:25.341] [SEVERE ] setting player 1 freeze to 0
[18:05:25.343] [INFO   ] thread 0  Player 0is done being point
[18:05:25.344] [SEVERE ] updating countdown to 60000
[18:05:25.674] [SEVERE ] key 81 was pressed by player 1
[18:05:25.684] [INFO   ] thread AWT-EventQueue-0 inserting into actions queue
[18:05:25.693] [SEVERE ] player 1 placing token on slot 0
[18:05:25.770] [SEVERE ] key 87 was pressed by player 1
[18:05:25.771] [INFO   ] thread AWT-EventQueue-0 inserting into actions queue
[18:05:25.772] [SEVERE ] player 1 placing token on slot 1
[18:05:25.885] [SEVERE ] key 69 was pressed by player 1
[18:05:25.886] [INFO   ] thread AWT-EventQueue-0 inserting into actions queue
[18:05:25.886] [SEVERE ] player 1 placing token on slot 2
[18:05:25.987] [SEVERE ] removing player 1 token from slot 0
[18:05:25.988] [SEVERE ] removing card from slot 0
[18:05:26.090] [SEVERE ] removing player 1 token from slot 1
[18:05:26.092] [SEVERE ] removing card from slot 1
[18:05:26.200] [SEVERE ] removing player 1 token from slot 2
[18:05:26.203] [SEVERE ] removing card from slot 2
[18:05:26.207] [INFO   ] thread 0  Player 0is being point
[18:05:26.208] [SEVERE ] setting player 1 score to 2
[18:05:26.210] [SEVERE ] setting player 1 freeze to 1000
[18:05:26.325] [SEVERE ] updating countdown to 59019
[18:05:26.427] [SEVERE ] placing card 15 in slot 0
[18:05:26.530] [SEVERE ] placing card 16 in slot 1
[18:05:26.632] [SEVERE ] placing card 17 in slot 2
[18:05:26.635] [INFO   ] thread dealer reshuffleTime - currentTimeMillis 58709
[18:05:26.637] [INFO   ] thread dealer should finish false
[18:05:26.997] [SEVERE ] key 81 was pressed by player 1
[18:05:26.998] [INFO   ] thread AWT-EventQueue-0 inserting into actions queue
[18:05:27.064] [SEVERE ] key 87 was pressed by player 1
[18:05:27.065] [INFO   ] thread AWT-EventQueue-0 inserting into actions queue
[18:05:27.133] [SEVERE ] key 69 was pressed by player 1
[18:05:27.133] [INFO   ] thread AWT-EventQueue-0 inserting into actions queue
[18:05:27.213] [SEVERE ] setting player 1 freeze to 0
[18:05:27.215] [INFO   ] thread 0  Player 0is done being point
[18:05:27.217] [SEVERE ] updating countdown to 60000
[18:05:27.218] [SEVERE ] player 1 placing token on slot 0
[18:05:27.221] [SEVERE ] player 1 placing token on slot 1
[18:05:27.224] [SEVERE ] player 1 placing token on slot 2
[18:05:27.326] [SEVERE ] removing player 1 token from slot 0
[18:05:27.328] [SEVERE ] removing card from slot 0
[18:05:27.430] [SEVERE ] removing player 1 token from slot 1
[18:05:27.433] [SEVERE ] removing card from slot 1
[18:05:27.535] [SEVERE ] removing player 1 token from slot 2
[18:05:27.537] [SEVERE ] removing card from slot 2
[18:05:27.538] [INFO   ] thread 0  Player 0is being point
[18:05:27.538] [SEVERE ] setting player 1 score to 3
[18:05:27.540] [SEVERE ] setting player 1 freeze to 1000
[18:05:27.640] [SEVERE ] updating countdown to 59577
[18:05:27.743] [SEVERE ] placing card 18 in slot 0
[18:05:27.844] [SEVERE ] placing card 19 in slot 1
[18:05:27.922] [SEVERE ] key 81 was pressed by player 1
[18:05:27.923] [INFO   ] thread AWT-EventQueue-0 inserting into actions queue
[18:05:27.947] [SEVERE ] placing card 20 in slot 2
[18:05:27.948] [INFO   ] thread dealer reshuffleTime - currentTimeMillis 59269
[18:05:27.949] [INFO   ] thread dealer should finish false
[18:05:28.031] [SEVERE ] key 87 was pressed by player 1
[18:05:28.032] [INFO   ] thread AWT-EventQueue-0 inserting into actions queue
[18:05:28.057] [SEVERE ] key 69 was pressed by player 1
[18:05:28.058] [INFO   ] thread AWT-EventQueue-0 inserting into actions queue
[18:05:28.542] [SEVERE ] setting player 1 freeze to 0
[18:05:28.544] [INFO   ] thread 0  Player 0is done being point
[18:05:28.546] [SEVERE ] updating countdown to 60000
[18:05:28.547] [SEVERE ] player 1 placing token on slot 0
[18:05:28.549] [SEVERE ] player 1 placing token on slot 1
[18:05:28.553] [SEVERE ] player 1 placing token on slot 2
[18:05:28.655] [SEVERE ] removing player 1 token from slot 0
[18:05:28.657] [SEVERE ] removing card from slot 0
[18:05:28.758] [SEVERE ] removing player 1 token from slot 1
[18:05:28.760] [SEVERE ] removing card from slot 1
[18:05:28.863] [SEVERE ] removing player 1 token from slot 2
[18:05:28.865] [SEVERE ] removing card from slot 2
[18:05:28.870] [INFO   ] thread 0  Player 0is being point
[18:05:28.875] [SEVERE ] setting player 1 score to 4
[18:05:28.875] [SEVERE ] setting player 1 freeze to 1000
[18:05:28.955] [SEVERE ] updating countdown to 59591
[18:05:29.001] [SEVERE ] key 81 was pressed by player 1
[18:05:29.002] [INFO   ] thread AWT-EventQueue-0 inserting into actions queue
[18:05:29.038] [SEVERE ] key 87 was pressed by player 1
[18:05:29.039] [INFO   ] thread AWT-EventQueue-0 inserting into actions queue
[18:05:29.057] [SEVERE ] placing card 21 in slot 0
[18:05:29.123] [SEVERE ] key 69 was pressed by player 1
[18:05:29.124] [INFO   ] thread AWT-EventQueue-0 inserting into actions queue
[18:05:29.157] [SEVERE ] placing card 22 in slot 1
[18:05:29.259] [SEVERE ] placing card 23 in slot 2
[18:05:29.260] [INFO   ] thread dealer reshuffleTime - currentTimeMillis 59286
[18:05:29.261] [INFO   ] thread dealer should finish false
[18:05:29.876] [SEVERE ] setting player 1 freeze to 0
[18:05:29.877] [INFO   ] thread 0  Player 0is done being point
[18:05:29.878] [SEVERE ] updating countdown to 60000
[18:05:29.880] [SEVERE ] player 1 placing token on slot 0
[18:05:29.882] [SEVERE ] player 1 placing token on slot 1
[18:05:29.886] [SEVERE ] player 1 placing token on slot 2
[18:05:29.988] [SEVERE ] removing player 1 token from slot 0
[18:05:29.990] [SEVERE ] removing card from slot 0
[18:05:30.092] [SEVERE ] removing player 1 token from slot 1
[18:05:30.094] [SEVERE ] removing card from slot 1
[18:05:30.140] [SEVERE ] key 81 was pressed by player 1
[18:05:30.141] [INFO   ] thread AWT-EventQueue-0 inserting into actions queue
[18:05:30.176] [SEVERE ] key 87 was pressed by player 1
[18:05:30.177] [INFO   ] thread AWT-EventQueue-0 inserting into actions queue
[18:05:30.196] [SEVERE ] removing player 1 token from slot 2
[18:05:30.198] [SEVERE ] removing card from slot 2
[18:05:30.200] [INFO   ] thread 0  Player 0is being point
[18:05:30.203] [SEVERE ] setting player 1 score to 5
[18:05:30.206] [SEVERE ] setting player 1 freeze to 1000
[18:05:30.243] [SEVERE ] key 69 was pressed by player 1
[18:05:30.244] [INFO   ] thread AWT-EventQueue-0 inserting into actions queue
[18:05:30.264] [SEVERE ] updating countdown to 59614
[18:05:30.367] [SEVERE ] placing card 24 in slot 0
[18:05:30.468] [SEVERE ] placing card 25 in slot 1
[18:05:30.570] [SEVERE ] placing card 26 in slot 2
[18:05:30.571] [INFO   ] thread dealer reshuffleTime - currentTimeMillis 59307
[18:05:30.576] [INFO   ] thread dealer should finish false
[18:05:31.207] [SEVERE ] setting player 1 freeze to 0
[18:05:31.209] [INFO   ] thread 0  Player 0is done being point
[18:05:31.212] [SEVERE ] updating countdown to 60000
[18:05:31.213] [SEVERE ] player 1 placing token on slot 0
[18:05:31.214] [SEVERE ] player 1 placing token on slot 1
[18:05:31.216] [SEVERE ] player 1 placing token on slot 2
[18:05:31.318] [SEVERE ] removing player 1 token from slot 0
[18:05:31.321] [SEVERE ] removing card from slot 0
[18:05:31.423] [SEVERE ] removing player 1 token from slot 1
[18:05:31.424] [SEVERE ] removing card from slot 1
[18:05:31.526] [SEVERE ] removing player 1 token from slot 2
[18:05:31.528] [SEVERE ] removing card from slot 2
[18:05:31.531] [INFO   ] thread 0  Player 0is being point
[18:05:31.533] [SEVERE ] setting player 1 score to 6
[18:05:31.534] [SEVERE ] setting player 1 freeze to 1000
[18:05:31.578] [SEVERE ] updating countdown to 59634
[18:05:31.681] [SEVERE ] placing card 27 in slot 0
[18:05:31.753] [SEVERE ] key 81 was pressed by player 1
[18:05:31.753] [INFO   ] thread AWT-EventQueue-0 inserting into actions queue
[18:05:31.783] [SEVERE ] placing card 28 in slot 1
[18:05:31.815] [SEVERE ] key 87 was pressed by player 1
[18:05:31.816] [INFO   ] thread AWT-EventQueue-0 inserting into actions queue
[18:05:31.880] [SEVERE ] key 69 was pressed by player 1
[18:05:31.880] [INFO   ] thread AWT-EventQueue-0 inserting into actions queue
[18:05:31.885] [SEVERE ] placing card 29 in slot 2
[18:05:31.886] [INFO   ] thread dealer reshuffleTime - currentTimeMillis 59326
[18:05:31.887] [INFO   ] thread dealer should finish false
[18:05:32.537] [SEVERE ] setting player 1 freeze to 0
[18:05:32.539] [INFO   ] thread 0  Player 0is done being point
[18:05:32.544] [SEVERE ] updating countdown to 60000
[18:05:32.545] [SEVERE ] player 1 placing token on slot 0
[18:05:32.548] [SEVERE ] player 1 placing token on slot 1
[18:05:32.552] [SEVERE ] player 1 placing token on slot 2
[18:05:32.655] [SEVERE ] removing player 1 token from slot 0
[18:05:32.656] [SEVERE ] removing card from slot 0
[18:05:32.759] [SEVERE ] removing player 1 token from slot 1
[18:05:32.763] [SEVERE ] removing card from slot 1
[18:05:32.865] [SEVERE ] removing player 1 token from slot 2
[18:05:32.867] [SEVERE ] removing card from slot 2
[18:05:32.871] [INFO   ] thread 0  Player 0is being point
[18:05:32.875] [SEVERE ] setting player 1 score to 7
[18:05:32.876] [SEVERE ] setting player 1 freeze to 1000
[18:05:32.891] [SEVERE ] updating countdown to 59653
[18:05:32.906] [SEVERE ] key 81 was pressed by player 1
[18:05:32.907] [INFO   ] thread AWT-EventQueue-0 inserting into actions queue
[18:05:32.958] [SEVERE ] key 87 was pressed by player 1
[18:05:32.959] [INFO   ] thread AWT-EventQueue-0 inserting into actions queue
[18:05:32.995] [SEVERE ] placing card 30 in slot 0
[18:05:33.029] [SEVERE ] key 69 was pressed by player 1
[18:05:33.030] [INFO   ] thread AWT-EventQueue-0 inserting into actions queue
[18:05:33.097] [SEVERE ] placing card 31 in slot 1
[18:05:33.198] [SEVERE ] placing card 32 in slot 2
[18:05:33.199] [INFO   ] thread dealer reshuffleTime - currentTimeMillis 59345
[18:05:33.201] [INFO   ] thread dealer should finish false
[18:05:33.879] [SEVERE ] setting player 1 freeze to 0
[18:05:33.881] [INFO   ] thread 0  Player 0is done being point
[18:05:33.887] [SEVERE ] updating countdown to 60000
[18:05:33.887] [SEVERE ] player 1 placing token on slot 0
[18:05:33.892] [SEVERE ] player 1 placing token on slot 1
[18:05:33.899] [SEVERE ] player 1 placing token on slot 2
[18:05:34.000] [SEVERE ] removing player 1 token from slot 0
[18:05:34.002] [SEVERE ] removing card from slot 0
[18:05:34.104] [SEVERE ] removing player 1 token from slot 1
[18:05:34.104] [SEVERE ] removing card from slot 1
[18:05:34.203] [SEVERE ] updating countdown to 59684
[18:05:34.206] [SEVERE ] removing player 1 token from slot 2
[18:05:34.207] [SEVERE ] removing card from slot 2
[18:05:34.209] [INFO   ] thread 0  Player 0is being point
[18:05:34.210] [SEVERE ] setting player 1 score to 8
[18:05:34.212] [SEVERE ] setting player 1 freeze to 1000
[18:05:34.303] [SEVERE ] key 81 was pressed by player 1
[18:05:34.304] [INFO   ] thread AWT-EventQueue-0 inserting into actions queue
[18:05:34.310] [SEVERE ] placing card 33 in slot 0
[18:05:34.382] [SEVERE ] key 87 was pressed by player 1
[18:05:34.382] [INFO   ] thread AWT-EventQueue-0 inserting into actions queue
[18:05:34.412] [SEVERE ] placing card 34 in slot 1
[18:05:34.450] [SEVERE ] key 69 was pressed by player 1
[18:05:34.450] [INFO   ] thread AWT-EventQueue-0 inserting into actions queue
[18:05:34.514] [SEVERE ] placing card 35 in slot 2
[18:05:34.515] [INFO   ] thread dealer reshuffleTime - currentTimeMillis 59372
[18:05:34.516] [INFO   ] thread dealer should finish false
[18:05:35.215] [SEVERE ] setting player 1 freeze to 0
[18:05:35.218] [INFO   ] thread 0  Player 0is done being point
[18:05:35.221] [SEVERE ] updating countdown to 60000
[18:05:35.222] [SEVERE ] player 1 placing token on slot 0
[18:05:35.224] [SEVERE ] player 1 placing token on slot 1
[18:05:35.227] [SEVERE ] player 1 placing token on slot 2
[18:05:35.331] [SEVERE ] removing player 1 token from slot 0
[18:05:35.332] [SEVERE ] removing card from slot 0
[18:05:35.434] [SEVERE ] removing player 1 token from slot 1
[18:05:35.436] [SEVERE ] removing card from slot 1
[18:05:35.464] [SEVERE ] key 81 was pressed by player 1
[18:05:35.468] [INFO   ] thread AWT-EventQueue-0 inserting into actions queue
[18:05:35.517] [SEVERE ] updating countdown to 59704
[18:05:35.537] [SEVERE ] removing player 1 token from slot 2
[18:05:35.544] [SEVERE ] removing card from slot 2
[18:05:35.545] [SEVERE ] key 87 was pressed by player 1
[18:05:35.545] [INFO   ] thread 0  Player 0is being point
[18:05:35.547] [SEVERE ] setting player 1 score to 9
[18:05:35.546] [INFO   ] thread AWT-EventQueue-0 inserting into actions queue
[18:05:35.547] [SEVERE ] setting player 1 freeze to 1000
[18:05:35.589] [SEVERE ] key 69 was pressed by player 1
[18:05:35.590] [INFO   ] thread AWT-EventQueue-0 inserting into actions queue
[18:05:35.646] [SEVERE ] placing card 36 in slot 0
[18:05:35.747] [SEVERE ] placing card 37 in slot 1
[18:05:35.848] [SEVERE ] placing card 38 in slot 2
[18:05:35.850] [INFO   ] thread dealer reshuffleTime - currentTimeMillis 59371
[18:05:35.852] [INFO   ] thread dealer should finish false
[18:05:36.548] [SEVERE ] setting player 1 freeze to 0
[18:05:36.551] [INFO   ] thread 0  Player 0is done being point
[18:05:36.552] [SEVERE ] updating countdown to 60000
[18:05:36.554] [SEVERE ] player 1 placing token on slot 0
[18:05:36.555] [SEVERE ] player 1 placing token on slot 1
[18:05:36.557] [SEVERE ] player 1 placing token on slot 2
[18:05:36.659] [SEVERE ] removing player 1 token from slot 0
[18:05:36.661] [SEVERE ] removing card from slot 0
[18:05:36.759] [SEVERE ] key 87 was pressed by player 1
[18:05:36.760] [INFO   ] thread AWT-EventQueue-0 inserting into actions queue
[18:05:36.762] [SEVERE ] removing player 1 token from slot 1
[18:05:36.763] [SEVERE ] removing card from slot 1
[18:05:36.780] [SEVERE ] key 81 was pressed by player 1
[18:05:36.780] [INFO   ] thread AWT-EventQueue-0 inserting into actions queue
[18:05:36.856] [SEVERE ] updating countdown to 59696
[18:05:36.864] [SEVERE ] key 69 was pressed by player 1
[18:05:36.866] [INFO   ] thread AWT-EventQueue-0 inserting into actions queue
[18:05:36.865] [SEVERE ] removing player 1 token from slot 2
[18:05:36.867] [SEVERE ] removing card from slot 2
[18:05:36.868] [INFO   ] thread 0  Player 0is being point
[18:05:36.869] [SEVERE ] setting player 1 score to 10
[18:05:36.871] [SEVERE ] setting player 1 freeze to 1000
[18:05:36.968] [SEVERE ] placing card 39 in slot 0
[18:05:37.069] [SEVERE ] placing card 40 in slot 1
[18:05:37.172] [SEVERE ] placing card 41 in slot 2
[18:05:37.174] [INFO   ] thread dealer reshuffleTime - currentTimeMillis 59378
[18:05:37.176] [INFO   ] thread dealer should finish false
[18:05:37.875] [SEVERE ] setting player 1 freeze to 0
[18:05:37.877] [INFO   ] thread 0  Player 0is done being point
[18:05:37.877] [SEVERE ] updating countdown to 60000
[18:05:37.880] [SEVERE ] player 1 placing token on slot 1
[18:05:37.884] [SEVERE ] player 1 placing token on slot 0
[18:05:37.889] [SEVERE ] player 1 placing token on slot 2
[18:05:37.991] [SEVERE ] removing player 1 token from slot 1
[18:05:37.993] [SEVERE ] removing card from slot 1
[18:05:38.094] [SEVERE ] removing player 1 token from slot 0
[18:05:38.095] [SEVERE ] removing card from slot 0
[18:05:38.179] [SEVERE ] updating countdown to 59698
[18:05:38.199] [SEVERE ] removing player 1 token from slot 2
[18:05:38.203] [SEVERE ] removing card from slot 2
[18:05:38.206] [INFO   ] thread 0  Player 0is being point
[18:05:38.206] [SEVERE ] setting player 1 score to 11
[18:05:38.207] [SEVERE ] setting player 1 freeze to 1000
[18:05:38.306] [SEVERE ] placing card 42 in slot 0
[18:05:38.393] [SEVERE ] key 81 was pressed by player 1
[18:05:38.394] [INFO   ] thread AWT-EventQueue-0 inserting into actions queue
[18:05:38.403] [SEVERE ] key 87 was pressed by player 1
[18:05:38.405] [INFO   ] thread AWT-EventQueue-0 inserting into actions queue
[18:05:38.407] [SEVERE ] placing card 43 in slot 1
[18:05:38.412] [SEVERE ] key 69 was pressed by player 1
[18:05:38.413] [INFO   ] thread AWT-EventQueue-0 inserting into actions queue
[18:05:38.508] [SEVERE ] placing card 44 in slot 2
[18:05:38.510] [INFO   ] thread dealer reshuffleTime - currentTimeMillis 59367
[18:05:38.517] [INFO   ] thread dealer should finish false
[18:05:39.210] [SEVERE ] setting player 1 freeze to 0
[18:05:39.212] [INFO   ] thread 0  Player 0is done being point
[18:05:39.218] [SEVERE ] updating countdown to 60000
[18:05:39.219] [SEVERE ] player 1 placing token on slot 0
[18:05:39.222] [SEVERE ] player 1 placing token on slot 1
[18:05:39.225] [SEVERE ] player 1 placing token on slot 2
[18:05:39.327] [SEVERE ] removing player 1 token from slot 0
[18:05:39.329] [SEVERE ] removing card from slot 0
[18:05:39.431] [SEVERE ] removing player 1 token from slot 1
[18:05:39.433] [SEVERE ] removing card from slot 1
[18:05:39.518] [SEVERE ] updating countdown to 59700
[18:05:39.536] [SEVERE ] removing player 1 token from slot 2
[18:05:39.537] [SEVERE ] removing card from slot 2
[18:05:39.539] [INFO   ] thread 0  Player 0is being point
[18:05:39.541] [SEVERE ] setting player 1 score to 12
[18:05:39.545] [SEVERE ] setting player 1 freeze to 1000
[18:05:39.639] [SEVERE ] placing card 45 in slot 0
[18:05:39.741] [SEVERE ] placing card 46 in slot 1
[18:05:39.773] [SEVERE ] key 81 was pressed by player 1
[18:05:39.774] [INFO   ] thread AWT-EventQueue-0 inserting into actions queue
[18:05:39.844] [SEVERE ] placing card 47 in slot 2
[18:05:39.846] [INFO   ] thread dealer reshuffleTime - currentTimeMillis 59372
[18:05:39.847] [INFO   ] thread dealer should finish false
[18:05:39.882] [SEVERE ] key 87 was pressed by player 1
[18:05:39.882] [INFO   ] thread AWT-EventQueue-0 inserting into actions queue
[18:05:39.965] [SEVERE ] key 69 was pressed by player 1
[18:05:39.966] [INFO   ] thread AWT-EventQueue-0 inserting into actions queue
[18:05:40.558] [SEVERE ] setting player 1 freeze to 0
[18:05:40.560] [INFO   ] thread 0  Player 0is done being point
[18:05:40.563] [SEVERE ] updating countdown to 60000
[18:05:40.564] [SEVERE ] player 1 placing token on slot 0
[18:05:40.568] [SEVERE ] player 1 placing token on slot 1
[18:05:40.570] [SEVERE ] player 1 placing token on slot 2
[18:05:40.673] [SEVERE ] removing player 1 token from slot 0
[18:05:40.674] [SEVERE ] removing card from slot 0
[18:05:40.776] [SEVERE ] removing player 1 token from slot 1
[18:05:40.778] [SEVERE ] removing card from slot 1
[18:05:40.851] [SEVERE ] updating countdown to 59712
[18:05:40.880] [SEVERE ] removing player 1 token from slot 2
[18:05:40.881] [SEVERE ] removing card from slot 2
[18:05:40.882] [INFO   ] thread 0  Player 0is being point
[18:05:40.885] [SEVERE ] setting player 1 score to 13
[18:05:40.886] [SEVERE ] setting player 1 freeze to 1000
[18:05:40.982] [SEVERE ] key 81 was pressed by player 1
[18:05:40.983] [INFO   ] thread AWT-EventQueue-0 inserting into actions queue
[18:05:40.982] [SEVERE ] placing card 48 in slot 0
[18:05:41.000] [SEVERE ] key 87 was pressed by player 1
[18:05:41.001] [INFO   ] thread AWT-EventQueue-0 inserting into actions queue
[18:05:41.085] [SEVERE ] placing card 49 in slot 1
[18:05:41.113] [SEVERE ] key 69 was pressed by player 1
[18:05:41.113] [INFO   ] thread AWT-EventQueue-0 inserting into actions queue
[18:05:41.188] [SEVERE ] placing card 50 in slot 2
[18:05:41.190] [INFO   ] thread dealer reshuffleTime - currentTimeMillis 59373
[18:05:41.191] [INFO   ] thread dealer should finish false
[18:05:41.887] [SEVERE ] setting player 1 freeze to 0
[18:05:41.888] [INFO   ] thread 0  Player 0is done being point
[18:05:41.893] [SEVERE ] updating countdown to 60000
[18:05:41.895] [SEVERE ] player 1 placing token on slot 0
[18:05:41.897] [SEVERE ] player 1 placing token on slot 1
[18:05:41.898] [SEVERE ] player 1 placing token on slot 2
[18:05:42.002] [SEVERE ] removing player 1 token from slot 0
[18:05:42.003] [SEVERE ] removing card from slot 0
[18:05:42.104] [SEVERE ] removing player 1 token from slot 1
[18:05:42.106] [SEVERE ] removing card from slot 1
[18:05:42.196] [SEVERE ] updating countdown to 59697
[18:05:42.207] [SEVERE ] removing player 1 token from slot 2
[18:05:42.209] [SEVERE ] removing card from slot 2
[18:05:42.211] [INFO   ] thread 0  Player 0is being point
[18:05:42.212] [SEVERE ] setting player 1 score to 14
[18:05:42.213] [SEVERE ] setting player 1 freeze to 1000
[18:05:42.223] [SEVERE ] key 81 was pressed by player 1
[18:05:42.224] [INFO   ] thread AWT-EventQueue-0 inserting into actions queue
[18:05:42.225] [SEVERE ] key 87 was pressed by player 1
[18:05:42.225] [INFO   ] thread AWT-EventQueue-0 inserting into actions queue
[18:05:42.271] [SEVERE ] key 69 was pressed by player 1
[18:05:42.279] [INFO   ] thread AWT-EventQueue-0 inserting into actions queue
[18:05:42.311] [SEVERE ] placing card 51 in slot 0
[18:05:42.412] [SEVERE ] placing card 52 in slot 1
[18:05:42.513] [SEVERE ] placing card 53 in slot 2
[18:05:42.515] [INFO   ] thread dealer reshuffleTime - currentTimeMillis 59378
[18:05:42.520] [INFO   ] thread dealer should finish false
[18:05:43.215] [SEVERE ] setting player 1 freeze to 0
[18:05:43.217] [INFO   ] thread 0  Player 0is done being point
[18:05:43.220] [SEVERE ] updating countdown to 60000
[18:05:43.221] [SEVERE ] player 1 placing token on slot 0
[18:05:43.223] [SEVERE ] player 1 placing token on slot 1
[18:05:43.225] [SEVERE ] player 1 placing token on slot 2
[18:05:43.250] [SEVERE ] key 81 was pressed by player 1
[18:05:43.250] [INFO   ] thread AWT-EventQueue-0 inserting into actions queue
[18:05:43.300] [SEVERE ] key 87 was pressed by player 1
[18:05:43.301] [INFO   ] thread AWT-EventQueue-0 inserting into actions queue
[18:05:43.328] [SEVERE ] removing player 1 token from slot 0
[18:05:43.330] [SEVERE ] removing card from slot 0
[18:05:43.424] [SEVERE ] key 69 was pressed by player 1
[18:05:43.425] [INFO   ] thread AWT-EventQueue-0 inserting into actions queue
[18:05:43.432] [SEVERE ] removing player 1 token from slot 1
[18:05:43.433] [SEVERE ] removing card from slot 1
[18:05:43.521] [SEVERE ] updating countdown to 59699
[18:05:43.536] [SEVERE ] removing player 1 token from slot 2
[18:05:43.540] [SEVERE ] removing card from slot 2
[18:05:43.542] [INFO   ] thread 0  Player 0is being point
[18:05:43.542] [SEVERE ] setting player 1 score to 15
[18:05:43.543] [SEVERE ] setting player 1 freeze to 1000
[18:05:43.642] [SEVERE ] placing card 54 in slot 0
[18:05:43.747] [SEVERE ] placing card 55 in slot 1
[18:05:43.849] [SEVERE ] placing card 56 in slot 2
[18:05:43.851] [INFO   ] thread dealer reshuffleTime - currentTimeMillis 59369
[18:05:43.853] [INFO   ] thread dealer should finish false
[18:05:44.545] [SEVERE ] setting player 1 freeze to 0
[18:05:44.547] [INFO   ] thread 0  Player 0is done being point
[18:05:44.550] [SEVERE ] updating countdown to 60000
[18:05:44.551] [SEVERE ] player 1 placing token on slot 0
[18:05:44.552] [SEVERE ] player 1 placing token on slot 1
[18:05:44.555] [SEVERE ] player 1 placing token on slot 2
[18:05:44.599] [SEVERE ] key 81 was pressed by player 1
[18:05:44.600] [INFO   ] thread AWT-EventQueue-0 inserting into actions queue
[18:05:44.659] [SEVERE ] removing player 1 token from slot 0
[18:05:44.661] [SEVERE ] removing card from slot 0
[18:05:44.745] [SEVERE ] key 87 was pressed by player 1
[18:05:44.746] [INFO   ] thread AWT-EventQueue-0 inserting into actions queue
[18:05:44.763] [SEVERE ] removing player 1 token from slot 1
[18:05:44.764] [SEVERE ] removing card from slot 1
[18:05:44.769] [SEVERE ] key 69 was pressed by player 1
[18:05:44.770] [INFO   ] thread AWT-EventQueue-0 inserting into actions queue
[18:05:44.856] [SEVERE ] updating countdown to 59694
[18:05:44.866] [SEVERE ] removing player 1 token from slot 2
[18:05:44.867] [SEVERE ] removing card from slot 2
[18:05:44.867] [INFO   ] thread 0  Player 0is being point
[18:05:44.868] [SEVERE ] setting player 1 score to 16
[18:05:44.868] [SEVERE ] setting player 1 freeze to 1000
[18:05:44.968] [SEVERE ] placing card 57 in slot 0
[18:05:45.070] [SEVERE ] placing card 58 in slot 1
[18:05:45.172] [SEVERE ] placing card 59 in slot 2
[18:05:45.175] [INFO   ] thread dealer reshuffleTime - currentTimeMillis 59375
[18:05:45.176] [INFO   ] thread dealer should finish false
[18:05:45.869] [SEVERE ] setting player 1 freeze to 0
[18:05:45.871] [INFO   ] thread 0  Player 0is done being point
[18:05:45.874] [SEVERE ] updating countdown to 60000
[18:05:45.876] [SEVERE ] player 1 placing token on slot 0
[18:05:45.879] [SEVERE ] player 1 placing token on slot 1
[18:05:45.882] [SEVERE ] player 1 placing token on slot 2
[18:05:45.984] [SEVERE ] removing player 1 token from slot 0
[18:05:45.985] [SEVERE ] removing card from slot 0
[18:05:46.088] [SEVERE ] removing player 1 token from slot 1
[18:05:46.090] [SEVERE ] removing card from slot 1
[18:05:46.089] [SEVERE ] key 81 was pressed by player 1
[18:05:46.091] [INFO   ] thread AWT-EventQueue-0 inserting into actions queue
[18:05:46.179] [SEVERE ] updating countdown to 59695
[18:05:46.190] [SEVERE ] removing player 1 token from slot 2
[18:05:46.192] [SEVERE ] key 87 was pressed by player 1
[18:05:46.193] [INFO   ] thread AWT-EventQueue-0 inserting into actions queue
[18:05:46.192] [SEVERE ] removing card from slot 2
[18:05:46.194] [INFO   ] thread 0  Player 0is being point
[18:05:46.196] [SEVERE ] setting player 1 score to 17
[18:05:46.198] [SEVERE ] setting player 1 freeze to 1000
[18:05:46.212] [SEVERE ] key 69 was pressed by player 1
[18:05:46.212] [INFO   ] thread AWT-EventQueue-0 inserting into actions queue
[18:05:46.295] [SEVERE ] placing card 60 in slot 0
[18:05:46.396] [SEVERE ] placing card 61 in slot 1
[18:05:46.498] [SEVERE ] placing card 62 in slot 2
[18:05:46.500] [INFO   ] thread dealer reshuffleTime - currentTimeMillis 59374
[18:05:46.502] [INFO   ] thread dealer should finish false
[18:05:47.199] [SEVERE ] setting player 1 freeze to 0
[18:05:47.200] [INFO   ] thread 0  Player 0is done being point
[18:05:47.203] [SEVERE ] updating countdown to 60000
[18:05:47.204] [SEVERE ] player 1 placing token on slot 0
[18:05:47.205] [SEVERE ] player 1 placing token on slot 1
[18:05:47.209] [SEVERE ] player 1 placing token on slot 2
[18:05:47.313] [SEVERE ] removing player 1 token from slot 0
[18:05:47.314] [SEVERE ] removing card from slot 0
[18:05:47.416] [SEVERE ] removing player 1 token from slot 1
[18:05:47.417] [SEVERE ] removing card from slot 1
[18:05:47.507] [SEVERE ] updating countdown to 59697
[18:05:47.518] [SEVERE ] removing player 1 token from slot 2
[18:05:47.520] [SEVERE ] removing card from slot 2
[18:05:47.521] [INFO   ] thread 0  Player 0is being point
[18:05:47.525] [SEVERE ] setting player 1 score to 18
[18:05:47.527] [SEVERE ] setting player 1 freeze to 1000
[18:05:47.609] [SEVERE ] key 69 was pressed by player 1
[18:05:47.610] [INFO   ] thread AWT-EventQueue-0 inserting into actions queue
[18:05:47.621] [SEVERE ] placing card 63 in slot 0
[18:05:47.629] [SEVERE ] key 87 was pressed by player 1
[18:05:47.631] [INFO   ] thread AWT-EventQueue-0 inserting into actions queue
[18:05:47.722] [SEVERE ] placing card 64 in slot 1
[18:05:47.767] [SEVERE ] key 81 was pressed by player 1
[18:05:47.768] [INFO   ] thread AWT-EventQueue-0 inserting into actions queue
[18:05:47.825] [SEVERE ] placing card 65 in slot 2
[18:05:47.826] [INFO   ] thread dealer reshuffleTime - currentTimeMillis 59377
[18:05:47.828] [INFO   ] thread dealer should finish false
[18:05:48.528] [SEVERE ] setting player 1 freeze to 0
[18:05:48.530] [INFO   ] thread 0  Player 0is done being point
[18:05:48.535] [SEVERE ] updating countdown to 60000
[18:05:48.536] [SEVERE ] player 1 placing token on slot 2
[18:05:48.539] [SEVERE ] player 1 placing token on slot 1
[18:05:48.543] [SEVERE ] player 1 placing token on slot 0
[18:05:48.646] [SEVERE ] removing player 1 token from slot 2
[18:05:48.647] [SEVERE ] removing card from slot 2
[18:05:48.754] [SEVERE ] removing player 1 token from slot 1
[18:05:48.755] [SEVERE ] removing card from slot 1
[18:05:48.830] [SEVERE ] updating countdown to 59705
[18:05:48.856] [SEVERE ] removing player 1 token from slot 0
[18:05:48.858] [SEVERE ] removing card from slot 0
[18:05:48.861] [INFO   ] thread 0  Player 0is being point
[18:05:48.867] [SEVERE ] setting player 1 score to 19
[18:05:48.867] [SEVERE ] setting player 1 freeze to 1000
[18:05:48.962] [SEVERE ] placing card 66 in slot 0
[18:05:49.044] [SEVERE ] key 81 was pressed by player 1
[18:05:49.044] [INFO   ] thread AWT-EventQueue-0 inserting into actions queue
[18:05:49.063] [SEVERE ] placing card 67 in slot 1
[18:05:49.164] [SEVERE ] placing card 68 in slot 2
[18:05:49.165] [INFO   ] thread dealer reshuffleTime - currentTimeMillis 59370
[18:05:49.165] [INFO   ] thread dealer should finish false
[18:05:49.205] [SEVERE ] key 87 was pressed by player 1
[18:05:49.205] [INFO   ] thread AWT-EventQueue-0 inserting into actions queue
[18:05:49.276] [SEVERE ] key 69 was pressed by player 1
[18:05:49.276] [INFO   ] thread AWT-EventQueue-0 inserting into actions queue
[18:05:49.870] [SEVERE ] setting player 1 freeze to 0
[18:05:49.871] [INFO   ] thread 0  Player 0is done being point
[18:05:49.875] [SEVERE ] updating countdown to 60000
[18:05:49.875] [SEVERE ] player 1 placing token on slot 0
[18:05:49.879] [SEVERE ] player 1 placing token on slot 1
[18:05:49.883] [SEVERE ] player 1 placing token on slot 2
[18:05:49.985] [SEVERE ] removing player 1 token from slot 0
[18:05:49.986] [SEVERE ] removing card from slot 0
[18:05:50.087] [SEVERE ] removing player 1 token from slot 1
[18:05:50.089] [SEVERE ] removing card from slot 1
[18:05:50.167] [SEVERE ] updating countdown to 59708
[18:05:50.191] [SEVERE ] removing player 1 token from slot 2
[18:05:50.192] [SEVERE ] removing card from slot 2
[18:05:50.193] [INFO   ] thread 0  Player 0is being point
[18:05:50.195] [SEVERE ] setting player 1 score to 20
[18:05:50.198] [SEVERE ] setting player 1 freeze to 1000
[18:05:50.223] [SEVERE ] key 81 was pressed by player 1
[18:05:50.224] [INFO   ] thread AWT-EventQueue-0 inserting into actions queue
[18:05:50.294] [SEVERE ] placing card 69 in slot 0
[18:05:50.396] [SEVERE ] placing card 70 in slot 1
[18:05:50.419] [SEVERE ] key 87 was pressed by player 1
[18:05:50.419] [INFO   ] thread AWT-EventQueue-0 inserting into actions queue
[18:05:50.480] [SEVERE ] key 69 was pressed by player 1
[18:05:50.480] [INFO   ] thread AWT-EventQueue-0 inserting into actions queue
[18:05:50.497] [SEVERE ] placing card 71 in slot 2
[18:05:50.499] [INFO   ] thread dealer reshuffleTime - currentTimeMillis 59376
[18:05:50.500] [INFO   ] thread dealer should finish false
[18:05:51.201] [SEVERE ] setting player 1 freeze to 0
[18:05:51.203] [INFO   ] thread 0  Player 0is done being point
[18:05:51.208] [SEVERE ] updating countdown to 60000
[18:05:51.210] [SEVERE ] player 1 placing token on slot 0
[18:05:51.211] [SEVERE ] player 1 placing token on slot 1
[18:05:51.213] [SEVERE ] player 1 placing token on slot 2
[18:05:51.304] [SEVERE ] key 81 was pressed by player 1
[18:05:51.305] [INFO   ] thread AWT-EventQueue-0 inserting into actions queue
[18:05:51.315] [SEVERE ] removing player 1 token from slot 0
[18:05:51.316] [SEVERE ] removing card from slot 0
[18:05:51.417] [SEVERE ] removing player 1 token from slot 1
[18:05:51.419] [SEVERE ] removing card from slot 1
[18:05:51.504] [SEVERE ] updating countdown to 59704
[18:05:51.521] [SEVERE ] removing player 1 token from slot 2
[18:05:51.523] [SEVERE ] removing card from slot 2
[18:05:51.526] [INFO   ] thread 0  Player 0is being point
[18:05:51.528] [SEVERE ] setting player 1 score to 21
[18:05:51.531] [SEVERE ] setting player 1 freeze to 1000
[18:05:51.560] [SEVERE ] key 87 was pressed by player 1
[18:05:51.560] [INFO   ] thread AWT-EventQueue-0 inserting into actions queue
[18:05:51.561] [SEVERE ] key 69 was pressed by player 1
[18:05:51.561] [INFO   ] thread AWT-EventQueue-0 inserting into actions queue
[18:05:51.627] [SEVERE ] placing card 72 in slot 0
[18:05:51.728] [SEVERE ] placing card 73 in slot 1
[18:05:51.829] [SEVERE ] placing card 74 in slot 2
[18:05:51.831] [INFO   ] thread dealer reshuffleTime - currentTimeMillis 59377
[18:05:51.833] [INFO   ] thread dealer should finish false
[18:05:52.457] [SEVERE ] key 81 was pressed by player 1
[18:05:52.458] [INFO   ] thread AWT-EventQueue-0 inserting into actions queue
[18:05:52.534] [SEVERE ] setting player 1 freeze to 0
[18:05:52.535] [INFO   ] thread 0  Player 0is done being point
[18:05:52.537] [SEVERE ] updating countdown to 60000
[18:05:52.538] [SEVERE ] player 1 placing token on slot 0
[18:05:52.538] [SEVERE ] player 1 placing token on slot 1
[18:05:52.544] [SEVERE ] player 1 placing token on slot 2
[18:05:52.646] [SEVERE ] removing player 1 token from slot 0
[18:05:52.647] [SEVERE ] removing card from slot 0
[18:05:52.669] [SEVERE ] key 69 was pressed by player 1
[18:05:52.670] [INFO   ] thread AWT-EventQueue-0 inserting into actions queue
[18:05:52.749] [SEVERE ] removing player 1 token from slot 1
[18:05:52.751] [SEVERE ] removing card from slot 1
[18:05:52.836] [SEVERE ] updating countdown to 59701
[18:05:52.854] [SEVERE ] removing player 1 token from slot 2
[18:05:52.855] [SEVERE ] removing card from slot 2
[18:05:52.857] [INFO   ] thread 0  Player 0is being point
[18:05:52.857] [SEVERE ] setting player 1 score to 22
[18:05:52.858] [SEVERE ] setting player 1 freeze to 1000
[18:05:52.957] [SEVERE ] placing card 75 in slot 0
[18:05:53.060] [SEVERE ] placing card 76 in slot 1
[18:05:53.162] [SEVERE ] placing card 77 in slot 2
[18:05:53.164] [INFO   ] thread dealer reshuffleTime - currentTimeMillis 59373
[18:05:53.165] [INFO   ] thread dealer should finish false
[18:05:53.860] [SEVERE ] setting player 1 freeze to 0
[18:05:53.861] [INFO   ] thread 0  Player 0is done being point
[18:05:53.867] [SEVERE ] updating countdown to 60000
[18:05:53.867] [SEVERE ] player 1 placing token on slot 0
[18:05:53.869] [SEVERE ] player 1 placing token on slot 2
[18:05:54.168] [SEVERE ] updating countdown to 59699
[18:05:54.168] [INFO   ] thread dealer reshuffleTime - currentTimeMillis 59699
[18:05:54.169] [INFO   ] thread dealer should finish false
[18:05:54.504] [SEVERE ] key 81 was pressed by player 1
[18:05:54.505] [INFO   ] thread AWT-EventQueue-0 inserting into actions queue
[18:05:54.505] [SEVERE ] removing player 1 token from slot 0
[18:05:55.019] [SEVERE ] key 87 was pressed by player 1
[18:05:55.020] [INFO   ] thread AWT-EventQueue-0 inserting into actions queue
[18:05:55.020] [SEVERE ] player 1 placing token on slot 1
[18:05:55.170] [SEVERE ] updating countdown to 58697
[18:05:55.171] [INFO   ] thread dealer reshuffleTime - currentTimeMillis 58696
[18:05:55.175] [INFO   ] thread dealer should finish false
[18:05:55.578] [SEVERE ] key 81 was pressed by player 1
[18:05:55.578] [INFO   ] thread AWT-EventQueue-0 inserting into actions queue
[18:05:55.579] [SEVERE ] player 1 placing token on slot 0
[18:05:55.680] [SEVERE ] removing player 1 token from slot 2
[18:05:55.682] [SEVERE ] removing card from slot 2
[18:05:55.783] [SEVERE ] removing player 1 token from slot 1
[18:05:55.785] [SEVERE ] removing card from slot 1
[18:05:55.888] [SEVERE ] removing player 1 token from slot 0
[18:05:55.889] [SEVERE ] removing card from slot 0
[18:05:55.890] [INFO   ] thread 0  Player 0is being point
[18:05:55.891] [SEVERE ] setting player 1 score to 23
[18:05:55.892] [SEVERE ] setting player 1 freeze to 1000
[18:05:56.177] [SEVERE ] updating countdown to 57690
[18:05:56.279] [SEVERE ] placing card 78 in slot 0
[18:05:56.380] [SEVERE ] placing card 79 in slot 1
[18:05:56.482] [SEVERE ] placing card 80 in slot 2
[18:05:56.483] [INFO   ] thread dealer reshuffleTime - currentTimeMillis 57384
[18:05:56.483] [INFO   ] thread dealer should finish false
[18:05:56.895] [SEVERE ] setting player 1 freeze to 0
[18:05:56.897] [INFO   ] thread 0  Player 0is done being point
[18:05:56.900] [SEVERE ] updating countdown to 60000
[18:05:57.053] [SEVERE ] key 81 was pressed by player 1
[18:05:57.054] [INFO   ] thread AWT-EventQueue-0 inserting into actions queue
[18:05:57.054] [SEVERE ] player 1 placing token on slot 0
[18:05:57.173] [SEVERE ] key 87 was pressed by player 1
[18:05:57.173] [INFO   ] thread AWT-EventQueue-0 inserting into actions queue
[18:05:57.174] [SEVERE ] player 1 placing token on slot 1
[18:05:57.211] [SEVERE ] key 69 was pressed by player 1
[18:05:57.212] [INFO   ] thread AWT-EventQueue-0 inserting into actions queue
[18:05:57.213] [SEVERE ] player 1 placing token on slot 2
[18:05:57.314] [SEVERE ] removing player 1 token from slot 0
[18:05:57.314] [SEVERE ] removing card from slot 0
[18:05:57.415] [SEVERE ] removing player 1 token from slot 1
[18:05:57.416] [SEVERE ] removing card from slot 1
[18:05:57.488] [SEVERE ] updating countdown to 59412
[18:05:57.518] [SEVERE ] removing player 1 token from slot 2
[18:05:57.520] [SEVERE ] removing card from slot 2
[18:05:57.521] [INFO   ] thread 0  Player 0is being point
[18:05:57.523] [SEVERE ] setting player 1 score to 24
[18:05:57.521] [INFO   ] thread dealer reshuffleTime - currentTimeMillis 59379
[18:05:57.524] [SEVERE ] setting player 1 freeze to 1000
[18:05:57.526] [INFO   ] thread dealer should finish false
[18:05:58.528] [SEVERE ] setting player 1 freeze to 0
[18:05:58.529] [INFO   ] thread 0  Player 0is done being point
[18:05:58.529] [SEVERE ] updating countdown to 60000
[18:05:58.529] [SEVERE ] updating countdown to 60000
[18:05:58.531] [INFO   ] thread dealer reshuffleTime - currentTimeMillis 59998
[18:05:58.533] [INFO   ] thread dealer should finish false
[18:05:59.533] [SEVERE ] updating countdown to 58996
[18:05:59.535] [INFO   ] thread dealer reshuffleTime - currentTimeMillis 58994
[18:05:59.540] [INFO   ] thread dealer should finish false
[18:06:00.161] [SEVERE ] key 86 was pressed by player 1
[18:06:00.161] [INFO   ] thread AWT-EventQueue-0 inserting into actions queue
[18:06:00.161] [SEVERE ] player 1 placing token on slot 11
[18:06:00.541] [SEVERE ] updating countdown to 57988
[18:06:00.543] [INFO   ] thread dealer reshuffleTime - currentTimeMillis 57986
[18:06:00.546] [INFO   ] thread dealer should finish false
[18:06:00.886] [SEVERE ] key 67 was pressed by player 1
[18:06:00.886] [INFO   ] thread AWT-EventQueue-0 inserting into actions queue
[18:06:00.887] [SEVERE ] player 1 placing token on slot 10
[18:06:01.069] [SEVERE ] key 88 was pressed by player 1
[18:06:01.070] [INFO   ] thread AWT-EventQueue-0 inserting into actions queue
[18:06:01.071] [SEVERE ] player 1 placing token on slot 9
[18:06:01.172] [SEVERE ] removing player 1 token from slot 11
[18:06:01.183] [SEVERE ] removing card from slot 11
[18:06:01.284] [SEVERE ] removing player 1 token from slot 10
[18:06:01.285] [SEVERE ] removing card from slot 10
[18:06:01.386] [SEVERE ] removing player 1 token from slot 9
[18:06:01.388] [SEVERE ] removing card from slot 9
[18:06:01.391] [INFO   ] thread 0  Player 0is being point
[18:06:01.393] [SEVERE ] setting player 1 score to 25
[18:06:01.395] [SEVERE ] setting player 1 freeze to 1000
[18:06:01.547] [SEVERE ] updating countdown to 56982
[18:06:01.556] [INFO   ] thread dealer reshuffleTime - currentTimeMillis 56973
[18:06:01.558] [INFO   ] thread dealer should finish false
[18:06:01.755] [SEVERE ] key 90 was pressed by player 1
[18:06:01.756] [INFO   ] thread AWT-EventQueue-0 inserting into actions queue
[18:06:02.396] [SEVERE ] setting player 1 freeze to 0
[18:06:02.397] [INFO   ] thread 0  Player 0is done being point
[18:06:02.401] [SEVERE ] updating countdown to 60000
[18:06:02.402] [SEVERE ] player 1 placing token on slot 8
[18:06:02.559] [SEVERE ] updating countdown to 59842
[18:06:02.562] [INFO   ] thread dealer reshuffleTime - currentTimeMillis 59839
[18:06:02.563] [INFO   ] thread dealer should finish false
[18:06:02.869] [SEVERE ] key 65 was pressed by player 1
[18:06:02.869] [INFO   ] thread AWT-EventQueue-0 inserting into actions queue
[18:06:02.870] [SEVERE ] player 1 placing token on slot 4
[18:06:03.565] [SEVERE ] updating countdown to 58836
[18:06:03.567] [INFO   ] thread dealer reshuffleTime - currentTimeMillis 58834
[18:06:03.567] [INFO   ] thread dealer should finish false
[18:06:03.896] [SEVERE ] key 90 was pressed by player 1
[18:06:03.897] [INFO   ] thread AWT-EventQueue-0 inserting into actions queue
[18:06:03.897] [SEVERE ] removing player 1 token from slot 8
[18:06:04.573] [SEVERE ] updating countdown to 57828
[18:06:04.575] [INFO   ] thread dealer reshuffleTime - currentTimeMillis 57826
[18:06:04.578] [INFO   ] thread dealer should finish false
[18:06:05.447] [SEVERE ] key 83 was pressed by player 1
[18:06:05.447] [INFO   ] thread AWT-EventQueue-0 inserting into actions queue
[18:06:05.448] [SEVERE ] player 1 placing token on slot 5
[18:06:05.580] [SEVERE ] updating countdown to 56821
[18:06:05.581] [INFO   ] thread dealer reshuffleTime - currentTimeMillis 56820
[18:06:05.581] [INFO   ] thread dealer should finish false
[18:06:06.225] [SEVERE ] key 69 was pressed by player 1
[18:06:06.228] [INFO   ] thread AWT-EventQueue-0 inserting into actions queue
[18:06:06.581] [SEVERE ] updating countdown to 55820
[18:06:06.582] [INFO   ] thread dealer reshuffleTime - currentTimeMillis 55819
[18:06:06.584] [INFO   ] thread dealer should finish false
[18:06:07.524] [SEVERE ] key 82 was pressed by player 1
[18:06:07.525] [INFO   ] thread AWT-EventQueue-0 inserting into actions queue
[18:06:07.526] [SEVERE ] player 1 placing token on slot 3
[18:06:07.585] [SEVERE ] updating countdown to 54816
[18:06:07.626] [SEVERE ] removing player 1 token from slot 4
[18:06:07.627] [SEVERE ] removing card from slot 4
[18:06:07.729] [SEVERE ] removing player 1 token from slot 5
[18:06:07.730] [SEVERE ] removing card from slot 5
[18:06:07.831] [SEVERE ] removing player 1 token from slot 3
[18:06:07.832] [SEVERE ] removing card from slot 3
[18:06:07.832] [INFO   ] thread 0  Player 0is being point
[18:06:07.834] [SEVERE ] setting player 1 score to 26
[18:06:07.833] [INFO   ] thread dealer reshuffleTime - currentTimeMillis 54568
[18:06:07.836] [SEVERE ] setting player 1 freeze to 1000
[18:06:07.836] [INFO   ] thread dealer should finish false
[18:06:08.837] [SEVERE ] setting player 1 freeze to 0
[18:06:08.838] [INFO   ] thread 0  Player 0is done being point
[18:06:08.839] [SEVERE ] updating countdown to 60000
[18:06:08.839] [SEVERE ] updating countdown to 53562
[18:06:08.841] [INFO   ] thread dealer reshuffleTime - currentTimeMillis 59998
[18:06:08.842] [INFO   ] thread dealer should finish false
[18:06:09.177] [SEVERE ] key 68 was pressed by player 1
[18:06:09.178] [INFO   ] thread AWT-EventQueue-0 inserting into actions queue
[18:06:09.178] [SEVERE ] player 1 placing token on slot 6
[18:06:09.329] [SEVERE ] key 70 was pressed by player 1
[18:06:09.330] [INFO   ] thread AWT-EventQueue-0 inserting into actions queue
[18:06:09.330] [SEVERE ] player 1 placing token on slot 7
[18:06:09.843] [SEVERE ] updating countdown to 58996
[18:06:09.844] [INFO   ] thread dealer reshuffleTime - currentTimeMillis 58995
[18:06:09.849] [INFO   ] thread dealer should finish false
[18:06:09.870] [SEVERE ] key 90 was pressed by player 1
[18:06:09.871] [INFO   ] thread AWT-EventQueue-0 inserting into actions queue
[18:06:09.871] [SEVERE ] player 1 placing token on slot 8
[18:06:09.973] [SEVERE ] removing player 1 token from slot 6
[18:06:09.975] [SEVERE ] removing card from slot 6
[18:06:10.077] [SEVERE ] removing player 1 token from slot 7
[18:06:10.078] [SEVERE ] removing card from slot 7
[18:06:10.180] [SEVERE ] removing player 1 token from slot 8
[18:06:10.182] [SEVERE ] removing card from slot 8
[18:06:10.183] [INFO   ] thread 0  Player 0is being point
[18:06:10.185] [SEVERE ] setting player 1 score to 27
[18:06:10.186] [SEVERE ] setting player 1 freeze to 1000
[18:06:10.850] [SEVERE ] updating countdown to 57989
[18:06:10.852] [INFO   ] thread dealer reshuffleTime - currentTimeMillis 57987
[18:06:10.853] [INFO   ] thread dealer should finish true
[18:06:10.855] [INFO   ] thread 1 is releasing player + 1
[18:06:10.855] [INFO   ] thread 0  Player 0is done being point
[18:06:10.856] [SEVERE ] updating countdown to 57983
[18:06:10.857] [INFO   ] thread 0 is releasing player + 0
[18:06:10.858] [INFO   ] thread 0  terminated.
[18:06:10.856] [INFO   ] thread 1  terminated.
[18:06:10.859] [SEVERE ] announcing winner(s): player 1
[18:06:10.861] [SEVERE ] updating countdown to 57978
[18:06:10.862] [INFO   ] thread dealer terminated.
[18:06:10.863] [INFO   ] thread dealer terminated.
[18:06:15.866] [SEVERE ] thanks for playing... it was fun!
[18:06:15.868] [INFO   ] thread bguspl.set.Main.main() terminated.
[18:06:15.869] [SEVERE ] disposing of user interface elements
