[17:58:44.670] [INFO   ] thread bguspl.set.Main.main() starting.
[17:58:44.681] [SEVERE ] cannot read configuration file config.properties trying from resources.
[17:58:44.687] [SEVERE ] configuration file was loaded from resources directory.
[17:58:45.795] [INFO   ] thread dealer starting.
[17:58:45.799] [INFO   ] thread dealer starting.
[17:58:45.801] [INFO   ] thread 0  starting.
[17:58:45.802] [INFO   ] thread 0 is locking player + 0
[17:58:45.802] [INFO   ] thread 1  starting.
[17:58:45.804] [INFO   ] thread 1 is locking player + 1
[17:58:45.902] [SEVERE ] placing card 0 in slot 0
[17:58:46.018] [SEVERE ] placing card 1 in slot 1
[17:58:46.119] [SEVERE ] placing card 2 in slot 2
[17:58:46.221] [SEVERE ] placing card 3 in slot 3
[17:58:46.323] [SEVERE ] placing card 4 in slot 4
[17:58:46.425] [SEVERE ] placing card 5 in slot 5
[17:58:46.528] [SEVERE ] placing card 6 in slot 6
[17:58:46.631] [SEVERE ] placing card 7 in slot 7
[17:58:46.735] [SEVERE ] placing card 8 in slot 8
[17:58:46.837] [SEVERE ] placing card 9 in slot 9
[17:58:46.940] [SEVERE ] placing card 10 in slot 10
[17:58:47.043] [SEVERE ] placing card 11 in slot 11
[17:58:48.052] [SEVERE ] updating countdown to 58999
[17:58:48.055] [INFO   ] thread dealer reshuffleTime - currentTimeMillis 58996
[17:58:48.056] [INFO   ] thread dealer should finish false
[17:58:49.058] [SEVERE ] updating countdown to 57993
[17:58:49.060] [INFO   ] thread dealer reshuffleTime - currentTimeMillis 57991
[17:58:49.061] [INFO   ] thread dealer should finish false
[17:58:50.062] [SEVERE ] updating countdown to 56989
[17:58:50.065] [INFO   ] thread dealer reshuffleTime - currentTimeMillis 56986
[17:58:50.069] [INFO   ] thread dealer should finish false
[17:58:51.071] [SEVERE ] updating countdown to 55980
[17:58:51.072] [INFO   ] thread dealer reshuffleTime - currentTimeMillis 55979
[17:58:51.075] [INFO   ] thread dealer should finish false
[17:58:51.664] [SEVERE ] key 81 was pressed by player 1
[17:58:51.665] [INFO   ] thread AWT-EventQueue-0 inserting into actions queue
[17:58:51.666] [SEVERE ] player 1 placing token on slot 0
[17:58:51.779] [SEVERE ] key 87 was pressed by player 1
[17:58:51.780] [INFO   ] thread AWT-EventQueue-0 inserting into actions queue
[17:58:51.781] [SEVERE ] player 1 placing token on slot 1
[17:58:52.076] [SEVERE ] key 69 was pressed by player 1
[17:58:52.078] [INFO   ] thread AWT-EventQueue-0 inserting into actions queue
[17:58:52.080] [SEVERE ] player 1 placing token on slot 2
[17:58:52.080] [SEVERE ] updating countdown to 54971
[17:58:52.181] [SEVERE ] removing player 1 token from slot 0
[17:58:52.184] [SEVERE ] removing card from slot 0
[17:58:52.288] [SEVERE ] removing player 1 token from slot 1
[17:58:52.289] [SEVERE ] removing card from slot 1
[17:58:52.391] [SEVERE ] removing player 1 token from slot 2
[17:58:52.394] [SEVERE ] removing card from slot 2
[17:58:52.395] [INFO   ] thread 0  Player 0is being point
[17:58:52.397] [SEVERE ] setting player 1 score to 1
[17:58:52.401] [SEVERE ] setting player 1 freeze to 1000
[17:58:52.496] [SEVERE ] placing card 12 in slot 0
[17:58:52.599] [SEVERE ] placing card 13 in slot 1
[17:58:52.701] [SEVERE ] placing card 14 in slot 2
[17:58:52.703] [INFO   ] thread dealer reshuffleTime - currentTimeMillis 54348
[17:58:52.710] [INFO   ] thread dealer should finish false
[17:58:52.904] [SEVERE ] key 81 was pressed by player 1
[17:58:52.905] [INFO   ] thread AWT-EventQueue-0 inserting into actions queue
[17:58:52.989] [SEVERE ] key 87 was pressed by player 1
[17:58:52.989] [INFO   ] thread AWT-EventQueue-0 inserting into actions queue
[17:58:53.097] [SEVERE ] key 69 was pressed by player 1
[17:58:53.098] [INFO   ] thread AWT-EventQueue-0 inserting into actions queue
[17:58:53.403] [SEVERE ] setting player 1 freeze to 0
[17:58:53.404] [INFO   ] thread 0  Player 0is done being point
[17:58:53.406] [SEVERE ] updating countdown to 60000
[17:58:53.408] [SEVERE ] player 1 placing token on slot 0
[17:58:53.410] [SEVERE ] player 1 placing token on slot 1
[17:58:53.416] [SEVERE ] player 1 placing token on slot 2
[17:58:53.521] [SEVERE ] removing player 1 token from slot 0
[17:58:53.523] [SEVERE ] removing card from slot 0
[17:58:53.626] [SEVERE ] removing player 1 token from slot 1
[17:58:53.629] [SEVERE ] removing card from slot 1
[17:58:53.715] [SEVERE ] updating countdown to 59691
[17:58:53.732] [SEVERE ] removing player 1 token from slot 2
[17:58:53.734] [SEVERE ] removing card from slot 2
[17:58:53.736] [INFO   ] thread 0  Player 0is being point
[17:58:53.740] [SEVERE ] setting player 1 score to 2
[17:58:53.742] [SEVERE ] setting player 1 freeze to 1000
[17:58:53.837] [SEVERE ] placing card 15 in slot 0
[17:58:53.939] [SEVERE ] placing card 16 in slot 1
[17:58:53.985] [SEVERE ] key 81 was pressed by player 1
[17:58:53.986] [INFO   ] thread AWT-EventQueue-0 inserting into actions queue
[17:58:54.040] [SEVERE ] placing card 17 in slot 2
[17:58:54.041] [INFO   ] thread dealer reshuffleTime - currentTimeMillis 59365
[17:58:54.042] [INFO   ] thread dealer should finish false
[17:58:54.057] [SEVERE ] key 87 was pressed by player 1
[17:58:54.058] [INFO   ] thread AWT-EventQueue-0 inserting into actions queue
[17:58:54.175] [SEVERE ] key 69 was pressed by player 1
[17:58:54.176] [INFO   ] thread AWT-EventQueue-0 inserting into actions queue
[17:58:54.744] [SEVERE ] setting player 1 freeze to 0
[17:58:54.746] [INFO   ] thread 0  Player 0is done being point
[17:58:54.749] [SEVERE ] updating countdown to 60000
[17:58:54.750] [SEVERE ] player 1 placing token on slot 0
[17:58:54.752] [SEVERE ] player 1 placing token on slot 1
[17:58:54.755] [SEVERE ] player 1 placing token on slot 2
[17:58:54.857] [SEVERE ] removing player 1 token from slot 0
[17:58:54.858] [SEVERE ] removing card from slot 0
[17:58:54.961] [SEVERE ] removing player 1 token from slot 1
[17:58:54.963] [SEVERE ] removing card from slot 1
[17:58:55.044] [SEVERE ] updating countdown to 59705
[17:58:55.068] [SEVERE ] removing player 1 token from slot 2
[17:58:55.070] [SEVERE ] removing card from slot 2
[17:58:55.073] [INFO   ] thread 0  Player 0is being point
[17:58:55.075] [SEVERE ] setting player 1 score to 3
[17:58:55.076] [SEVERE ] setting player 1 freeze to 1000
[17:58:55.142] [SEVERE ] key 81 was pressed by player 1
[17:58:55.143] [INFO   ] thread AWT-EventQueue-0 inserting into actions queue
[17:58:55.174] [SEVERE ] placing card 18 in slot 0
[17:58:55.233] [SEVERE ] key 87 was pressed by player 1
[17:58:55.234] [INFO   ] thread AWT-EventQueue-0 inserting into actions queue
[17:58:55.277] [SEVERE ] placing card 19 in slot 1
[17:58:55.313] [SEVERE ] key 69 was pressed by player 1
[17:58:55.314] [INFO   ] thread AWT-EventQueue-0 inserting into actions queue
[17:58:55.379] [SEVERE ] placing card 20 in slot 2
[17:58:55.381] [INFO   ] thread dealer reshuffleTime - currentTimeMillis 59368
[17:58:55.384] [INFO   ] thread dealer should finish false
[17:58:56.079] [SEVERE ] setting player 1 freeze to 0
[17:58:56.080] [INFO   ] thread 0  Player 0is done being point
[17:58:56.081] [SEVERE ] updating countdown to 60000
[17:58:56.082] [SEVERE ] player 1 placing token on slot 0
[17:58:56.085] [SEVERE ] player 1 placing token on slot 1
[17:58:56.088] [SEVERE ] player 1 placing token on slot 2
[17:58:56.190] [SEVERE ] removing player 1 token from slot 0
[17:58:56.191] [SEVERE ] removing card from slot 0
[17:58:56.293] [SEVERE ] removing player 1 token from slot 1
[17:58:56.295] [SEVERE ] removing card from slot 1
[17:58:56.389] [SEVERE ] updating countdown to 59693
[17:58:56.397] [SEVERE ] removing player 1 token from slot 2
[17:58:56.399] [SEVERE ] removing card from slot 2
[17:58:56.401] [INFO   ] thread 0  Player 0is being point
[17:58:56.402] [SEVERE ] setting player 1 score to 4
[17:58:56.403] [SEVERE ] setting player 1 freeze to 1000
[17:58:56.450] [SEVERE ] key 81 was pressed by player 1
[17:58:56.450] [INFO   ] thread AWT-EventQueue-0 inserting into actions queue
[17:58:56.502] [SEVERE ] placing card 21 in slot 0
[17:58:56.522] [SEVERE ] key 87 was pressed by player 1
[17:58:56.523] [INFO   ] thread AWT-EventQueue-0 inserting into actions queue
[17:58:56.588] [SEVERE ] key 69 was pressed by player 1
[17:58:56.589] [INFO   ] thread AWT-EventQueue-0 inserting into actions queue
[17:58:56.603] [SEVERE ] placing card 22 in slot 1
[17:58:56.705] [SEVERE ] placing card 23 in slot 2
[17:58:56.706] [INFO   ] thread dealer reshuffleTime - currentTimeMillis 59375
[17:58:56.707] [INFO   ] thread dealer should finish false
[17:58:57.408] [SEVERE ] setting player 1 freeze to 0
[17:58:57.411] [INFO   ] thread 0  Player 0is done being point
[17:58:57.415] [SEVERE ] updating countdown to 60000
[17:58:57.416] [SEVERE ] player 1 placing token on slot 0
[17:58:57.419] [SEVERE ] player 1 placing token on slot 1
[17:58:57.423] [SEVERE ] player 1 placing token on slot 2
[17:58:57.525] [SEVERE ] removing player 1 token from slot 0
[17:58:57.527] [SEVERE ] removing card from slot 0
[17:58:57.629] [SEVERE ] removing player 1 token from slot 1
[17:58:57.631] [SEVERE ] removing card from slot 1
[17:58:57.709] [SEVERE ] updating countdown to 59706
[17:58:57.734] [SEVERE ] removing player 1 token from slot 2
[17:58:57.736] [SEVERE ] removing card from slot 2
[17:58:57.738] [INFO   ] thread 0  Player 0is being point
[17:58:57.742] [SEVERE ] setting player 1 score to 5
[17:58:57.744] [SEVERE ] setting player 1 freeze to 1000
[17:58:57.760] [SEVERE ] key 81 was pressed by player 1
[17:58:57.761] [INFO   ] thread AWT-EventQueue-0 inserting into actions queue
[17:58:57.839] [SEVERE ] placing card 24 in slot 0
[17:58:57.866] [SEVERE ] key 87 was pressed by player 1
[17:58:57.866] [INFO   ] thread AWT-EventQueue-0 inserting into actions queue
[17:58:57.910] [SEVERE ] key 69 was pressed by player 1
[17:58:57.911] [INFO   ] thread AWT-EventQueue-0 inserting into actions queue
[17:58:57.941] [SEVERE ] placing card 25 in slot 1
[17:58:58.043] [SEVERE ] placing card 26 in slot 2
[17:58:58.044] [INFO   ] thread dealer reshuffleTime - currentTimeMillis 59371
[17:58:58.046] [INFO   ] thread dealer should finish false
[17:58:58.746] [SEVERE ] setting player 1 freeze to 0
[17:58:58.749] [INFO   ] thread 0  Player 0is done being point
[17:58:58.752] [SEVERE ] updating countdown to 60000
[17:58:58.753] [SEVERE ] player 1 placing token on slot 0
[17:58:58.755] [SEVERE ] player 1 placing token on slot 1
[17:58:58.757] [SEVERE ] player 1 placing token on slot 2
[17:58:58.862] [SEVERE ] removing player 1 token from slot 0
[17:58:58.863] [SEVERE ] removing card from slot 0
[17:58:58.964] [SEVERE ] removing player 1 token from slot 1
[17:58:58.965] [SEVERE ] removing card from slot 1
[17:58:59.043] [SEVERE ] key 81 was pressed by player 1
[17:58:59.043] [INFO   ] thread AWT-EventQueue-0 inserting into actions queue
[17:58:59.049] [SEVERE ] updating countdown to 59703
[17:58:59.066] [SEVERE ] removing player 1 token from slot 2
[17:58:59.067] [SEVERE ] removing card from slot 2
[17:58:59.067] [INFO   ] thread 0  Player 0is being point
[17:58:59.068] [SEVERE ] setting player 1 score to 6
[17:58:59.069] [SEVERE ] setting player 1 freeze to 1000
[17:58:59.125] [SEVERE ] key 87 was pressed by player 1
[17:58:59.126] [INFO   ] thread AWT-EventQueue-0 inserting into actions queue
[17:58:59.168] [SEVERE ] placing card 27 in slot 0
[17:58:59.230] [SEVERE ] key 69 was pressed by player 1
[17:58:59.231] [INFO   ] thread AWT-EventQueue-0 inserting into actions queue
[17:58:59.270] [SEVERE ] placing card 28 in slot 1
[17:58:59.372] [SEVERE ] placing card 29 in slot 2
[17:58:59.374] [INFO   ] thread dealer reshuffleTime - currentTimeMillis 59378
[17:58:59.380] [INFO   ] thread dealer should finish false
[17:59:00.070] [SEVERE ] setting player 1 freeze to 0
[17:59:00.071] [INFO   ] thread 0  Player 0is done being point
[17:59:00.073] [SEVERE ] updating countdown to 60000
[17:59:00.074] [SEVERE ] player 1 placing token on slot 0
[17:59:00.077] [SEVERE ] player 1 placing token on slot 1
[17:59:00.078] [SEVERE ] player 1 placing token on slot 2
[17:59:00.182] [SEVERE ] removing player 1 token from slot 0
[17:59:00.183] [SEVERE ] removing card from slot 0
[17:59:00.285] [SEVERE ] removing player 1 token from slot 1
[17:59:00.286] [SEVERE ] removing card from slot 1
[17:59:00.305] [SEVERE ] key 81 was pressed by player 1
[17:59:00.305] [INFO   ] thread AWT-EventQueue-0 inserting into actions queue
[17:59:00.373] [SEVERE ] key 87 was pressed by player 1
[17:59:00.374] [INFO   ] thread AWT-EventQueue-0 inserting into actions queue
[17:59:00.382] [SEVERE ] updating countdown to 59691
[17:59:00.393] [SEVERE ] removing player 1 token from slot 2
[17:59:00.394] [SEVERE ] removing card from slot 2
[17:59:00.396] [INFO   ] thread 0  Player 0is being point
[17:59:00.397] [SEVERE ] setting player 1 score to 7
[17:59:00.399] [SEVERE ] setting player 1 freeze to 1000
[17:59:00.485] [SEVERE ] key 69 was pressed by player 1
[17:59:00.485] [INFO   ] thread AWT-EventQueue-0 inserting into actions queue
[17:59:00.496] [SEVERE ] placing card 30 in slot 0
[17:59:00.597] [SEVERE ] placing card 31 in slot 1
[17:59:00.699] [SEVERE ] placing card 32 in slot 2
[17:59:00.701] [INFO   ] thread dealer reshuffleTime - currentTimeMillis 59372
[17:59:00.702] [INFO   ] thread dealer should finish false
[17:59:01.400] [SEVERE ] setting player 1 freeze to 0
[17:59:01.401] [INFO   ] thread 0  Player 0is done being point
[17:59:01.405] [SEVERE ] updating countdown to 60000
[17:59:01.406] [SEVERE ] player 1 placing token on slot 0
[17:59:01.409] [SEVERE ] player 1 placing token on slot 1
[17:59:01.413] [SEVERE ] player 1 placing token on slot 2
[17:59:01.476] [SEVERE ] key 81 was pressed by player 1
[17:59:01.477] [INFO   ] thread AWT-EventQueue-0 inserting into actions queue
[17:59:01.516] [SEVERE ] removing player 1 token from slot 0
[17:59:01.517] [SEVERE ] removing card from slot 0
[17:59:01.614] [SEVERE ] key 87 was pressed by player 1
[17:59:01.615] [INFO   ] thread AWT-EventQueue-0 inserting into actions queue
[17:59:01.620] [SEVERE ] removing player 1 token from slot 1
[17:59:01.622] [SEVERE ] removing card from slot 1
[17:59:01.692] [SEVERE ] key 69 was pressed by player 1
[17:59:01.693] [INFO   ] thread AWT-EventQueue-0 inserting into actions queue
[17:59:01.704] [SEVERE ] updating countdown to 59701
[17:59:01.723] [SEVERE ] removing player 1 token from slot 2
[17:59:01.726] [SEVERE ] removing card from slot 2
[17:59:01.728] [INFO   ] thread 0  Player 0is being point
[17:59:01.731] [SEVERE ] setting player 1 score to 8
[17:59:01.732] [SEVERE ] setting player 1 freeze to 1000
[17:59:01.829] [SEVERE ] placing card 33 in slot 0
[17:59:01.930] [SEVERE ] placing card 34 in slot 1
[17:59:02.032] [SEVERE ] placing card 35 in slot 2
[17:59:02.033] [INFO   ] thread dealer reshuffleTime - currentTimeMillis 59372
[17:59:02.035] [INFO   ] thread dealer should finish false
[17:59:02.734] [SEVERE ] setting player 1 freeze to 0
[17:59:02.737] [INFO   ] thread 0  Player 0is done being point
[17:59:02.738] [SEVERE ] updating countdown to 60000
[17:59:02.740] [SEVERE ] player 1 placing token on slot 0
[17:59:02.742] [SEVERE ] player 1 placing token on slot 1
[17:59:02.745] [SEVERE ] player 1 placing token on slot 2
[17:59:02.847] [SEVERE ] removing player 1 token from slot 0
[17:59:02.848] [SEVERE ] key 81 was pressed by player 1
[17:59:02.849] [SEVERE ] removing card from slot 0
[17:59:02.849] [INFO   ] thread AWT-EventQueue-0 inserting into actions queue
[17:59:02.949] [SEVERE ] key 87 was pressed by player 1
[17:59:02.950] [INFO   ] thread AWT-EventQueue-0 inserting into actions queue
[17:59:02.951] [SEVERE ] removing player 1 token from slot 1
[17:59:02.952] [SEVERE ] removing card from slot 1
[17:59:03.024] [SEVERE ] key 69 was pressed by player 1
[17:59:03.025] [INFO   ] thread AWT-EventQueue-0 inserting into actions queue
[17:59:03.039] [SEVERE ] updating countdown to 59699
[17:59:03.052] [SEVERE ] removing player 1 token from slot 2
[17:59:03.054] [SEVERE ] removing card from slot 2
[17:59:03.055] [INFO   ] thread 0  Player 0is being point
[17:59:03.057] [SEVERE ] setting player 1 score to 9
[17:59:03.057] [SEVERE ] setting player 1 freeze to 1000
[17:59:03.156] [SEVERE ] placing card 36 in slot 0
[17:59:03.258] [SEVERE ] placing card 37 in slot 1
[17:59:03.360] [SEVERE ] placing card 38 in slot 2
[17:59:03.362] [INFO   ] thread dealer reshuffleTime - currentTimeMillis 59376
[17:59:03.364] [INFO   ] thread dealer should finish false
[17:59:04.058] [SEVERE ] setting player 1 freeze to 0
[17:59:04.060] [INFO   ] thread 0  Player 0is done being point
[17:59:04.060] [SEVERE ] updating countdown to 60000
[17:59:04.061] [SEVERE ] player 1 placing token on slot 0
[17:59:04.063] [SEVERE ] player 1 placing token on slot 1
[17:59:04.064] [SEVERE ] player 1 placing token on slot 2
[17:59:04.165] [SEVERE ] removing player 1 token from slot 0
[17:59:04.168] [SEVERE ] removing card from slot 0
[17:59:04.269] [SEVERE ] removing player 1 token from slot 1
[17:59:04.272] [SEVERE ] removing card from slot 1
[17:59:04.368] [SEVERE ] updating countdown to 59692
[17:59:04.373] [SEVERE ] removing player 1 token from slot 2
[17:59:04.374] [SEVERE ] removing card from slot 2
[17:59:04.375] [INFO   ] thread 0  Player 0is being point
[17:59:04.379] [SEVERE ] setting player 1 score to 10
[17:59:04.380] [SEVERE ] setting player 1 freeze to 1000
[17:59:04.476] [SEVERE ] placing card 39 in slot 0
[17:59:04.577] [SEVERE ] placing card 40 in slot 1
[17:59:04.678] [SEVERE ] placing card 41 in slot 2
[17:59:04.680] [INFO   ] thread dealer reshuffleTime - currentTimeMillis 59380
[17:59:04.682] [INFO   ] thread dealer should finish false
[17:59:05.383] [SEVERE ] setting player 1 freeze to 0
[17:59:05.385] [INFO   ] thread 0  Player 0is done being point
[17:59:05.386] [SEVERE ] updating countdown to 60000
[17:59:05.686] [SEVERE ] updating countdown to 59700
[17:59:05.688] [INFO   ] thread dealer reshuffleTime - currentTimeMillis 59698
[17:59:05.691] [INFO   ] thread dealer should finish false
[17:59:06.306] [SEVERE ] key 46 was pressed by player 2
[17:59:06.307] [INFO   ] thread AWT-EventQueue-0 inserting into actions queue
[17:59:06.307] [SEVERE ] player 2 placing token on slot 10
[17:59:06.651] [SEVERE ] key 44 was pressed by player 2
[17:59:06.651] [INFO   ] thread AWT-EventQueue-0 inserting into actions queue
[17:59:06.652] [SEVERE ] player 2 placing token on slot 9
[17:59:06.693] [SEVERE ] updating countdown to 58693
[17:59:06.695] [INFO   ] thread dealer reshuffleTime - currentTimeMillis 58691
[17:59:06.697] [INFO   ] thread dealer should finish false
[17:59:06.830] [SEVERE ] key 77 was pressed by player 2
[17:59:06.833] [INFO   ] thread AWT-EventQueue-0 inserting into actions queue
[17:59:06.835] [SEVERE ] player 2 placing token on slot 8
[17:59:06.836] [INFO   ] thread 1  Player 1is being penalized
[17:59:06.838] [SEVERE ] setting player 2 freeze to 3000
[17:59:07.698] [SEVERE ] updating countdown to 57688
[17:59:07.700] [INFO   ] thread dealer reshuffleTime - currentTimeMillis 57686
[17:59:07.706] [INFO   ] thread dealer should finish false
[17:59:07.839] [SEVERE ] setting player 2 freeze to 2000
[17:59:08.707] [SEVERE ] updating countdown to 56679
[17:59:08.708] [INFO   ] thread dealer reshuffleTime - currentTimeMillis 56678
[17:59:08.712] [INFO   ] thread dealer should finish false
[17:59:08.841] [SEVERE ] setting player 2 freeze to 1000
[17:59:09.713] [SEVERE ] updating countdown to 55673
[17:59:09.715] [INFO   ] thread dealer reshuffleTime - currentTimeMillis 55671
[17:59:09.719] [INFO   ] thread dealer should finish false
[17:59:09.843] [SEVERE ] setting player 2 freeze to 0
[17:59:09.845] [INFO   ] thread 1  Player 1is done being penalized
[17:59:10.720] [SEVERE ] updating countdown to 54666
[17:59:10.727] [INFO   ] thread dealer reshuffleTime - currentTimeMillis 54659
[17:59:10.728] [INFO   ] thread dealer should finish false
[17:59:10.742] [SEVERE ] key 77 was pressed by player 2
[17:59:10.742] [INFO   ] thread AWT-EventQueue-0 inserting into actions queue
[17:59:10.743] [SEVERE ] removing player 2 token from slot 8
[17:59:11.729] [SEVERE ] updating countdown to 53657
[17:59:11.730] [INFO   ] thread dealer reshuffleTime - currentTimeMillis 53656
[17:59:11.732] [INFO   ] thread dealer should finish false
[17:59:11.973] [SEVERE ] key 47 was pressed by player 2
[17:59:11.974] [INFO   ] thread AWT-EventQueue-0 inserting into actions queue
[17:59:11.974] [SEVERE ] player 2 placing token on slot 11
[17:59:12.076] [SEVERE ] removing player 2 token from slot 10
[17:59:12.077] [SEVERE ] removing card from slot 10
[17:59:12.182] [SEVERE ] removing player 2 token from slot 9
[17:59:12.183] [SEVERE ] removing card from slot 9
[17:59:12.284] [SEVERE ] removing player 2 token from slot 11
[17:59:12.285] [SEVERE ] removing card from slot 11
[17:59:12.285] [INFO   ] thread 1  Player 1is being point
[17:59:12.286] [SEVERE ] setting player 2 score to 1
[17:59:12.286] [SEVERE ] setting player 2 freeze to 1000
[17:59:12.733] [SEVERE ] updating countdown to 52653
[17:59:12.842] [SEVERE ] placing card 42 in slot 9
[17:59:12.942] [SEVERE ] placing card 43 in slot 10
[17:59:13.045] [SEVERE ] placing card 44 in slot 11
[17:59:13.047] [INFO   ] thread dealer reshuffleTime - currentTimeMillis 52339
[17:59:13.049] [INFO   ] thread dealer should finish false
[17:59:13.287] [SEVERE ] setting player 2 freeze to 0
[17:59:13.288] [INFO   ] thread 1  Player 1is done being point
[17:59:13.289] [SEVERE ] updating countdown to 60000
[17:59:13.350] [SEVERE ] key 46 was pressed by player 2
[17:59:13.351] [INFO   ] thread AWT-EventQueue-0 inserting into actions queue
[17:59:13.352] [SEVERE ] player 2 placing token on slot 10
[17:59:13.420] [SEVERE ] key 47 was pressed by player 2
[17:59:13.420] [INFO   ] thread AWT-EventQueue-0 inserting into actions queue
[17:59:13.421] [SEVERE ] player 2 placing token on slot 11
[17:59:13.512] [SEVERE ] key 44 was pressed by player 2
[17:59:13.513] [INFO   ] thread AWT-EventQueue-0 inserting into actions queue
[17:59:13.513] [SEVERE ] player 2 placing token on slot 9
[17:59:13.613] [SEVERE ] removing player 2 token from slot 10
[17:59:13.614] [SEVERE ] removing card from slot 10
[17:59:13.715] [SEVERE ] removing player 2 token from slot 11
[17:59:13.717] [SEVERE ] removing card from slot 11
[17:59:13.818] [SEVERE ] removing player 2 token from slot 9
[17:59:13.819] [SEVERE ] removing card from slot 9
[17:59:13.821] [INFO   ] thread 1  Player 1is being point
[17:59:13.824] [SEVERE ] setting player 2 score to 2
[17:59:13.826] [SEVERE ] setting player 2 freeze to 1000
[17:59:14.053] [SEVERE ] updating countdown to 59236
[17:59:14.154] [SEVERE ] placing card 45 in slot 9
[17:59:14.258] [SEVERE ] placing card 46 in slot 10
[17:59:14.367] [SEVERE ] placing card 47 in slot 11
[17:59:14.369] [INFO   ] thread dealer reshuffleTime - currentTimeMillis 58920
[17:59:14.370] [INFO   ] thread dealer should finish false
[17:59:14.819] [SEVERE ] key 47 was pressed by player 2
[17:59:14.824] [INFO   ] thread AWT-EventQueue-0 inserting into actions queue
[17:59:14.828] [SEVERE ] setting player 2 freeze to 0
[17:59:14.833] [INFO   ] thread 1  Player 1is done being point
[17:59:14.834] [SEVERE ] updating countdown to 60000
[17:59:14.834] [SEVERE ] player 2 placing token on slot 11
[17:59:14.902] [SEVERE ] key 46 was pressed by player 2
[17:59:14.903] [INFO   ] thread AWT-EventQueue-0 inserting into actions queue
[17:59:14.903] [SEVERE ] player 2 placing token on slot 10
[17:59:15.145] [SEVERE ] key 44 was pressed by player 2
[17:59:15.145] [INFO   ] thread AWT-EventQueue-0 inserting into actions queue
[17:59:15.146] [SEVERE ] player 2 placing token on slot 9
[17:59:15.246] [SEVERE ] removing player 2 token from slot 11
[17:59:15.248] [SEVERE ] removing card from slot 11
[17:59:15.350] [SEVERE ] removing player 2 token from slot 10
[17:59:15.352] [SEVERE ] removing card from slot 10
[17:59:15.374] [SEVERE ] updating countdown to 59460
[17:59:15.454] [SEVERE ] removing player 2 token from slot 9
[17:59:15.455] [SEVERE ] removing card from slot 9
[17:59:15.457] [INFO   ] thread 1  Player 1is being point
[17:59:15.458] [SEVERE ] setting player 2 score to 3
[17:59:15.460] [SEVERE ] setting player 2 freeze to 1000
[17:59:15.558] [SEVERE ] placing card 48 in slot 9
[17:59:15.660] [SEVERE ] placing card 49 in slot 10
[17:59:15.762] [SEVERE ] placing card 50 in slot 11
[17:59:15.763] [INFO   ] thread dealer reshuffleTime - currentTimeMillis 59071
[17:59:15.769] [INFO   ] thread dealer should finish false
[17:59:16.012] [SEVERE ] key 46 was pressed by player 2
[17:59:16.013] [INFO   ] thread AWT-EventQueue-0 inserting into actions queue
[17:59:16.026] [SEVERE ] key 47 was pressed by player 2
[17:59:16.028] [INFO   ] thread AWT-EventQueue-0 inserting into actions queue
[17:59:16.149] [SEVERE ] key 44 was pressed by player 2
[17:59:16.149] [INFO   ] thread AWT-EventQueue-0 inserting into actions queue
[17:59:16.462] [SEVERE ] setting player 2 freeze to 0
[17:59:16.464] [INFO   ] thread 1  Player 1is done being point
[17:59:16.469] [SEVERE ] updating countdown to 60000
[17:59:16.470] [SEVERE ] player 2 placing token on slot 10
[17:59:16.473] [SEVERE ] player 2 placing token on slot 11
[17:59:16.475] [SEVERE ] player 2 placing token on slot 9
[17:59:16.577] [SEVERE ] removing player 2 token from slot 10
[17:59:16.578] [SEVERE ] removing card from slot 10
[17:59:16.681] [SEVERE ] removing player 2 token from slot 11
[17:59:16.683] [SEVERE ] removing card from slot 11
[17:59:16.771] [SEVERE ] updating countdown to 59698
[17:59:16.785] [SEVERE ] removing player 2 token from slot 9
[17:59:16.787] [SEVERE ] removing card from slot 9
[17:59:16.790] [INFO   ] thread 1  Player 1is being point
[17:59:16.790] [SEVERE ] setting player 2 score to 4
[17:59:16.792] [SEVERE ] setting player 2 freeze to 1000
[17:59:16.891] [SEVERE ] placing card 51 in slot 9
[17:59:16.993] [SEVERE ] placing card 52 in slot 10
[17:59:17.058] [SEVERE ] key 46 was pressed by player 2
[17:59:17.060] [INFO   ] thread AWT-EventQueue-0 inserting into actions queue
[17:59:17.072] [SEVERE ] key 47 was pressed by player 2
[17:59:17.073] [INFO   ] thread AWT-EventQueue-0 inserting into actions queue
[17:59:17.095] [SEVERE ] placing card 53 in slot 11
[17:59:17.097] [INFO   ] thread dealer reshuffleTime - currentTimeMillis 59372
[17:59:17.098] [INFO   ] thread dealer should finish false
[17:59:17.162] [SEVERE ] key 44 was pressed by player 2
[17:59:17.163] [INFO   ] thread AWT-EventQueue-0 inserting into actions queue
[17:59:17.795] [SEVERE ] setting player 2 freeze to 0
[17:59:17.797] [INFO   ] thread 1  Player 1is done being point
[17:59:17.798] [SEVERE ] updating countdown to 60000
[17:59:17.800] [SEVERE ] player 2 placing token on slot 10
[17:59:17.804] [SEVERE ] player 2 placing token on slot 11
[17:59:17.806] [SEVERE ] player 2 placing token on slot 9
[17:59:17.908] [SEVERE ] removing player 2 token from slot 10
[17:59:17.910] [SEVERE ] removing card from slot 10
[17:59:18.011] [SEVERE ] removing player 2 token from slot 11
[17:59:18.013] [SEVERE ] removing card from slot 11
[17:59:18.104] [SEVERE ] updating countdown to 59694
[17:59:18.115] [SEVERE ] removing player 2 token from slot 9
[17:59:18.116] [SEVERE ] removing card from slot 9
[17:59:18.123] [INFO   ] thread 1  Player 1is being point
[17:59:18.124] [SEVERE ] setting player 2 score to 5
[17:59:18.125] [SEVERE ] setting player 2 freeze to 1000
[17:59:18.142] [SEVERE ] key 47 was pressed by player 2
[17:59:18.143] [INFO   ] thread AWT-EventQueue-0 inserting into actions queue
[17:59:18.178] [SEVERE ] key 46 was pressed by player 2
[17:59:18.178] [INFO   ] thread AWT-EventQueue-0 inserting into actions queue
[17:59:18.223] [SEVERE ] placing card 54 in slot 9
[17:59:18.234] [SEVERE ] key 44 was pressed by player 2
[17:59:18.235] [INFO   ] thread AWT-EventQueue-0 inserting into actions queue
[17:59:18.324] [SEVERE ] placing card 55 in slot 10
[17:59:18.425] [SEVERE ] placing card 56 in slot 11
[17:59:18.425] [INFO   ] thread dealer reshuffleTime - currentTimeMillis 59373
[17:59:18.426] [INFO   ] thread dealer should finish false
[17:59:19.128] [SEVERE ] setting player 2 freeze to 0
[17:59:19.131] [INFO   ] thread 1  Player 1is done being point
[17:59:19.134] [SEVERE ] updating countdown to 60000
[17:59:19.135] [SEVERE ] player 2 placing token on slot 11
[17:59:19.136] [SEVERE ] player 2 placing token on slot 10
[17:59:19.139] [SEVERE ] player 2 placing token on slot 9
[17:59:19.241] [SEVERE ] removing player 2 token from slot 11
[17:59:19.243] [SEVERE ] removing card from slot 11
[17:59:19.344] [SEVERE ] removing player 2 token from slot 10
[17:59:19.346] [SEVERE ] removing card from slot 10
[17:59:19.427] [SEVERE ] updating countdown to 59707
[17:59:19.448] [SEVERE ] removing player 2 token from slot 9
[17:59:19.449] [SEVERE ] removing card from slot 9
[17:59:19.451] [INFO   ] thread 1  Player 1is being point
[17:59:19.453] [SEVERE ] setting player 2 score to 6
[17:59:19.454] [SEVERE ] setting player 2 freeze to 1000
[17:59:19.551] [SEVERE ] placing card 57 in slot 9
[17:59:19.653] [SEVERE ] placing card 58 in slot 10
[17:59:19.684] [SEVERE ] key 46 was pressed by player 2
[17:59:19.684] [INFO   ] thread AWT-EventQueue-0 inserting into actions queue
[17:59:19.695] [SEVERE ] key 47 was pressed by player 2
[17:59:19.695] [INFO   ] thread AWT-EventQueue-0 inserting into actions queue
[17:59:19.755] [SEVERE ] placing card 59 in slot 11
[17:59:19.756] [INFO   ] thread dealer reshuffleTime - currentTimeMillis 59378
[17:59:19.757] [INFO   ] thread dealer should finish false
[17:59:19.782] [SEVERE ] key 44 was pressed by player 2
[17:59:19.783] [INFO   ] thread AWT-EventQueue-0 inserting into actions queue
[17:59:20.458] [SEVERE ] setting player 2 freeze to 0
[17:59:20.459] [INFO   ] thread 1  Player 1is done being point
[17:59:20.462] [SEVERE ] updating countdown to 60000
[17:59:20.463] [SEVERE ] player 2 placing token on slot 10
[17:59:20.464] [SEVERE ] player 2 placing token on slot 11
[17:59:20.468] [SEVERE ] player 2 placing token on slot 9
[17:59:20.571] [SEVERE ] removing player 2 token from slot 10
[17:59:20.573] [SEVERE ] removing card from slot 10
[17:59:20.674] [SEVERE ] removing player 2 token from slot 11
[17:59:20.676] [SEVERE ] removing card from slot 11
[17:59:20.761] [SEVERE ] updating countdown to 59701
[17:59:20.778] [SEVERE ] removing player 2 token from slot 9
[17:59:20.780] [SEVERE ] removing card from slot 9
[17:59:20.781] [INFO   ] thread 1  Player 1is being point
[17:59:20.785] [SEVERE ] setting player 2 score to 7
[17:59:20.786] [SEVERE ] setting player 2 freeze to 1000
[17:59:20.881] [SEVERE ] placing card 60 in slot 9
[17:59:20.982] [SEVERE ] placing card 61 in slot 10
[17:59:21.018] [SEVERE ] key 47 was pressed by player 2
[17:59:21.019] [INFO   ] thread AWT-EventQueue-0 inserting into actions queue
[17:59:21.028] [SEVERE ] key 46 was pressed by player 2
[17:59:21.028] [INFO   ] thread AWT-EventQueue-0 inserting into actions queue
[17:59:21.084] [SEVERE ] placing card 62 in slot 11
[17:59:21.085] [INFO   ] thread dealer reshuffleTime - currentTimeMillis 59377
[17:59:21.086] [INFO   ] thread dealer should finish false
[17:59:21.165] [SEVERE ] key 44 was pressed by player 2
[17:59:21.165] [INFO   ] thread AWT-EventQueue-0 inserting into actions queue
[17:59:21.788] [SEVERE ] setting player 2 freeze to 0
[17:59:21.789] [INFO   ] thread 1  Player 1is done being point
[17:59:21.790] [SEVERE ] updating countdown to 60000
[17:59:21.792] [SEVERE ] player 2 placing token on slot 11
[17:59:21.793] [SEVERE ] player 2 placing token on slot 10
[17:59:21.796] [SEVERE ] player 2 placing token on slot 9
[17:59:21.901] [SEVERE ] removing player 2 token from slot 11
[17:59:21.903] [SEVERE ] removing card from slot 11
[17:59:22.005] [SEVERE ] removing player 2 token from slot 10
[17:59:22.009] [SEVERE ] removing card from slot 10
[17:59:22.088] [SEVERE ] updating countdown to 59702
[17:59:22.112] [SEVERE ] removing player 2 token from slot 9
[17:59:22.113] [SEVERE ] removing card from slot 9
[17:59:22.118] [INFO   ] thread 1  Player 1is being point
[17:59:22.119] [SEVERE ] setting player 2 score to 8
[17:59:22.120] [SEVERE ] setting player 2 freeze to 1000
[17:59:22.219] [SEVERE ] placing card 63 in slot 9
[17:59:22.320] [SEVERE ] placing card 64 in slot 10
[17:59:22.358] [SEVERE ] key 47 was pressed by player 2
[17:59:22.358] [INFO   ] thread AWT-EventQueue-0 inserting into actions queue
[17:59:22.397] [SEVERE ] key 46 was pressed by player 2
[17:59:22.398] [INFO   ] thread AWT-EventQueue-0 inserting into actions queue
[17:59:22.422] [SEVERE ] placing card 65 in slot 11
[17:59:22.422] [INFO   ] thread dealer reshuffleTime - currentTimeMillis 59368
[17:59:22.434] [INFO   ] thread dealer should finish false
[17:59:22.548] [SEVERE ] key 44 was pressed by player 2
[17:59:22.548] [INFO   ] thread AWT-EventQueue-0 inserting into actions queue
[17:59:23.124] [SEVERE ] setting player 2 freeze to 0
[17:59:23.125] [INFO   ] thread 1  Player 1is done being point
[17:59:23.126] [SEVERE ] updating countdown to 60000
[17:59:23.128] [SEVERE ] player 2 placing token on slot 11
[17:59:23.130] [SEVERE ] player 2 placing token on slot 10
[17:59:23.133] [SEVERE ] player 2 placing token on slot 9
[17:59:23.236] [SEVERE ] removing player 2 token from slot 11
[17:59:23.236] [SEVERE ] removing card from slot 11
[17:59:23.338] [SEVERE ] removing player 2 token from slot 10
[17:59:23.339] [SEVERE ] removing card from slot 10
[17:59:23.436] [SEVERE ] updating countdown to 59690
[17:59:23.441] [SEVERE ] removing player 2 token from slot 9
[17:59:23.442] [SEVERE ] removing card from slot 9
[17:59:23.443] [INFO   ] thread 1  Player 1is being point
[17:59:23.444] [SEVERE ] setting player 2 score to 9
[17:59:23.445] [SEVERE ] setting player 2 freeze to 1000
[17:59:23.543] [SEVERE ] placing card 66 in slot 9
[17:59:23.601] [SEVERE ] key 46 was pressed by player 2
[17:59:23.604] [INFO   ] thread AWT-EventQueue-0 inserting into actions queue
[17:59:23.610] [SEVERE ] key 47 was pressed by player 2
[17:59:23.619] [INFO   ] thread AWT-EventQueue-0 inserting into actions queue
[17:59:23.645] [SEVERE ] placing card 67 in slot 10
[17:59:23.676] [SEVERE ] key 44 was pressed by player 2
[17:59:23.681] [INFO   ] thread AWT-EventQueue-0 inserting into actions queue
[17:59:23.748] [SEVERE ] placing card 68 in slot 11
[17:59:23.750] [INFO   ] thread dealer reshuffleTime - currentTimeMillis 59376
[17:59:23.751] [INFO   ] thread dealer should finish false
[17:59:24.447] [SEVERE ] setting player 2 freeze to 0
[17:59:24.449] [INFO   ] thread 1  Player 1is done being point
[17:59:24.450] [SEVERE ] updating countdown to 60000
[17:59:24.453] [SEVERE ] player 2 placing token on slot 10
[17:59:24.455] [SEVERE ] player 2 placing token on slot 11
[17:59:24.458] [SEVERE ] player 2 placing token on slot 9
[17:59:24.560] [SEVERE ] removing player 2 token from slot 10
[17:59:24.561] [SEVERE ] removing card from slot 10
[17:59:24.662] [SEVERE ] removing player 2 token from slot 11
[17:59:24.664] [SEVERE ] removing card from slot 11
[17:59:24.753] [SEVERE ] updating countdown to 59697
[17:59:24.766] [SEVERE ] removing player 2 token from slot 9
[17:59:24.767] [SEVERE ] removing card from slot 9
[17:59:24.771] [INFO   ] thread 1  Player 1is being point
[17:59:24.773] [SEVERE ] setting player 2 score to 10
[17:59:24.774] [SEVERE ] setting player 2 freeze to 1000
[17:59:24.832] [SEVERE ] key 47 was pressed by player 2
[17:59:24.833] [INFO   ] thread AWT-EventQueue-0 inserting into actions queue
[17:59:24.846] [SEVERE ] key 46 was pressed by player 2
[17:59:24.846] [INFO   ] thread AWT-EventQueue-0 inserting into actions queue
[17:59:24.871] [SEVERE ] placing card 69 in slot 9
[17:59:24.925] [SEVERE ] key 44 was pressed by player 2
[17:59:24.926] [INFO   ] thread AWT-EventQueue-0 inserting into actions queue
[17:59:24.972] [SEVERE ] placing card 70 in slot 10
[17:59:25.073] [SEVERE ] placing card 71 in slot 11
[17:59:25.075] [INFO   ] thread dealer reshuffleTime - currentTimeMillis 59375
[17:59:25.077] [INFO   ] thread dealer should finish false
[17:59:25.777] [SEVERE ] setting player 2 freeze to 0
[17:59:25.779] [INFO   ] thread 1  Player 1is done being point
[17:59:25.780] [SEVERE ] updating countdown to 60000
[17:59:25.781] [SEVERE ] player 2 placing token on slot 11
[17:59:25.783] [SEVERE ] player 2 placing token on slot 10
[17:59:25.786] [SEVERE ] player 2 placing token on slot 9
[17:59:25.887] [SEVERE ] removing player 2 token from slot 11
[17:59:25.889] [SEVERE ] removing card from slot 11
[17:59:25.990] [SEVERE ] removing player 2 token from slot 10
[17:59:25.991] [SEVERE ] removing card from slot 10
[17:59:26.081] [SEVERE ] updating countdown to 59698
[17:59:26.092] [SEVERE ] removing player 2 token from slot 9
[17:59:26.093] [SEVERE ] removing card from slot 9
[17:59:26.094] [INFO   ] thread 1  Player 1is being point
[17:59:26.095] [SEVERE ] setting player 2 score to 11
[17:59:26.096] [SEVERE ] setting player 2 freeze to 1000
[17:59:26.194] [SEVERE ] placing card 72 in slot 9
[17:59:26.296] [SEVERE ] placing card 73 in slot 10
[17:59:26.343] [SEVERE ] key 46 was pressed by player 2
[17:59:26.344] [INFO   ] thread AWT-EventQueue-0 inserting into actions queue
[17:59:26.350] [SEVERE ] key 47 was pressed by player 2
[17:59:26.351] [INFO   ] thread AWT-EventQueue-0 inserting into actions queue
[17:59:26.398] [SEVERE ] placing card 74 in slot 11
[17:59:26.399] [INFO   ] thread dealer reshuffleTime - currentTimeMillis 59380
[17:59:26.400] [INFO   ] thread dealer should finish false
[17:59:26.442] [SEVERE ] key 44 was pressed by player 2
[17:59:26.444] [INFO   ] thread AWT-EventQueue-0 inserting into actions queue
[17:59:27.100] [SEVERE ] setting player 2 freeze to 0
[17:59:27.102] [INFO   ] thread 1  Player 1is done being point
[17:59:27.105] [SEVERE ] updating countdown to 60000
[17:59:27.106] [SEVERE ] player 2 placing token on slot 10
[17:59:27.108] [SEVERE ] player 2 placing token on slot 11
[17:59:27.111] [SEVERE ] player 2 placing token on slot 9
[17:59:27.218] [SEVERE ] removing player 2 token from slot 10
[17:59:27.219] [SEVERE ] removing card from slot 10
[17:59:27.321] [SEVERE ] removing player 2 token from slot 11
[17:59:27.322] [SEVERE ] removing card from slot 11
[17:59:27.407] [SEVERE ] updating countdown to 59698
[17:59:27.424] [SEVERE ] removing player 2 token from slot 9
[17:59:27.426] [SEVERE ] removing card from slot 9
[17:59:27.427] [INFO   ] thread 1  Player 1is being point
[17:59:27.428] [SEVERE ] setting player 2 score to 12
[17:59:27.430] [SEVERE ] setting player 2 freeze to 1000
[17:59:27.528] [SEVERE ] placing card 75 in slot 9
[17:59:27.630] [SEVERE ] placing card 76 in slot 10
[17:59:27.732] [SEVERE ] placing card 77 in slot 11
[17:59:27.734] [INFO   ] thread dealer reshuffleTime - currentTimeMillis 59371
[17:59:27.741] [INFO   ] thread dealer should finish false
[17:59:27.932] [SEVERE ] key 81 was pressed by player 1
[17:59:27.932] [INFO   ] thread AWT-EventQueue-0 inserting into actions queue
[17:59:27.933] [SEVERE ] player 1 placing token on slot 0
[17:59:28.063] [SEVERE ] key 87 was pressed by player 1
[17:59:28.064] [INFO   ] thread AWT-EventQueue-0 inserting into actions queue
[17:59:28.065] [SEVERE ] player 1 placing token on slot 1
[17:59:28.072] [SEVERE ] key 69 was pressed by player 1
[17:59:28.073] [INFO   ] thread AWT-EventQueue-0 inserting into actions queue
[17:59:28.073] [SEVERE ] player 1 placing token on slot 2
[17:59:28.174] [SEVERE ] removing player 1 token from slot 0
[17:59:28.176] [SEVERE ] removing card from slot 0
[17:59:28.277] [SEVERE ] removing player 1 token from slot 1
[17:59:28.278] [SEVERE ] removing card from slot 1
[17:59:28.381] [SEVERE ] removing player 1 token from slot 2
[17:59:28.382] [SEVERE ] removing card from slot 2
[17:59:28.382] [INFO   ] thread 0  Player 0is being point
[17:59:28.383] [SEVERE ] setting player 1 score to 11
[17:59:28.384] [SEVERE ] setting player 1 freeze to 1000
[17:59:28.432] [SEVERE ] setting player 2 freeze to 0
[17:59:28.433] [INFO   ] thread 1  Player 1is done being point
[17:59:28.436] [SEVERE ] updating countdown to 60000
[17:59:28.743] [SEVERE ] updating countdown to 59693
[17:59:28.842] [SEVERE ] key 81 was pressed by player 1
[17:59:28.843] [INFO   ] thread AWT-EventQueue-0 inserting into actions queue
[17:59:28.845] [SEVERE ] placing card 78 in slot 0
[17:59:28.913] [SEVERE ] key 87 was pressed by player 1
[17:59:28.914] [INFO   ] thread AWT-EventQueue-0 inserting into actions queue
[17:59:28.946] [SEVERE ] placing card 79 in slot 1
[17:59:28.994] [SEVERE ] key 69 was pressed by player 1
[17:59:28.994] [INFO   ] thread AWT-EventQueue-0 inserting into actions queue
[17:59:29.047] [SEVERE ] placing card 80 in slot 2
[17:59:29.047] [INFO   ] thread dealer reshuffleTime - currentTimeMillis 59389
[17:59:29.048] [INFO   ] thread dealer should finish false
[17:59:29.385] [SEVERE ] setting player 1 freeze to 0
[17:59:29.387] [INFO   ] thread 0  Player 0is done being point
[17:59:29.389] [SEVERE ] updating countdown to 60000
[17:59:29.390] [SEVERE ] player 1 placing token on slot 0
[17:59:29.392] [SEVERE ] player 1 placing token on slot 1
[17:59:29.396] [SEVERE ] player 1 placing token on slot 2
[17:59:29.498] [SEVERE ] removing player 1 token from slot 0
[17:59:29.500] [SEVERE ] removing card from slot 0
[17:59:29.601] [SEVERE ] removing player 1 token from slot 1
[17:59:29.603] [SEVERE ] removing card from slot 1
[17:59:29.705] [SEVERE ] removing player 1 token from slot 2
[17:59:29.706] [SEVERE ] removing card from slot 2
[17:59:29.708] [INFO   ] thread 0  Player 0is being point
[17:59:29.709] [SEVERE ] setting player 1 score to 12
[17:59:29.710] [SEVERE ] setting player 1 freeze to 1000
[17:59:30.049] [SEVERE ] updating countdown to 59340
[17:59:30.050] [INFO   ] thread dealer reshuffleTime - currentTimeMillis 59339
[17:59:30.052] [INFO   ] thread dealer should finish false
[17:59:30.135] [SEVERE ] key 47 was pressed by player 2
[17:59:30.136] [INFO   ] thread AWT-EventQueue-0 inserting into actions queue
[17:59:30.136] [SEVERE ] player 2 placing token on slot 11
[17:59:30.221] [SEVERE ] key 46 was pressed by player 2
[17:59:30.222] [INFO   ] thread AWT-EventQueue-0 inserting into actions queue
[17:59:30.223] [SEVERE ] player 2 placing token on slot 10
[17:59:30.322] [SEVERE ] key 44 was pressed by player 2
[17:59:30.323] [INFO   ] thread AWT-EventQueue-0 inserting into actions queue
[17:59:30.324] [SEVERE ] player 2 placing token on slot 9
[17:59:30.425] [SEVERE ] removing player 2 token from slot 11
[17:59:30.427] [SEVERE ] removing card from slot 11
[17:59:30.529] [SEVERE ] removing player 2 token from slot 10
[17:59:30.531] [SEVERE ] removing card from slot 10
[17:59:30.633] [SEVERE ] removing player 2 token from slot 9
[17:59:30.635] [SEVERE ] removing card from slot 9
[17:59:30.636] [INFO   ] thread 1  Player 1is being point
[17:59:30.638] [SEVERE ] setting player 2 score to 13
[17:59:30.639] [SEVERE ] setting player 2 freeze to 1000
[17:59:30.712] [SEVERE ] setting player 1 freeze to 0
[17:59:30.714] [INFO   ] thread 0  Player 0is done being point
[17:59:30.716] [SEVERE ] updating countdown to 60000
[17:59:30.923] [SEVERE ] key 81 was pressed by player 1
[17:59:30.924] [INFO   ] thread AWT-EventQueue-0 inserting into actions queue
[17:59:31.043] [SEVERE ] key 87 was pressed by player 1
[17:59:31.044] [INFO   ] thread AWT-EventQueue-0 inserting into actions queue
[17:59:31.053] [SEVERE ] updating countdown to 59663
[17:59:31.054] [INFO   ] thread dealer reshuffleTime - currentTimeMillis 59662
[17:59:31.055] [INFO   ] thread dealer should finish false
[17:59:31.094] [SEVERE ] key 69 was pressed by player 1
[17:59:31.095] [INFO   ] thread AWT-EventQueue-0 inserting into actions queue
[17:59:31.642] [SEVERE ] setting player 2 freeze to 0
[17:59:31.644] [INFO   ] thread 1  Player 1is done being point
[17:59:31.646] [SEVERE ] updating countdown to 60000
[17:59:32.057] [SEVERE ] updating countdown to 59589
[17:59:32.058] [INFO   ] thread dealer reshuffleTime - currentTimeMillis 59588
[17:59:32.060] [INFO   ] thread dealer should finish false
[17:59:33.062] [SEVERE ] updating countdown to 58584
[17:59:33.068] [INFO   ] thread dealer reshuffleTime - currentTimeMillis 58578
[17:59:33.071] [INFO   ] thread dealer should finish false
[17:59:34.072] [SEVERE ] updating countdown to 57574
[17:59:34.073] [INFO   ] thread dealer reshuffleTime - currentTimeMillis 57573
[17:59:34.073] [INFO   ] thread dealer should finish false
[17:59:35.074] [SEVERE ] updating countdown to 56572
[17:59:35.076] [INFO   ] thread dealer reshuffleTime - currentTimeMillis 56571
[17:59:35.076] [INFO   ] thread dealer should finish false
[17:59:36.078] [SEVERE ] updating countdown to 55568
[17:59:36.080] [INFO   ] thread dealer reshuffleTime - currentTimeMillis 55566
[17:59:36.083] [INFO   ] thread dealer should finish false
[17:59:37.084] [SEVERE ] updating countdown to 54562
[17:59:37.086] [INFO   ] thread dealer reshuffleTime - currentTimeMillis 54560
[17:59:37.087] [INFO   ] thread dealer should finish false
[17:59:37.793] [SEVERE ] key 65 was pressed by player 1
[17:59:37.794] [INFO   ] thread AWT-EventQueue-0 inserting into actions queue
[17:59:37.798] [SEVERE ] player 1 placing token on slot 4
[17:59:37.938] [SEVERE ] key 83 was pressed by player 1
[17:59:37.938] [INFO   ] thread AWT-EventQueue-0 inserting into actions queue
[17:59:37.939] [SEVERE ] player 1 placing token on slot 5
[17:59:38.089] [SEVERE ] updating countdown to 53557
[17:59:38.091] [INFO   ] thread dealer reshuffleTime - currentTimeMillis 53555
[17:59:38.092] [INFO   ] thread dealer should finish false
[17:59:38.679] [SEVERE ] key 82 was pressed by player 1
[17:59:38.679] [INFO   ] thread AWT-EventQueue-0 inserting into actions queue
[17:59:38.680] [SEVERE ] player 1 placing token on slot 3
[17:59:38.781] [SEVERE ] removing player 1 token from slot 4
[17:59:38.783] [SEVERE ] removing card from slot 4
[17:59:38.884] [SEVERE ] removing player 1 token from slot 5
[17:59:38.885] [SEVERE ] removing card from slot 5
[17:59:38.986] [SEVERE ] removing player 1 token from slot 3
[17:59:38.987] [SEVERE ] removing card from slot 3
[17:59:38.987] [INFO   ] thread 0  Player 0is being point
[17:59:38.988] [SEVERE ] setting player 1 score to 13
[17:59:38.988] [SEVERE ] setting player 1 freeze to 1000
[17:59:39.095] [SEVERE ] updating countdown to 52551
[17:59:39.095] [INFO   ] thread dealer reshuffleTime - currentTimeMillis 52551
[17:59:39.096] [INFO   ] thread dealer should finish false
[17:59:39.990] [SEVERE ] setting player 1 freeze to 0
[17:59:39.991] [INFO   ] thread 0  Player 0is done being point
[17:59:39.992] [SEVERE ] updating countdown to 60000
[17:59:40.097] [SEVERE ] updating countdown to 59895
[17:59:40.099] [INFO   ] thread dealer reshuffleTime - currentTimeMillis 59893
[17:59:40.100] [INFO   ] thread dealer should finish false
[17:59:41.102] [SEVERE ] updating countdown to 58890
[17:59:41.104] [INFO   ] thread dealer reshuffleTime - currentTimeMillis 58888
[17:59:41.105] [INFO   ] thread dealer should finish false
[17:59:42.107] [SEVERE ] updating countdown to 57885
[17:59:42.107] [INFO   ] thread dealer reshuffleTime - currentTimeMillis 57885
[17:59:42.109] [INFO   ] thread dealer should finish false
[17:59:43.110] [SEVERE ] updating countdown to 56882
[17:59:43.112] [INFO   ] thread dealer reshuffleTime - currentTimeMillis 56880
[17:59:43.115] [INFO   ] thread dealer should finish false
[17:59:44.116] [SEVERE ] updating countdown to 55876
[17:59:44.117] [INFO   ] thread dealer reshuffleTime - currentTimeMillis 55875
[17:59:44.118] [INFO   ] thread dealer should finish false
[17:59:45.119] [SEVERE ] updating countdown to 54873
[17:59:45.120] [INFO   ] thread dealer reshuffleTime - currentTimeMillis 54872
[17:59:45.121] [INFO   ] thread dealer should finish false
[17:59:46.122] [SEVERE ] updating countdown to 53870
[17:59:46.129] [INFO   ] thread dealer reshuffleTime - currentTimeMillis 53863
[17:59:46.130] [INFO   ] thread dealer should finish false
[17:59:47.131] [SEVERE ] updating countdown to 52861
[17:59:47.133] [INFO   ] thread dealer reshuffleTime - currentTimeMillis 52859
[17:59:47.135] [INFO   ] thread dealer should finish false
[17:59:47.989] [SEVERE ] key 46 was pressed by player 2
[17:59:47.990] [INFO   ] thread AWT-EventQueue-0 inserting into actions queue
[17:59:48.137] [SEVERE ] updating countdown to 51855
[17:59:48.138] [INFO   ] thread dealer reshuffleTime - currentTimeMillis 51854
[17:59:48.139] [INFO   ] thread dealer should finish false
[17:59:49.141] [SEVERE ] updating countdown to 50851
[17:59:49.143] [INFO   ] thread dealer reshuffleTime - currentTimeMillis 50849
[17:59:49.149] [INFO   ] thread dealer should finish false
[17:59:49.393] [SEVERE ] key 59 was pressed by player 2
[17:59:49.396] [INFO   ] thread AWT-EventQueue-0 inserting into actions queue
[17:59:49.397] [SEVERE ] player 2 placing token on slot 7
[17:59:50.149] [SEVERE ] updating countdown to 49843
[17:59:50.151] [INFO   ] thread dealer reshuffleTime - currentTimeMillis 49841
[17:59:50.153] [INFO   ] thread dealer should finish false
[17:59:50.268] [SEVERE ] key 76 was pressed by player 2
[17:59:50.271] [INFO   ] thread AWT-EventQueue-0 inserting into actions queue
[17:59:50.279] [SEVERE ] player 2 placing token on slot 6
[17:59:51.155] [SEVERE ] updating countdown to 48837
[17:59:51.157] [INFO   ] thread dealer reshuffleTime - currentTimeMillis 48835
[17:59:51.158] [INFO   ] thread dealer should finish false
[17:59:52.160] [SEVERE ] updating countdown to 47832
[17:59:52.162] [INFO   ] thread dealer reshuffleTime - currentTimeMillis 47830
[17:59:52.163] [INFO   ] thread dealer should finish false
[17:59:52.650] [SEVERE ] key 90 was pressed by player 1
[17:59:52.651] [INFO   ] thread AWT-EventQueue-0 inserting into actions queue
[17:59:52.651] [SEVERE ] player 1 placing token on slot 8
[17:59:53.060] [SEVERE ] key 90 was pressed by player 1
[17:59:53.061] [INFO   ] thread AWT-EventQueue-0 inserting into actions queue
[17:59:53.061] [SEVERE ] removing player 1 token from slot 8
[17:59:53.082] [SEVERE ] key 90 was pressed by player 1
[17:59:53.082] [INFO   ] thread AWT-EventQueue-0 inserting into actions queue
[17:59:53.083] [SEVERE ] player 1 placing token on slot 8
[17:59:53.107] [SEVERE ] key 90 was pressed by player 1
[17:59:53.108] [INFO   ] thread AWT-EventQueue-0 inserting into actions queue
[17:59:53.109] [SEVERE ] removing player 1 token from slot 8
[17:59:53.165] [SEVERE ] updating countdown to 46827
[17:59:53.168] [INFO   ] thread dealer reshuffleTime - currentTimeMillis 46824
[17:59:53.169] [INFO   ] thread dealer should finish false
[17:59:53.926] [SEVERE ] key 90 was pressed by player 1
[17:59:53.926] [INFO   ] thread AWT-EventQueue-0 inserting into actions queue
[17:59:53.927] [SEVERE ] player 1 placing token on slot 8
[17:59:54.170] [SEVERE ] updating countdown to 45822
[17:59:54.171] [INFO   ] thread dealer reshuffleTime - currentTimeMillis 45821
[17:59:54.172] [INFO   ] thread dealer should finish false
[17:59:55.173] [SEVERE ] updating countdown to 44819
[17:59:55.175] [INFO   ] thread dealer reshuffleTime - currentTimeMillis 44817
[17:59:55.176] [INFO   ] thread dealer should finish false
[17:59:55.711] [SEVERE ] key 90 was pressed by player 1
[17:59:55.711] [INFO   ] thread AWT-EventQueue-0 inserting into actions queue
[17:59:55.712] [SEVERE ] removing player 1 token from slot 8
[17:59:56.179] [SEVERE ] updating countdown to 43813
[17:59:56.181] [INFO   ] thread dealer reshuffleTime - currentTimeMillis 43811
[17:59:56.182] [INFO   ] thread dealer should finish false
[17:59:57.184] [SEVERE ] updating countdown to 42808
[17:59:57.185] [INFO   ] thread dealer reshuffleTime - currentTimeMillis 42807
[17:59:57.187] [INFO   ] thread dealer should finish false
[17:59:58.031] [SEVERE ] key 44 was pressed by player 2
[17:59:58.031] [INFO   ] thread AWT-EventQueue-0 inserting into actions queue
[17:59:58.189] [SEVERE ] updating countdown to 41804
[17:59:58.190] [INFO   ] thread dealer reshuffleTime - currentTimeMillis 41802
[17:59:58.191] [INFO   ] thread dealer should finish false
[17:59:59.194] [SEVERE ] updating countdown to 40799
[17:59:59.195] [INFO   ] thread dealer reshuffleTime - currentTimeMillis 40797
[17:59:59.197] [INFO   ] thread dealer should finish false
[17:59:59.283] [SEVERE ] key 46 was pressed by player 2
[17:59:59.283] [INFO   ] thread AWT-EventQueue-0 inserting into actions queue
[18:00:00.198] [SEVERE ] updating countdown to 39794
[18:00:00.199] [INFO   ] thread dealer reshuffleTime - currentTimeMillis 39793
[18:00:00.201] [INFO   ] thread dealer should finish false
[18:00:00.793] [SEVERE ] key 44 was pressed by player 2
[18:00:00.793] [INFO   ] thread AWT-EventQueue-0 inserting into actions queue
[18:00:01.202] [SEVERE ] updating countdown to 38790
[18:00:01.203] [INFO   ] thread dealer reshuffleTime - currentTimeMillis 38789
[18:00:01.211] [INFO   ] thread dealer should finish false
[18:00:02.212] [SEVERE ] updating countdown to 37780
[18:00:02.213] [INFO   ] thread dealer reshuffleTime - currentTimeMillis 37779
[18:00:02.216] [INFO   ] thread dealer should finish false
[18:00:02.386] [SEVERE ] key 77 was pressed by player 2
[18:00:02.387] [INFO   ] thread AWT-EventQueue-0 inserting into actions queue
[18:00:02.387] [SEVERE ] player 2 placing token on slot 8
[18:00:02.488] [SEVERE ] removing player 2 token from slot 7
[18:00:02.490] [SEVERE ] removing card from slot 7
[18:00:02.592] [SEVERE ] removing player 2 token from slot 6
[18:00:02.593] [SEVERE ] removing card from slot 6
[18:00:02.695] [SEVERE ] removing player 2 token from slot 8
[18:00:02.696] [SEVERE ] removing card from slot 8
[18:00:02.697] [INFO   ] thread 1  Player 1is being point
[18:00:02.698] [SEVERE ] setting player 2 score to 14
[18:00:02.699] [SEVERE ] setting player 2 freeze to 1000
[18:00:03.217] [SEVERE ] updating countdown to 36775
[18:00:03.219] [INFO   ] thread dealer reshuffleTime - currentTimeMillis 36773
[18:00:03.220] [INFO   ] thread dealer should finish true
[18:00:03.222] [INFO   ] thread 0 is releasing player + 0
[18:00:03.222] [INFO   ] thread 1  Player 1is done being point
[18:00:03.223] [SEVERE ] updating countdown to 36769
[18:00:03.224] [INFO   ] thread 1 is releasing player + 1
[18:00:03.225] [INFO   ] thread 1  terminated.
[18:00:03.223] [INFO   ] thread 0  terminated.
[18:00:03.226] [SEVERE ] announcing winner(s): player 2
[18:00:03.228] [SEVERE ] updating countdown to 36764
[18:00:03.229] [INFO   ] thread dealer terminated.
[18:00:03.230] [INFO   ] thread dealer terminated.
[18:00:08.231] [SEVERE ] thanks for playing... it was fun!
[18:00:08.233] [INFO   ] thread bguspl.set.Main.main() terminated.
[18:00:08.234] [SEVERE ] disposing of user interface elements
