[18:12:00.404] [INFO   ] thread bguspl.set.Main.main() starting.
[18:12:00.418] [SEVERE ] cannot read configuration file config.properties trying from resources.
[18:12:00.428] [SEVERE ] configuration file was loaded from resources directory.
[18:12:01.768] [INFO   ] thread dealer starting.
[18:12:01.769] [INFO   ] thread dealer starting.
[18:12:01.770] [INFO   ] thread 0  starting.
[18:12:01.770] [INFO   ] thread 1  starting.
[18:12:01.772] [INFO   ] thread 1 is locking player + 1
[18:12:01.771] [INFO   ] thread 0 is locking player + 0
[18:12:01.871] [SEVERE ] placing card 0 in slot 0
[18:12:01.973] [SEVERE ] placing card 1 in slot 1
[18:12:02.075] [SEVERE ] placing card 2 in slot 2
[18:12:02.178] [SEVERE ] placing card 3 in slot 3
[18:12:02.281] [SEVERE ] placing card 4 in slot 4
[18:12:02.382] [SEVERE ] placing card 5 in slot 5
[18:12:02.485] [SEVERE ] placing card 6 in slot 6
[18:12:02.586] [SEVERE ] placing card 7 in slot 7
[18:12:02.687] [SEVERE ] placing card 8 in slot 8
[18:12:02.790] [SEVERE ] placing card 9 in slot 9
[18:12:02.892] [SEVERE ] placing card 10 in slot 10
[18:12:02.995] [SEVERE ] placing card 11 in slot 11
[18:12:04.002] [SEVERE ] updating countdown to 58999
[18:12:04.006] [INFO   ] thread dealer reshuffleTime - currentTimeMillis 58995
[18:12:04.007] [INFO   ] thread dealer should finish false
[18:12:05.011] [SEVERE ] updating countdown to 57990
[18:12:05.013] [INFO   ] thread dealer reshuffleTime - currentTimeMillis 57988
[18:12:05.015] [INFO   ] thread dealer should finish false
[18:12:06.018] [SEVERE ] updating countdown to 56983
[18:12:06.020] [INFO   ] thread dealer reshuffleTime - currentTimeMillis 56981
[18:12:06.024] [INFO   ] thread dealer should finish false
[18:12:06.231] [SEVERE ] key 81 was pressed by player 1
[18:12:06.231] [INFO   ] thread AWT-EventQueue-0 inserting into actions queue
[18:12:06.232] [SEVERE ] player 1 placing token on slot 0
[18:12:06.411] [SEVERE ] key 87 was pressed by player 1
[18:12:06.412] [INFO   ] thread AWT-EventQueue-0 inserting into actions queue
[18:12:06.413] [SEVERE ] player 1 placing token on slot 1
[18:12:06.757] [SEVERE ] key 69 was pressed by player 1
[18:12:06.759] [INFO   ] thread AWT-EventQueue-0 inserting into actions queue
[18:12:06.760] [SEVERE ] player 1 placing token on slot 2
[18:12:06.861] [SEVERE ] removing player 1 token from slot 0
[18:12:06.863] [SEVERE ] removing card from slot 0
[18:12:06.967] [SEVERE ] removing player 1 token from slot 1
[18:12:06.969] [SEVERE ] removing card from slot 1
[18:12:07.025] [SEVERE ] updating countdown to 55976
[18:12:07.071] [SEVERE ] removing player 1 token from slot 2
[18:12:07.074] [SEVERE ] removing card from slot 2
[18:12:07.077] [INFO   ] thread 0  Player 0is being point
[18:12:07.078] [SEVERE ] setting player 1 score to 1
[18:12:07.081] [SEVERE ] setting player 1 freeze to 1000
[18:12:07.177] [SEVERE ] placing card 12 in slot 0
[18:12:07.280] [SEVERE ] placing card 13 in slot 1
[18:12:07.382] [SEVERE ] placing card 14 in slot 2
[18:12:07.383] [INFO   ] thread dealer reshuffleTime - currentTimeMillis 55618
[18:12:07.385] [INFO   ] thread dealer should finish false
[18:12:07.790] [SEVERE ] key 81 was pressed by player 1
[18:12:07.791] [INFO   ] thread AWT-EventQueue-0 inserting into actions queue
[18:12:07.909] [SEVERE ] key 87 was pressed by player 1
[18:12:07.910] [INFO   ] thread AWT-EventQueue-0 inserting into actions queue
[18:12:08.086] [SEVERE ] setting player 1 freeze to 0
[18:12:08.087] [INFO   ] thread 0  Player 0is done being point
[18:12:08.088] [SEVERE ] updating countdown to 60000
[18:12:08.089] [SEVERE ] player 1 placing token on slot 0
[18:12:08.091] [SEVERE ] player 1 placing token on slot 1
[18:12:08.286] [SEVERE ] key 69 was pressed by player 1
[18:12:08.287] [INFO   ] thread AWT-EventQueue-0 inserting into actions queue
[18:12:08.288] [SEVERE ] player 1 placing token on slot 2
[18:12:08.389] [SEVERE ] updating countdown to 59699
[18:12:08.389] [SEVERE ] removing player 1 token from slot 0
[18:12:08.396] [SEVERE ] removing card from slot 0
[18:12:08.499] [SEVERE ] removing player 1 token from slot 1
[18:12:08.501] [SEVERE ] removing card from slot 1
[18:12:08.604] [SEVERE ] removing player 1 token from slot 2
[18:12:08.607] [SEVERE ] removing card from slot 2
[18:12:08.609] [INFO   ] thread 0  Player 0is being point
[18:12:08.610] [SEVERE ] setting player 1 score to 2
[18:12:08.613] [SEVERE ] setting player 1 freeze to 1000
[18:12:08.709] [SEVERE ] placing card 15 in slot 0
[18:12:08.812] [SEVERE ] placing card 16 in slot 1
[18:12:08.914] [SEVERE ] placing card 17 in slot 2
[18:12:08.916] [INFO   ] thread dealer reshuffleTime - currentTimeMillis 59172
[18:12:08.921] [INFO   ] thread dealer should finish false
[18:12:09.091] [SEVERE ] key 81 was pressed by player 1
[18:12:09.091] [INFO   ] thread AWT-EventQueue-0 inserting into actions queue
[18:12:09.176] [SEVERE ] key 87 was pressed by player 1
[18:12:09.176] [INFO   ] thread AWT-EventQueue-0 inserting into actions queue
[18:12:09.419] [SEVERE ] key 69 was pressed by player 1
[18:12:09.419] [INFO   ] thread AWT-EventQueue-0 inserting into actions queue
[18:12:09.617] [SEVERE ] setting player 1 freeze to 0
[18:12:09.620] [INFO   ] thread 0  Player 0is done being point
[18:12:09.622] [SEVERE ] updating countdown to 60000
[18:12:09.623] [SEVERE ] player 1 placing token on slot 0
[18:12:09.626] [SEVERE ] player 1 placing token on slot 1
[18:12:09.629] [SEVERE ] player 1 placing token on slot 2
[18:12:09.731] [SEVERE ] removing player 1 token from slot 0
[18:12:09.731] [SEVERE ] removing card from slot 0
[18:12:09.832] [SEVERE ] removing player 1 token from slot 1
[18:12:09.834] [SEVERE ] removing card from slot 1
[18:12:09.923] [SEVERE ] updating countdown to 59699
[18:12:09.936] [SEVERE ] removing player 1 token from slot 2
[18:12:09.938] [SEVERE ] removing card from slot 2
[18:12:09.940] [INFO   ] thread 0  Player 0is being point
[18:12:09.941] [SEVERE ] setting player 1 score to 3
[18:12:09.943] [SEVERE ] setting player 1 freeze to 1000
[18:12:10.040] [SEVERE ] placing card 18 in slot 0
[18:12:10.142] [SEVERE ] placing card 19 in slot 1
[18:12:10.245] [SEVERE ] placing card 20 in slot 2
[18:12:10.246] [INFO   ] thread dealer reshuffleTime - currentTimeMillis 59376
[18:12:10.253] [INFO   ] thread dealer should finish false
[18:12:10.403] [SEVERE ] key 81 was pressed by player 1
[18:12:10.403] [INFO   ] thread AWT-EventQueue-0 inserting into actions queue
[18:12:10.481] [SEVERE ] key 87 was pressed by player 1
[18:12:10.482] [INFO   ] thread AWT-EventQueue-0 inserting into actions queue
[18:12:10.610] [SEVERE ] key 69 was pressed by player 1
[18:12:10.610] [INFO   ] thread AWT-EventQueue-0 inserting into actions queue
[18:12:10.946] [SEVERE ] setting player 1 freeze to 0
[18:12:10.948] [INFO   ] thread 0  Player 0is done being point
[18:12:10.954] [SEVERE ] updating countdown to 60000
[18:12:10.955] [SEVERE ] player 1 placing token on slot 0
[18:12:10.958] [SEVERE ] player 1 placing token on slot 1
[18:12:10.963] [SEVERE ] player 1 placing token on slot 2
[18:12:11.065] [SEVERE ] removing player 1 token from slot 0
[18:12:11.066] [SEVERE ] removing card from slot 0
[18:12:11.168] [SEVERE ] removing player 1 token from slot 1
[18:12:11.170] [SEVERE ] removing card from slot 1
[18:12:11.257] [SEVERE ] updating countdown to 59697
[18:12:11.273] [SEVERE ] removing player 1 token from slot 2
[18:12:11.275] [SEVERE ] removing card from slot 2
[18:12:11.278] [INFO   ] thread 0  Player 0is being point
[18:12:11.279] [SEVERE ] setting player 1 score to 4
[18:12:11.281] [SEVERE ] setting player 1 freeze to 1000
[18:12:11.378] [SEVERE ] placing card 21 in slot 0
[18:12:11.481] [SEVERE ] placing card 22 in slot 1
[18:12:11.573] [SEVERE ] key 81 was pressed by player 1
[18:12:11.576] [INFO   ] thread AWT-EventQueue-0 inserting into actions queue
[18:12:11.583] [SEVERE ] placing card 23 in slot 2
[18:12:11.584] [INFO   ] thread dealer reshuffleTime - currentTimeMillis 59370
[18:12:11.586] [INFO   ] thread dealer should finish false
[18:12:11.670] [SEVERE ] key 87 was pressed by player 1
[18:12:11.671] [INFO   ] thread AWT-EventQueue-0 inserting into actions queue
[18:12:11.791] [SEVERE ] key 69 was pressed by player 1
[18:12:11.791] [INFO   ] thread AWT-EventQueue-0 inserting into actions queue
[18:12:12.283] [SEVERE ] setting player 1 freeze to 0
[18:12:12.284] [INFO   ] thread 0  Player 0is done being point
[18:12:12.289] [SEVERE ] updating countdown to 60000
[18:12:12.290] [SEVERE ] player 1 placing token on slot 0
[18:12:12.297] [SEVERE ] player 1 placing token on slot 1
[18:12:12.303] [SEVERE ] player 1 placing token on slot 2
[18:12:12.405] [SEVERE ] removing player 1 token from slot 0
[18:12:12.406] [SEVERE ] removing card from slot 0
[18:12:12.510] [SEVERE ] removing player 1 token from slot 1
[18:12:12.513] [SEVERE ] removing card from slot 1
[18:12:12.590] [SEVERE ] updating countdown to 59699
[18:12:12.615] [SEVERE ] removing player 1 token from slot 2
[18:12:12.617] [SEVERE ] removing card from slot 2
[18:12:12.619] [INFO   ] thread 0  Player 0is being point
[18:12:12.620] [SEVERE ] setting player 1 score to 5
[18:12:12.622] [SEVERE ] setting player 1 freeze to 1000
[18:12:12.720] [SEVERE ] placing card 24 in slot 0
[18:12:12.823] [SEVERE ] placing card 25 in slot 1
[18:12:12.882] [SEVERE ] key 81 was pressed by player 1
[18:12:12.883] [INFO   ] thread AWT-EventQueue-0 inserting into actions queue
[18:12:12.925] [SEVERE ] placing card 26 in slot 2
[18:12:12.927] [INFO   ] thread dealer reshuffleTime - currentTimeMillis 59362
[18:12:12.929] [INFO   ] thread dealer should finish false
[18:12:12.960] [SEVERE ] key 87 was pressed by player 1
[18:12:12.961] [INFO   ] thread AWT-EventQueue-0 inserting into actions queue
[18:12:13.095] [SEVERE ] key 69 was pressed by player 1
[18:12:13.096] [INFO   ] thread AWT-EventQueue-0 inserting into actions queue
[18:12:13.627] [SEVERE ] setting player 1 freeze to 0
[18:12:13.629] [INFO   ] thread 0  Player 0is done being point
[18:12:13.632] [SEVERE ] updating countdown to 60000
[18:12:13.634] [SEVERE ] player 1 placing token on slot 0
[18:12:13.638] [SEVERE ] player 1 placing token on slot 1
[18:12:13.639] [SEVERE ] player 1 placing token on slot 2
[18:12:13.744] [SEVERE ] removing player 1 token from slot 0
[18:12:13.745] [SEVERE ] removing card from slot 0
[18:12:13.847] [SEVERE ] removing player 1 token from slot 1
[18:12:13.847] [SEVERE ] removing card from slot 1
[18:12:13.934] [SEVERE ] updating countdown to 59698
[18:12:13.949] [SEVERE ] removing player 1 token from slot 2
[18:12:13.951] [SEVERE ] removing card from slot 2
[18:12:13.953] [INFO   ] thread 0  Player 0is being point
[18:12:13.954] [SEVERE ] setting player 1 score to 6
[18:12:13.956] [SEVERE ] setting player 1 freeze to 1000
[18:12:14.013] [SEVERE ] key 81 was pressed by player 1
[18:12:14.013] [INFO   ] thread AWT-EventQueue-0 inserting into actions queue
[18:12:14.025] [SEVERE ] key 87 was pressed by player 1
[18:12:14.026] [INFO   ] thread AWT-EventQueue-0 inserting into actions queue
[18:12:14.053] [SEVERE ] placing card 27 in slot 0
[18:12:14.157] [SEVERE ] placing card 28 in slot 1
[18:12:14.177] [SEVERE ] key 69 was pressed by player 1
[18:12:14.177] [INFO   ] thread AWT-EventQueue-0 inserting into actions queue
[18:12:14.258] [SEVERE ] placing card 29 in slot 2
[18:12:14.260] [INFO   ] thread dealer reshuffleTime - currentTimeMillis 59372
[18:12:14.262] [INFO   ] thread dealer should finish false
[18:12:14.957] [SEVERE ] setting player 1 freeze to 0
[18:12:14.960] [INFO   ] thread 0  Player 0is done being point
[18:12:14.963] [SEVERE ] updating countdown to 60000
[18:12:14.964] [SEVERE ] player 1 placing token on slot 0
[18:12:14.967] [SEVERE ] player 1 placing token on slot 1
[18:12:14.970] [SEVERE ] player 1 placing token on slot 2
[18:12:15.072] [SEVERE ] removing player 1 token from slot 0
[18:12:15.073] [SEVERE ] removing card from slot 0
[18:12:15.176] [SEVERE ] removing player 1 token from slot 1
[18:12:15.178] [SEVERE ] removing card from slot 1
[18:12:15.266] [SEVERE ] updating countdown to 59697
[18:12:15.281] [SEVERE ] removing player 1 token from slot 2
[18:12:15.283] [SEVERE ] removing card from slot 2
[18:12:15.284] [INFO   ] thread 0  Player 0is being point
[18:12:15.286] [SEVERE ] setting player 1 score to 7
[18:12:15.287] [SEVERE ] setting player 1 freeze to 1000
[18:12:15.385] [SEVERE ] placing card 30 in slot 0
[18:12:15.487] [SEVERE ] placing card 31 in slot 1
[18:12:15.590] [SEVERE ] placing card 32 in slot 2
[18:12:15.592] [INFO   ] thread dealer reshuffleTime - currentTimeMillis 59371
[18:12:15.593] [INFO   ] thread dealer should finish false
[18:12:15.683] [SEVERE ] key 81 was pressed by player 1
[18:12:15.684] [INFO   ] thread AWT-EventQueue-0 inserting into actions queue
[18:12:15.772] [SEVERE ] key 87 was pressed by player 1
[18:12:15.773] [INFO   ] thread AWT-EventQueue-0 inserting into actions queue
[18:12:15.911] [SEVERE ] key 69 was pressed by player 1
[18:12:15.911] [INFO   ] thread AWT-EventQueue-0 inserting into actions queue
[18:12:16.289] [SEVERE ] setting player 1 freeze to 0
[18:12:16.291] [INFO   ] thread 0  Player 0is done being point
[18:12:16.296] [SEVERE ] updating countdown to 60000
[18:12:16.297] [SEVERE ] player 1 placing token on slot 0
[18:12:16.299] [SEVERE ] player 1 placing token on slot 1
[18:12:16.303] [SEVERE ] player 1 placing token on slot 2
[18:12:16.410] [SEVERE ] removing player 1 token from slot 0
[18:12:16.411] [SEVERE ] removing card from slot 0
[18:12:16.513] [SEVERE ] removing player 1 token from slot 1
[18:12:16.514] [SEVERE ] removing card from slot 1
[18:12:16.597] [SEVERE ] updating countdown to 59699
[18:12:16.617] [SEVERE ] removing player 1 token from slot 2
[18:12:16.619] [SEVERE ] removing card from slot 2
[18:12:16.621] [INFO   ] thread 0  Player 0is being point
[18:12:16.624] [SEVERE ] setting player 1 score to 8
[18:12:16.626] [SEVERE ] setting player 1 freeze to 1000
[18:12:16.722] [SEVERE ] placing card 33 in slot 0
[18:12:16.727] [SEVERE ] key 81 was pressed by player 1
[18:12:16.728] [INFO   ] thread AWT-EventQueue-0 inserting into actions queue
[18:12:16.818] [SEVERE ] key 87 was pressed by player 1
[18:12:16.819] [INFO   ] thread AWT-EventQueue-0 inserting into actions queue
[18:12:16.823] [SEVERE ] placing card 34 in slot 1
[18:12:16.924] [SEVERE ] placing card 35 in slot 2
[18:12:16.925] [INFO   ] thread dealer reshuffleTime - currentTimeMillis 59371
[18:12:16.925] [SEVERE ] key 69 was pressed by player 1
[18:12:16.926] [INFO   ] thread dealer should finish false
[18:12:16.926] [INFO   ] thread AWT-EventQueue-0 inserting into actions queue
[18:12:17.628] [SEVERE ] setting player 1 freeze to 0
[18:12:17.630] [INFO   ] thread 0  Player 0is done being point
[18:12:17.634] [SEVERE ] updating countdown to 60000
[18:12:17.634] [SEVERE ] player 1 placing token on slot 0
[18:12:17.637] [SEVERE ] player 1 placing token on slot 1
[18:12:17.639] [SEVERE ] player 1 placing token on slot 2
[18:12:17.742] [SEVERE ] removing player 1 token from slot 0
[18:12:17.744] [SEVERE ] removing card from slot 0
[18:12:17.821] [SEVERE ] key 81 was pressed by player 1
[18:12:17.821] [INFO   ] thread AWT-EventQueue-0 inserting into actions queue
[18:12:17.846] [SEVERE ] removing player 1 token from slot 1
[18:12:17.847] [SEVERE ] removing card from slot 1
[18:12:17.907] [SEVERE ] key 87 was pressed by player 1
[18:12:17.908] [INFO   ] thread AWT-EventQueue-0 inserting into actions queue
[18:12:17.925] [SEVERE ] key 69 was pressed by player 1
[18:12:17.926] [INFO   ] thread AWT-EventQueue-0 inserting into actions queue
[18:12:17.926] [SEVERE ] updating countdown to 59707
[18:12:17.951] [SEVERE ] removing player 1 token from slot 2
[18:12:17.952] [SEVERE ] removing card from slot 2
[18:12:17.954] [INFO   ] thread 0  Player 0is being point
[18:12:17.955] [SEVERE ] setting player 1 score to 9
[18:12:17.956] [SEVERE ] setting player 1 freeze to 1000
[18:12:18.054] [SEVERE ] placing card 36 in slot 0
[18:12:18.156] [SEVERE ] placing card 37 in slot 1
[18:12:18.259] [SEVERE ] placing card 38 in slot 2
[18:12:18.260] [INFO   ] thread dealer reshuffleTime - currentTimeMillis 59373
[18:12:18.262] [INFO   ] thread dealer should finish false
[18:12:18.959] [SEVERE ] setting player 1 freeze to 0
[18:12:18.961] [INFO   ] thread 0  Player 0is done being point
[18:12:18.962] [SEVERE ] updating countdown to 60000
[18:12:18.964] [SEVERE ] player 1 placing token on slot 0
[18:12:18.966] [SEVERE ] player 1 placing token on slot 1
[18:12:18.969] [SEVERE ] player 1 placing token on slot 2
[18:12:19.071] [SEVERE ] removing player 1 token from slot 0
[18:12:19.072] [SEVERE ] removing card from slot 0
[18:12:19.173] [SEVERE ] removing player 1 token from slot 1
[18:12:19.174] [SEVERE ] removing card from slot 1
[18:12:19.267] [SEVERE ] updating countdown to 59695
[18:12:19.275] [SEVERE ] removing player 1 token from slot 2
[18:12:19.277] [SEVERE ] removing card from slot 2
[18:12:19.280] [INFO   ] thread 0  Player 0is being point
[18:12:19.294] [SEVERE ] setting player 1 score to 10
[18:12:19.297] [SEVERE ] setting player 1 freeze to 1000
[18:12:19.381] [SEVERE ] placing card 39 in slot 0
[18:12:19.484] [SEVERE ] placing card 40 in slot 1
[18:12:19.532] [SEVERE ] key 81 was pressed by player 1
[18:12:19.533] [INFO   ] thread AWT-EventQueue-0 inserting into actions queue
[18:12:19.585] [SEVERE ] placing card 41 in slot 2
[18:12:19.587] [INFO   ] thread dealer reshuffleTime - currentTimeMillis 59375
[18:12:19.589] [INFO   ] thread dealer should finish false
[18:12:19.667] [SEVERE ] key 87 was pressed by player 1
[18:12:19.668] [INFO   ] thread AWT-EventQueue-0 inserting into actions queue
[18:12:19.786] [SEVERE ] key 69 was pressed by player 1
[18:12:19.786] [INFO   ] thread AWT-EventQueue-0 inserting into actions queue
[18:12:20.298] [SEVERE ] setting player 1 freeze to 0
[18:12:20.300] [INFO   ] thread 0  Player 0is done being point
[18:12:20.303] [SEVERE ] updating countdown to 60000
[18:12:20.304] [SEVERE ] player 1 placing token on slot 0
[18:12:20.306] [SEVERE ] player 1 placing token on slot 1
[18:12:20.307] [SEVERE ] player 1 placing token on slot 2
[18:12:20.409] [SEVERE ] removing player 1 token from slot 0
[18:12:20.411] [SEVERE ] removing card from slot 0
[18:12:20.514] [SEVERE ] removing player 1 token from slot 1
[18:12:20.516] [SEVERE ] removing card from slot 1
[18:12:20.593] [SEVERE ] updating countdown to 59710
[18:12:20.618] [SEVERE ] removing player 1 token from slot 2
[18:12:20.619] [SEVERE ] removing card from slot 2
[18:12:20.621] [INFO   ] thread 0  Player 0is being point
[18:12:20.622] [SEVERE ] setting player 1 score to 11
[18:12:20.623] [SEVERE ] setting player 1 freeze to 1000
[18:12:20.704] [SEVERE ] key 69 was pressed by player 1
[18:12:20.705] [INFO   ] thread AWT-EventQueue-0 inserting into actions queue
[18:12:20.721] [SEVERE ] placing card 42 in slot 0
[18:12:20.747] [SEVERE ] key 87 was pressed by player 1
[18:12:20.748] [INFO   ] thread AWT-EventQueue-0 inserting into actions queue
[18:12:20.824] [SEVERE ] placing card 43 in slot 1
[18:12:20.855] [SEVERE ] key 81 was pressed by player 1
[18:12:20.855] [INFO   ] thread AWT-EventQueue-0 inserting into actions queue
[18:12:20.926] [SEVERE ] placing card 44 in slot 2
[18:12:20.927] [INFO   ] thread dealer reshuffleTime - currentTimeMillis 59376
[18:12:20.928] [INFO   ] thread dealer should finish false
[18:12:21.627] [SEVERE ] setting player 1 freeze to 0
[18:12:21.629] [INFO   ] thread 0  Player 0is done being point
[18:12:21.634] [SEVERE ] updating countdown to 60000
[18:12:21.636] [SEVERE ] player 1 placing token on slot 2
[18:12:21.637] [SEVERE ] player 1 placing token on slot 1
[18:12:21.640] [SEVERE ] player 1 placing token on slot 0
[18:12:21.742] [SEVERE ] removing player 1 token from slot 2
[18:12:21.743] [SEVERE ] removing card from slot 2
[18:12:21.847] [SEVERE ] removing player 1 token from slot 1
[18:12:21.849] [SEVERE ] removing card from slot 1
[18:12:21.931] [SEVERE ] updating countdown to 59703
[18:12:21.950] [SEVERE ] removing player 1 token from slot 0
[18:12:21.951] [SEVERE ] removing card from slot 0
[18:12:21.953] [INFO   ] thread 0  Player 0is being point
[18:12:21.954] [SEVERE ] setting player 1 score to 12
[18:12:21.956] [SEVERE ] setting player 1 freeze to 1000
[18:12:22.015] [SEVERE ] key 81 was pressed by player 1
[18:12:22.016] [INFO   ] thread AWT-EventQueue-0 inserting into actions queue
[18:12:22.053] [SEVERE ] placing card 45 in slot 0
[18:12:22.125] [SEVERE ] key 87 was pressed by player 1
[18:12:22.126] [INFO   ] thread AWT-EventQueue-0 inserting into actions queue
[18:12:22.156] [SEVERE ] placing card 46 in slot 1
[18:12:22.243] [SEVERE ] key 69 was pressed by player 1
[18:12:22.244] [INFO   ] thread AWT-EventQueue-0 inserting into actions queue
[18:12:22.257] [SEVERE ] placing card 47 in slot 2
[18:12:22.258] [INFO   ] thread dealer reshuffleTime - currentTimeMillis 59376
[18:12:22.258] [INFO   ] thread dealer should finish false
[18:12:22.958] [SEVERE ] setting player 1 freeze to 0
[18:12:22.959] [INFO   ] thread 0  Player 0is done being point
[18:12:22.963] [SEVERE ] updating countdown to 60000
[18:12:22.964] [SEVERE ] player 1 placing token on slot 0
[18:12:22.967] [SEVERE ] player 1 placing token on slot 1
[18:12:22.970] [SEVERE ] player 1 placing token on slot 2
[18:12:23.072] [SEVERE ] removing player 1 token from slot 0
[18:12:23.073] [SEVERE ] removing card from slot 0
[18:12:23.135] [SEVERE ] key 69 was pressed by player 1
[18:12:23.136] [INFO   ] thread AWT-EventQueue-0 inserting into actions queue
[18:12:23.174] [SEVERE ] removing player 1 token from slot 1
[18:12:23.176] [SEVERE ] removing card from slot 1
[18:12:23.259] [SEVERE ] updating countdown to 59704
[18:12:23.277] [SEVERE ] removing player 1 token from slot 2
[18:12:23.278] [SEVERE ] removing card from slot 2
[18:12:23.279] [INFO   ] thread 0  Player 0is being point
[18:12:23.280] [SEVERE ] setting player 1 score to 13
[18:12:23.282] [SEVERE ] setting player 1 freeze to 1000
[18:12:23.307] [SEVERE ] key 87 was pressed by player 1
[18:12:23.308] [INFO   ] thread AWT-EventQueue-0 inserting into actions queue
[18:12:23.310] [SEVERE ] key 81 was pressed by player 1
[18:12:23.310] [INFO   ] thread AWT-EventQueue-0 inserting into actions queue
[18:12:23.380] [SEVERE ] placing card 48 in slot 0
[18:12:23.485] [SEVERE ] placing card 49 in slot 1
[18:12:23.586] [SEVERE ] placing card 50 in slot 2
[18:12:23.587] [INFO   ] thread dealer reshuffleTime - currentTimeMillis 59376
[18:12:23.589] [INFO   ] thread dealer should finish false
[18:12:24.273] [SEVERE ] key 81 was pressed by player 1
[18:12:24.280] [INFO   ] thread AWT-EventQueue-0 inserting into actions queue
[18:12:24.283] [SEVERE ] setting player 1 freeze to 0
[18:12:24.284] [INFO   ] thread 0  Player 0is done being point
[18:12:24.285] [SEVERE ] updating countdown to 60000
[18:12:24.285] [SEVERE ] player 1 placing token on slot 2
[18:12:24.286] [SEVERE ] player 1 placing token on slot 1
[18:12:24.289] [SEVERE ] player 1 placing token on slot 0
[18:12:24.391] [SEVERE ] removing player 1 token from slot 2
[18:12:24.392] [SEVERE ] removing card from slot 2
[18:12:24.477] [SEVERE ] key 87 was pressed by player 1
[18:12:24.477] [INFO   ] thread AWT-EventQueue-0 inserting into actions queue
[18:12:24.490] [SEVERE ] key 69 was pressed by player 1
[18:12:24.490] [INFO   ] thread AWT-EventQueue-0 inserting into actions queue
[18:12:24.494] [SEVERE ] removing player 1 token from slot 1
[18:12:24.494] [SEVERE ] removing card from slot 1
[18:12:24.592] [SEVERE ] updating countdown to 59693
[18:12:24.595] [SEVERE ] removing player 1 token from slot 0
[18:12:24.596] [SEVERE ] removing card from slot 0
[18:12:24.596] [INFO   ] thread 0  Player 0is being point
[18:12:24.597] [SEVERE ] setting player 1 score to 14
[18:12:24.597] [SEVERE ] setting player 1 freeze to 1000
[18:12:24.697] [SEVERE ] placing card 51 in slot 0
[18:12:24.798] [SEVERE ] placing card 52 in slot 1
[18:12:24.900] [SEVERE ] placing card 53 in slot 2
[18:12:24.903] [INFO   ] thread dealer reshuffleTime - currentTimeMillis 59382
[18:12:24.908] [INFO   ] thread dealer should finish false
[18:12:25.598] [SEVERE ] setting player 1 freeze to 0
[18:12:25.600] [INFO   ] thread 0  Player 0is done being point
[18:12:25.602] [SEVERE ] updating countdown to 60000
[18:12:25.604] [SEVERE ] player 1 placing token on slot 0
[18:12:25.606] [SEVERE ] player 1 placing token on slot 1
[18:12:25.610] [SEVERE ] player 1 placing token on slot 2
[18:12:25.712] [SEVERE ] removing player 1 token from slot 0
[18:12:25.713] [SEVERE ] removing card from slot 0
[18:12:25.814] [SEVERE ] removing player 1 token from slot 1
[18:12:25.816] [SEVERE ] removing card from slot 1
[18:12:25.910] [SEVERE ] updating countdown to 59692
[18:12:25.918] [SEVERE ] removing player 1 token from slot 2
[18:12:25.919] [SEVERE ] removing card from slot 2
[18:12:25.920] [INFO   ] thread 0  Player 0is being point
[18:12:25.922] [SEVERE ] setting player 1 score to 15
[18:12:25.923] [SEVERE ] setting player 1 freeze to 1000
[18:12:26.021] [SEVERE ] placing card 54 in slot 0
[18:12:26.124] [SEVERE ] placing card 55 in slot 1
[18:12:26.222] [SEVERE ] key 87 was pressed by player 1
[18:12:26.224] [INFO   ] thread AWT-EventQueue-0 inserting into actions queue
[18:12:26.226] [SEVERE ] placing card 56 in slot 2
[18:12:26.227] [INFO   ] thread dealer reshuffleTime - currentTimeMillis 59375
[18:12:26.228] [INFO   ] thread dealer should finish false
[18:12:26.234] [SEVERE ] key 69 was pressed by player 1
[18:12:26.236] [INFO   ] thread AWT-EventQueue-0 inserting into actions queue
[18:12:26.286] [SEVERE ] key 81 was pressed by player 1
[18:12:26.287] [INFO   ] thread AWT-EventQueue-0 inserting into actions queue
[18:12:26.925] [SEVERE ] setting player 1 freeze to 0
[18:12:26.926] [INFO   ] thread 0  Player 0is done being point
[18:12:26.927] [SEVERE ] updating countdown to 60000
[18:12:26.929] [SEVERE ] player 1 placing token on slot 1
[18:12:26.932] [SEVERE ] player 1 placing token on slot 2
[18:12:26.934] [SEVERE ] player 1 placing token on slot 0
[18:12:27.036] [SEVERE ] removing player 1 token from slot 1
[18:12:27.038] [SEVERE ] removing card from slot 1
[18:12:27.139] [SEVERE ] removing player 1 token from slot 2
[18:12:27.141] [SEVERE ] removing card from slot 2
[18:12:27.229] [SEVERE ] updating countdown to 59698
[18:12:27.243] [SEVERE ] removing player 1 token from slot 0
[18:12:27.244] [SEVERE ] removing card from slot 0
[18:12:27.245] [INFO   ] thread 0  Player 0is being point
[18:12:27.247] [SEVERE ] setting player 1 score to 16
[18:12:27.248] [SEVERE ] setting player 1 freeze to 1000
[18:12:27.345] [SEVERE ] placing card 57 in slot 0
[18:12:27.447] [SEVERE ] placing card 58 in slot 1
[18:12:27.549] [SEVERE ] placing card 59 in slot 2
[18:12:27.551] [INFO   ] thread dealer reshuffleTime - currentTimeMillis 59376
[18:12:27.556] [INFO   ] thread dealer should finish false
[18:12:28.252] [SEVERE ] setting player 1 freeze to 0
[18:12:28.254] [INFO   ] thread 0  Player 0is done being point
[18:12:28.257] [SEVERE ] updating countdown to 60000
[18:12:28.558] [SEVERE ] updating countdown to 59699
[18:12:28.560] [INFO   ] thread dealer reshuffleTime - currentTimeMillis 59697
[18:12:28.561] [INFO   ] thread dealer should finish false
[18:12:28.633] [SEVERE ] key 69 was pressed by player 1
[18:12:28.634] [INFO   ] thread AWT-EventQueue-0 inserting into actions queue
[18:12:28.636] [SEVERE ] player 1 placing token on slot 2
[18:12:28.647] [SEVERE ] key 87 was pressed by player 1
[18:12:28.647] [INFO   ] thread AWT-EventQueue-0 inserting into actions queue
[18:12:28.648] [SEVERE ] player 1 placing token on slot 1
[18:12:28.754] [SEVERE ] key 81 was pressed by player 1
[18:12:28.756] [INFO   ] thread AWT-EventQueue-0 inserting into actions queue
[18:12:28.756] [SEVERE ] player 1 placing token on slot 0
[18:12:28.857] [SEVERE ] removing player 1 token from slot 2
[18:12:28.859] [SEVERE ] removing card from slot 2
[18:12:28.963] [SEVERE ] removing player 1 token from slot 1
[18:12:28.964] [SEVERE ] removing card from slot 1
[18:12:29.068] [SEVERE ] removing player 1 token from slot 0
[18:12:29.069] [SEVERE ] removing card from slot 0
[18:12:29.070] [INFO   ] thread 0  Player 0is being point
[18:12:29.070] [SEVERE ] setting player 1 score to 17
[18:12:29.072] [SEVERE ] setting player 1 freeze to 1000
[18:12:29.564] [SEVERE ] updating countdown to 58693
[18:12:29.629] [SEVERE ] key 81 was pressed by player 1
[18:12:29.631] [INFO   ] thread AWT-EventQueue-0 inserting into actions queue
[18:12:29.666] [SEVERE ] placing card 60 in slot 0
[18:12:29.756] [SEVERE ] key 87 was pressed by player 1
[18:12:29.757] [INFO   ] thread AWT-EventQueue-0 inserting into actions queue
[18:12:29.768] [SEVERE ] key 69 was pressed by player 1
[18:12:29.768] [SEVERE ] placing card 61 in slot 1
[18:12:29.768] [INFO   ] thread AWT-EventQueue-0 inserting into actions queue
[18:12:29.869] [SEVERE ] placing card 62 in slot 2
[18:12:29.871] [INFO   ] thread dealer reshuffleTime - currentTimeMillis 58386
[18:12:29.877] [INFO   ] thread dealer should finish false
[18:12:30.075] [SEVERE ] setting player 1 freeze to 0
[18:12:30.076] [INFO   ] thread 0  Player 0is done being point
[18:12:30.078] [SEVERE ] updating countdown to 60000
[18:12:30.080] [SEVERE ] player 1 placing token on slot 0
[18:12:30.083] [SEVERE ] player 1 placing token on slot 1
[18:12:30.085] [SEVERE ] player 1 placing token on slot 2
[18:12:30.186] [SEVERE ] removing player 1 token from slot 0
[18:12:30.187] [SEVERE ] removing card from slot 0
[18:12:30.289] [SEVERE ] removing player 1 token from slot 1
[18:12:30.291] [SEVERE ] removing card from slot 1
[18:12:30.392] [SEVERE ] removing player 1 token from slot 2
[18:12:30.394] [SEVERE ] removing card from slot 2
[18:12:30.397] [INFO   ] thread 0  Player 0is being point
[18:12:30.400] [SEVERE ] setting player 1 score to 18
[18:12:30.401] [SEVERE ] setting player 1 freeze to 1000
[18:12:30.546] [SEVERE ] key 69 was pressed by player 1
[18:12:30.553] [INFO   ] thread AWT-EventQueue-0 inserting into actions queue
[18:12:30.617] [SEVERE ] key 87 was pressed by player 1
[18:12:30.620] [INFO   ] thread AWT-EventQueue-0 inserting into actions queue
[18:12:30.717] [SEVERE ] key 81 was pressed by player 1
[18:12:30.717] [INFO   ] thread AWT-EventQueue-0 inserting into actions queue
[18:12:30.879] [SEVERE ] updating countdown to 59199
[18:12:30.982] [SEVERE ] placing card 63 in slot 0
[18:12:31.084] [SEVERE ] placing card 64 in slot 1
[18:12:31.185] [SEVERE ] placing card 65 in slot 2
[18:12:31.185] [INFO   ] thread dealer reshuffleTime - currentTimeMillis 58893
[18:12:31.190] [INFO   ] thread dealer should finish false
[18:12:31.402] [SEVERE ] setting player 1 freeze to 0
[18:12:31.405] [INFO   ] thread 0  Player 0is done being point
[18:12:31.410] [SEVERE ] updating countdown to 60000
[18:12:31.411] [SEVERE ] player 1 placing token on slot 2
[18:12:31.411] [SEVERE ] player 1 placing token on slot 1
[18:12:31.414] [SEVERE ] player 1 placing token on slot 0
[18:12:31.508] [SEVERE ] key 81 was pressed by player 1
[18:12:31.509] [INFO   ] thread AWT-EventQueue-0 inserting into actions queue
[18:12:31.516] [SEVERE ] removing player 1 token from slot 2
[18:12:31.518] [SEVERE ] removing card from slot 2
[18:12:31.619] [SEVERE ] removing player 1 token from slot 1
[18:12:31.622] [SEVERE ] removing card from slot 1
[18:12:31.664] [SEVERE ] key 87 was pressed by player 1
[18:12:31.665] [INFO   ] thread AWT-EventQueue-0 inserting into actions queue
[18:12:31.671] [SEVERE ] key 69 was pressed by player 1
[18:12:31.671] [INFO   ] thread AWT-EventQueue-0 inserting into actions queue
[18:12:31.723] [SEVERE ] removing player 1 token from slot 0
[18:12:31.724] [SEVERE ] removing card from slot 0
[18:12:31.725] [INFO   ] thread 0  Player 0is being point
[18:12:31.726] [SEVERE ] setting player 1 score to 19
[18:12:31.727] [SEVERE ] setting player 1 freeze to 1000
[18:12:32.191] [SEVERE ] updating countdown to 59219
[18:12:32.293] [SEVERE ] placing card 66 in slot 0
[18:12:32.395] [SEVERE ] placing card 67 in slot 1
[18:12:32.496] [SEVERE ] placing card 68 in slot 2
[18:12:32.497] [INFO   ] thread dealer reshuffleTime - currentTimeMillis 58913
[18:12:32.502] [INFO   ] thread dealer should finish false
[18:12:32.645] [SEVERE ] key 69 was pressed by player 1
[18:12:32.650] [INFO   ] thread AWT-EventQueue-0 inserting into actions queue
[18:12:32.728] [SEVERE ] setting player 1 freeze to 0
[18:12:32.728] [INFO   ] thread 0  Player 0is done being point
[18:12:32.728] [SEVERE ] updating countdown to 60000
[18:12:32.729] [SEVERE ] player 1 placing token on slot 0
[18:12:32.729] [SEVERE ] key 81 was pressed by player 1
[18:12:32.729] [SEVERE ] player 1 placing token on slot 1
[18:12:32.729] [INFO   ] thread AWT-EventQueue-0 inserting into actions queue
[18:12:32.729] [SEVERE ] player 1 placing token on slot 2
[18:12:32.730] [SEVERE ] key 87 was pressed by player 1
[18:12:32.730] [INFO   ] thread AWT-EventQueue-0 inserting into actions queue
[18:12:32.830] [SEVERE ] removing player 1 token from slot 0
[18:12:32.832] [SEVERE ] removing card from slot 0
[18:12:32.937] [SEVERE ] removing player 1 token from slot 1
[18:12:32.942] [SEVERE ] removing card from slot 1
[18:12:33.044] [SEVERE ] removing player 1 token from slot 2
[18:12:33.044] [SEVERE ] removing card from slot 2
[18:12:33.045] [INFO   ] thread 0  Player 0is being point
[18:12:33.046] [SEVERE ] setting player 1 score to 20
[18:12:33.047] [SEVERE ] setting player 1 freeze to 1000
[18:12:33.443] [SEVERE ] key 81 was pressed by player 1
[18:12:33.444] [INFO   ] thread AWT-EventQueue-0 inserting into actions queue
[18:12:33.505] [SEVERE ] updating countdown to 59223
[18:12:33.606] [SEVERE ] placing card 69 in slot 0
[18:12:33.724] [SEVERE ] placing card 70 in slot 1
[18:12:33.825] [SEVERE ] placing card 71 in slot 2
[18:12:33.827] [INFO   ] thread dealer reshuffleTime - currentTimeMillis 58901
[18:12:33.828] [INFO   ] thread dealer should finish false
[18:12:34.048] [SEVERE ] setting player 1 freeze to 0
[18:12:34.049] [INFO   ] thread 0  Player 0is done being point
[18:12:34.050] [SEVERE ] updating countdown to 60000
[18:12:34.051] [SEVERE ] player 1 placing token on slot 2
[18:12:34.058] [SEVERE ] player 1 placing token on slot 0
[18:12:34.060] [SEVERE ] player 1 placing token on slot 1
[18:12:34.055] [SEVERE ] key 69 was pressed by player 1
[18:12:34.063] [INFO   ] thread AWT-EventQueue-0 inserting into actions queue
[18:12:34.064] [SEVERE ] key 87 was pressed by player 1
[18:12:34.064] [INFO   ] thread AWT-EventQueue-0 inserting into actions queue
[18:12:34.163] [SEVERE ] removing player 1 token from slot 2
[18:12:34.163] [SEVERE ] removing card from slot 2
[18:12:34.264] [SEVERE ] removing player 1 token from slot 0
[18:12:34.266] [SEVERE ] removing card from slot 0
[18:12:34.368] [SEVERE ] removing player 1 token from slot 1
[18:12:34.369] [SEVERE ] removing card from slot 1
[18:12:34.372] [INFO   ] thread 0  Player 0is being point
[18:12:34.375] [SEVERE ] setting player 1 score to 21
[18:12:34.375] [SEVERE ] setting player 1 freeze to 1000
[18:12:34.793] [SEVERE ] key 69 was pressed by player 1
[18:12:34.802] [INFO   ] thread AWT-EventQueue-0 inserting into actions queue
[18:12:34.829] [SEVERE ] updating countdown to 59221
[18:12:34.931] [SEVERE ] placing card 72 in slot 0
[18:12:35.033] [SEVERE ] placing card 73 in slot 1
[18:12:35.134] [SEVERE ] placing card 74 in slot 2
[18:12:35.136] [INFO   ] thread dealer reshuffleTime - currentTimeMillis 58914
[18:12:35.138] [INFO   ] thread dealer should finish false
[18:12:35.377] [SEVERE ] setting player 1 freeze to 0
[18:12:35.379] [INFO   ] thread 0  Player 0is done being point
[18:12:35.380] [SEVERE ] updating countdown to 60000
[18:12:35.380] [SEVERE ] player 1 placing token on slot 0
[18:12:35.385] [SEVERE ] key 87 was pressed by player 1
[18:12:35.388] [INFO   ] thread AWT-EventQueue-0 inserting into actions queue
[18:12:35.388] [SEVERE ] player 1 placing token on slot 2
[18:12:35.389] [SEVERE ] key 81 was pressed by player 1
[18:12:35.390] [INFO   ] thread AWT-EventQueue-0 inserting into actions queue
[18:12:35.390] [SEVERE ] player 1 placing token on slot 1
[18:12:35.494] [SEVERE ] removing player 1 token from slot 0
[18:12:35.496] [SEVERE ] removing card from slot 0
[18:12:35.599] [SEVERE ] removing player 1 token from slot 2
[18:12:35.601] [SEVERE ] removing card from slot 2
[18:12:35.703] [SEVERE ] removing player 1 token from slot 1
[18:12:35.705] [SEVERE ] removing card from slot 1
[18:12:35.706] [INFO   ] thread 0  Player 0is being point
[18:12:35.707] [SEVERE ] setting player 1 score to 22
[18:12:35.708] [SEVERE ] setting player 1 freeze to 1000
[18:12:35.972] [SEVERE ] key 81 was pressed by player 1
[18:12:35.972] [INFO   ] thread AWT-EventQueue-0 inserting into actions queue
[18:12:36.139] [SEVERE ] updating countdown to 59240
[18:12:36.241] [SEVERE ] placing card 75 in slot 0
[18:12:36.342] [SEVERE ] placing card 76 in slot 1
[18:12:36.444] [SEVERE ] placing card 77 in slot 2
[18:12:36.445] [INFO   ] thread dealer reshuffleTime - currentTimeMillis 58934
[18:12:36.445] [INFO   ] thread dealer should finish false
[18:12:36.711] [SEVERE ] setting player 1 freeze to 0
[18:12:36.712] [INFO   ] thread 0  Player 0is done being point
[18:12:36.714] [SEVERE ] updating countdown to 60000
[18:12:36.715] [SEVERE ] player 1 placing token on slot 2
[18:12:36.715] [SEVERE ] player 1 placing token on slot 1
[18:12:36.719] [SEVERE ] key 69 was pressed by player 1
[18:12:36.722] [INFO   ] thread AWT-EventQueue-0 inserting into actions queue
[18:12:36.721] [SEVERE ] player 1 placing token on slot 0
[18:12:36.827] [SEVERE ] removing player 1 token from slot 2
[18:12:36.828] [SEVERE ] removing card from slot 2
[18:12:36.929] [SEVERE ] removing player 1 token from slot 1
[18:12:36.931] [SEVERE ] removing card from slot 1
[18:12:37.033] [SEVERE ] removing player 1 token from slot 0
[18:12:37.034] [SEVERE ] removing card from slot 0
[18:12:37.035] [INFO   ] thread 0  Player 0is being point
[18:12:37.036] [SEVERE ] setting player 1 score to 23
[18:12:37.038] [SEVERE ] setting player 1 freeze to 1000
[18:12:37.175] [SEVERE ] key 69 was pressed by player 1
[18:12:37.176] [INFO   ] thread AWT-EventQueue-0 inserting into actions queue
[18:12:37.332] [SEVERE ] key 87 was pressed by player 1
[18:12:37.333] [INFO   ] thread AWT-EventQueue-0 inserting into actions queue
[18:12:37.446] [SEVERE ] updating countdown to 59267
[18:12:37.548] [SEVERE ] placing card 78 in slot 0
[18:12:37.650] [SEVERE ] placing card 79 in slot 1
[18:12:37.752] [SEVERE ] placing card 80 in slot 2
[18:12:37.754] [INFO   ] thread dealer reshuffleTime - currentTimeMillis 58959
[18:12:37.755] [INFO   ] thread dealer should finish false
[18:12:38.039] [SEVERE ] setting player 1 freeze to 0
[18:12:38.040] [INFO   ] thread 0  Player 0is done being point
[18:12:38.042] [SEVERE ] updating countdown to 60000
[18:12:38.043] [SEVERE ] player 1 placing token on slot 0
[18:12:38.043] [SEVERE ] key 81 was pressed by player 1
[18:12:38.044] [INFO   ] thread AWT-EventQueue-0 inserting into actions queue
[18:12:38.043] [SEVERE ] player 1 placing token on slot 2
[18:12:38.052] [SEVERE ] removing player 1 token from slot 2
[18:12:38.056] [SEVERE ] player 1 placing token on slot 1
[18:12:38.057] [SEVERE ] removing player 1 token from slot 0
[18:12:38.454] [SEVERE ] key 81 was pressed by player 1
[18:12:38.455] [INFO   ] thread AWT-EventQueue-0 inserting into actions queue
[18:12:38.455] [SEVERE ] player 1 placing token on slot 0
[18:12:38.604] [SEVERE ] key 69 was pressed by player 1
[18:12:38.606] [INFO   ] thread AWT-EventQueue-0 inserting into actions queue
[18:12:38.607] [SEVERE ] player 1 placing token on slot 2
[18:12:38.612] [SEVERE ] key 87 was pressed by player 1
[18:12:38.613] [INFO   ] thread AWT-EventQueue-0 inserting into actions queue
[18:12:38.708] [SEVERE ] removing player 1 token from slot 1
[18:12:38.710] [SEVERE ] removing card from slot 1
[18:12:38.756] [SEVERE ] updating countdown to 59286
[18:12:38.812] [SEVERE ] removing player 1 token from slot 0
[18:12:38.812] [SEVERE ] removing card from slot 0
[18:12:38.913] [SEVERE ] removing player 1 token from slot 2
[18:12:38.915] [SEVERE ] removing card from slot 2
[18:12:38.916] [INFO   ] thread 0  Player 0is being point
[18:12:38.917] [SEVERE ] setting player 1 score to 24
[18:12:38.916] [INFO   ] thread dealer reshuffleTime - currentTimeMillis 59126
[18:12:38.918] [SEVERE ] setting player 1 freeze to 1000
[18:12:38.918] [INFO   ] thread dealer should finish false
[18:12:39.401] [SEVERE ] key 69 was pressed by player 1
[18:12:39.402] [INFO   ] thread AWT-EventQueue-0 inserting into actions queue
[18:12:39.594] [SEVERE ] key 87 was pressed by player 1
[18:12:39.595] [INFO   ] thread AWT-EventQueue-0 inserting into actions queue
[18:12:39.655] [SEVERE ] key 81 was pressed by player 1
[18:12:39.655] [INFO   ] thread AWT-EventQueue-0 inserting into actions queue
[18:12:39.920] [SEVERE ] setting player 1 freeze to 0
[18:12:39.921] [INFO   ] thread 0  Player 0is done being point
[18:12:39.921] [SEVERE ] updating countdown to 58121
[18:12:39.924] [INFO   ] thread dealer reshuffleTime - currentTimeMillis 59998
[18:12:39.922] [SEVERE ] updating countdown to 60000
[18:12:39.925] [INFO   ] thread dealer should finish false
[18:12:40.883] [SEVERE ] key 81 was pressed by player 1
[18:12:40.884] [INFO   ] thread AWT-EventQueue-0 inserting into actions queue
[18:12:40.928] [SEVERE ] updating countdown to 58994
[18:12:40.930] [INFO   ] thread dealer reshuffleTime - currentTimeMillis 58992
[18:12:40.931] [INFO   ] thread dealer should finish false
[18:12:41.041] [SEVERE ] key 87 was pressed by player 1
[18:12:41.047] [INFO   ] thread AWT-EventQueue-0 inserting into actions queue
[18:12:41.066] [SEVERE ] key 69 was pressed by player 1
[18:12:41.076] [INFO   ] thread AWT-EventQueue-0 inserting into actions queue
[18:12:41.932] [SEVERE ] updating countdown to 57990
[18:12:41.933] [INFO   ] thread dealer reshuffleTime - currentTimeMillis 57989
[18:12:41.937] [INFO   ] thread dealer should finish false
[18:12:42.940] [SEVERE ] updating countdown to 56982
[18:12:42.943] [INFO   ] thread dealer reshuffleTime - currentTimeMillis 56979
[18:12:42.945] [INFO   ] thread dealer should finish false
[18:12:43.947] [SEVERE ] updating countdown to 55976
[18:12:43.948] [INFO   ] thread dealer reshuffleTime - currentTimeMillis 55974
[18:12:43.952] [INFO   ] thread dealer should finish false
[18:12:44.090] [SEVERE ] key 46 was pressed by player 2
[18:12:44.091] [INFO   ] thread AWT-EventQueue-0 inserting into actions queue
[18:12:44.091] [SEVERE ] player 2 placing token on slot 10
[18:12:44.689] [SEVERE ] key 44 was pressed by player 2
[18:12:44.689] [INFO   ] thread AWT-EventQueue-0 inserting into actions queue
[18:12:44.691] [SEVERE ] player 2 placing token on slot 9
[18:12:44.955] [SEVERE ] updating countdown to 54967
[18:12:44.957] [INFO   ] thread dealer reshuffleTime - currentTimeMillis 54965
[18:12:44.961] [INFO   ] thread dealer should finish false
[18:12:45.222] [SEVERE ] key 77 was pressed by player 2
[18:12:45.223] [INFO   ] thread AWT-EventQueue-0 inserting into actions queue
[18:12:45.224] [SEVERE ] player 2 placing token on slot 8
[18:12:45.224] [INFO   ] thread 1  Player 1is being penalized
[18:12:45.234] [SEVERE ] setting player 2 freeze to 3000
[18:12:45.962] [SEVERE ] updating countdown to 53960
[18:12:45.964] [INFO   ] thread dealer reshuffleTime - currentTimeMillis 53958
[18:12:45.972] [INFO   ] thread dealer should finish false
[18:12:46.241] [SEVERE ] setting player 2 freeze to 2000
[18:12:46.973] [SEVERE ] updating countdown to 52949
[18:12:46.974] [INFO   ] thread dealer reshuffleTime - currentTimeMillis 52948
[18:12:46.975] [INFO   ] thread dealer should finish false
[18:12:47.243] [SEVERE ] setting player 2 freeze to 1000
[18:12:47.978] [SEVERE ] updating countdown to 51944
[18:12:47.980] [INFO   ] thread dealer reshuffleTime - currentTimeMillis 51942
[18:12:47.984] [INFO   ] thread dealer should finish false
[18:12:48.169] [SEVERE ] key 77 was pressed by player 2
[18:12:48.171] [INFO   ] thread AWT-EventQueue-0 inserting into actions queue
[18:12:48.245] [SEVERE ] setting player 2 freeze to 0
[18:12:48.247] [INFO   ] thread 1  Player 1is done being penalized
[18:12:48.248] [SEVERE ] removing player 2 token from slot 8
[18:12:48.986] [SEVERE ] updating countdown to 50936
[18:12:48.988] [INFO   ] thread dealer reshuffleTime - currentTimeMillis 50935
[18:12:48.988] [INFO   ] thread dealer should finish false
[18:12:49.341] [SEVERE ] key 47 was pressed by player 2
[18:12:49.345] [INFO   ] thread AWT-EventQueue-0 inserting into actions queue
[18:12:49.346] [SEVERE ] player 2 placing token on slot 11
[18:12:49.447] [SEVERE ] removing player 2 token from slot 10
[18:12:49.448] [SEVERE ] removing card from slot 10
[18:12:49.550] [SEVERE ] removing player 2 token from slot 9
[18:12:49.551] [SEVERE ] removing card from slot 9
[18:12:49.655] [SEVERE ] removing player 2 token from slot 11
[18:12:49.656] [SEVERE ] removing card from slot 11
[18:12:49.658] [INFO   ] thread 1  Player 1is being point
[18:12:49.660] [SEVERE ] setting player 2 score to 1
[18:12:49.662] [SEVERE ] setting player 2 freeze to 1000
[18:12:49.990] [SEVERE ] updating countdown to 49932
[18:12:49.993] [INFO   ] thread dealer reshuffleTime - currentTimeMillis 49929
[18:12:49.996] [INFO   ] thread dealer should finish false
[18:12:50.663] [SEVERE ] setting player 2 freeze to 0
[18:12:50.665] [INFO   ] thread 1  Player 1is done being point
[18:12:50.668] [SEVERE ] updating countdown to 60000
[18:12:50.998] [SEVERE ] updating countdown to 59670
[18:12:51.000] [INFO   ] thread dealer reshuffleTime - currentTimeMillis 59668
[18:12:51.001] [INFO   ] thread dealer should finish false
[18:12:52.003] [SEVERE ] updating countdown to 58665
[18:12:52.004] [INFO   ] thread dealer reshuffleTime - currentTimeMillis 58664
[18:12:52.007] [INFO   ] thread dealer should finish false
[18:12:52.047] [SEVERE ] key 65 was pressed by player 1
[18:12:52.048] [INFO   ] thread AWT-EventQueue-0 inserting into actions queue
[18:12:52.048] [SEVERE ] player 1 placing token on slot 4
[18:12:52.190] [SEVERE ] key 83 was pressed by player 1
[18:12:52.190] [INFO   ] thread AWT-EventQueue-0 inserting into actions queue
[18:12:52.191] [SEVERE ] player 1 placing token on slot 5
[18:12:53.008] [SEVERE ] updating countdown to 57660
[18:12:53.009] [INFO   ] thread dealer reshuffleTime - currentTimeMillis 57659
[18:12:53.014] [INFO   ] thread dealer should finish false
[18:12:53.191] [SEVERE ] key 82 was pressed by player 1
[18:12:53.192] [INFO   ] thread AWT-EventQueue-0 inserting into actions queue
[18:12:53.192] [SEVERE ] player 1 placing token on slot 3
[18:12:53.293] [SEVERE ] removing player 1 token from slot 4
[18:12:53.293] [SEVERE ] removing card from slot 4
[18:12:53.394] [SEVERE ] removing player 1 token from slot 5
[18:12:53.396] [SEVERE ] removing card from slot 5
[18:12:53.498] [SEVERE ] removing player 1 token from slot 3
[18:12:53.499] [SEVERE ] removing card from slot 3
[18:12:53.500] [INFO   ] thread 0  Player 0is being point
[18:12:53.505] [SEVERE ] setting player 1 score to 25
[18:12:53.508] [SEVERE ] setting player 1 freeze to 1000
[18:12:54.017] [SEVERE ] updating countdown to 56652
[18:12:54.018] [INFO   ] thread dealer reshuffleTime - currentTimeMillis 56650
[18:12:54.022] [INFO   ] thread dealer should finish false
[18:12:54.510] [SEVERE ] setting player 1 freeze to 0
[18:12:54.512] [INFO   ] thread 0  Player 0is done being point
[18:12:54.516] [SEVERE ] updating countdown to 60000
[18:12:54.811] [SEVERE ] key 70 was pressed by player 1
[18:12:54.812] [INFO   ] thread AWT-EventQueue-0 inserting into actions queue
[18:12:54.812] [SEVERE ] player 1 placing token on slot 7
[18:12:54.966] [SEVERE ] key 68 was pressed by player 1
[18:12:54.967] [INFO   ] thread AWT-EventQueue-0 inserting into actions queue
[18:12:54.967] [SEVERE ] player 1 placing token on slot 6
[18:12:55.023] [SEVERE ] updating countdown to 59493
[18:12:55.024] [INFO   ] thread dealer reshuffleTime - currentTimeMillis 59492
[18:12:55.024] [INFO   ] thread dealer should finish false
[18:12:55.686] [SEVERE ] key 90 was pressed by player 1
[18:12:55.687] [INFO   ] thread AWT-EventQueue-0 inserting into actions queue
[18:12:55.687] [SEVERE ] player 1 placing token on slot 8
[18:12:55.788] [SEVERE ] removing player 1 token from slot 7
[18:12:55.790] [SEVERE ] removing card from slot 7
[18:12:55.892] [SEVERE ] removing player 1 token from slot 6
[18:12:55.894] [SEVERE ] removing card from slot 6
[18:12:55.996] [SEVERE ] removing player 1 token from slot 8
[18:12:55.997] [SEVERE ] removing card from slot 8
[18:12:56.001] [INFO   ] thread 0  Player 0is being point
[18:12:56.004] [SEVERE ] setting player 1 score to 26
[18:12:56.006] [SEVERE ] setting player 1 freeze to 1000
[18:12:56.025] [SEVERE ] updating countdown to 58491
[18:12:56.027] [INFO   ] thread dealer reshuffleTime - currentTimeMillis 58489
[18:12:56.028] [INFO   ] thread dealer should finish true
[18:12:56.029] [INFO   ] thread 1 is releasing player + 1
[18:12:56.030] [INFO   ] thread 1  terminated.
[18:12:56.029] [INFO   ] thread 0  Player 0is done being point
[18:12:56.032] [SEVERE ] updating countdown to 58484
[18:12:56.032] [INFO   ] thread 0 is releasing player + 0
[18:12:56.033] [INFO   ] thread 0  terminated.
[18:12:56.034] [SEVERE ] announcing winner(s): player 1
[18:12:56.037] [SEVERE ] updating countdown to 58479
[18:12:56.038] [INFO   ] thread dealer terminated.
[18:12:56.039] [INFO   ] thread dealer terminated.
[18:13:01.040] [SEVERE ] thanks for playing... it was fun!
[18:13:01.042] [INFO   ] thread bguspl.set.Main.main() terminated.
[18:13:01.042] [SEVERE ] disposing of user interface elements
